<?xml version="1.0" encoding="UTF-8"?>
<testsuite xmlns:xsi="http://www.w3.org/2001/XMLSchema-instance" xsi:noNamespaceSchemaLocation="https://maven.apache.org/surefire/maven-surefire-plugin/xsd/surefire-test-report-3.0.xsd" version="3.0" name="TestSuite" time="543.811" tests="3" errors="0" skipped="0" failures="1">
  <properties>
    <property name="sun.desktop" value="windows"/>
    <property name="awt.toolkit" value="sun.awt.windows.WToolkit"/>
    <property name="file.encoding.pkg" value="sun.io"/>
    <property name="java.specification.version" value="1.8"/>
    <property name="sun.cpu.isalist" value="amd64"/>
    <property name="sun.jnu.encoding" value="Cp1252"/>
    <property name="java.class.path" value="D:\Auto-Projects\eclipse-workspace\AppiumFramework\target\test-classes;D:\Auto-Projects\eclipse-workspace\AppiumFramework\target\classes;C:\Users\Abhi\.m2\repository\io\appium\java-client\7.0.0\java-client-7.0.0.jar;C:\Users\Abhi\.m2\repository\org\seleniumhq\selenium\selenium-support\3.141.59\selenium-support-3.141.59.jar;C:\Users\Abhi\.m2\repository\org\seleniumhq\selenium\selenium-api\3.141.59\selenium-api-3.141.59.jar;C:\Users\Abhi\.m2\repository\com\google\code\gson\gson\2.8.5\gson-2.8.5.jar;C:\Users\Abhi\.m2\repository\org\apache\httpcomponents\httpclient\4.5.6\httpclient-4.5.6.jar;C:\Users\Abhi\.m2\repository\org\apache\httpcomponents\httpcore\4.4.10\httpcore-4.4.10.jar;C:\Users\Abhi\.m2\repository\commons-codec\commons-codec\1.10\commons-codec-1.10.jar;C:\Users\Abhi\.m2\repository\cglib\cglib\3.2.8\cglib-3.2.8.jar;C:\Users\Abhi\.m2\repository\org\ow2\asm\asm\6.2.1\asm-6.2.1.jar;C:\Users\Abhi\.m2\repository\org\apache\ant\ant\1.10.3\ant-1.10.3.jar;C:\Users\Abhi\.m2\repository\org\apache\ant\ant-launcher\1.10.3\ant-launcher-1.10.3.jar;C:\Users\Abhi\.m2\repository\org\springframework\spring-context\5.1.0.RELEASE\spring-context-5.1.0.RELEASE.jar;C:\Users\Abhi\.m2\repository\org\springframework\spring-aop\5.1.0.RELEASE\spring-aop-5.1.0.RELEASE.jar;C:\Users\Abhi\.m2\repository\org\springframework\spring-beans\5.1.0.RELEASE\spring-beans-5.1.0.RELEASE.jar;C:\Users\Abhi\.m2\repository\org\springframework\spring-core\5.1.0.RELEASE\spring-core-5.1.0.RELEASE.jar;C:\Users\Abhi\.m2\repository\org\springframework\spring-jcl\5.1.0.RELEASE\spring-jcl-5.1.0.RELEASE.jar;C:\Users\Abhi\.m2\repository\org\springframework\spring-expression\5.1.0.RELEASE\spring-expression-5.1.0.RELEASE.jar;C:\Users\Abhi\.m2\repository\org\aspectj\aspectjweaver\1.9.1\aspectjweaver-1.9.1.jar;C:\Users\Abhi\.m2\repository\org\seleniumhq\selenium\selenium-java\3.141.59\selenium-java-3.141.59.jar;C:\Users\Abhi\.m2\repository\org\seleniumhq\selenium\selenium-chrome-driver\3.141.59\selenium-chrome-driver-3.141.59.jar;C:\Users\Abhi\.m2\repository\org\seleniumhq\selenium\selenium-edge-driver\3.141.59\selenium-edge-driver-3.141.59.jar;C:\Users\Abhi\.m2\repository\org\seleniumhq\selenium\selenium-firefox-driver\3.141.59\selenium-firefox-driver-3.141.59.jar;C:\Users\Abhi\.m2\repository\org\seleniumhq\selenium\selenium-ie-driver\3.141.59\selenium-ie-driver-3.141.59.jar;C:\Users\Abhi\.m2\repository\org\seleniumhq\selenium\selenium-opera-driver\3.141.59\selenium-opera-driver-3.141.59.jar;C:\Users\Abhi\.m2\repository\org\seleniumhq\selenium\selenium-remote-driver\3.141.59\selenium-remote-driver-3.141.59.jar;C:\Users\Abhi\.m2\repository\org\seleniumhq\selenium\selenium-safari-driver\3.141.59\selenium-safari-driver-3.141.59.jar;C:\Users\Abhi\.m2\repository\net\bytebuddy\byte-buddy\1.8.15\byte-buddy-1.8.15.jar;C:\Users\Abhi\.m2\repository\org\apache\commons\commons-exec\1.3\commons-exec-1.3.jar;C:\Users\Abhi\.m2\repository\com\google\guava\guava\25.0-jre\guava-25.0-jre.jar;C:\Users\Abhi\.m2\repository\com\google\code\findbugs\jsr305\1.3.9\jsr305-1.3.9.jar;C:\Users\Abhi\.m2\repository\org\checkerframework\checker-compat-qual\2.0.0\checker-compat-qual-2.0.0.jar;C:\Users\Abhi\.m2\repository\com\google\errorprone\error_prone_annotations\2.1.3\error_prone_annotations-2.1.3.jar;C:\Users\Abhi\.m2\repository\com\google\j2objc\j2objc-annotations\1.1\j2objc-annotations-1.1.jar;C:\Users\Abhi\.m2\repository\org\codehaus\mojo\animal-sniffer-annotations\1.14\animal-sniffer-annotations-1.14.jar;C:\Users\Abhi\.m2\repository\com\squareup\okhttp3\okhttp\3.11.0\okhttp-3.11.0.jar;C:\Users\Abhi\.m2\repository\com\squareup\okio\okio\1.14.0\okio-1.14.0.jar;C:\Users\Abhi\.m2\repository\org\testng\testng\6.14.3\testng-6.14.3.jar;C:\Users\Abhi\.m2\repository\com\beust\jcommander\1.72\jcommander-1.72.jar;C:\Users\Abhi\.m2\repository\org\apache-extras\beanshell\bsh\2.0b6\bsh-2.0b6.jar;C:\Users\Abhi\.m2\repository\org\slf4j\slf4j-simple\1.7.26\slf4j-simple-1.7.26.jar;C:\Users\Abhi\.m2\repository\org\slf4j\slf4j-api\1.7.26\slf4j-api-1.7.26.jar;C:\Users\Abhi\.m2\repository\org\apache\commons\commons-lang3\3.12.0\commons-lang3-3.12.0.jar;C:\Users\Abhi\.m2\repository\commons-io\commons-io\2.11.0\commons-io-2.11.0.jar;C:\Users\Abhi\.m2\repository\commons-validator\commons-validator\1.6\commons-validator-1.6.jar;C:\Users\Abhi\.m2\repository\commons-beanutils\commons-beanutils\1.9.2\commons-beanutils-1.9.2.jar;C:\Users\Abhi\.m2\repository\commons-digester\commons-digester\1.8.1\commons-digester-1.8.1.jar;C:\Users\Abhi\.m2\repository\commons-logging\commons-logging\1.2\commons-logging-1.2.jar;C:\Users\Abhi\.m2\repository\commons-collections\commons-collections\3.2.2\commons-collections-3.2.2.jar;C:\Users\Abhi\.m2\repository\junit\junit\4.13.2\junit-4.13.2.jar;C:\Users\Abhi\.m2\repository\org\hamcrest\hamcrest-core\1.3\hamcrest-core-1.3.jar;C:\Users\Abhi\.m2\repository\com\aventstack\extentreports\4.0.0\extentreports-4.0.0.jar;C:\Users\Abhi\.m2\repository\org\freemarker\freemarker\2.3.23\freemarker-2.3.23.jar;C:\Users\Abhi\.m2\repository\org\mongodb\mongodb-driver\3.3.0\mongodb-driver-3.3.0.jar;C:\Users\Abhi\.m2\repository\org\mongodb\mongodb-driver-core\3.3.0\mongodb-driver-core-3.3.0.jar;C:\Users\Abhi\.m2\repository\org\mongodb\bson\3.3.0\bson-3.3.0.jar;C:\Users\Abhi\.m2\repository\org\apache\httpcomponents\httpmime\4.5.2\httpmime-4.5.2.jar;"/>
    <property name="java.vm.vendor" value="Oracle Corporation"/>
    <property name="deviceName" value="emulator-5554"/>
    <property name="sun.arch.data.model" value="64"/>
    <property name="user.variant" value=""/>
    <property name="java.vendor.url" value="http://java.oracle.com/"/>
    <property name="user.timezone" value="Asia/Calcutta"/>
    <property name="java.vm.specification.version" value="1.8"/>
    <property name="os.name" value="Windows 10"/>
    <property name="user.country" value="GB"/>
    <property name="sun.java.launcher" value="SUN_STANDARD"/>
    <property name="sun.boot.library.path" value="C:\Program Files\Java\jdk1.8.0_311\jre\bin"/>
    <property name="sun.java.command" value="C:\Users\Abhi\AppData\Local\Temp\surefire6614389152012657868\surefirebooter11614522573015689.jar C:\Users\Abhi\AppData\Local\Temp\surefire6614389152012657868 2021-12-18T17-07-39_193-jvmRun1 surefire2805991080953213290tmp surefire_04738676832943103771tmp"/>
    <property name="surefire.test.class.path" value="D:\Auto-Projects\eclipse-workspace\AppiumFramework\target\test-classes;D:\Auto-Projects\eclipse-workspace\AppiumFramework\target\classes;C:\Users\Abhi\.m2\repository\io\appium\java-client\7.0.0\java-client-7.0.0.jar;C:\Users\Abhi\.m2\repository\org\seleniumhq\selenium\selenium-support\3.141.59\selenium-support-3.141.59.jar;C:\Users\Abhi\.m2\repository\org\seleniumhq\selenium\selenium-api\3.141.59\selenium-api-3.141.59.jar;C:\Users\Abhi\.m2\repository\com\google\code\gson\gson\2.8.5\gson-2.8.5.jar;C:\Users\Abhi\.m2\repository\org\apache\httpcomponents\httpclient\4.5.6\httpclient-4.5.6.jar;C:\Users\Abhi\.m2\repository\org\apache\httpcomponents\httpcore\4.4.10\httpcore-4.4.10.jar;C:\Users\Abhi\.m2\repository\commons-codec\commons-codec\1.10\commons-codec-1.10.jar;C:\Users\Abhi\.m2\repository\cglib\cglib\3.2.8\cglib-3.2.8.jar;C:\Users\Abhi\.m2\repository\org\ow2\asm\asm\6.2.1\asm-6.2.1.jar;C:\Users\Abhi\.m2\repository\org\apache\ant\ant\1.10.3\ant-1.10.3.jar;C:\Users\Abhi\.m2\repository\org\apache\ant\ant-launcher\1.10.3\ant-launcher-1.10.3.jar;C:\Users\Abhi\.m2\repository\org\springframework\spring-context\5.1.0.RELEASE\spring-context-5.1.0.RELEASE.jar;C:\Users\Abhi\.m2\repository\org\springframework\spring-aop\5.1.0.RELEASE\spring-aop-5.1.0.RELEASE.jar;C:\Users\Abhi\.m2\repository\org\springframework\spring-beans\5.1.0.RELEASE\spring-beans-5.1.0.RELEASE.jar;C:\Users\Abhi\.m2\repository\org\springframework\spring-core\5.1.0.RELEASE\spring-core-5.1.0.RELEASE.jar;C:\Users\Abhi\.m2\repository\org\springframework\spring-jcl\5.1.0.RELEASE\spring-jcl-5.1.0.RELEASE.jar;C:\Users\Abhi\.m2\repository\org\springframework\spring-expression\5.1.0.RELEASE\spring-expression-5.1.0.RELEASE.jar;C:\Users\Abhi\.m2\repository\org\aspectj\aspectjweaver\1.9.1\aspectjweaver-1.9.1.jar;C:\Users\Abhi\.m2\repository\org\seleniumhq\selenium\selenium-java\3.141.59\selenium-java-3.141.59.jar;C:\Users\Abhi\.m2\repository\org\seleniumhq\selenium\selenium-chrome-driver\3.141.59\selenium-chrome-driver-3.141.59.jar;C:\Users\Abhi\.m2\repository\org\seleniumhq\selenium\selenium-edge-driver\3.141.59\selenium-edge-driver-3.141.59.jar;C:\Users\Abhi\.m2\repository\org\seleniumhq\selenium\selenium-firefox-driver\3.141.59\selenium-firefox-driver-3.141.59.jar;C:\Users\Abhi\.m2\repository\org\seleniumhq\selenium\selenium-ie-driver\3.141.59\selenium-ie-driver-3.141.59.jar;C:\Users\Abhi\.m2\repository\org\seleniumhq\selenium\selenium-opera-driver\3.141.59\selenium-opera-driver-3.141.59.jar;C:\Users\Abhi\.m2\repository\org\seleniumhq\selenium\selenium-remote-driver\3.141.59\selenium-remote-driver-3.141.59.jar;C:\Users\Abhi\.m2\repository\org\seleniumhq\selenium\selenium-safari-driver\3.141.59\selenium-safari-driver-3.141.59.jar;C:\Users\Abhi\.m2\repository\net\bytebuddy\byte-buddy\1.8.15\byte-buddy-1.8.15.jar;C:\Users\Abhi\.m2\repository\org\apache\commons\commons-exec\1.3\commons-exec-1.3.jar;C:\Users\Abhi\.m2\repository\com\google\guava\guava\25.0-jre\guava-25.0-jre.jar;C:\Users\Abhi\.m2\repository\com\google\code\findbugs\jsr305\1.3.9\jsr305-1.3.9.jar;C:\Users\Abhi\.m2\repository\org\checkerframework\checker-compat-qual\2.0.0\checker-compat-qual-2.0.0.jar;C:\Users\Abhi\.m2\repository\com\google\errorprone\error_prone_annotations\2.1.3\error_prone_annotations-2.1.3.jar;C:\Users\Abhi\.m2\repository\com\google\j2objc\j2objc-annotations\1.1\j2objc-annotations-1.1.jar;C:\Users\Abhi\.m2\repository\org\codehaus\mojo\animal-sniffer-annotations\1.14\animal-sniffer-annotations-1.14.jar;C:\Users\Abhi\.m2\repository\com\squareup\okhttp3\okhttp\3.11.0\okhttp-3.11.0.jar;C:\Users\Abhi\.m2\repository\com\squareup\okio\okio\1.14.0\okio-1.14.0.jar;C:\Users\Abhi\.m2\repository\org\testng\testng\6.14.3\testng-6.14.3.jar;C:\Users\Abhi\.m2\repository\com\beust\jcommander\1.72\jcommander-1.72.jar;C:\Users\Abhi\.m2\repository\org\apache-extras\beanshell\bsh\2.0b6\bsh-2.0b6.jar;C:\Users\Abhi\.m2\repository\org\slf4j\slf4j-simple\1.7.26\slf4j-simple-1.7.26.jar;C:\Users\Abhi\.m2\repository\org\slf4j\slf4j-api\1.7.26\slf4j-api-1.7.26.jar;C:\Users\Abhi\.m2\repository\org\apache\commons\commons-lang3\3.12.0\commons-lang3-3.12.0.jar;C:\Users\Abhi\.m2\repository\commons-io\commons-io\2.11.0\commons-io-2.11.0.jar;C:\Users\Abhi\.m2\repository\commons-validator\commons-validator\1.6\commons-validator-1.6.jar;C:\Users\Abhi\.m2\repository\commons-beanutils\commons-beanutils\1.9.2\commons-beanutils-1.9.2.jar;C:\Users\Abhi\.m2\repository\commons-digester\commons-digester\1.8.1\commons-digester-1.8.1.jar;C:\Users\Abhi\.m2\repository\commons-logging\commons-logging\1.2\commons-logging-1.2.jar;C:\Users\Abhi\.m2\repository\commons-collections\commons-collections\3.2.2\commons-collections-3.2.2.jar;C:\Users\Abhi\.m2\repository\junit\junit\4.13.2\junit-4.13.2.jar;C:\Users\Abhi\.m2\repository\org\hamcrest\hamcrest-core\1.3\hamcrest-core-1.3.jar;C:\Users\Abhi\.m2\repository\com\aventstack\extentreports\4.0.0\extentreports-4.0.0.jar;C:\Users\Abhi\.m2\repository\org\freemarker\freemarker\2.3.23\freemarker-2.3.23.jar;C:\Users\Abhi\.m2\repository\org\mongodb\mongodb-driver\3.3.0\mongodb-driver-3.3.0.jar;C:\Users\Abhi\.m2\repository\org\mongodb\mongodb-driver-core\3.3.0\mongodb-driver-core-3.3.0.jar;C:\Users\Abhi\.m2\repository\org\mongodb\bson\3.3.0\bson-3.3.0.jar;C:\Users\Abhi\.m2\repository\org\apache\httpcomponents\httpmime\4.5.2\httpmime-4.5.2.jar;"/>
    <property name="sun.cpu.endian" value="little"/>
    <property name="user.home" value="C:\Users\Abhi"/>
    <property name="user.language" value="en"/>
    <property name="java.specification.vendor" value="Oracle Corporation"/>
    <property name="java.home" value="C:\Program Files\Java\jdk1.8.0_311\jre"/>
    <property name="basedir" value="D:\Auto-Projects\eclipse-workspace\AppiumFramework"/>
    <property name="file.separator" value="\"/>
    <property name="line.separator" value="&#10;"/>
    <property name="java.vm.specification.vendor" value="Oracle Corporation"/>
    <property name="java.specification.name" value="Java Platform API Specification"/>
    <property name="java.awt.graphicsenv" value="sun.awt.Win32GraphicsEnvironment"/>
    <property name="surefire.real.class.path" value="C:\Users\Abhi\AppData\Local\Temp\surefire6614389152012657868\surefirebooter11614522573015689.jar"/>
    <property name="sun.boot.class.path" value="C:\Program Files\Java\jdk1.8.0_311\jre\lib\resources.jar;C:\Program Files\Java\jdk1.8.0_311\jre\lib\rt.jar;C:\Program Files\Java\jdk1.8.0_311\jre\lib\sunrsasign.jar;C:\Program Files\Java\jdk1.8.0_311\jre\lib\jsse.jar;C:\Program Files\Java\jdk1.8.0_311\jre\lib\jce.jar;C:\Program Files\Java\jdk1.8.0_311\jre\lib\charsets.jar;C:\Program Files\Java\jdk1.8.0_311\jre\lib\jfr.jar;C:\Program Files\Java\jdk1.8.0_311\jre\classes"/>
    <property name="user.script" value=""/>
    <property name="sun.management.compiler" value="HotSpot 64-Bit Tiered Compilers"/>
    <property name="java.runtime.version" value="1.8.0_311-b11"/>
    <property name="user.name" value="Abhi"/>
    <property name="path.separator" value=";"/>
    <property name="os.version" value="10.0"/>
    <property name="java.endorsed.dirs" value="C:\Program Files\Java\jdk1.8.0_311\jre\lib\endorsed"/>
    <property name="java.runtime.name" value="Java(TM) SE Runtime Environment"/>
    <property name="file.encoding" value="Cp1252"/>
    <property name="java.vm.name" value="Java HotSpot(TM) 64-Bit Server VM"/>
    <property name="localRepository" value="C:\Users\Abhi\.m2\repository"/>
    <property name="java.vendor.url.bug" value="http://bugreport.sun.com/bugreport/"/>
    <property name="java.io.tmpdir" value="C:\Users\Abhi\AppData\Local\Temp\"/>
    <property name="java.version" value="1.8.0_311"/>
    <property name="user.dir" value="D:\Auto-Projects\eclipse-workspace\AppiumFramework"/>
    <property name="os.arch" value="amd64"/>
    <property name="java.vm.specification.name" value="Java Virtual Machine Specification"/>
    <property name="java.awt.printerjob" value="sun.awt.windows.WPrinterJob"/>
    <property name="sun.os.patch.level" value=""/>
    <property name="java.library.path" value="C:\Program Files\Java\jdk1.8.0_311\jre\bin;C:\Windows\Sun\Java\bin;C:\Windows\system32;C:\Windows;D:\SOFTWARES\Maven\apache-maven-3.8.2-bin\apache-maven-3.8.2/bin;C:\Program Files\Java\jdk1.8.0_311/bin;C:\Program Files\Java\jdk1.8.0_311/bin;C:\Python310\Scripts\;C:\Python310\;C:\Program Files (x86)\Common Files\Oracle\Java\javapath;C:\Windows\system32;C:\Windows;C:\Windows\System32\Wbem;C:\Windows\System32\WindowsPowerShell\v1.0\;C:\Windows\System32\OpenSSH\;C:\Program Files\Java\jdk1.8.0_311\bin;C:\Program Files\nodejs\;C:\ProgramData\chocolatey\bin;C:\Users\Abhi\AppData\Local\Android\Sdk;C:\Users\Abhi\AppData\Local\Android\Sdk\tools;C:\Users\Abhi\AppData\Local\Android\Sdk\platform-tools;C:\Users\Abhi\AppData\Local\Android\Sdk\emulator;C:\Users\Abhi\AppData\Local\Android\Sdk\tools\bin;C:\Users\Abhi\AppData\Roaming\npm\node_modules\appium\lib;C:\Program Files\nodejs\node_modules\npm\lib;C:\Program Files\Android\Android Studio\bin;C:\Program Files\nodejs\node_modules\npm\bin;D:\SOFTWARES\Maven\apache-maven-3.8.2-bin\apache-maven-3.8.2\bin;C:\Users\Abhi\AppData\Local\Microsoft\WindowsApps;C:\Users\Abhi\AppData\Roaming\npm;."/>
    <property name="java.vm.info" value="mixed mode"/>
    <property name="java.vendor" value="Oracle Corporation"/>
    <property name="java.vm.version" value="25.311-b11"/>
    <property name="java.ext.dirs" value="C:\Program Files\Java\jdk1.8.0_311\jre\lib\ext;C:\Windows\Sun\Java\lib\ext"/>
    <property name="sun.io.unicode.encoding" value="UnicodeLittle"/>
    <property name="java.class.version" value="52.0"/>
  </properties>
  <testcase name="totalProductValidation[India](1)" classname="practise.AppiumFramework.AmountValidation" time="176.418">
    <system-out><![CDATA[false
Starting the Appium Server ....
2021-12-18 17:07:46.124
----------------
&amp#27;[35m[Appium]&amp#27;[39m Welcome to Appium v1.22.0
&amp#27;[35m[Appium]&amp#27;[39m Non-default server args:
&amp#27;[35m[Appium]&amp#27;[39m   address: 127.0.0.1
&amp#27;[35m[Appium]&amp#27;[39m   logFile: D:\AUTOMATION\LogFile\AppiumLog.txt
&amp#27;[35m[Appium]&amp#27;[39m Appium REST http interface listener started on 127.0.0.1:4723
&amp#27;[35m[HTTP]&amp#27;[39m &amp#27;[37m-->&amp#27;[39m &amp#27;[37mGET&amp#27;[39m &amp#27;[37m/wd/hub/status&amp#27;[39m
&amp#27;[35m[HTTP]&amp#27;[39m &amp#27;[90m{}&amp#27;[39m
[debug] &amp#27;[35m[GENERIC]&amp#27;[39m Calling AppiumDriver.getStatus() with args: []
[debug] &amp#27;[35m[GENERIC]&amp#27;[39m Responding to client with driver.getStatus() result: {"build":{"version":"1.22.0"}}
&amp#27;[35m[HTTP]&amp#27;[39m &amp#27;[37m<-- GET /wd/hub/status &amp#27;[39m&amp#27;[32m200&amp#27;[39m &amp#27;[90m33 ms - 68&amp#27;[39m
&amp#27;[35m[HTTP]&amp#27;[39m &amp#27;[90m&amp#27;[39m
D:\Auto-Projects\eclipse-workspace\AppiumFramework
&amp#27;[35m[HTTP]&amp#27;[39m &amp#27;[37m-->&amp#27;[39m &amp#27;[37mPOST&amp#27;[39m &amp#27;[37m/wd/hub/session&amp#27;[39m
&amp#27;[35m[HTTP]&amp#27;[39m &amp#27;[90m{"desiredCapabilities":{"app":"D:\\Auto-Projects\\eclipse-workspace\\AppiumFramework\\src\\General-Store.apk","automationName":"uiautomator2","platformName":"Android","deviceName":"emulator-5554","newCommandTimeout":20},"capabilities":{"firstMatch":[{"appium:app":"D:\\Auto-Projects\\eclipse-workspace\\AppiumFramework\\src\\General-Store.apk","appium:automationName":"uiautomator2","appium:deviceName":"emulator-5554","appium:newCommandTimeout":20,"platformName":"android"}]}}&amp#27;[39m
[debug] &amp#27;[35m[W3C]&amp#27;[39m Calling AppiumDriver.createSession() with args: [{"app":"D:\\Auto-Projects\\eclipse-workspace\\AppiumFramework\\src\\General-Store.apk","automationName":"uiautomator2","platformName":"Android","deviceName":"emulator-5554","newCommandTimeout":20},null,{"firstMatch":[{"appium:app":"D:\\Auto-Projects\\eclipse-workspace\\AppiumFramework\\src\\General-Store.apk","appium:automationName":"uiautomator2","appium:deviceName":"emulator-5554","appium:newCommandTimeout":20,"platformName":"android"}]}]
[debug] &amp#27;[35m[BaseDriver]&amp#27;[39m Event 'newSessionRequested' logged at 1639827492952 (17:08:12 GMT+0530 (India Standard Time))
&amp#27;[35m[Appium]&amp#27;[39m Appium v1.22.0 creating new AndroidUiautomator2Driver (v1.69.0) session
[debug] &amp#27;[35m[BaseDriver]&amp#27;[39m W3C capabilities and MJSONWP desired capabilities were provided
[debug] &amp#27;[35m[BaseDriver]&amp#27;[39m Creating session with W3C capabilities: {
[debug] &amp#27;[35m[BaseDriver]&amp#27;[39m   "alwaysMatch": {
[debug] &amp#27;[35m[BaseDriver]&amp#27;[39m     "platformName": "android",
[debug] &amp#27;[35m[BaseDriver]&amp#27;[39m     "appium:app": "D:\\Auto-Projects\\eclipse-workspace\\AppiumFramework\\src\\General-Store.apk",
[debug] &amp#27;[35m[BaseDriver]&amp#27;[39m     "appium:automationName": "uiautomator2",
[debug] &amp#27;[35m[BaseDriver]&amp#27;[39m     "appium:deviceName": "emulator-5554",
[debug] &amp#27;[35m[BaseDriver]&amp#27;[39m     "appium:newCommandTimeout": 20
[debug] &amp#27;[35m[BaseDriver]&amp#27;[39m   },
[debug] &amp#27;[35m[BaseDriver]&amp#27;[39m   "firstMatch": [
[debug] &amp#27;[35m[BaseDriver]&amp#27;[39m     {}
[debug] &amp#27;[35m[BaseDriver]&amp#27;[39m   ]
[debug] &amp#27;[35m[BaseDriver]&amp#27;[39m }
&amp#27;[35m[BaseDriver]&amp#27;[39m Session created with session id: ed1210e3-b883-4321-9280-aec2da61e33b
&amp#27;[35m[BaseDriver]&amp#27;[39m Using local app 'D:\Auto-Projects\eclipse-workspace\AppiumFramework\src\General-Store.apk'
[debug] &amp#27;[35m[UiAutomator2]&amp#27;[39m Checking whether app is actually present
&amp#27;[35m[ADB]&amp#27;[39m Found 1 'build-tools' folders under 'C:\Users\Abhi\AppData\Local\Android\Sdk' (newest first):
&amp#27;[35m[ADB]&amp#27;[39m     C:/Users/Abhi/AppData/Local/Android/Sdk/build-tools/31.0.0
&amp#27;[35m[ADB]&amp#27;[39m Using 'adb.exe' from 'C:\Users\Abhi\AppData\Local\Android\Sdk\platform-tools\adb.exe'
[debug] &amp#27;[35m[ADB]&amp#27;[39m Running 'C:\Users\Abhi\AppData\Local\Android\Sdk\platform-tools\adb.exe -P 5037 start-server'
&amp#27;[35m[AndroidDriver]&amp#27;[39m Retrieving device list
[debug] &amp#27;[35m[ADB]&amp#27;[39m Trying to find a connected android device
[debug] &amp#27;[35m[ADB]&amp#27;[39m Getting connected devices
[debug] &amp#27;[35m[ADB]&amp#27;[39m Connected devices: [{"udid":"emulator-5554","state":"device"}]
&amp#27;[35m[AndroidDriver]&amp#27;[39m Using device: emulator-5554
&amp#27;[35m[ADB]&amp#27;[39m Using 'adb.exe' from 'C:\Users\Abhi\AppData\Local\Android\Sdk\platform-tools\adb.exe'
[debug] &amp#27;[35m[ADB]&amp#27;[39m Running 'C:\Users\Abhi\AppData\Local\Android\Sdk\platform-tools\adb.exe -P 5037 start-server'
[debug] &amp#27;[35m[ADB]&amp#27;[39m Setting device id to emulator-5554
[debug] &amp#27;[35m[ADB]&amp#27;[39m Running 'C:\Users\Abhi\AppData\Local\Android\Sdk\platform-tools\adb.exe -P 5037 -s emulator-5554 shell getprop ro.build.version.sdk'
[debug] &amp#27;[35m[ADB]&amp#27;[39m Current device property 'ro.build.version.sdk': 28
&amp#27;[35m[ADB]&amp#27;[39m Getting device platform version
[debug] &amp#27;[35m[ADB]&amp#27;[39m Running 'C:\Users\Abhi\AppData\Local\Android\Sdk\platform-tools\adb.exe -P 5037 -s emulator-5554 shell getprop ro.build.version.release'
[debug] &amp#27;[35m[ADB]&amp#27;[39m Current device property 'ro.build.version.release': 9
[debug] &amp#27;[35m[ADB]&amp#27;[39m Device API level: 28
&amp#27;[35m[UiAutomator2]&amp#27;[39m Relaxing hidden api policy
[debug] &amp#27;[35m[ADB]&amp#27;[39m Running 'C:\Users\Abhi\AppData\Local\Android\Sdk\platform-tools\adb.exe -P 5037 -s emulator-5554 shell 'settings put global hidden_api_policy_pre_p_apps 1;settings put global hidden_api_policy_p_apps 1;settings put global hidden_api_policy 1''
[debug] &amp#27;[35m[AndroidDriver]&amp#27;[39m Parsing package and activity from app manifest
&amp#27;[35m[ADB]&amp#27;[39m Package name: 'com.androidsample.generalstore'
&amp#27;[35m[ADB]&amp#27;[39m Main activity name: 'com.androidsample.generalstore.SplashActivity'
[debug] &amp#27;[35m[AndroidDriver]&amp#27;[39m Parsed package and activity are: com.androidsample.generalstore/com.androidsample.generalstore.SplashActivity
[debug] &amp#27;[35m[ADB]&amp#27;[39m Running 'C:\Users\Abhi\AppData\Local\Android\Sdk\platform-tools\adb.exe -P 5037 -s emulator-5554 wait-for-device'
[debug] &amp#27;[35m[ADB]&amp#27;[39m Running 'C:\Users\Abhi\AppData\Local\Android\Sdk\platform-tools\adb.exe -P 5037 -s emulator-5554 shell echo ping'
[debug] &amp#27;[35m[AndroidDriver]&amp#27;[39m Pushing settings apk to device...
[debug] &amp#27;[35m[ADB]&amp#27;[39m Getting install status for io.appium.settings
[debug] &amp#27;[35m[ADB]&amp#27;[39m Running 'C:\Users\Abhi\AppData\Local\Android\Sdk\platform-tools\adb.exe -P 5037 -s emulator-5554 shell dumpsys package io.appium.settings'
[debug] &amp#27;[35m[ADB]&amp#27;[39m 'io.appium.settings' is installed
[debug] &amp#27;[35m[ADB]&amp#27;[39m Getting package info for 'io.appium.settings'
[debug] &amp#27;[35m[ADB]&amp#27;[39m Running 'C:\Users\Abhi\AppData\Local\Android\Sdk\platform-tools\adb.exe -P 5037 -s emulator-5554 shell dumpsys package io.appium.settings'
[debug] &amp#27;[35m[ADB]&amp#27;[39m The version name of the installed 'io.appium.settings' is greater or equal to the application version name ('3.4.0' >= '3.4.0')
[debug] &amp#27;[35m[ADB]&amp#27;[39m There is no need to install/upgrade 'C:\Users\Abhi\AppData\Local\Programs\Appium Server GUI\resources\app\node_modules\appium\node_modules\io.appium.settings\apks\settings_apk-debug.apk'
[debug] &amp#27;[35m[ADB]&amp#27;[39m Getting IDs of all 'io.appium.settings' processes
[debug] &amp#27;[35m[ADB]&amp#27;[39m Running 'C:\Users\Abhi\AppData\Local\Android\Sdk\platform-tools\adb.exe -P 5037 -s emulator-5554 shell 'pgrep --help; echo $?''
[debug] &amp#27;[35m[ADB]&amp#27;[39m Running 'C:\Users\Abhi\AppData\Local\Android\Sdk\platform-tools\adb.exe -P 5037 -s emulator-5554 shell pgrep -f \(\[\[:blank:\]\]\|\^\)io\.appium\.settings\(\[\[:blank:\]\]\|\$\)'
[debug] &amp#27;[35m[AndroidDriver]&amp#27;[39m io.appium.settings is already running. There is no need to reset its permissions.
[debug] &amp#27;[35m[Logcat]&amp#27;[39m Starting logs capture with command: C:\\Users\\Abhi\\AppData\\Local\\Android\\Sdk\\platform-tools\\adb.exe -P 5037 -s emulator-5554 logcat -v threadtime
[debug] &amp#27;[35m[UiAutomator2]&amp#27;[39m Forwarding UiAutomator2 Server port 6790 to local port 8200
[debug] &amp#27;[35m[ADB]&amp#27;[39m Forwarding system: 8200 to device: 6790
[debug] &amp#27;[35m[ADB]&amp#27;[39m Running 'C:\Users\Abhi\AppData\Local\Android\Sdk\platform-tools\adb.exe -P 5037 -s emulator-5554 forward tcp:8200 tcp:6790'
[debug] &amp#27;[35m[ADB]&amp#27;[39m Getting install status for io.appium.uiautomator2.server
[debug] &amp#27;[35m[ADB]&amp#27;[39m Running 'C:\Users\Abhi\AppData\Local\Android\Sdk\platform-tools\adb.exe -P 5037 -s emulator-5554 shell dumpsys package io.appium.uiautomator2.server'
[debug] &amp#27;[35m[ADB]&amp#27;[39m 'io.appium.uiautomator2.server' is installed
[debug] &amp#27;[35m[ADB]&amp#27;[39m Getting package info for 'io.appium.uiautomator2.server'
[debug] &amp#27;[35m[ADB]&amp#27;[39m Running 'C:\Users\Abhi\AppData\Local\Android\Sdk\platform-tools\adb.exe -P 5037 -s emulator-5554 shell dumpsys package io.appium.uiautomator2.server'
[debug] &amp#27;[35m[ADB]&amp#27;[39m The version name of the installed 'io.appium.uiautomator2.server' is greater or equal to the application version name ('4.24.0' >= '4.24.0')
[debug] &amp#27;[35m[UiAutomator2]&amp#27;[39m io.appium.uiautomator2.server installation state: sameVersionInstalled
[debug] &amp#27;[35m[ADB]&amp#27;[39m Checking app cert for C:\Users\Abhi\AppData\Local\Programs\Appium Server GUI\resources\app\node_modules\appium\node_modules\appium-uiautomator2-server\apks\appium-uiautomator2-server-v4.24.0.apk
&amp#27;[35m[ADB]&amp#27;[39m Using 'apksigner.jar' from 'C:\Users\Abhi\AppData\Local\Android\Sdk\build-tools\31.0.0\lib\apksigner.jar'
[debug] &amp#27;[35m[ADB]&amp#27;[39m Starting apksigner: 'C:\\Program Files\\Java\\jdk1.8.0_311\\bin\\java.exe' -Xmx1024M -Xss1m -jar C:\\Users\\Abhi\\AppData\\Local\\Android\\Sdk\\build-tools\\31.0.0\\lib\\apksigner.jar verify --print-certs 'C:\\Users\\Abhi\\AppData\\Local\\Programs\\Appium Server GUI\\resources\\app\\node_modules\\appium\\node_modules\\appium-uiautomator2-server\\apks\\appium-uiautomator2-server-v4.24.0.apk'
[debug] &amp#27;[35m[ADB]&amp#27;[39m apksigner stdout: Signer #1 certificate DN: EMAILADDRESS=android@android.com, CN=Android, OU=Android, O=Android, L=Mountain View, ST=California, C=US
[debug] &amp#27;[35m[ADB]&amp#27;[39m Signer #1 certificate SHA-256 digest: a40da80a59d170caa950cf15c18c454d47a39b26989d8b640ecd745ba71bf5dc
[debug] &amp#27;[35m[ADB]&amp#27;[39m Signer #1 certificate SHA-1 digest: 61ed377e85d386a8dfee6b864bd85b0bfaa5af81
[debug] &amp#27;[35m[ADB]&amp#27;[39m Signer #1 certificate MD5 digest: e89b158e4bcf988ebd09eb83f5378e87
[debug] &amp#27;[35m[ADB]&amp#27;[39m 
[debug] &amp#27;[35m[ADB]&amp#27;[39m sha256 hash did match for 'appium-uiautomator2-server-v4.24.0.apk'
&amp#27;[35m[ADB]&amp#27;[39m 'C:\Users\Abhi\AppData\Local\Programs\Appium Server GUI\resources\app\node_modules\appium\node_modules\appium-uiautomator2-server\apks\appium-uiautomator2-server-v4.24.0.apk' is signed with the default certificate
[debug] &amp#27;[35m[ADB]&amp#27;[39m Getting install status for io.appium.uiautomator2.server.test
[debug] &amp#27;[35m[ADB]&amp#27;[39m Running 'C:\Users\Abhi\AppData\Local\Android\Sdk\platform-tools\adb.exe -P 5037 -s emulator-5554 shell dumpsys package io.appium.uiautomator2.server.test'
[debug] &amp#27;[35m[ADB]&amp#27;[39m 'io.appium.uiautomator2.server.test' is installed
[debug] &amp#27;[35m[ADB]&amp#27;[39m Checking app cert for C:\Users\Abhi\AppData\Local\Programs\Appium Server GUI\resources\app\node_modules\appium\node_modules\appium-uiautomator2-server\apks\appium-uiautomator2-server-debug-androidTest.apk
[debug] &amp#27;[35m[ADB]&amp#27;[39m Starting apksigner: 'C:\\Program Files\\Java\\jdk1.8.0_311\\bin\\java.exe' -Xmx1024M -Xss1m -jar C:\\Users\\Abhi\\AppData\\Local\\Android\\Sdk\\build-tools\\31.0.0\\lib\\apksigner.jar verify --print-certs 'C:\\Users\\Abhi\\AppData\\Local\\Programs\\Appium Server GUI\\resources\\app\\node_modules\\appium\\node_modules\\appium-uiautomator2-server\\apks\\appium-uiautomator2-server-debug-androidTest.apk'
[debug] &amp#27;[35m[ADB]&amp#27;[39m apksigner stdout: Signer #1 certificate DN: EMAILADDRESS=android@android.com, CN=Android, OU=Android, O=Android, L=Mountain View, ST=California, C=US
[debug] &amp#27;[35m[ADB]&amp#27;[39m Signer #1 certificate SHA-256 digest: a40da80a59d170caa950cf15c18c454d47a39b26989d8b640ecd745ba71bf5dc
[debug] &amp#27;[35m[ADB]&amp#27;[39m Signer #1 certificate SHA-1 digest: 61ed377e85d386a8dfee6b864bd85b0bfaa5af81
[debug] &amp#27;[35m[ADB]&amp#27;[39m Signer #1 certificate MD5 digest: e89b158e4bcf988ebd09eb83f5378e87
[debug] &amp#27;[35m[ADB]&amp#27;[39m 
[debug] &amp#27;[35m[ADB]&amp#27;[39m sha256 hash did match for 'appium-uiautomator2-server-debug-androidTest.apk'
&amp#27;[35m[ADB]&amp#27;[39m 'C:\Users\Abhi\AppData\Local\Programs\Appium Server GUI\resources\app\node_modules\appium\node_modules\appium-uiautomator2-server\apks\appium-uiautomator2-server-debug-androidTest.apk' is signed with the default certificate
&amp#27;[35m[UiAutomator2]&amp#27;[39m Server packages are not going to be (re)installed
[debug] &amp#27;[35m[UiAutomator2]&amp#27;[39m Waiting up to 30000ms for services to be available
[debug] &amp#27;[35m[ADB]&amp#27;[39m Running 'C:\Users\Abhi\AppData\Local\Android\Sdk\platform-tools\adb.exe -P 5037 -s emulator-5554 shell pm list instrumentation'
[debug] &amp#27;[35m[UiAutomator2]&amp#27;[39m Instrumentation target 'io.appium.uiautomator2.server.test/androidx.test.runner.AndroidJUnitRunner' is available
&amp#27;[35m[ADB]&amp#27;[39m Adding packages ["io.appium.settings","io.appium.uiautomator2.server","io.appium.uiautomator2.server.test"] to Doze whitelist
[debug] &amp#27;[35m[ADB]&amp#27;[39m Got the following command chunks to execute: [["dumpsys","deviceidle","whitelist","+io.appium.settings",";","dumpsys","deviceidle","whitelist","+io.appium.uiautomator2.server",";","dumpsys","deviceidle","whitelist","+io.appium.uiautomator2.server.test",";"]]
[debug] &amp#27;[35m[ADB]&amp#27;[39m Running 'C:\Users\Abhi\AppData\Local\Android\Sdk\platform-tools\adb.exe -P 5037 -s emulator-5554 shell dumpsys deviceidle whitelist +io.appium.settings ; dumpsys deviceidle whitelist +io.appium.uiautomator2.server ; dumpsys deviceidle whitelist +io.appium.uiautomator2.server.test ;'
[debug] &amp#27;[35m[ADB]&amp#27;[39m Checking app cert for D:\Auto-Projects\eclipse-workspace\AppiumFramework\src\General-Store.apk
[debug] &amp#27;[35m[ADB]&amp#27;[39m Starting apksigner: 'C:\\Program Files\\Java\\jdk1.8.0_311\\bin\\java.exe' -Xmx1024M -Xss1m -jar C:\\Users\\Abhi\\AppData\\Local\\Android\\Sdk\\build-tools\\31.0.0\\lib\\apksigner.jar verify --print-certs D:\\Auto-Projects\\eclipse-workspace\\AppiumFramework\\src\\General-Store.apk
[debug] &amp#27;[35m[ADB]&amp#27;[39m apksigner stdout: Signer #1 certificate DN: EMAILADDRESS=android@android.com, CN=Android, OU=Android, O=Android, L=Mountain View, ST=California, C=US
[debug] &amp#27;[35m[ADB]&amp#27;[39m Signer #1 certificate SHA-256 digest: a40da80a59d170caa950cf15c18c454d47a39b26989d8b640ecd745ba71bf5dc
[debug] &amp#27;[35m[ADB]&amp#27;[39m Signer #1 certificate SHA-1 digest: 61ed377e85d386a8dfee6b864bd85b0bfaa5af81
[debug] &amp#27;[35m[ADB]&amp#27;[39m Signer #1 certificate MD5 digest: e89b158e4bcf988ebd09eb83f5378e87
[debug] &amp#27;[35m[ADB]&amp#27;[39m 
[debug] &amp#27;[35m[ADB]&amp#27;[39m sha256 hash did match for 'General-Store.apk'
&amp#27;[35m[ADB]&amp#27;[39m 'D:\Auto-Projects\eclipse-workspace\AppiumFramework\src\General-Store.apk' is signed with the default certificate
[debug] &amp#27;[35m[ADB]&amp#27;[39m Getting install status for com.androidsample.generalstore
[debug] &amp#27;[35m[ADB]&amp#27;[39m Running 'C:\Users\Abhi\AppData\Local\Android\Sdk\platform-tools\adb.exe -P 5037 -s emulator-5554 shell dumpsys package com.androidsample.generalstore'
[debug] &amp#27;[35m[ADB]&amp#27;[39m 'com.androidsample.generalstore' is installed
[debug] &amp#27;[35m[ADB]&amp#27;[39m Getting package info for 'com.androidsample.generalstore'
[debug] &amp#27;[35m[ADB]&amp#27;[39m Running 'C:\Users\Abhi\AppData\Local\Android\Sdk\platform-tools\adb.exe -P 5037 -s emulator-5554 shell dumpsys package com.androidsample.generalstore'
[debug] &amp#27;[35m[ADB]&amp#27;[39m The version name of the installed 'com.androidsample.generalstore' is greater or equal to the application version name ('1.0.0' >= '1.0.0')
[debug] &amp#27;[35m[ADB]&amp#27;[39m There is no need to install/upgrade 'D:\Auto-Projects\eclipse-workspace\AppiumFramework\src\General-Store.apk'
&amp#27;[35m[AndroidDriver]&amp#27;[39m Performing fast reset on 'com.androidsample.generalstore'
[debug] &amp#27;[35m[ADB]&amp#27;[39m Getting install status for com.androidsample.generalstore
[debug] &amp#27;[35m[ADB]&amp#27;[39m Running 'C:\Users\Abhi\AppData\Local\Android\Sdk\platform-tools\adb.exe -P 5037 -s emulator-5554 shell dumpsys package com.androidsample.generalstore'
[debug] &amp#27;[35m[ADB]&amp#27;[39m 'com.androidsample.generalstore' is installed
[debug] &amp#27;[35m[ADB]&amp#27;[39m Running 'C:\Users\Abhi\AppData\Local\Android\Sdk\platform-tools\adb.exe -P 5037 -s emulator-5554 shell am force-stop com.androidsample.generalstore'
[debug] &amp#27;[35m[ADB]&amp#27;[39m Running 'C:\Users\Abhi\AppData\Local\Android\Sdk\platform-tools\adb.exe -P 5037 -s emulator-5554 shell pm clear com.androidsample.generalstore'
[debug] &amp#27;[35m[AndroidDriver]&amp#27;[39m Performed fast reset on the installed 'com.androidsample.generalstore' application (stop and clear)
[debug] &amp#27;[35m[UiAutomator2]&amp#27;[39m Performing shallow cleanup of automation leftovers
[debug] &amp#27;[35m[UiAutomator2]&amp#27;[39m No obsolete sessions have been detected (socket hang up)
[debug] &amp#27;[35m[ADB]&amp#27;[39m Running 'C:\Users\Abhi\AppData\Local\Android\Sdk\platform-tools\adb.exe -P 5037 -s emulator-5554 shell am force-stop io.appium.uiautomator2.server.test'
&amp#27;[35m[UiAutomator2]&amp#27;[39m Starting UIAutomator2 server 4.24.0
&amp#27;[35m[UiAutomator2]&amp#27;[39m Using UIAutomator2 server from 'C:\Users\Abhi\AppData\Local\Programs\Appium Server GUI\resources\app\node_modules\appium\node_modules\appium-uiautomator2-server\apks\appium-uiautomator2-server-v4.24.0.apk' and test from 'C:\Users\Abhi\AppData\Local\Programs\Appium Server GUI\resources\app\node_modules\appium\node_modules\appium-uiautomator2-server\apks\appium-uiautomator2-server-debug-androidTest.apk'
&amp#27;[35m[UiAutomator2]&amp#27;[39m Waiting up to 30000ms for UiAutomator2 to be online...
[debug] &amp#27;[35m[ADB]&amp#27;[39m Creating ADB subprocess with args: ["-P",5037,"-s","emulator-5554","shell","am","instrument","-w","-e","disableAnalytics",true,"io.appium.uiautomator2.server.test/androidx.test.runner.AndroidJUnitRunner"]
[debug] &amp#27;[35m[WD Proxy]&amp#27;[39m Matched '/status' to command name 'getStatus'
[debug] &amp#27;[35m[WD Proxy]&amp#27;[39m Proxying [GET /status] to [GET http://127.0.0.1:8200/wd/hub/status] with no body
&amp#27;[35m[WD Proxy]&amp#27;[39m socket hang up
[debug] &amp#27;[35m[WD Proxy]&amp#27;[39m Matched '/status' to command name 'getStatus'
[debug] &amp#27;[35m[WD Proxy]&amp#27;[39m Proxying [GET /status] to [GET http://127.0.0.1:8200/wd/hub/status] with no body
&amp#27;[35m[WD Proxy]&amp#27;[39m socket hang up
[debug] &amp#27;[35m[WD Proxy]&amp#27;[39m Matched '/status' to command name 'getStatus'
[debug] &amp#27;[35m[WD Proxy]&amp#27;[39m Proxying [GET /status] to [GET http://127.0.0.1:8200/wd/hub/status] with no body
&amp#27;[35m[WD Proxy]&amp#27;[39m socket hang up
[debug] &amp#27;[35m[Instrumentation]&amp#27;[39m io.appium.uiautomator2.server.test.AppiumUiAutomator2Server:
[debug] &amp#27;[35m[WD Proxy]&amp#27;[39m Matched '/status' to command name 'getStatus'
[debug] &amp#27;[35m[WD Proxy]&amp#27;[39m Proxying [GET /status] to [GET http://127.0.0.1:8200/wd/hub/status] with no body
&amp#27;[35m[WD Proxy]&amp#27;[39m socket hang up
[debug] &amp#27;[35m[WD Proxy]&amp#27;[39m Matched '/status' to command name 'getStatus'
[debug] &amp#27;[35m[WD Proxy]&amp#27;[39m Proxying [GET /status] to [GET http://127.0.0.1:8200/wd/hub/status] with no body
&amp#27;[35m[WD Proxy]&amp#27;[39m socket hang up
[debug] &amp#27;[35m[WD Proxy]&amp#27;[39m Matched '/status' to command name 'getStatus'
[debug] &amp#27;[35m[WD Proxy]&amp#27;[39m Proxying [GET /status] to [GET http://127.0.0.1:8200/wd/hub/status] with no body
[debug] &amp#27;[35m[WD Proxy]&amp#27;[39m Got response with status 200: {"sessionId":"None","value":{"message":"UiAutomator2 Server is ready to accept commands","ready":true}}
[debug] &amp#27;[35m[UiAutomator2]&amp#27;[39m The initialization of the instrumentation process took 5720ms
[debug] &amp#27;[35m[WD Proxy]&amp#27;[39m Matched '/session' to command name 'createSession'
[debug] &amp#27;[35m[WD Proxy]&amp#27;[39m Proxying [POST /session] to [POST http://127.0.0.1:8200/wd/hub/session] with body: {"capabilities":{"firstMatch":[{"platform":"LINUX","webStorageEnabled":false,"takesScreenshot":true,"javascriptEnabled":true,"databaseEnabled":false,"networkConnectionEnabled":true,"locationContextEnabled":false,"warnings":{},"desired":{"platformName":"android","app":"D:\\Auto-Projects\\eclipse-workspace\\AppiumFramework\\src\\General-Store.apk","automationName":"uiautomator2","deviceName":"emulator-5554","newCommandTimeout":20},"platformName":"android","app":"D:\\Auto-Projects\\eclipse-workspace\\AppiumFramework\\src\\General-Store.apk","automationName":"uiautomator2","deviceName":"emulator-5554","newCommandTimeout":20,"deviceUDID":"emulator-5554","appPackage":"com.androidsample.generalstore"}],"alwaysMatch":{}}}
[debug] &amp#27;[35m[WD Proxy]&amp#27;[39m Got response with status 200: {"sessionId":"746f23fc-7d4f-45af-900f-67e0f45b0eaf","value":{"capabilities":{"firstMatch":[{"platform":"LINUX","webStorageEnabled":false,"takesScreenshot":true,"javascriptEnabled":true,"databaseEnabled":false,"networkConnectionEnabled":true,"locationContextEnabled":false,"warnings":{},"desired":{"platformName":"android","app":"D:\\Auto-Projects\\eclipse-workspace\\AppiumFramework\\src\\General-Store.apk","automationName":"uiautomator2","deviceName":"emulator-5554","newCommandTimeout":20},"platformName":"android","app":"D:\\Auto-Projects\\eclipse-workspace\\AppiumFramework\\src\\General-Store.apk","automationName":"uiautomator2","deviceName":"emulator-5554","newCommandTimeout":20,"deviceUDID":"emulator-5554","appPackage":"com.androidsample.generalstore"}],"alwaysMatch":{}},"sessionId":"746f23fc-7d4f-45af-900f-67e0f45b0eaf"}}
&amp#27;[35m[WD Proxy]&amp#27;[39m Determined the downstream protocol as 'W3C'
[debug] &amp#27;[35m[WD Proxy]&amp#27;[39m Proxying [GET /appium/device/info] to [GET http://127.0.0.1:8200/wd/hub/session/746f23fc-7d4f-45af-900f-67e0f45b0eaf/appium/device/info] with no body
[debug] &amp#27;[35m[WD Proxy]&amp#27;[39m Got response with status 200: {"sessionId":"746f23fc-7d4f-45af-900f-67e0f45b0eaf","value":{"androidId":"34e4dc2987d873a5","apiVersion":"28","bluetooth":null,"brand":"google","carrierName":"Android","displayDensity":480,"locale":"en_US","manufacturer":"Google","model":"AOSP on IA Emulator","networks":[{"capabilities":{"SSID":null,"linkDownBandwidthKbps":1048576,"linkUpstreamBandwidthKbps":1048576,"networkCapabilities":"NET_CAPABILITY_NOT_METERED,NET_CAPABILITY_INTERNET,NET_CAPABILITY_NOT_RESTRICTED,NET_CAPABILITY_TRUSTED,NET_CAPABILITY_NOT_VPN,NET_CAPABILITY_VALIDATED,NET_CAPABILITY_NOT_ROAMING,NET_CAPABILITY_FOREGROUND,NET_CAPABILITY_NOT_CONGESTED,NET_CAPABILITY_NOT_SUSPENDED","signalStrength":-50,"transportTypes":"TRANSPORT_WIFI"},"detailedState":"CONNECTED","extraInfo":null,"isAvailable":true,"isConnected":true,"isFailover":false,"isRoaming":false,"state":"CONNECTED","subtype":0,"subtypeName":"","type":1,"typeName":"WIFI"}],"platformVersion":"9","realDisplaySize":"1080x1920","timeZone":"Asia/Calcutta"}}
[debug] &amp#27;[35m[ADB]&amp#27;[39m Running 'C:\Users\Abhi\AppData\Local\Android\Sdk\platform-tools\adb.exe -P 5037 -s emulator-5554 shell dumpsys window'
&amp#27;[35m[AndroidDriver]&amp#27;[39m Screen already unlocked, doing nothing
&amp#27;[35m[UiAutomator2]&amp#27;[39m Starting 'com.androidsample.generalstore/com.androidsample.generalstore.SplashActivity and waiting for 'com.androidsample.generalstore/com.androidsample.generalstore.SplashActivity'
[debug] &amp#27;[35m[ADB]&amp#27;[39m Running 'C:\Users\Abhi\AppData\Local\Android\Sdk\platform-tools\adb.exe -P 5037 -s emulator-5554 shell am start -W -n com.androidsample.generalstore/com.androidsample.generalstore.SplashActivity -S -a android.intent.action.MAIN -c android.intent.category.LAUNCHER -f 0x10200000'
[debug] &amp#27;[35m[ADB]&amp#27;[39m Waiting up to 20000ms for activity matching pkg: 'com.androidsample.generalstore' and activity: 'com.androidsample.generalstore.SplashActivity' to be focused
[debug] &amp#27;[35m[ADB]&amp#27;[39m Possible activities, to be checked: 'com.androidsample.generalstore.SplashActivity', 'com.androidsample.generalstore.com.androidsample.generalstore.SplashActivity'
[debug] &amp#27;[35m[ADB]&amp#27;[39m Getting focused package and activity
[debug] &amp#27;[35m[ADB]&amp#27;[39m Running 'C:\Users\Abhi\AppData\Local\Android\Sdk\platform-tools\adb.exe -P 5037 -s emulator-5554 shell dumpsys window windows'
[debug] &amp#27;[35m[ADB]&amp#27;[39m Found package: 'com.androidsample.generalstore' and fully qualified activity name : 'com.androidsample.generalstore.SplashActivity'
[debug] &amp#27;[35m[WD Proxy]&amp#27;[39m Proxying [GET /appium/device/pixel_ratio] to [GET http://127.0.0.1:8200/wd/hub/session/746f23fc-7d4f-45af-900f-67e0f45b0eaf/appium/device/pixel_ratio] with no body
[debug] &amp#27;[35m[WD Proxy]&amp#27;[39m Got response with status 200: {"sessionId":"746f23fc-7d4f-45af-900f-67e0f45b0eaf","value":3}
[debug] &amp#27;[35m[WD Proxy]&amp#27;[39m Matched '/appium/device/system_bars' to command name 'getSystemBars'
[debug] &amp#27;[35m[WD Proxy]&amp#27;[39m Proxying [GET /appium/device/system_bars] to [GET http://127.0.0.1:8200/wd/hub/session/746f23fc-7d4f-45af-900f-67e0f45b0eaf/appium/device/system_bars] with no body
[debug] &amp#27;[35m[WD Proxy]&amp#27;[39m Got response with status 200: {"sessionId":"746f23fc-7d4f-45af-900f-67e0f45b0eaf","value":{"statusBar":72}}
[debug] &amp#27;[35m[WD Proxy]&amp#27;[39m Matched '/window/current/size' to command name 'getWindowSize'
[debug] &amp#27;[35m[WD Proxy]&amp#27;[39m Proxying [GET /window/current/size] to [GET http://127.0.0.1:8200/wd/hub/session/746f23fc-7d4f-45af-900f-67e0f45b0eaf/window/current/size] with no body
[debug] &amp#27;[35m[WD Proxy]&amp#27;[39m Got response with status 200: {"sessionId":"746f23fc-7d4f-45af-900f-67e0f45b0eaf","value":{"height":1776,"width":1080}}
&amp#27;[35m[Appium]&amp#27;[39m New AndroidUiautomator2Driver session created successfully, session ed1210e3-b883-4321-9280-aec2da61e33b added to master session list
[debug] &amp#27;[35m[BaseDriver]&amp#27;[39m Event 'newSessionStarted' logged at 1639827510134 (17:08:30 GMT+0530 (India Standard Time))
[debug] &amp#27;[35m[W3C (ed1210e3)]&amp#27;[39m Cached the protocol value 'W3C' for the new session ed1210e3-b883-4321-9280-aec2da61e33b
[debug] &amp#27;[35m[W3C (ed1210e3)]&amp#27;[39m Responding to client with driver.createSession() result: {"capabilities":{"platform":"LINUX","webStorageEnabled":false,"takesScreenshot":true,"javascriptEnabled":true,"databaseEnabled":false,"networkConnectionEnabled":true,"locationContextEnabled":false,"warnings":{},"desired":{"platformName":"android","app":"D:\\Auto-Projects\\eclipse-workspace\\AppiumFramework\\src\\General-Store.apk","automationName":"uiautomator2","deviceName":"emulator-5554","newCommandTimeout":20},"platformName":"android","app":"D:\\Auto-Projects\\eclipse-workspace\\AppiumFramework\\src\\General-Store.apk","automationName":"uiautomator2","deviceName":"emulator-5554","newCommandTimeout":20,"deviceUDID":"emulator-5554","appPackage":"com.androidsample.generalstore","deviceApiLevel":28,"platformVersion":"9","deviceScreenSize":"1080x1920","deviceScreenDensity":480,"deviceModel":"AOSP on IA Emulator","deviceManufacturer":"Google","pixelRatio":3,"statBarHeight":72,"viewportRect":{"left":0,"top":72,"width":1080,"height":1704}}}
&amp#27;[35m[HTTP]&amp#27;[39m &amp#27;[37m<-- POST /wd/hub/session &amp#27;[39m&amp#27;[32m200&amp#27;[39m &amp#27;[90m17225 ms - 1011&amp#27;[39m
&amp#27;[35m[HTTP]&amp#27;[39m &amp#27;[90m&amp#27;[39m
&amp#27;[35m[HTTP]&amp#27;[39m &amp#27;[37m-->&amp#27;[39m &amp#27;[37mGET&amp#27;[39m &amp#27;[37m/wd/hub/session/ed1210e3-b883-4321-9280-aec2da61e33b&amp#27;[39m
&amp#27;[35m[HTTP]&amp#27;[39m &amp#27;[90m{}&amp#27;[39m
[debug] &amp#27;[35m[W3C (ed1210e3)]&amp#27;[39m Calling AppiumDriver.getSession() with args: ["ed1210e3-b883-4321-9280-aec2da61e33b"]
[debug] &amp#27;[35m[UiAutomator2]&amp#27;[39m Getting session details from server to mix in
[debug] &amp#27;[35m[WD Proxy]&amp#27;[39m Matched '/' to command name 'getSession'
[debug] &amp#27;[35m[WD Proxy]&amp#27;[39m Proxying [GET /] to [GET http://127.0.0.1:8200/wd/hub/session/746f23fc-7d4f-45af-900f-67e0f45b0eaf] with no body
[debug] &amp#27;[35m[WD Proxy]&amp#27;[39m Got response with status 200: {"sessionId":"746f23fc-7d4f-45af-900f-67e0f45b0eaf","value":{"lastScrollData":null}}
[debug] &amp#27;[35m[W3C (ed1210e3)]&amp#27;[39m Responding to client with driver.getSession() result: {"platform":"LINUX","webStorageEnabled":false,"takesScreenshot":true,"javascriptEnabled":true,"databaseEnabled":false,"networkConnectionEnabled":true,"locationContextEnabled":false,"warnings":{},"desired":{"platformName":"android","app":"D:\\Auto-Projects\\eclipse-workspace\\AppiumFramework\\src\\General-Store.apk","automationName":"uiautomator2","deviceName":"emulator-5554","newCommandTimeout":20},"platformName":"android","app":"D:\\Auto-Projects\\eclipse-workspace\\AppiumFramework\\src\\General-Store.apk","automationName":"uiautomator2","deviceName":"emulator-5554","newCommandTimeout":20,"deviceUDID":"emulator-5554","appPackage":"com.androidsample.generalstore","deviceApiLevel":28,"platformVersion":"9","deviceScreenSize":"1080x1920","deviceScreenDensity":480,"deviceModel":"AOSP on IA Emulator","deviceManufacturer":"Google","pixelRatio":3,"statBarHeight":72,"viewportRect":{"left":0,"top":72,"width":1080,"height":1704},"lastScrollData":null}
&amp#27;[35m[HTTP]&amp#27;[39m &amp#27;[37m<-- GET /wd/hub/session/ed1210e3-b883-4321-9280-aec2da61e33b &amp#27;[39m&amp#27;[32m200&amp#27;[39m &amp#27;[90m57 ms - 965&amp#27;[39m
&amp#27;[35m[HTTP]&amp#27;[39m &amp#27;[90m&amp#27;[39m
&amp#27;[35m[HTTP]&amp#27;[39m &amp#27;[37m-->&amp#27;[39m &amp#27;[37mGET&amp#27;[39m &amp#27;[37m/wd/hub/session/ed1210e3-b883-4321-9280-aec2da61e33b&amp#27;[39m
&amp#27;[35m[HTTP]&amp#27;[39m &amp#27;[90m{}&amp#27;[39m
[debug] &amp#27;[35m[W3C (ed1210e3)]&amp#27;[39m Calling AppiumDriver.getSession() with args: ["ed1210e3-b883-4321-9280-aec2da61e33b"]
[debug] &amp#27;[35m[UiAutomator2]&amp#27;[39m Getting session details from server to mix in
[debug] &amp#27;[35m[WD Proxy]&amp#27;[39m Matched '/' to command name 'getSession'
[debug] &amp#27;[35m[WD Proxy]&amp#27;[39m Proxying [GET /] to [GET http://127.0.0.1:8200/wd/hub/session/746f23fc-7d4f-45af-900f-67e0f45b0eaf] with no body
[debug] &amp#27;[35m[WD Proxy]&amp#27;[39m Got response with status 200: {"sessionId":"746f23fc-7d4f-45af-900f-67e0f45b0eaf","value":{"lastScrollData":null}}
[debug] &amp#27;[35m[W3C (ed1210e3)]&amp#27;[39m Responding to client with driver.getSession() result: {"platform":"LINUX","webStorageEnabled":false,"takesScreenshot":true,"javascriptEnabled":true,"databaseEnabled":false,"networkConnectionEnabled":true,"locationContextEnabled":false,"warnings":{},"desired":{"platformName":"android","app":"D:\\Auto-Projects\\eclipse-workspace\\AppiumFramework\\src\\General-Store.apk","automationName":"uiautomator2","deviceName":"emulator-5554","newCommandTimeout":20},"platformName":"android","app":"D:\\Auto-Projects\\eclipse-workspace\\AppiumFramework\\src\\General-Store.apk","automationName":"uiautomator2","deviceName":"emulator-5554","newCommandTimeout":20,"deviceUDID":"emulator-5554","appPackage":"com.androidsample.generalstore","deviceApiLevel":28,"platformVersion":"9","deviceScreenSize":"1080x1920","deviceScreenDensity":480,"deviceModel":"AOSP on IA Emulator","deviceManufacturer":"Google","pixelRatio":3,"statBarHeight":72,"viewportRect":{"left":0,"top":72,"width":1080,"height":1704},"lastScrollData":null}
&amp#27;[35m[HTTP]&amp#27;[39m &amp#27;[37m<-- GET /wd/hub/session/ed1210e3-b883-4321-9280-aec2da61e33b &amp#27;[39m&amp#27;[32m200&amp#27;[39m &amp#27;[90m59 ms - 965&amp#27;[39m
&amp#27;[35m[HTTP]&amp#27;[39m &amp#27;[90m&amp#27;[39m
&amp#27;[35m[HTTP]&amp#27;[39m &amp#27;[37m-->&amp#27;[39m &amp#27;[37mPOST&amp#27;[39m &amp#27;[37m/wd/hub/session/ed1210e3-b883-4321-9280-aec2da61e33b/timeouts&amp#27;[39m
&amp#27;[35m[HTTP]&amp#27;[39m &amp#27;[90m{"implicit":10000}&amp#27;[39m
[debug] &amp#27;[35m[W3C (ed1210e3)]&amp#27;[39m Calling AppiumDriver.timeouts() with args: [null,null,null,null,10000,"ed1210e3-b883-4321-9280-aec2da61e33b"]
[debug] &amp#27;[35m[BaseDriver]&amp#27;[39m W3C timeout argument: {"implicit":10000}}
[debug] &amp#27;[35m[BaseDriver]&amp#27;[39m Set implicit wait to 10000ms
[debug] &amp#27;[35m[W3C (ed1210e3)]&amp#27;[39m Responding to client with driver.timeouts() result: null
&amp#27;[35m[HTTP]&amp#27;[39m &amp#27;[37m<-- POST /wd/hub/session/ed1210e3-b883-4321-9280-aec2da61e33b/timeouts &amp#27;[39m&amp#27;[32m200&amp#27;[39m &amp#27;[90m10 ms - 14&amp#27;[39m
&amp#27;[35m[HTTP]&amp#27;[39m &amp#27;[90m&amp#27;[39m
&amp#27;[35m[HTTP]&amp#27;[39m &amp#27;[37m-->&amp#27;[39m &amp#27;[37mGET&amp#27;[39m &amp#27;[37m/wd/hub/session/ed1210e3-b883-4321-9280-aec2da61e33b&amp#27;[39m
&amp#27;[35m[HTTP]&amp#27;[39m &amp#27;[90m{}&amp#27;[39m
[debug] &amp#27;[35m[W3C (ed1210e3)]&amp#27;[39m Calling AppiumDriver.getSession() with args: ["ed1210e3-b883-4321-9280-aec2da61e33b"]
[debug] &amp#27;[35m[UiAutomator2]&amp#27;[39m Getting session details from server to mix in
[debug] &amp#27;[35m[WD Proxy]&amp#27;[39m Matched '/' to command name 'getSession'
[debug] &amp#27;[35m[WD Proxy]&amp#27;[39m Proxying [GET /] to [GET http://127.0.0.1:8200/wd/hub/session/746f23fc-7d4f-45af-900f-67e0f45b0eaf] with no body
[debug] &amp#27;[35m[WD Proxy]&amp#27;[39m Got response with status 200: {"sessionId":"746f23fc-7d4f-45af-900f-67e0f45b0eaf","value":{"lastScrollData":null}}
[debug] &amp#27;[35m[W3C (ed1210e3)]&amp#27;[39m Responding to client with driver.getSession() result: {"platform":"LINUX","webStorageEnabled":false,"takesScreenshot":true,"javascriptEnabled":true,"databaseEnabled":false,"networkConnectionEnabled":true,"locationContextEnabled":false,"warnings":{},"desired":{"platformName":"android","app":"D:\\Auto-Projects\\eclipse-workspace\\AppiumFramework\\src\\General-Store.apk","automationName":"uiautomator2","deviceName":"emulator-5554","newCommandTimeout":20},"platformName":"android","app":"D:\\Auto-Projects\\eclipse-workspace\\AppiumFramework\\src\\General-Store.apk","automationName":"uiautomator2","deviceName":"emulator-5554","newCommandTimeout":20,"deviceUDID":"emulator-5554","appPackage":"com.androidsample.generalstore","deviceApiLevel":28,"platformVersion":"9","deviceScreenSize":"1080x1920","deviceScreenDensity":480,"deviceModel":"AOSP on IA Emulator","deviceManufacturer":"Google","pixelRatio":3,"statBarHeight":72,"viewportRect":{"left":0,"top":72,"width":1080,"height":1704},"lastScrollData":null}
&amp#27;[35m[HTTP]&amp#27;[39m &amp#27;[37m<-- GET /wd/hub/session/ed1210e3-b883-4321-9280-aec2da61e33b &amp#27;[39m&amp#27;[32m200&amp#27;[39m &amp#27;[90m64 ms - 965&amp#27;[39m
&amp#27;[35m[HTTP]&amp#27;[39m &amp#27;[90m&amp#27;[39m
&amp#27;[35m[HTTP]&amp#27;[39m &amp#27;[37m-->&amp#27;[39m &amp#27;[37mGET&amp#27;[39m &amp#27;[37m/wd/hub/session/ed1210e3-b883-4321-9280-aec2da61e33b&amp#27;[39m
&amp#27;[35m[HTTP]&amp#27;[39m &amp#27;[90m{}&amp#27;[39m
[debug] &amp#27;[35m[W3C (ed1210e3)]&amp#27;[39m Calling AppiumDriver.getSession() with args: ["ed1210e3-b883-4321-9280-aec2da61e33b"]
[debug] &amp#27;[35m[UiAutomator2]&amp#27;[39m Getting session details from server to mix in
[debug] &amp#27;[35m[WD Proxy]&amp#27;[39m Matched '/' to command name 'getSession'
[debug] &amp#27;[35m[WD Proxy]&amp#27;[39m Proxying [GET /] to [GET http://127.0.0.1:8200/wd/hub/session/746f23fc-7d4f-45af-900f-67e0f45b0eaf] with no body
[debug] &amp#27;[35m[WD Proxy]&amp#27;[39m Got response with status 200: {"sessionId":"746f23fc-7d4f-45af-900f-67e0f45b0eaf","value":{"lastScrollData":null}}
[debug] &amp#27;[35m[W3C (ed1210e3)]&amp#27;[39m Responding to client with driver.getSession() result: {"platform":"LINUX","webStorageEnabled":false,"takesScreenshot":true,"javascriptEnabled":true,"databaseEnabled":false,"networkConnectionEnabled":true,"locationContextEnabled":false,"warnings":{},"desired":{"platformName":"android","app":"D:\\Auto-Projects\\eclipse-workspace\\AppiumFramework\\src\\General-Store.apk","automationName":"uiautomator2","deviceName":"emulator-5554","newCommandTimeout":20},"platformName":"android","app":"D:\\Auto-Projects\\eclipse-workspace\\AppiumFramework\\src\\General-Store.apk","automationName":"uiautomator2","deviceName":"emulator-5554","newCommandTimeout":20,"deviceUDID":"emulator-5554","appPackage":"com.androidsample.generalstore","deviceApiLevel":28,"platformVersion":"9","deviceScreenSize":"1080x1920","deviceScreenDensity":480,"deviceModel":"AOSP on IA Emulator","deviceManufacturer":"Google","pixelRatio":3,"statBarHeight":72,"viewportRect":{"left":0,"top":72,"width":1080,"height":1704},"lastScrollData":null}
&amp#27;[35m[HTTP]&amp#27;[39m &amp#27;[37m<-- GET /wd/hub/session/ed1210e3-b883-4321-9280-aec2da61e33b &amp#27;[39m&amp#27;[32m200&amp#27;[39m &amp#27;[90m67 ms - 965&amp#27;[39m
&amp#27;[35m[HTTP]&amp#27;[39m &amp#27;[90m&amp#27;[39m
&amp#27;[35m[HTTP]&amp#27;[39m &amp#27;[37m-->&amp#27;[39m &amp#27;[37mGET&amp#27;[39m &amp#27;[37m/wd/hub/session/ed1210e3-b883-4321-9280-aec2da61e33b&amp#27;[39m
&amp#27;[35m[HTTP]&amp#27;[39m &amp#27;[90m{}&amp#27;[39m
[debug] &amp#27;[35m[W3C (ed1210e3)]&amp#27;[39m Calling AppiumDriver.getSession() with args: ["ed1210e3-b883-4321-9280-aec2da61e33b"]
[debug] &amp#27;[35m[UiAutomator2]&amp#27;[39m Getting session details from server to mix in
[debug] &amp#27;[35m[WD Proxy]&amp#27;[39m Matched '/' to command name 'getSession'
[debug] &amp#27;[35m[WD Proxy]&amp#27;[39m Proxying [GET /] to [GET http://127.0.0.1:8200/wd/hub/session/746f23fc-7d4f-45af-900f-67e0f45b0eaf] with no body
[debug] &amp#27;[35m[WD Proxy]&amp#27;[39m Got response with status 200: {"sessionId":"746f23fc-7d4f-45af-900f-67e0f45b0eaf","value":{"lastScrollData":null}}
[debug] &amp#27;[35m[W3C (ed1210e3)]&amp#27;[39m Responding to client with driver.getSession() result: {"platform":"LINUX","webStorageEnabled":false,"takesScreenshot":true,"javascriptEnabled":true,"databaseEnabled":false,"networkConnectionEnabled":true,"locationContextEnabled":false,"warnings":{},"desired":{"platformName":"android","app":"D:\\Auto-Projects\\eclipse-workspace\\AppiumFramework\\src\\General-Store.apk","automationName":"uiautomator2","deviceName":"emulator-5554","newCommandTimeout":20},"platformName":"android","app":"D:\\Auto-Projects\\eclipse-workspace\\AppiumFramework\\src\\General-Store.apk","automationName":"uiautomator2","deviceName":"emulator-5554","newCommandTimeout":20,"deviceUDID":"emulator-5554","appPackage":"com.androidsample.generalstore","deviceApiLevel":28,"platformVersion":"9","deviceScreenSize":"1080x1920","deviceScreenDensity":480,"deviceModel":"AOSP on IA Emulator","deviceManufacturer":"Google","pixelRatio":3,"statBarHeight":72,"viewportRect":{"left":0,"top":72,"width":1080,"height":1704},"lastScrollData":null}
&amp#27;[35m[HTTP]&amp#27;[39m &amp#27;[37m<-- GET /wd/hub/session/ed1210e3-b883-4321-9280-aec2da61e33b &amp#27;[39m&amp#27;[32m200&amp#27;[39m &amp#27;[90m32 ms - 965&amp#27;[39m
&amp#27;[35m[HTTP]&amp#27;[39m &amp#27;[90m&amp#27;[39m
&amp#27;[35m[HTTP]&amp#27;[39m &amp#27;[37m-->&amp#27;[39m &amp#27;[37mPOST&amp#27;[39m &amp#27;[37m/wd/hub/session/ed1210e3-b883-4321-9280-aec2da61e33b/element&amp#27;[39m
&amp#27;[35m[HTTP]&amp#27;[39m &amp#27;[90m{"using":"id","value":"android:id/text1"}&amp#27;[39m
[debug] &amp#27;[35m[W3C (ed1210e3)]&amp#27;[39m Calling AppiumDriver.findElement() with args: ["id","android:id/text1","ed1210e3-b883-4321-9280-aec2da61e33b"]
[debug] &amp#27;[35m[BaseDriver]&amp#27;[39m Valid locator strategies for this request: xpath, id, class name, accessibility id, css selector, -android uiautomator
[debug] &amp#27;[35m[BaseDriver]&amp#27;[39m Waiting up to 10000 ms for condition
[debug] &amp#27;[35m[WD Proxy]&amp#27;[39m Matched '/element' to command name 'findElement'
[debug] &amp#27;[35m[WD Proxy]&amp#27;[39m Proxying [POST /element] to [POST http://127.0.0.1:8200/wd/hub/session/746f23fc-7d4f-45af-900f-67e0f45b0eaf/element] with body: {"strategy":"id","selector":"android:id/text1","context":"","multiple":false}
&amp#27;[35m[WD Proxy]&amp#27;[39m Got response with status 404: {"sessionId":"746f23fc-7d4f-45af-900f-67e0f45b0eaf","value":{"error":"no such element","message":"An element could not be located on the page using the given search parameters","stacktrace":"io.appium.uiautomator2.common.exceptions.ElementNotFoundException: An element could not be located on the page using the given search parameters\n\tat io.appium.uiautomator2.handler.FindElement.safeHandle(FindElement.java:70)\n\tat io.appium.uiautomator2.handler.request.SafeRequestHandler.handle(SafeRequestHandler.java:59)\n\tat io.appium.uiautomator2.server.AppiumServlet.handleRequest(AppiumServlet.java:264)\n\tat io.appium.uiautomator2.server.AppiumServlet.handleHttpRequest(AppiumServlet.java:258)\n\tat io.appium.uiautomator2.http.ServerHandler.channelRead(ServerHandler.java:68)\n\tat io.netty.channel.AbstractChannelHandlerContext.invokeChannelRead(AbstractChannelHandlerContext.java:366)\n\tat io.netty.channel.AbstractChannelHandlerContext.invokeChannelRead(AbstractChannelHandlerContext.java:352)\n\tat io.netty.chann...
[debug] &amp#27;[35m[W3C]&amp#27;[39m Matched W3C error code 'no such element' to NoSuchElementError
[debug] &amp#27;[35m[BaseDriver]&amp#27;[39m Waited for 112 ms so far
[debug] &amp#27;[35m[WD Proxy]&amp#27;[39m Matched '/element' to command name 'findElement'
[debug] &amp#27;[35m[WD Proxy]&amp#27;[39m Proxying [POST /element] to [POST http://127.0.0.1:8200/wd/hub/session/746f23fc-7d4f-45af-900f-67e0f45b0eaf/element] with body: {"strategy":"id","selector":"android:id/text1","context":"","multiple":false}
&amp#27;[35m[WD Proxy]&amp#27;[39m Got response with status 404: {"sessionId":"746f23fc-7d4f-45af-900f-67e0f45b0eaf","value":{"error":"no such element","message":"An element could not be located on the page using the given search parameters","stacktrace":"io.appium.uiautomator2.common.exceptions.ElementNotFoundException: An element could not be located on the page using the given search parameters\n\tat io.appium.uiautomator2.handler.FindElement.safeHandle(FindElement.java:70)\n\tat io.appium.uiautomator2.handler.request.SafeRequestHandler.handle(SafeRequestHandler.java:59)\n\tat io.appium.uiautomator2.server.AppiumServlet.handleRequest(AppiumServlet.java:264)\n\tat io.appium.uiautomator2.server.AppiumServlet.handleHttpRequest(AppiumServlet.java:258)\n\tat io.appium.uiautomator2.http.ServerHandler.channelRead(ServerHandler.java:68)\n\tat io.netty.channel.AbstractChannelHandlerContext.invokeChannelRead(AbstractChannelHandlerContext.java:366)\n\tat io.netty.channel.AbstractChannelHandlerContext.invokeChannelRead(AbstractChannelHandlerContext.java:352)\n\tat io.netty.chann...
[debug] &amp#27;[35m[W3C]&amp#27;[39m Matched W3C error code 'no such element' to NoSuchElementError
[debug] &amp#27;[35m[BaseDriver]&amp#27;[39m Waited for 797 ms so far
[debug] &amp#27;[35m[WD Proxy]&amp#27;[39m Matched '/element' to command name 'findElement'
[debug] &amp#27;[35m[WD Proxy]&amp#27;[39m Proxying [POST /element] to [POST http://127.0.0.1:8200/wd/hub/session/746f23fc-7d4f-45af-900f-67e0f45b0eaf/element] with body: {"strategy":"id","selector":"android:id/text1","context":"","multiple":false}
[debug] &amp#27;[35m[WD Proxy]&amp#27;[39m Got response with status 200: {"sessionId":"746f23fc-7d4f-45af-900f-67e0f45b0eaf","value":{"ELEMENT":"00000000-0000-006f-ffff-ffff0000001f","element-6066-11e4-a52e-4f735466cecf":"00000000-0000-006f-ffff-ffff0000001f"}}
[debug] &amp#27;[35m[W3C (ed1210e3)]&amp#27;[39m Responding to client with driver.findElement() result: {"element-6066-11e4-a52e-4f735466cecf":"00000000-0000-006f-ffff-ffff0000001f","ELEMENT":"00000000-0000-006f-ffff-ffff0000001f"}
&amp#27;[35m[HTTP]&amp#27;[39m &amp#27;[37m<-- POST /wd/hub/session/ed1210e3-b883-4321-9280-aec2da61e33b/element &amp#27;[39m&amp#27;[32m200&amp#27;[39m &amp#27;[90m2994 ms - 137&amp#27;[39m
&amp#27;[35m[HTTP]&amp#27;[39m &amp#27;[90m&amp#27;[39m
&amp#27;[35m[HTTP]&amp#27;[39m &amp#27;[37m-->&amp#27;[39m &amp#27;[37mPOST&amp#27;[39m &amp#27;[37m/wd/hub/session/ed1210e3-b883-4321-9280-aec2da61e33b/element/00000000-0000-006f-ffff-ffff0000001f/click&amp#27;[39m
&amp#27;[35m[HTTP]&amp#27;[39m &amp#27;[90m{"id":"00000000-0000-006f-ffff-ffff0000001f"}&amp#27;[39m
[debug] &amp#27;[35m[W3C (ed1210e3)]&amp#27;[39m Calling AppiumDriver.click() with args: ["00000000-0000-006f-ffff-ffff0000001f","ed1210e3-b883-4321-9280-aec2da61e33b"]
[debug] &amp#27;[35m[WD Proxy]&amp#27;[39m Matched '/element/00000000-0000-006f-ffff-ffff0000001f/click' to command name 'click'
[debug] &amp#27;[35m[WD Proxy]&amp#27;[39m Proxying [POST /element/00000000-0000-006f-ffff-ffff0000001f/click] to [POST http://127.0.0.1:8200/wd/hub/session/746f23fc-7d4f-45af-900f-67e0f45b0eaf/element/00000000-0000-006f-ffff-ffff0000001f/click] with body: {"element":"00000000-0000-006f-ffff-ffff0000001f"}
[debug] &amp#27;[35m[WD Proxy]&amp#27;[39m Got response with status 200: {"sessionId":"746f23fc-7d4f-45af-900f-67e0f45b0eaf","value":null}
[debug] &amp#27;[35m[W3C (ed1210e3)]&amp#27;[39m Responding to client with driver.click() result: null
&amp#27;[35m[HTTP]&amp#27;[39m &amp#27;[37m<-- POST /wd/hub/session/ed1210e3-b883-4321-9280-aec2da61e33b/element/00000000-0000-006f-ffff-ffff0000001f/click &amp#27;[39m&amp#27;[32m200&amp#27;[39m &amp#27;[90m68 ms - 14&amp#27;[39m
&amp#27;[35m[HTTP]&amp#27;[39m &amp#27;[90m&amp#27;[39m
Tapped on Argentina country Dowpdown
&amp#27;[35m[HTTP]&amp#27;[39m &amp#27;[37m-->&amp#27;[39m &amp#27;[37mPOST&amp#27;[39m &amp#27;[37m/wd/hub/session/ed1210e3-b883-4321-9280-aec2da61e33b/element&amp#27;[39m
&amp#27;[35m[HTTP]&amp#27;[39m &amp#27;[90m{"using":"-android uiautomator","value":"new UiScrollable(new UiSelector()).scrollIntoView(text(\"India\"))"}&amp#27;[39m
[debug] &amp#27;[35m[W3C (ed1210e3)]&amp#27;[39m Calling AppiumDriver.findElement() with args: ["-android uiautomator","new UiScrollable(new UiSelector()).scrollIntoView(text(\"India\"))","ed1210e3-b883-4321-9280-aec2da61e33b"]
[debug] &amp#27;[35m[BaseDriver]&amp#27;[39m Valid locator strategies for this request: xpath, id, class name, accessibility id, css selector, -android uiautomator
[debug] &amp#27;[35m[BaseDriver]&amp#27;[39m Waiting up to 10000 ms for condition
[debug] &amp#27;[35m[WD Proxy]&amp#27;[39m Matched '/element' to command name 'findElement'
[debug] &amp#27;[35m[WD Proxy]&amp#27;[39m Proxying [POST /element] to [POST http://127.0.0.1:8200/wd/hub/session/746f23fc-7d4f-45af-900f-67e0f45b0eaf/element] with body: {"strategy":"-android uiautomator","selector":"new UiScrollable(new UiSelector()).scrollIntoView(text(\"India\"))","context":"","multiple":false}
[debug] &amp#27;[35m[WD Proxy]&amp#27;[39m Got response with status 200: {"sessionId":"746f23fc-7d4f-45af-900f-67e0f45b0eaf","value":{"ELEMENT":"00000000-0000-0070-ffff-ffff00000029","element-6066-11e4-a52e-4f735466cecf":"00000000-0000-0070-ffff-ffff00000029"}}
[debug] &amp#27;[35m[W3C (ed1210e3)]&amp#27;[39m Responding to client with driver.findElement() result: {"element-6066-11e4-a52e-4f735466cecf":"00000000-0000-0070-ffff-ffff00000029","ELEMENT":"00000000-0000-0070-ffff-ffff00000029"}
&amp#27;[35m[HTTP]&amp#27;[39m &amp#27;[37m<-- POST /wd/hub/session/ed1210e3-b883-4321-9280-aec2da61e33b/element &amp#27;[39m&amp#27;[32m200&amp#27;[39m &amp#27;[90m61420 ms - 137&amp#27;[39m
&amp#27;[35m[HTTP]&amp#27;[39m &amp#27;[90m&amp#27;[39m
&amp#27;[35m[HTTP]&amp#27;[39m &amp#27;[37m-->&amp#27;[39m &amp#27;[37mPOST&amp#27;[39m &amp#27;[37m/wd/hub/session/ed1210e3-b883-4321-9280-aec2da61e33b/element/00000000-0000-0070-ffff-ffff00000029/click&amp#27;[39m
&amp#27;[35m[HTTP]&amp#27;[39m &amp#27;[90m{"id":"00000000-0000-0070-ffff-ffff00000029"}&amp#27;[39m
[debug] &amp#27;[35m[W3C (ed1210e3)]&amp#27;[39m Calling AppiumDriver.click() with args: ["00000000-0000-0070-ffff-ffff00000029","ed1210e3-b883-4321-9280-aec2da61e33b"]
[debug] &amp#27;[35m[WD Proxy]&amp#27;[39m Matched '/element/00000000-0000-0070-ffff-ffff00000029/click' to command name 'click'
[debug] &amp#27;[35m[WD Proxy]&amp#27;[39m Proxying [POST /element/00000000-0000-0070-ffff-ffff00000029/click] to [POST http://127.0.0.1:8200/wd/hub/session/746f23fc-7d4f-45af-900f-67e0f45b0eaf/element/00000000-0000-0070-ffff-ffff00000029/click] with body: {"element":"00000000-0000-0070-ffff-ffff00000029"}
[debug] &amp#27;[35m[WD Proxy]&amp#27;[39m Got response with status 200: {"sessionId":"746f23fc-7d4f-45af-900f-67e0f45b0eaf","value":null}
[debug] &amp#27;[35m[W3C (ed1210e3)]&amp#27;[39m Responding to client with driver.click() result: null
&amp#27;[35m[HTTP]&amp#27;[39m &amp#27;[37m<-- POST /wd/hub/session/ed1210e3-b883-4321-9280-aec2da61e33b/element/00000000-0000-0070-ffff-ffff00000029/click &amp#27;[39m&amp#27;[32m200&amp#27;[39m &amp#27;[90m62 ms - 14&amp#27;[39m
&amp#27;[35m[HTTP]&amp#27;[39m &amp#27;[90m&amp#27;[39m
&amp#27;[35m[HTTP]&amp#27;[39m &amp#27;[37m-->&amp#27;[39m &amp#27;[37mGET&amp#27;[39m &amp#27;[37m/wd/hub/session/ed1210e3-b883-4321-9280-aec2da61e33b&amp#27;[39m
&amp#27;[35m[HTTP]&amp#27;[39m &amp#27;[90m{}&amp#27;[39m
[debug] &amp#27;[35m[W3C (ed1210e3)]&amp#27;[39m Calling AppiumDriver.getSession() with args: ["ed1210e3-b883-4321-9280-aec2da61e33b"]
[debug] &amp#27;[35m[UiAutomator2]&amp#27;[39m Getting session details from server to mix in
[debug] &amp#27;[35m[WD Proxy]&amp#27;[39m Matched '/' to command name 'getSession'
[debug] &amp#27;[35m[WD Proxy]&amp#27;[39m Proxying [GET /] to [GET http://127.0.0.1:8200/wd/hub/session/746f23fc-7d4f-45af-900f-67e0f45b0eaf] with no body
[debug] &amp#27;[35m[WD Proxy]&amp#27;[39m Got response with status 200: {"sessionId":"746f23fc-7d4f-45af-900f-67e0f45b0eaf","value":{"lastScrollData":null}}
[debug] &amp#27;[35m[W3C (ed1210e3)]&amp#27;[39m Responding to client with driver.getSession() result: {"platform":"LINUX","webStorageEnabled":false,"takesScreenshot":true,"javascriptEnabled":true,"databaseEnabled":false,"networkConnectionEnabled":true,"locationContextEnabled":false,"warnings":{},"desired":{"platformName":"android","app":"D:\\Auto-Projects\\eclipse-workspace\\AppiumFramework\\src\\General-Store.apk","automationName":"uiautomator2","deviceName":"emulator-5554","newCommandTimeout":20},"platformName":"android","app":"D:\\Auto-Projects\\eclipse-workspace\\AppiumFramework\\src\\General-Store.apk","automationName":"uiautomator2","deviceName":"emulator-5554","newCommandTimeout":20,"deviceUDID":"emulator-5554","appPackage":"com.androidsample.generalstore","deviceApiLevel":28,"platformVersion":"9","deviceScreenSize":"1080x1920","deviceScreenDensity":480,"deviceModel":"AOSP on IA Emulator","deviceManufacturer":"Google","pixelRatio":3,"statBarHeight":72,"viewportRect":{"left":0,"top":72,"width":1080,"height":1704},"lastScrollData":null}
&amp#27;[35m[HTTP]&amp#27;[39m &amp#27;[37m<-- GET /wd/hub/session/ed1210e3-b883-4321-9280-aec2da61e33b &amp#27;[39m&amp#27;[32m200&amp#27;[39m &amp#27;[90m45 ms - 965&amp#27;[39m
&amp#27;[35m[HTTP]&amp#27;[39m &amp#27;[90m&amp#27;[39m
&amp#27;[35m[HTTP]&amp#27;[39m &amp#27;[37m-->&amp#27;[39m &amp#27;[37mPOST&amp#27;[39m &amp#27;[37m/wd/hub/session/ed1210e3-b883-4321-9280-aec2da61e33b/element&amp#27;[39m
&amp#27;[35m[HTTP]&amp#27;[39m &amp#27;[90m{"using":"id","value":"com.androidsample.generalstore:id/nameField"}&amp#27;[39m
[debug] &amp#27;[35m[W3C (ed1210e3)]&amp#27;[39m Calling AppiumDriver.findElement() with args: ["id","com.androidsample.generalstore:id/nameField","ed1210e3-b883-4321-9280-aec2da61e33b"]
[debug] &amp#27;[35m[BaseDriver]&amp#27;[39m Valid locator strategies for this request: xpath, id, class name, accessibility id, css selector, -android uiautomator
[debug] &amp#27;[35m[BaseDriver]&amp#27;[39m Waiting up to 10000 ms for condition
[debug] &amp#27;[35m[WD Proxy]&amp#27;[39m Matched '/element' to command name 'findElement'
[debug] &amp#27;[35m[WD Proxy]&amp#27;[39m Proxying [POST /element] to [POST http://127.0.0.1:8200/wd/hub/session/746f23fc-7d4f-45af-900f-67e0f45b0eaf/element] with body: {"strategy":"id","selector":"com.androidsample.generalstore:id/nameField","context":"","multiple":false}
[debug] &amp#27;[35m[WD Proxy]&amp#27;[39m Got response with status 200: {"sessionId":"746f23fc-7d4f-45af-900f-67e0f45b0eaf","value":{"ELEMENT":"00000000-0000-006f-ffff-ffff0000001b","element-6066-11e4-a52e-4f735466cecf":"00000000-0000-006f-ffff-ffff0000001b"}}
[debug] &amp#27;[35m[W3C (ed1210e3)]&amp#27;[39m Responding to client with driver.findElement() result: {"element-6066-11e4-a52e-4f735466cecf":"00000000-0000-006f-ffff-ffff0000001b","ELEMENT":"00000000-0000-006f-ffff-ffff0000001b"}
&amp#27;[35m[HTTP]&amp#27;[39m &amp#27;[37m<-- POST /wd/hub/session/ed1210e3-b883-4321-9280-aec2da61e33b/element &amp#27;[39m&amp#27;[32m200&amp#27;[39m &amp#27;[90m647 ms - 137&amp#27;[39m
&amp#27;[35m[HTTP]&amp#27;[39m &amp#27;[90m&amp#27;[39m
&amp#27;[35m[HTTP]&amp#27;[39m &amp#27;[37m-->&amp#27;[39m &amp#27;[37mPOST&amp#27;[39m &amp#27;[37m/wd/hub/session/ed1210e3-b883-4321-9280-aec2da61e33b/element/00000000-0000-006f-ffff-ffff0000001b/value&amp#27;[39m
&amp#27;[35m[HTTP]&amp#27;[39m &amp#27;[90m{"id":"00000000-0000-006f-ffff-ffff0000001b","text":"Testing products","value":["T","e","s","t","i","n","g"," ","p","r","o","d","u","c","t","s"]}&amp#27;[39m
[debug] &amp#27;[35m[W3C (ed1210e3)]&amp#27;[39m Calling AppiumDriver.setValue() with args: [["T","e","s","t","i","n","g"," ","p","r","o","d","u","c","t","s"],"00000000-0000-006f-ffff-ffff0000001b","ed1210e3-b883-4321-9280-aec2da61e33b"]
[debug] &amp#27;[35m[WD Proxy]&amp#27;[39m Matched '/element/00000000-0000-006f-ffff-ffff0000001b/value' to command name 'setValue'
[debug] &amp#27;[35m[Protocol Converter]&amp#27;[39m Added 'value' property ["T","e","s","t","i","n","g"," ","p","r","o","d","u","c","t","s"] to 'setValue' request body
[debug] &amp#27;[35m[WD Proxy]&amp#27;[39m Proxying [POST /element/00000000-0000-006f-ffff-ffff0000001b/value] to [POST http://127.0.0.1:8200/wd/hub/session/746f23fc-7d4f-45af-900f-67e0f45b0eaf/element/00000000-0000-006f-ffff-ffff0000001b/value] with body: {"elementId":"00000000-0000-006f-ffff-ffff0000001b","text":"Testing products","replace":false,"value":["T","e","s","t","i","n","g"," ","p","r","o","d","u","c","t","s"]}
[debug] &amp#27;[35m[WD Proxy]&amp#27;[39m Got response with status 200: {"sessionId":"746f23fc-7d4f-45af-900f-67e0f45b0eaf","value":null}
[debug] &amp#27;[35m[W3C (ed1210e3)]&amp#27;[39m Responding to client with driver.setValue() result: null
&amp#27;[35m[HTTP]&amp#27;[39m &amp#27;[37m<-- POST /wd/hub/session/ed1210e3-b883-4321-9280-aec2da61e33b/element/00000000-0000-006f-ffff-ffff0000001b/value &amp#27;[39m&amp#27;[32m200&amp#27;[39m &amp#27;[90m689 ms - 14&amp#27;[39m
&amp#27;[35m[HTTP]&amp#27;[39m &amp#27;[90m&amp#27;[39m
Entered Name Testing products
&amp#27;[35m[HTTP]&amp#27;[39m &amp#27;[37m-->&amp#27;[39m &amp#27;[37mGET&amp#27;[39m &amp#27;[37m/wd/hub/session/ed1210e3-b883-4321-9280-aec2da61e33b&amp#27;[39m
&amp#27;[35m[HTTP]&amp#27;[39m &amp#27;[90m{}&amp#27;[39m
[debug] &amp#27;[35m[W3C (ed1210e3)]&amp#27;[39m Calling AppiumDriver.getSession() with args: ["ed1210e3-b883-4321-9280-aec2da61e33b"]
[debug] &amp#27;[35m[UiAutomator2]&amp#27;[39m Getting session details from server to mix in
[debug] &amp#27;[35m[WD Proxy]&amp#27;[39m Matched '/' to command name 'getSession'
[debug] &amp#27;[35m[WD Proxy]&amp#27;[39m Proxying [GET /] to [GET http://127.0.0.1:8200/wd/hub/session/746f23fc-7d4f-45af-900f-67e0f45b0eaf] with no body
[debug] &amp#27;[35m[WD Proxy]&amp#27;[39m Got response with status 200: {"sessionId":"746f23fc-7d4f-45af-900f-67e0f45b0eaf","value":{"lastScrollData":null}}
[debug] &amp#27;[35m[W3C (ed1210e3)]&amp#27;[39m Responding to client with driver.getSession() result: {"platform":"LINUX","webStorageEnabled":false,"takesScreenshot":true,"javascriptEnabled":true,"databaseEnabled":false,"networkConnectionEnabled":true,"locationContextEnabled":false,"warnings":{},"desired":{"platformName":"android","app":"D:\\Auto-Projects\\eclipse-workspace\\AppiumFramework\\src\\General-Store.apk","automationName":"uiautomator2","deviceName":"emulator-5554","newCommandTimeout":20},"platformName":"android","app":"D:\\Auto-Projects\\eclipse-workspace\\AppiumFramework\\src\\General-Store.apk","automationName":"uiautomator2","deviceName":"emulator-5554","newCommandTimeout":20,"deviceUDID":"emulator-5554","appPackage":"com.androidsample.generalstore","deviceApiLevel":28,"platformVersion":"9","deviceScreenSize":"1080x1920","deviceScreenDensity":480,"deviceModel":"AOSP on IA Emulator","deviceManufacturer":"Google","pixelRatio":3,"statBarHeight":72,"viewportRect":{"left":0,"top":72,"width":1080,"height":1704},"lastScrollData":null}
&amp#27;[35m[HTTP]&amp#27;[39m &amp#27;[37m<-- GET /wd/hub/session/ed1210e3-b883-4321-9280-aec2da61e33b &amp#27;[39m&amp#27;[32m200&amp#27;[39m &amp#27;[90m29 ms - 965&amp#27;[39m
&amp#27;[35m[HTTP]&amp#27;[39m &amp#27;[90m&amp#27;[39m
&amp#27;[35m[HTTP]&amp#27;[39m &amp#27;[37m-->&amp#27;[39m &amp#27;[37mPOST&amp#27;[39m &amp#27;[37m/wd/hub/session/ed1210e3-b883-4321-9280-aec2da61e33b/element&amp#27;[39m
&amp#27;[35m[HTTP]&amp#27;[39m &amp#27;[90m{"using":"xpath","value":"//android.widget.RadioButton[@text='Female']"}&amp#27;[39m
[debug] &amp#27;[35m[W3C (ed1210e3)]&amp#27;[39m Calling AppiumDriver.findElement() with args: ["xpath","//android.widget.RadioButton[@text='Female']","ed1210e3-b883-4321-9280-aec2da61e33b"]
[debug] &amp#27;[35m[BaseDriver]&amp#27;[39m Valid locator strategies for this request: xpath, id, class name, accessibility id, css selector, -android uiautomator
[debug] &amp#27;[35m[BaseDriver]&amp#27;[39m Waiting up to 10000 ms for condition
[debug] &amp#27;[35m[WD Proxy]&amp#27;[39m Matched '/element' to command name 'findElement'
[debug] &amp#27;[35m[WD Proxy]&amp#27;[39m Proxying [POST /element] to [POST http://127.0.0.1:8200/wd/hub/session/746f23fc-7d4f-45af-900f-67e0f45b0eaf/element] with body: {"strategy":"xpath","selector":"//android.widget.RadioButton[@text='Female']","context":"","multiple":false}
[debug] &amp#27;[35m[WD Proxy]&amp#27;[39m Got response with status 200: {"sessionId":"746f23fc-7d4f-45af-900f-67e0f45b0eaf","value":{"ELEMENT":"00000000-0000-006f-ffff-ffff00000021","element-6066-11e4-a52e-4f735466cecf":"00000000-0000-006f-ffff-ffff00000021"}}
[debug] &amp#27;[35m[W3C (ed1210e3)]&amp#27;[39m Responding to client with driver.findElement() result: {"element-6066-11e4-a52e-4f735466cecf":"00000000-0000-006f-ffff-ffff00000021","ELEMENT":"00000000-0000-006f-ffff-ffff00000021"}
&amp#27;[35m[HTTP]&amp#27;[39m &amp#27;[37m<-- POST /wd/hub/session/ed1210e3-b883-4321-9280-aec2da61e33b/element &amp#27;[39m&amp#27;[32m200&amp#27;[39m &amp#27;[90m1422 ms - 137&amp#27;[39m
&amp#27;[35m[HTTP]&amp#27;[39m &amp#27;[90m&amp#27;[39m
&amp#27;[35m[HTTP]&amp#27;[39m &amp#27;[37m-->&amp#27;[39m &amp#27;[37mPOST&amp#27;[39m &amp#27;[37m/wd/hub/session/ed1210e3-b883-4321-9280-aec2da61e33b/element/00000000-0000-006f-ffff-ffff00000021/click&amp#27;[39m
&amp#27;[35m[HTTP]&amp#27;[39m &amp#27;[90m{"id":"00000000-0000-006f-ffff-ffff00000021"}&amp#27;[39m
[debug] &amp#27;[35m[W3C (ed1210e3)]&amp#27;[39m Calling AppiumDriver.click() with args: ["00000000-0000-006f-ffff-ffff00000021","ed1210e3-b883-4321-9280-aec2da61e33b"]
[debug] &amp#27;[35m[WD Proxy]&amp#27;[39m Matched '/element/00000000-0000-006f-ffff-ffff00000021/click' to command name 'click'
[debug] &amp#27;[35m[WD Proxy]&amp#27;[39m Proxying [POST /element/00000000-0000-006f-ffff-ffff00000021/click] to [POST http://127.0.0.1:8200/wd/hub/session/746f23fc-7d4f-45af-900f-67e0f45b0eaf/element/00000000-0000-006f-ffff-ffff00000021/click] with body: {"element":"00000000-0000-006f-ffff-ffff00000021"}
[debug] &amp#27;[35m[WD Proxy]&amp#27;[39m Got response with status 200: {"sessionId":"746f23fc-7d4f-45af-900f-67e0f45b0eaf","value":null}
[debug] &amp#27;[35m[W3C (ed1210e3)]&amp#27;[39m Responding to client with driver.click() result: null
&amp#27;[35m[HTTP]&amp#27;[39m &amp#27;[37m<-- POST /wd/hub/session/ed1210e3-b883-4321-9280-aec2da61e33b/element/00000000-0000-006f-ffff-ffff00000021/click &amp#27;[39m&amp#27;[32m200&amp#27;[39m &amp#27;[90m155 ms - 14&amp#27;[39m
&amp#27;[35m[HTTP]&amp#27;[39m &amp#27;[90m&amp#27;[39m
Selected female Radio button
&amp#27;[35m[HTTP]&amp#27;[39m &amp#27;[37m-->&amp#27;[39m &amp#27;[37mGET&amp#27;[39m &amp#27;[37m/wd/hub/session/ed1210e3-b883-4321-9280-aec2da61e33b&amp#27;[39m
&amp#27;[35m[HTTP]&amp#27;[39m &amp#27;[90m{}&amp#27;[39m
[debug] &amp#27;[35m[W3C (ed1210e3)]&amp#27;[39m Calling AppiumDriver.getSession() with args: ["ed1210e3-b883-4321-9280-aec2da61e33b"]
[debug] &amp#27;[35m[UiAutomator2]&amp#27;[39m Getting session details from server to mix in
[debug] &amp#27;[35m[WD Proxy]&amp#27;[39m Matched '/' to command name 'getSession'
[debug] &amp#27;[35m[WD Proxy]&amp#27;[39m Proxying [GET /] to [GET http://127.0.0.1:8200/wd/hub/session/746f23fc-7d4f-45af-900f-67e0f45b0eaf] with no body
[debug] &amp#27;[35m[WD Proxy]&amp#27;[39m Got response with status 200: {"sessionId":"746f23fc-7d4f-45af-900f-67e0f45b0eaf","value":{"lastScrollData":null}}
[debug] &amp#27;[35m[W3C (ed1210e3)]&amp#27;[39m Responding to client with driver.getSession() result: {"platform":"LINUX","webStorageEnabled":false,"takesScreenshot":true,"javascriptEnabled":true,"databaseEnabled":false,"networkConnectionEnabled":true,"locationContextEnabled":false,"warnings":{},"desired":{"platformName":"android","app":"D:\\Auto-Projects\\eclipse-workspace\\AppiumFramework\\src\\General-Store.apk","automationName":"uiautomator2","deviceName":"emulator-5554","newCommandTimeout":20},"platformName":"android","app":"D:\\Auto-Projects\\eclipse-workspace\\AppiumFramework\\src\\General-Store.apk","automationName":"uiautomator2","deviceName":"emulator-5554","newCommandTimeout":20,"deviceUDID":"emulator-5554","appPackage":"com.androidsample.generalstore","deviceApiLevel":28,"platformVersion":"9","deviceScreenSize":"1080x1920","deviceScreenDensity":480,"deviceModel":"AOSP on IA Emulator","deviceManufacturer":"Google","pixelRatio":3,"statBarHeight":72,"viewportRect":{"left":0,"top":72,"width":1080,"height":1704},"lastScrollData":null}
&amp#27;[35m[HTTP]&amp#27;[39m &amp#27;[37m<-- GET /wd/hub/session/ed1210e3-b883-4321-9280-aec2da61e33b &amp#27;[39m&amp#27;[32m200&amp#27;[39m &amp#27;[90m26 ms - 965&amp#27;[39m
&amp#27;[35m[HTTP]&amp#27;[39m &amp#27;[90m&amp#27;[39m
&amp#27;[35m[HTTP]&amp#27;[39m &amp#27;[37m-->&amp#27;[39m &amp#27;[37mPOST&amp#27;[39m &amp#27;[37m/wd/hub/session/ed1210e3-b883-4321-9280-aec2da61e33b/element&amp#27;[39m
&amp#27;[35m[HTTP]&amp#27;[39m &amp#27;[90m{"using":"id","value":"com.androidsample.generalstore:id/btnLetsShop"}&amp#27;[39m
[debug] &amp#27;[35m[W3C (ed1210e3)]&amp#27;[39m Calling AppiumDriver.findElement() with args: ["id","com.androidsample.generalstore:id/btnLetsShop","ed1210e3-b883-4321-9280-aec2da61e33b"]
[debug] &amp#27;[35m[BaseDriver]&amp#27;[39m Valid locator strategies for this request: xpath, id, class name, accessibility id, css selector, -android uiautomator
[debug] &amp#27;[35m[BaseDriver]&amp#27;[39m Waiting up to 10000 ms for condition
[debug] &amp#27;[35m[WD Proxy]&amp#27;[39m Matched '/element' to command name 'findElement'
[debug] &amp#27;[35m[WD Proxy]&amp#27;[39m Proxying [POST /element] to [POST http://127.0.0.1:8200/wd/hub/session/746f23fc-7d4f-45af-900f-67e0f45b0eaf/element] with body: {"strategy":"id","selector":"com.androidsample.generalstore:id/btnLetsShop","context":"","multiple":false}
[debug] &amp#27;[35m[WD Proxy]&amp#27;[39m Got response with status 200: {"sessionId":"746f23fc-7d4f-45af-900f-67e0f45b0eaf","value":{"ELEMENT":"00000000-0000-006f-ffff-ffff0000001e","element-6066-11e4-a52e-4f735466cecf":"00000000-0000-006f-ffff-ffff0000001e"}}
[debug] &amp#27;[35m[W3C (ed1210e3)]&amp#27;[39m Responding to client with driver.findElement() result: {"element-6066-11e4-a52e-4f735466cecf":"00000000-0000-006f-ffff-ffff0000001e","ELEMENT":"00000000-0000-006f-ffff-ffff0000001e"}
&amp#27;[35m[HTTP]&amp#27;[39m &amp#27;[37m<-- POST /wd/hub/session/ed1210e3-b883-4321-9280-aec2da61e33b/element &amp#27;[39m&amp#27;[32m200&amp#27;[39m &amp#27;[90m483 ms - 137&amp#27;[39m
&amp#27;[35m[HTTP]&amp#27;[39m &amp#27;[90m&amp#27;[39m
&amp#27;[35m[HTTP]&amp#27;[39m &amp#27;[37m-->&amp#27;[39m &amp#27;[37mPOST&amp#27;[39m &amp#27;[37m/wd/hub/session/ed1210e3-b883-4321-9280-aec2da61e33b/element/00000000-0000-006f-ffff-ffff0000001e/click&amp#27;[39m
&amp#27;[35m[HTTP]&amp#27;[39m &amp#27;[90m{"id":"00000000-0000-006f-ffff-ffff0000001e"}&amp#27;[39m
[debug] &amp#27;[35m[W3C (ed1210e3)]&amp#27;[39m Calling AppiumDriver.click() with args: ["00000000-0000-006f-ffff-ffff0000001e","ed1210e3-b883-4321-9280-aec2da61e33b"]
[debug] &amp#27;[35m[WD Proxy]&amp#27;[39m Matched '/element/00000000-0000-006f-ffff-ffff0000001e/click' to command name 'click'
[debug] &amp#27;[35m[WD Proxy]&amp#27;[39m Proxying [POST /element/00000000-0000-006f-ffff-ffff0000001e/click] to [POST http://127.0.0.1:8200/wd/hub/session/746f23fc-7d4f-45af-900f-67e0f45b0eaf/element/00000000-0000-006f-ffff-ffff0000001e/click] with body: {"element":"00000000-0000-006f-ffff-ffff0000001e"}
[debug] &amp#27;[35m[WD Proxy]&amp#27;[39m Got response with status 200: {"sessionId":"746f23fc-7d4f-45af-900f-67e0f45b0eaf","value":null}
[debug] &amp#27;[35m[W3C (ed1210e3)]&amp#27;[39m Responding to client with driver.click() result: null
&amp#27;[35m[HTTP]&amp#27;[39m &amp#27;[37m<-- POST /wd/hub/session/ed1210e3-b883-4321-9280-aec2da61e33b/element/00000000-0000-006f-ffff-ffff0000001e/click &amp#27;[39m&amp#27;[32m200&amp#27;[39m &amp#27;[90m76 ms - 14&amp#27;[39m
&amp#27;[35m[HTTP]&amp#27;[39m &amp#27;[90m&amp#27;[39m
Entered Name Testing products
&amp#27;[35m[HTTP]&amp#27;[39m &amp#27;[37m-->&amp#27;[39m &amp#27;[37mGET&amp#27;[39m &amp#27;[37m/wd/hub/session/ed1210e3-b883-4321-9280-aec2da61e33b&amp#27;[39m
&amp#27;[35m[HTTP]&amp#27;[39m &amp#27;[90m{}&amp#27;[39m
[debug] &amp#27;[35m[W3C (ed1210e3)]&amp#27;[39m Calling AppiumDriver.getSession() with args: ["ed1210e3-b883-4321-9280-aec2da61e33b"]
[debug] &amp#27;[35m[UiAutomator2]&amp#27;[39m Getting session details from server to mix in
[debug] &amp#27;[35m[WD Proxy]&amp#27;[39m Matched '/' to command name 'getSession'
[debug] &amp#27;[35m[WD Proxy]&amp#27;[39m Proxying [GET /] to [GET http://127.0.0.1:8200/wd/hub/session/746f23fc-7d4f-45af-900f-67e0f45b0eaf] with no body
[debug] &amp#27;[35m[WD Proxy]&amp#27;[39m Got response with status 200: {"sessionId":"746f23fc-7d4f-45af-900f-67e0f45b0eaf","value":{"lastScrollData":null}}
[debug] &amp#27;[35m[W3C (ed1210e3)]&amp#27;[39m Responding to client with driver.getSession() result: {"platform":"LINUX","webStorageEnabled":false,"takesScreenshot":true,"javascriptEnabled":true,"databaseEnabled":false,"networkConnectionEnabled":true,"locationContextEnabled":false,"warnings":{},"desired":{"platformName":"android","app":"D:\\Auto-Projects\\eclipse-workspace\\AppiumFramework\\src\\General-Store.apk","automationName":"uiautomator2","deviceName":"emulator-5554","newCommandTimeout":20},"platformName":"android","app":"D:\\Auto-Projects\\eclipse-workspace\\AppiumFramework\\src\\General-Store.apk","automationName":"uiautomator2","deviceName":"emulator-5554","newCommandTimeout":20,"deviceUDID":"emulator-5554","appPackage":"com.androidsample.generalstore","deviceApiLevel":28,"platformVersion":"9","deviceScreenSize":"1080x1920","deviceScreenDensity":480,"deviceModel":"AOSP on IA Emulator","deviceManufacturer":"Google","pixelRatio":3,"statBarHeight":72,"viewportRect":{"left":0,"top":72,"width":1080,"height":1704},"lastScrollData":null}
&amp#27;[35m[HTTP]&amp#27;[39m &amp#27;[37m<-- GET /wd/hub/session/ed1210e3-b883-4321-9280-aec2da61e33b &amp#27;[39m&amp#27;[32m200&amp#27;[39m &amp#27;[90m46 ms - 965&amp#27;[39m
&amp#27;[35m[HTTP]&amp#27;[39m &amp#27;[90m&amp#27;[39m
&amp#27;[35m[HTTP]&amp#27;[39m &amp#27;[37m-->&amp#27;[39m &amp#27;[37mGET&amp#27;[39m &amp#27;[37m/wd/hub/session/ed1210e3-b883-4321-9280-aec2da61e33b&amp#27;[39m
&amp#27;[35m[HTTP]&amp#27;[39m &amp#27;[90m{}&amp#27;[39m
[debug] &amp#27;[35m[W3C (ed1210e3)]&amp#27;[39m Calling AppiumDriver.getSession() with args: ["ed1210e3-b883-4321-9280-aec2da61e33b"]
[debug] &amp#27;[35m[UiAutomator2]&amp#27;[39m Getting session details from server to mix in
[debug] &amp#27;[35m[WD Proxy]&amp#27;[39m Matched '/' to command name 'getSession'
[debug] &amp#27;[35m[WD Proxy]&amp#27;[39m Proxying [GET /] to [GET http://127.0.0.1:8200/wd/hub/session/746f23fc-7d4f-45af-900f-67e0f45b0eaf] with no body
[debug] &amp#27;[35m[WD Proxy]&amp#27;[39m Got response with status 200: {"sessionId":"746f23fc-7d4f-45af-900f-67e0f45b0eaf","value":{"lastScrollData":null}}
[debug] &amp#27;[35m[W3C (ed1210e3)]&amp#27;[39m Responding to client with driver.getSession() result: {"platform":"LINUX","webStorageEnabled":false,"takesScreenshot":true,"javascriptEnabled":true,"databaseEnabled":false,"networkConnectionEnabled":true,"locationContextEnabled":false,"warnings":{},"desired":{"platformName":"android","app":"D:\\Auto-Projects\\eclipse-workspace\\AppiumFramework\\src\\General-Store.apk","automationName":"uiautomator2","deviceName":"emulator-5554","newCommandTimeout":20},"platformName":"android","app":"D:\\Auto-Projects\\eclipse-workspace\\AppiumFramework\\src\\General-Store.apk","automationName":"uiautomator2","deviceName":"emulator-5554","newCommandTimeout":20,"deviceUDID":"emulator-5554","appPackage":"com.androidsample.generalstore","deviceApiLevel":28,"platformVersion":"9","deviceScreenSize":"1080x1920","deviceScreenDensity":480,"deviceModel":"AOSP on IA Emulator","deviceManufacturer":"Google","pixelRatio":3,"statBarHeight":72,"viewportRect":{"left":0,"top":72,"width":1080,"height":1704},"lastScrollData":null}
&amp#27;[35m[HTTP]&amp#27;[39m &amp#27;[37m<-- GET /wd/hub/session/ed1210e3-b883-4321-9280-aec2da61e33b &amp#27;[39m&amp#27;[32m200&amp#27;[39m &amp#27;[90m34 ms - 965&amp#27;[39m
&amp#27;[35m[HTTP]&amp#27;[39m &amp#27;[90m&amp#27;[39m
&amp#27;[35m[HTTP]&amp#27;[39m &amp#27;[37m-->&amp#27;[39m &amp#27;[37mPOST&amp#27;[39m &amp#27;[37m/wd/hub/session/ed1210e3-b883-4321-9280-aec2da61e33b/element&amp#27;[39m
&amp#27;[35m[HTTP]&amp#27;[39m &amp#27;[90m{"using":"-android uiautomator","value":"new UiScrollable(new UiSelector().resourceId(\"com.androidsample.generalstore:id/rvProductList\")).scrollIntoView(new UiSelector().textMatches(\"Jordan 6 Rings\").instance(0))"}&amp#27;[39m
[debug] &amp#27;[35m[W3C (ed1210e3)]&amp#27;[39m Calling AppiumDriver.findElement() with args: ["-android uiautomator","new UiScrollable(new UiSelector().resourceId(\"com.androidsample.generalstore:id/rvProductList\")).scrollIntoView(new UiSelector().textMatches(\"Jordan 6 Rings\").instance(0))","ed1210e3-b883-4321-9280-aec2da61e33b"]
[debug] &amp#27;[35m[BaseDriver]&amp#27;[39m Valid locator strategies for this request: xpath, id, class name, accessibility id, css selector, -android uiautomator
[debug] &amp#27;[35m[BaseDriver]&amp#27;[39m Waiting up to 10000 ms for condition
[debug] &amp#27;[35m[WD Proxy]&amp#27;[39m Matched '/element' to command name 'findElement'
[debug] &amp#27;[35m[WD Proxy]&amp#27;[39m Proxying [POST /element] to [POST http://127.0.0.1:8200/wd/hub/session/746f23fc-7d4f-45af-900f-67e0f45b0eaf/element] with body: {"strategy":"-android uiautomator","selector":"new UiScrollable(new UiSelector().resourceId(\"com.androidsample.generalstore:id/rvProductList\")).scrollIntoView(new UiSelector().textMatches(\"Jordan 6 Rings\").instance(0))","context":"","multiple":false}
[debug] &amp#27;[35m[WD Proxy]&amp#27;[39m Got response with status 200: {"sessionId":"746f23fc-7d4f-45af-900f-67e0f45b0eaf","value":{"ELEMENT":"00000000-0000-0071-ffff-ffff0000006e","element-6066-11e4-a52e-4f735466cecf":"00000000-0000-0071-ffff-ffff0000006e"}}
[debug] &amp#27;[35m[W3C (ed1210e3)]&amp#27;[39m Responding to client with driver.findElement() result: {"element-6066-11e4-a52e-4f735466cecf":"00000000-0000-0071-ffff-ffff0000006e","ELEMENT":"00000000-0000-0071-ffff-ffff0000006e"}
&amp#27;[35m[HTTP]&amp#27;[39m &amp#27;[37m<-- POST /wd/hub/session/ed1210e3-b883-4321-9280-aec2da61e33b/element &amp#27;[39m&amp#27;[32m200&amp#27;[39m &amp#27;[90m18918 ms - 137&amp#27;[39m
&amp#27;[35m[HTTP]&amp#27;[39m &amp#27;[90m&amp#27;[39m
&amp#27;[35m[HTTP]&amp#27;[39m &amp#27;[37m-->&amp#27;[39m &amp#27;[37mGET&amp#27;[39m &amp#27;[37m/wd/hub/session/ed1210e3-b883-4321-9280-aec2da61e33b/element/00000000-0000-0071-ffff-ffff0000006e/displayed&amp#27;[39m
&amp#27;[35m[HTTP]&amp#27;[39m &amp#27;[90m{}&amp#27;[39m
[debug] &amp#27;[35m[W3C (ed1210e3)]&amp#27;[39m Calling AppiumDriver.elementDisplayed() with args: ["00000000-0000-0071-ffff-ffff0000006e","ed1210e3-b883-4321-9280-aec2da61e33b"]
[debug] &amp#27;[35m[WD Proxy]&amp#27;[39m Matched '/element/00000000-0000-0071-ffff-ffff0000006e/attribute/displayed' to command name 'getAttribute'
[debug] &amp#27;[35m[WD Proxy]&amp#27;[39m Proxying [GET /element/00000000-0000-0071-ffff-ffff0000006e/attribute/displayed] to [GET http://127.0.0.1:8200/wd/hub/session/746f23fc-7d4f-45af-900f-67e0f45b0eaf/element/00000000-0000-0071-ffff-ffff0000006e/attribute/displayed] with no body
[debug] &amp#27;[35m[WD Proxy]&amp#27;[39m Got response with status 200: {"sessionId":"746f23fc-7d4f-45af-900f-67e0f45b0eaf","value":"true"}
[debug] &amp#27;[35m[W3C (ed1210e3)]&amp#27;[39m Responding to client with driver.elementDisplayed() result: true
&amp#27;[35m[HTTP]&amp#27;[39m &amp#27;[37m<-- GET /wd/hub/session/ed1210e3-b883-4321-9280-aec2da61e33b/element/00000000-0000-0071-ffff-ffff0000006e/displayed &amp#27;[39m&amp#27;[32m200&amp#27;[39m &amp#27;[90m75 ms - 14&amp#27;[39m
&amp#27;[35m[HTTP]&amp#27;[39m &amp#27;[90m&amp#27;[39m
Scrilled Till :Jordan 6 Rings
&amp#27;[35m[HTTP]&amp#27;[39m &amp#27;[37m-->&amp#27;[39m &amp#27;[37mGET&amp#27;[39m &amp#27;[37m/wd/hub/session/ed1210e3-b883-4321-9280-aec2da61e33b&amp#27;[39m
&amp#27;[35m[HTTP]&amp#27;[39m &amp#27;[90m{}&amp#27;[39m
[debug] &amp#27;[35m[W3C (ed1210e3)]&amp#27;[39m Calling AppiumDriver.getSession() with args: ["ed1210e3-b883-4321-9280-aec2da61e33b"]
[debug] &amp#27;[35m[UiAutomator2]&amp#27;[39m Getting session details from server to mix in
[debug] &amp#27;[35m[WD Proxy]&amp#27;[39m Matched '/' to command name 'getSession'
[debug] &amp#27;[35m[WD Proxy]&amp#27;[39m Proxying [GET /] to [GET http://127.0.0.1:8200/wd/hub/session/746f23fc-7d4f-45af-900f-67e0f45b0eaf] with no body
[debug] &amp#27;[35m[WD Proxy]&amp#27;[39m Got response with status 200: {"sessionId":"746f23fc-7d4f-45af-900f-67e0f45b0eaf","value":{"lastScrollData":null}}
[debug] &amp#27;[35m[W3C (ed1210e3)]&amp#27;[39m Responding to client with driver.getSession() result: {"platform":"LINUX","webStorageEnabled":false,"takesScreenshot":true,"javascriptEnabled":true,"databaseEnabled":false,"networkConnectionEnabled":true,"locationContextEnabled":false,"warnings":{},"desired":{"platformName":"android","app":"D:\\Auto-Projects\\eclipse-workspace\\AppiumFramework\\src\\General-Store.apk","automationName":"uiautomator2","deviceName":"emulator-5554","newCommandTimeout":20},"platformName":"android","app":"D:\\Auto-Projects\\eclipse-workspace\\AppiumFramework\\src\\General-Store.apk","automationName":"uiautomator2","deviceName":"emulator-5554","newCommandTimeout":20,"deviceUDID":"emulator-5554","appPackage":"com.androidsample.generalstore","deviceApiLevel":28,"platformVersion":"9","deviceScreenSize":"1080x1920","deviceScreenDensity":480,"deviceModel":"AOSP on IA Emulator","deviceManufacturer":"Google","pixelRatio":3,"statBarHeight":72,"viewportRect":{"left":0,"top":72,"width":1080,"height":1704},"lastScrollData":null}
&amp#27;[35m[HTTP]&amp#27;[39m &amp#27;[37m<-- GET /wd/hub/session/ed1210e3-b883-4321-9280-aec2da61e33b &amp#27;[39m&amp#27;[32m200&amp#27;[39m &amp#27;[90m22 ms - 965&amp#27;[39m
&amp#27;[35m[HTTP]&amp#27;[39m &amp#27;[90m&amp#27;[39m
&amp#27;[35m[HTTP]&amp#27;[39m &amp#27;[37m-->&amp#27;[39m &amp#27;[37mPOST&amp#27;[39m &amp#27;[37m/wd/hub/session/ed1210e3-b883-4321-9280-aec2da61e33b/elements&amp#27;[39m
&amp#27;[35m[HTTP]&amp#27;[39m &amp#27;[90m{"using":"xpath","value":"//android.widget.TextView[@text='ADD TO CART']"}&amp#27;[39m
[debug] &amp#27;[35m[W3C (ed1210e3)]&amp#27;[39m Calling AppiumDriver.findElements() with args: ["xpath","//android.widget.TextView[@text='ADD TO CART']","ed1210e3-b883-4321-9280-aec2da61e33b"]
[debug] &amp#27;[35m[BaseDriver]&amp#27;[39m Valid locator strategies for this request: xpath, id, class name, accessibility id, css selector, -android uiautomator
[debug] &amp#27;[35m[BaseDriver]&amp#27;[39m Waiting up to 10000 ms for condition
[debug] &amp#27;[35m[WD Proxy]&amp#27;[39m Matched '/elements' to command name 'findElements'
[debug] &amp#27;[35m[WD Proxy]&amp#27;[39m Proxying [POST /elements] to [POST http://127.0.0.1:8200/wd/hub/session/746f23fc-7d4f-45af-900f-67e0f45b0eaf/elements] with body: {"strategy":"xpath","selector":"//android.widget.TextView[@text='ADD TO CART']","context":"","multiple":true}
[debug] &amp#27;[35m[WD Proxy]&amp#27;[39m Got response with status 200: {"sessionId":"746f23fc-7d4f-45af-900f-67e0f45b0eaf","value":[{"ELEMENT":"00000000-0000-0071-ffff-ffff00000072","element-6066-11e4-a52e-4f735466cecf":"00000000-0000-0071-ffff-ffff00000072"},{"ELEMENT":"00000000-0000-0071-ffff-ffff0000004a","element-6066-11e4-a52e-4f735466cecf":"00000000-0000-0071-ffff-ffff0000004a"}]}
[debug] &amp#27;[35m[W3C (ed1210e3)]&amp#27;[39m Responding to client with driver.findElements() result: [{"element-6066-11e4-a52e-4f735466cecf":"00000000-0000-0071-ffff-ffff00000072","ELEMENT":"00000000-0000-0071-ffff-ffff00000072"},{"element-6066-11e4-a52e-4f735466cecf":"00000000-0000-0071-ffff-ffff0000004a","ELEMENT":"00000000-0000-0071-ffff-ffff0000004a"}]
&amp#27;[35m[HTTP]&amp#27;[39m &amp#27;[37m<-- POST /wd/hub/session/ed1210e3-b883-4321-9280-aec2da61e33b/elements &amp#27;[39m&amp#27;[32m200&amp#27;[39m &amp#27;[90m158 ms - 267&amp#27;[39m
&amp#27;[35m[HTTP]&amp#27;[39m &amp#27;[90m&amp#27;[39m
&amp#27;[35m[HTTP]&amp#27;[39m &amp#27;[37m-->&amp#27;[39m &amp#27;[37mPOST&amp#27;[39m &amp#27;[37m/wd/hub/session/ed1210e3-b883-4321-9280-aec2da61e33b/element/00000000-0000-0071-ffff-ffff00000072/click&amp#27;[39m
&amp#27;[35m[HTTP]&amp#27;[39m &amp#27;[90m{"id":"00000000-0000-0071-ffff-ffff00000072"}&amp#27;[39m
[debug] &amp#27;[35m[W3C (ed1210e3)]&amp#27;[39m Calling AppiumDriver.click() with args: ["00000000-0000-0071-ffff-ffff00000072","ed1210e3-b883-4321-9280-aec2da61e33b"]
[debug] &amp#27;[35m[WD Proxy]&amp#27;[39m Matched '/element/00000000-0000-0071-ffff-ffff00000072/click' to command name 'click'
[debug] &amp#27;[35m[WD Proxy]&amp#27;[39m Proxying [POST /element/00000000-0000-0071-ffff-ffff00000072/click] to [POST http://127.0.0.1:8200/wd/hub/session/746f23fc-7d4f-45af-900f-67e0f45b0eaf/element/00000000-0000-0071-ffff-ffff00000072/click] with body: {"element":"00000000-0000-0071-ffff-ffff00000072"}
[debug] &amp#27;[35m[WD Proxy]&amp#27;[39m Got response with status 200: {"sessionId":"746f23fc-7d4f-45af-900f-67e0f45b0eaf","value":null}
[debug] &amp#27;[35m[W3C (ed1210e3)]&amp#27;[39m Responding to client with driver.click() result: null
&amp#27;[35m[HTTP]&amp#27;[39m &amp#27;[37m<-- POST /wd/hub/session/ed1210e3-b883-4321-9280-aec2da61e33b/element/00000000-0000-0071-ffff-ffff00000072/click &amp#27;[39m&amp#27;[32m200&amp#27;[39m &amp#27;[90m62 ms - 14&amp#27;[39m
&amp#27;[35m[HTTP]&amp#27;[39m &amp#27;[90m&amp#27;[39m
Tapped on zero index of
&amp#27;[35m[HTTP]&amp#27;[39m &amp#27;[37m-->&amp#27;[39m &amp#27;[37mPOST&amp#27;[39m &amp#27;[37m/wd/hub/session/ed1210e3-b883-4321-9280-aec2da61e33b/element&amp#27;[39m
&amp#27;[35m[HTTP]&amp#27;[39m &amp#27;[90m{"using":"-android uiautomator","value":"new UiScrollable(new UiSelector().resourceId(\"com.androidsample.generalstore:id/rvProductList\")).scrollIntoView(new UiSelector().textMatches(\"PG 3\").instance(0))"}&amp#27;[39m
[debug] &amp#27;[35m[W3C (ed1210e3)]&amp#27;[39m Calling AppiumDriver.findElement() with args: ["-android uiautomator","new UiScrollable(new UiSelector().resourceId(\"com.androidsample.generalstore:id/rvProductList\")).scrollIntoView(new UiSelector().textMatches(\"PG 3\").instance(0))","ed1210e3-b883-4321-9280-aec2da61e33b"]
[debug] &amp#27;[35m[BaseDriver]&amp#27;[39m Valid locator strategies for this request: xpath, id, class name, accessibility id, css selector, -android uiautomator
[debug] &amp#27;[35m[BaseDriver]&amp#27;[39m Waiting up to 10000 ms for condition
[debug] &amp#27;[35m[WD Proxy]&amp#27;[39m Matched '/element' to command name 'findElement'
[debug] &amp#27;[35m[WD Proxy]&amp#27;[39m Proxying [POST /element] to [POST http://127.0.0.1:8200/wd/hub/session/746f23fc-7d4f-45af-900f-67e0f45b0eaf/element] with body: {"strategy":"-android uiautomator","selector":"new UiScrollable(new UiSelector().resourceId(\"com.androidsample.generalstore:id/rvProductList\")).scrollIntoView(new UiSelector().textMatches(\"PG 3\").instance(0))","context":"","multiple":false}
[debug] &amp#27;[35m[WD Proxy]&amp#27;[39m Got response with status 200: {"sessionId":"746f23fc-7d4f-45af-900f-67e0f45b0eaf","value":{"ELEMENT":"00000000-0000-0071-ffff-ffff00000058","element-6066-11e4-a52e-4f735466cecf":"00000000-0000-0071-ffff-ffff00000058"}}
[debug] &amp#27;[35m[W3C (ed1210e3)]&amp#27;[39m Responding to client with driver.findElement() result: {"element-6066-11e4-a52e-4f735466cecf":"00000000-0000-0071-ffff-ffff00000058","ELEMENT":"00000000-0000-0071-ffff-ffff00000058"}
&amp#27;[35m[HTTP]&amp#27;[39m &amp#27;[37m<-- POST /wd/hub/session/ed1210e3-b883-4321-9280-aec2da61e33b/element &amp#27;[39m&amp#27;[32m200&amp#27;[39m &amp#27;[90m40104 ms - 137&amp#27;[39m
&amp#27;[35m[HTTP]&amp#27;[39m &amp#27;[90m&amp#27;[39m
&amp#27;[35m[HTTP]&amp#27;[39m &amp#27;[37m-->&amp#27;[39m &amp#27;[37mGET&amp#27;[39m &amp#27;[37m/wd/hub/session/ed1210e3-b883-4321-9280-aec2da61e33b/element/00000000-0000-0071-ffff-ffff00000058/displayed&amp#27;[39m
&amp#27;[35m[HTTP]&amp#27;[39m &amp#27;[90m{}&amp#27;[39m
[debug] &amp#27;[35m[W3C (ed1210e3)]&amp#27;[39m Calling AppiumDriver.elementDisplayed() with args: ["00000000-0000-0071-ffff-ffff00000058","ed1210e3-b883-4321-9280-aec2da61e33b"]
[debug] &amp#27;[35m[WD Proxy]&amp#27;[39m Matched '/element/00000000-0000-0071-ffff-ffff00000058/attribute/displayed' to command name 'getAttribute'
[debug] &amp#27;[35m[WD Proxy]&amp#27;[39m Proxying [GET /element/00000000-0000-0071-ffff-ffff00000058/attribute/displayed] to [GET http://127.0.0.1:8200/wd/hub/session/746f23fc-7d4f-45af-900f-67e0f45b0eaf/element/00000000-0000-0071-ffff-ffff00000058/attribute/displayed] with no body
[debug] &amp#27;[35m[WD Proxy]&amp#27;[39m Got response with status 200: {"sessionId":"746f23fc-7d4f-45af-900f-67e0f45b0eaf","value":"true"}
[debug] &amp#27;[35m[W3C (ed1210e3)]&amp#27;[39m Responding to client with driver.elementDisplayed() result: true
&amp#27;[35m[HTTP]&amp#27;[39m &amp#27;[37m<-- GET /wd/hub/session/ed1210e3-b883-4321-9280-aec2da61e33b/element/00000000-0000-0071-ffff-ffff00000058/displayed &amp#27;[39m&amp#27;[32m200&amp#27;[39m &amp#27;[90m68 ms - 14&amp#27;[39m
&amp#27;[35m[HTTP]&amp#27;[39m &amp#27;[90m&amp#27;[39m
Scrilled Till :PG 3
&amp#27;[35m[HTTP]&amp#27;[39m &amp#27;[37m-->&amp#27;[39m &amp#27;[37mGET&amp#27;[39m &amp#27;[37m/wd/hub/session/ed1210e3-b883-4321-9280-aec2da61e33b&amp#27;[39m
&amp#27;[35m[HTTP]&amp#27;[39m &amp#27;[90m{}&amp#27;[39m
[debug] &amp#27;[35m[W3C (ed1210e3)]&amp#27;[39m Calling AppiumDriver.getSession() with args: ["ed1210e3-b883-4321-9280-aec2da61e33b"]
[debug] &amp#27;[35m[UiAutomator2]&amp#27;[39m Getting session details from server to mix in
[debug] &amp#27;[35m[WD Proxy]&amp#27;[39m Matched '/' to command name 'getSession'
[debug] &amp#27;[35m[WD Proxy]&amp#27;[39m Proxying [GET /] to [GET http://127.0.0.1:8200/wd/hub/session/746f23fc-7d4f-45af-900f-67e0f45b0eaf] with no body
[debug] &amp#27;[35m[WD Proxy]&amp#27;[39m Got response with status 200: {"sessionId":"746f23fc-7d4f-45af-900f-67e0f45b0eaf","value":{"lastScrollData":null}}
[debug] &amp#27;[35m[W3C (ed1210e3)]&amp#27;[39m Responding to client with driver.getSession() result: {"platform":"LINUX","webStorageEnabled":false,"takesScreenshot":true,"javascriptEnabled":true,"databaseEnabled":false,"networkConnectionEnabled":true,"locationContextEnabled":false,"warnings":{},"desired":{"platformName":"android","app":"D:\\Auto-Projects\\eclipse-workspace\\AppiumFramework\\src\\General-Store.apk","automationName":"uiautomator2","deviceName":"emulator-5554","newCommandTimeout":20},"platformName":"android","app":"D:\\Auto-Projects\\eclipse-workspace\\AppiumFramework\\src\\General-Store.apk","automationName":"uiautomator2","deviceName":"emulator-5554","newCommandTimeout":20,"deviceUDID":"emulator-5554","appPackage":"com.androidsample.generalstore","deviceApiLevel":28,"platformVersion":"9","deviceScreenSize":"1080x1920","deviceScreenDensity":480,"deviceModel":"AOSP on IA Emulator","deviceManufacturer":"Google","pixelRatio":3,"statBarHeight":72,"viewportRect":{"left":0,"top":72,"width":1080,"height":1704},"lastScrollData":null}
&amp#27;[35m[HTTP]&amp#27;[39m &amp#27;[37m<-- GET /wd/hub/session/ed1210e3-b883-4321-9280-aec2da61e33b &amp#27;[39m&amp#27;[32m200&amp#27;[39m &amp#27;[90m28 ms - 965&amp#27;[39m
&amp#27;[35m[HTTP]&amp#27;[39m &amp#27;[90m&amp#27;[39m
&amp#27;[35m[HTTP]&amp#27;[39m &amp#27;[37m-->&amp#27;[39m &amp#27;[37mPOST&amp#27;[39m &amp#27;[37m/wd/hub/session/ed1210e3-b883-4321-9280-aec2da61e33b/elements&amp#27;[39m
&amp#27;[35m[HTTP]&amp#27;[39m &amp#27;[90m{"using":"xpath","value":"//android.widget.TextView[@text='ADD TO CART']"}&amp#27;[39m
[debug] &amp#27;[35m[W3C (ed1210e3)]&amp#27;[39m Calling AppiumDriver.findElements() with args: ["xpath","//android.widget.TextView[@text='ADD TO CART']","ed1210e3-b883-4321-9280-aec2da61e33b"]
[debug] &amp#27;[35m[BaseDriver]&amp#27;[39m Valid locator strategies for this request: xpath, id, class name, accessibility id, css selector, -android uiautomator
[debug] &amp#27;[35m[BaseDriver]&amp#27;[39m Waiting up to 10000 ms for condition
[debug] &amp#27;[35m[WD Proxy]&amp#27;[39m Matched '/elements' to command name 'findElements'
[debug] &amp#27;[35m[WD Proxy]&amp#27;[39m Proxying [POST /elements] to [POST http://127.0.0.1:8200/wd/hub/session/746f23fc-7d4f-45af-900f-67e0f45b0eaf/elements] with body: {"strategy":"xpath","selector":"//android.widget.TextView[@text='ADD TO CART']","context":"","multiple":true}
[debug] &amp#27;[35m[WD Proxy]&amp#27;[39m Got response with status 200: {"sessionId":"746f23fc-7d4f-45af-900f-67e0f45b0eaf","value":[{"ELEMENT":"00000000-0000-0071-ffff-ffff0000005c","element-6066-11e4-a52e-4f735466cecf":"00000000-0000-0071-ffff-ffff0000005c"}]}
[debug] &amp#27;[35m[W3C (ed1210e3)]&amp#27;[39m Responding to client with driver.findElements() result: [{"element-6066-11e4-a52e-4f735466cecf":"00000000-0000-0071-ffff-ffff0000005c","ELEMENT":"00000000-0000-0071-ffff-ffff0000005c"}]
&amp#27;[35m[HTTP]&amp#27;[39m &amp#27;[37m<-- POST /wd/hub/session/ed1210e3-b883-4321-9280-aec2da61e33b/elements &amp#27;[39m&amp#27;[32m200&amp#27;[39m &amp#27;[90m156 ms - 139&amp#27;[39m
&amp#27;[35m[HTTP]&amp#27;[39m &amp#27;[90m&amp#27;[39m
&amp#27;[35m[HTTP]&amp#27;[39m &amp#27;[37m-->&amp#27;[39m &amp#27;[37mPOST&amp#27;[39m &amp#27;[37m/wd/hub/session/ed1210e3-b883-4321-9280-aec2da61e33b/element/00000000-0000-0071-ffff-ffff0000005c/click&amp#27;[39m
&amp#27;[35m[HTTP]&amp#27;[39m &amp#27;[90m{"id":"00000000-0000-0071-ffff-ffff0000005c"}&amp#27;[39m
[debug] &amp#27;[35m[W3C (ed1210e3)]&amp#27;[39m Calling AppiumDriver.click() with args: ["00000000-0000-0071-ffff-ffff0000005c","ed1210e3-b883-4321-9280-aec2da61e33b"]
[debug] &amp#27;[35m[WD Proxy]&amp#27;[39m Matched '/element/00000000-0000-0071-ffff-ffff0000005c/click' to command name 'click'
[debug] &amp#27;[35m[WD Proxy]&amp#27;[39m Proxying [POST /element/00000000-0000-0071-ffff-ffff0000005c/click] to [POST http://127.0.0.1:8200/wd/hub/session/746f23fc-7d4f-45af-900f-67e0f45b0eaf/element/00000000-0000-0071-ffff-ffff0000005c/click] with body: {"element":"00000000-0000-0071-ffff-ffff0000005c"}
[debug] &amp#27;[35m[WD Proxy]&amp#27;[39m Got response with status 200: {"sessionId":"746f23fc-7d4f-45af-900f-67e0f45b0eaf","value":null}
[debug] &amp#27;[35m[W3C (ed1210e3)]&amp#27;[39m Responding to client with driver.click() result: null
&amp#27;[35m[HTTP]&amp#27;[39m &amp#27;[37m<-- POST /wd/hub/session/ed1210e3-b883-4321-9280-aec2da61e33b/element/00000000-0000-0071-ffff-ffff0000005c/click &amp#27;[39m&amp#27;[32m200&amp#27;[39m &amp#27;[90m100 ms - 14&amp#27;[39m
&amp#27;[35m[HTTP]&amp#27;[39m &amp#27;[90m&amp#27;[39m
Tapped on zero index of
&amp#27;[35m[HTTP]&amp#27;[39m &amp#27;[37m-->&amp#27;[39m &amp#27;[37mGET&amp#27;[39m &amp#27;[37m/wd/hub/session/ed1210e3-b883-4321-9280-aec2da61e33b&amp#27;[39m
&amp#27;[35m[HTTP]&amp#27;[39m &amp#27;[90m{}&amp#27;[39m
[debug] &amp#27;[35m[W3C (ed1210e3)]&amp#27;[39m Calling AppiumDriver.getSession() with args: ["ed1210e3-b883-4321-9280-aec2da61e33b"]
[debug] &amp#27;[35m[UiAutomator2]&amp#27;[39m Getting session details from server to mix in
[debug] &amp#27;[35m[WD Proxy]&amp#27;[39m Matched '/' to command name 'getSession'
[debug] &amp#27;[35m[WD Proxy]&amp#27;[39m Proxying [GET /] to [GET http://127.0.0.1:8200/wd/hub/session/746f23fc-7d4f-45af-900f-67e0f45b0eaf] with no body
[debug] &amp#27;[35m[WD Proxy]&amp#27;[39m Got response with status 200: {"sessionId":"746f23fc-7d4f-45af-900f-67e0f45b0eaf","value":{"lastScrollData":null}}
[debug] &amp#27;[35m[W3C (ed1210e3)]&amp#27;[39m Responding to client with driver.getSession() result: {"platform":"LINUX","webStorageEnabled":false,"takesScreenshot":true,"javascriptEnabled":true,"databaseEnabled":false,"networkConnectionEnabled":true,"locationContextEnabled":false,"warnings":{},"desired":{"platformName":"android","app":"D:\\Auto-Projects\\eclipse-workspace\\AppiumFramework\\src\\General-Store.apk","automationName":"uiautomator2","deviceName":"emulator-5554","newCommandTimeout":20},"platformName":"android","app":"D:\\Auto-Projects\\eclipse-workspace\\AppiumFramework\\src\\General-Store.apk","automationName":"uiautomator2","deviceName":"emulator-5554","newCommandTimeout":20,"deviceUDID":"emulator-5554","appPackage":"com.androidsample.generalstore","deviceApiLevel":28,"platformVersion":"9","deviceScreenSize":"1080x1920","deviceScreenDensity":480,"deviceModel":"AOSP on IA Emulator","deviceManufacturer":"Google","pixelRatio":3,"statBarHeight":72,"viewportRect":{"left":0,"top":72,"width":1080,"height":1704},"lastScrollData":null}
&amp#27;[35m[HTTP]&amp#27;[39m &amp#27;[37m<-- GET /wd/hub/session/ed1210e3-b883-4321-9280-aec2da61e33b &amp#27;[39m&amp#27;[32m200&amp#27;[39m &amp#27;[90m23 ms - 965&amp#27;[39m
&amp#27;[35m[HTTP]&amp#27;[39m &amp#27;[90m&amp#27;[39m
&amp#27;[35m[HTTP]&amp#27;[39m &amp#27;[37m-->&amp#27;[39m &amp#27;[37mPOST&amp#27;[39m &amp#27;[37m/wd/hub/session/ed1210e3-b883-4321-9280-aec2da61e33b/element&amp#27;[39m
&amp#27;[35m[HTTP]&amp#27;[39m &amp#27;[90m{"using":"id","value":"com.androidsample.generalstore:id/appbar_btn_cart"}&amp#27;[39m
[debug] &amp#27;[35m[W3C (ed1210e3)]&amp#27;[39m Calling AppiumDriver.findElement() with args: ["id","com.androidsample.generalstore:id/appbar_btn_cart","ed1210e3-b883-4321-9280-aec2da61e33b"]
[debug] &amp#27;[35m[BaseDriver]&amp#27;[39m Valid locator strategies for this request: xpath, id, class name, accessibility id, css selector, -android uiautomator
[debug] &amp#27;[35m[BaseDriver]&amp#27;[39m Waiting up to 10000 ms for condition
[debug] &amp#27;[35m[WD Proxy]&amp#27;[39m Matched '/element' to command name 'findElement'
[debug] &amp#27;[35m[WD Proxy]&amp#27;[39m Proxying [POST /element] to [POST http://127.0.0.1:8200/wd/hub/session/746f23fc-7d4f-45af-900f-67e0f45b0eaf/element] with body: {"strategy":"id","selector":"com.androidsample.generalstore:id/appbar_btn_cart","context":"","multiple":false}
[debug] &amp#27;[35m[WD Proxy]&amp#27;[39m Got response with status 200: {"sessionId":"746f23fc-7d4f-45af-900f-67e0f45b0eaf","value":{"ELEMENT":"00000000-0000-0071-ffff-ffff00000052","element-6066-11e4-a52e-4f735466cecf":"00000000-0000-0071-ffff-ffff00000052"}}
[debug] &amp#27;[35m[W3C (ed1210e3)]&amp#27;[39m Responding to client with driver.findElement() result: {"element-6066-11e4-a52e-4f735466cecf":"00000000-0000-0071-ffff-ffff00000052","ELEMENT":"00000000-0000-0071-ffff-ffff00000052"}
&amp#27;[35m[HTTP]&amp#27;[39m &amp#27;[37m<-- POST /wd/hub/session/ed1210e3-b883-4321-9280-aec2da61e33b/element &amp#27;[39m&amp#27;[32m200&amp#27;[39m &amp#27;[90m471 ms - 137&amp#27;[39m
&amp#27;[35m[HTTP]&amp#27;[39m &amp#27;[90m&amp#27;[39m
&amp#27;[35m[HTTP]&amp#27;[39m &amp#27;[37m-->&amp#27;[39m &amp#27;[37mPOST&amp#27;[39m &amp#27;[37m/wd/hub/session/ed1210e3-b883-4321-9280-aec2da61e33b/element/00000000-0000-0071-ffff-ffff00000052/click&amp#27;[39m
&amp#27;[35m[HTTP]&amp#27;[39m &amp#27;[90m{"id":"00000000-0000-0071-ffff-ffff00000052"}&amp#27;[39m
[debug] &amp#27;[35m[W3C (ed1210e3)]&amp#27;[39m Calling AppiumDriver.click() with args: ["00000000-0000-0071-ffff-ffff00000052","ed1210e3-b883-4321-9280-aec2da61e33b"]
[debug] &amp#27;[35m[WD Proxy]&amp#27;[39m Matched '/element/00000000-0000-0071-ffff-ffff00000052/click' to command name 'click'
[debug] &amp#27;[35m[WD Proxy]&amp#27;[39m Proxying [POST /element/00000000-0000-0071-ffff-ffff00000052/click] to [POST http://127.0.0.1:8200/wd/hub/session/746f23fc-7d4f-45af-900f-67e0f45b0eaf/element/00000000-0000-0071-ffff-ffff00000052/click] with body: {"element":"00000000-0000-0071-ffff-ffff00000052"}
[debug] &amp#27;[35m[WD Proxy]&amp#27;[39m Got response with status 200: {"sessionId":"746f23fc-7d4f-45af-900f-67e0f45b0eaf","value":null}
[debug] &amp#27;[35m[W3C (ed1210e3)]&amp#27;[39m Responding to client with driver.click() result: null
&amp#27;[35m[HTTP]&amp#27;[39m &amp#27;[37m<-- POST /wd/hub/session/ed1210e3-b883-4321-9280-aec2da61e33b/element/00000000-0000-0071-ffff-ffff00000052/click &amp#27;[39m&amp#27;[32m200&amp#27;[39m &amp#27;[90m87 ms - 14&amp#27;[39m
&amp#27;[35m[HTTP]&amp#27;[39m &amp#27;[90m&amp#27;[39m
Clicked on CartButtonf
&amp#27;[35m[HTTP]&amp#27;[39m &amp#27;[37m-->&amp#27;[39m &amp#27;[37mGET&amp#27;[39m &amp#27;[37m/wd/hub/session/ed1210e3-b883-4321-9280-aec2da61e33b&amp#27;[39m
&amp#27;[35m[HTTP]&amp#27;[39m &amp#27;[90m{}&amp#27;[39m
[debug] &amp#27;[35m[W3C (ed1210e3)]&amp#27;[39m Calling AppiumDriver.getSession() with args: ["ed1210e3-b883-4321-9280-aec2da61e33b"]
[debug] &amp#27;[35m[UiAutomator2]&amp#27;[39m Getting session details from server to mix in
[debug] &amp#27;[35m[WD Proxy]&amp#27;[39m Matched '/' to command name 'getSession'
[debug] &amp#27;[35m[WD Proxy]&amp#27;[39m Proxying [GET /] to [GET http://127.0.0.1:8200/wd/hub/session/746f23fc-7d4f-45af-900f-67e0f45b0eaf] with no body
[debug] &amp#27;[35m[WD Proxy]&amp#27;[39m Got response with status 200: {"sessionId":"746f23fc-7d4f-45af-900f-67e0f45b0eaf","value":{"lastScrollData":null}}
[debug] &amp#27;[35m[W3C (ed1210e3)]&amp#27;[39m Responding to client with driver.getSession() result: {"platform":"LINUX","webStorageEnabled":false,"takesScreenshot":true,"javascriptEnabled":true,"databaseEnabled":false,"networkConnectionEnabled":true,"locationContextEnabled":false,"warnings":{},"desired":{"platformName":"android","app":"D:\\Auto-Projects\\eclipse-workspace\\AppiumFramework\\src\\General-Store.apk","automationName":"uiautomator2","deviceName":"emulator-5554","newCommandTimeout":20},"platformName":"android","app":"D:\\Auto-Projects\\eclipse-workspace\\AppiumFramework\\src\\General-Store.apk","automationName":"uiautomator2","deviceName":"emulator-5554","newCommandTimeout":20,"deviceUDID":"emulator-5554","appPackage":"com.androidsample.generalstore","deviceApiLevel":28,"platformVersion":"9","deviceScreenSize":"1080x1920","deviceScreenDensity":480,"deviceModel":"AOSP on IA Emulator","deviceManufacturer":"Google","pixelRatio":3,"statBarHeight":72,"viewportRect":{"left":0,"top":72,"width":1080,"height":1704},"lastScrollData":null}
&amp#27;[35m[HTTP]&amp#27;[39m &amp#27;[37m<-- GET /wd/hub/session/ed1210e3-b883-4321-9280-aec2da61e33b &amp#27;[39m&amp#27;[32m200&amp#27;[39m &amp#27;[90m37 ms - 965&amp#27;[39m
&amp#27;[35m[HTTP]&amp#27;[39m &amp#27;[90m&amp#27;[39m
&amp#27;[35m[HTTP]&amp#27;[39m &amp#27;[37m-->&amp#27;[39m &amp#27;[37mGET&amp#27;[39m &amp#27;[37m/wd/hub/session/ed1210e3-b883-4321-9280-aec2da61e33b&amp#27;[39m
&amp#27;[35m[HTTP]&amp#27;[39m &amp#27;[90m{}&amp#27;[39m
[debug] &amp#27;[35m[W3C (ed1210e3)]&amp#27;[39m Calling AppiumDriver.getSession() with args: ["ed1210e3-b883-4321-9280-aec2da61e33b"]
[debug] &amp#27;[35m[UiAutomator2]&amp#27;[39m Getting session details from server to mix in
[debug] &amp#27;[35m[WD Proxy]&amp#27;[39m Matched '/' to command name 'getSession'
[debug] &amp#27;[35m[WD Proxy]&amp#27;[39m Proxying [GET /] to [GET http://127.0.0.1:8200/wd/hub/session/746f23fc-7d4f-45af-900f-67e0f45b0eaf] with no body
[debug] &amp#27;[35m[WD Proxy]&amp#27;[39m Got response with status 200: {"sessionId":"746f23fc-7d4f-45af-900f-67e0f45b0eaf","value":{"lastScrollData":null}}
[debug] &amp#27;[35m[W3C (ed1210e3)]&amp#27;[39m Responding to client with driver.getSession() result: {"platform":"LINUX","webStorageEnabled":false,"takesScreenshot":true,"javascriptEnabled":true,"databaseEnabled":false,"networkConnectionEnabled":true,"locationContextEnabled":false,"warnings":{},"desired":{"platformName":"android","app":"D:\\Auto-Projects\\eclipse-workspace\\AppiumFramework\\src\\General-Store.apk","automationName":"uiautomator2","deviceName":"emulator-5554","newCommandTimeout":20},"platformName":"android","app":"D:\\Auto-Projects\\eclipse-workspace\\AppiumFramework\\src\\General-Store.apk","automationName":"uiautomator2","deviceName":"emulator-5554","newCommandTimeout":20,"deviceUDID":"emulator-5554","appPackage":"com.androidsample.generalstore","deviceApiLevel":28,"platformVersion":"9","deviceScreenSize":"1080x1920","deviceScreenDensity":480,"deviceModel":"AOSP on IA Emulator","deviceManufacturer":"Google","pixelRatio":3,"statBarHeight":72,"viewportRect":{"left":0,"top":72,"width":1080,"height":1704},"lastScrollData":null}
&amp#27;[35m[HTTP]&amp#27;[39m &amp#27;[37m<-- GET /wd/hub/session/ed1210e3-b883-4321-9280-aec2da61e33b &amp#27;[39m&amp#27;[32m200&amp#27;[39m &amp#27;[90m52 ms - 965&amp#27;[39m
&amp#27;[35m[HTTP]&amp#27;[39m &amp#27;[90m&amp#27;[39m
&amp#27;[35m[HTTP]&amp#27;[39m &amp#27;[37m-->&amp#27;[39m &amp#27;[37mPOST&amp#27;[39m &amp#27;[37m/wd/hub/session/ed1210e3-b883-4321-9280-aec2da61e33b/elements&amp#27;[39m
&amp#27;[35m[HTTP]&amp#27;[39m &amp#27;[90m{"using":"id","value":"com.androidsample.generalstore:id/productPrice"}&amp#27;[39m
[debug] &amp#27;[35m[W3C (ed1210e3)]&amp#27;[39m Calling AppiumDriver.findElements() with args: ["id","com.androidsample.generalstore:id/productPrice","ed1210e3-b883-4321-9280-aec2da61e33b"]
[debug] &amp#27;[35m[BaseDriver]&amp#27;[39m Valid locator strategies for this request: xpath, id, class name, accessibility id, css selector, -android uiautomator
[debug] &amp#27;[35m[BaseDriver]&amp#27;[39m Waiting up to 10000 ms for condition
[debug] &amp#27;[35m[WD Proxy]&amp#27;[39m Matched '/elements' to command name 'findElements'
[debug] &amp#27;[35m[WD Proxy]&amp#27;[39m Proxying [POST /elements] to [POST http://127.0.0.1:8200/wd/hub/session/746f23fc-7d4f-45af-900f-67e0f45b0eaf/elements] with body: {"strategy":"id","selector":"com.androidsample.generalstore:id/productPrice","context":"","multiple":true}
[debug] &amp#27;[35m[WD Proxy]&amp#27;[39m Got response with status 200: {"sessionId":"746f23fc-7d4f-45af-900f-67e0f45b0eaf","value":[{"ELEMENT":"00000000-0000-0072-ffff-ffff0000009b","element-6066-11e4-a52e-4f735466cecf":"00000000-0000-0072-ffff-ffff0000009b"},{"ELEMENT":"00000000-0000-0072-ffff-ffff00000096","element-6066-11e4-a52e-4f735466cecf":"00000000-0000-0072-ffff-ffff00000096"}]}
[debug] &amp#27;[35m[W3C (ed1210e3)]&amp#27;[39m Responding to client with driver.findElements() result: [{"element-6066-11e4-a52e-4f735466cecf":"00000000-0000-0072-ffff-ffff0000009b","ELEMENT":"00000000-0000-0072-ffff-ffff0000009b"},{"element-6066-11e4-a52e-4f735466cecf":"00000000-0000-0072-ffff-ffff00000096","ELEMENT":"00000000-0000-0072-ffff-ffff00000096"}]
&amp#27;[35m[HTTP]&amp#27;[39m &amp#27;[37m<-- POST /wd/hub/session/ed1210e3-b883-4321-9280-aec2da61e33b/elements &amp#27;[39m&amp#27;[32m200&amp#27;[39m &amp#27;[90m1003 ms - 267&amp#27;[39m
&amp#27;[35m[HTTP]&amp#27;[39m &amp#27;[90m&amp#27;[39m
2
&amp#27;[35m[HTTP]&amp#27;[39m &amp#27;[37m-->&amp#27;[39m &amp#27;[37mPOST&amp#27;[39m &amp#27;[37m/wd/hub/session/ed1210e3-b883-4321-9280-aec2da61e33b/elements&amp#27;[39m
&amp#27;[35m[HTTP]&amp#27;[39m &amp#27;[90m{"using":"id","value":"com.androidsample.generalstore:id/productPrice"}&amp#27;[39m
[debug] &amp#27;[35m[W3C (ed1210e3)]&amp#27;[39m Calling AppiumDriver.findElements() with args: ["id","com.androidsample.generalstore:id/productPrice","ed1210e3-b883-4321-9280-aec2da61e33b"]
[debug] &amp#27;[35m[BaseDriver]&amp#27;[39m Valid locator strategies for this request: xpath, id, class name, accessibility id, css selector, -android uiautomator
[debug] &amp#27;[35m[BaseDriver]&amp#27;[39m Waiting up to 10000 ms for condition
[debug] &amp#27;[35m[WD Proxy]&amp#27;[39m Matched '/elements' to command name 'findElements'
[debug] &amp#27;[35m[WD Proxy]&amp#27;[39m Proxying [POST /elements] to [POST http://127.0.0.1:8200/wd/hub/session/746f23fc-7d4f-45af-900f-67e0f45b0eaf/elements] with body: {"strategy":"id","selector":"com.androidsample.generalstore:id/productPrice","context":"","multiple":true}
[debug] &amp#27;[35m[WD Proxy]&amp#27;[39m Got response with status 200: {"sessionId":"746f23fc-7d4f-45af-900f-67e0f45b0eaf","value":[{"ELEMENT":"00000000-0000-0072-ffff-ffff0000009b","element-6066-11e4-a52e-4f735466cecf":"00000000-0000-0072-ffff-ffff0000009b"},{"ELEMENT":"00000000-0000-0072-ffff-ffff00000096","element-6066-11e4-a52e-4f735466cecf":"00000000-0000-0072-ffff-ffff00000096"}]}
[debug] &amp#27;[35m[W3C (ed1210e3)]&amp#27;[39m Responding to client with driver.findElements() result: [{"element-6066-11e4-a52e-4f735466cecf":"00000000-0000-0072-ffff-ffff0000009b","ELEMENT":"00000000-0000-0072-ffff-ffff0000009b"},{"element-6066-11e4-a52e-4f735466cecf":"00000000-0000-0072-ffff-ffff00000096","ELEMENT":"00000000-0000-0072-ffff-ffff00000096"}]
&amp#27;[35m[HTTP]&amp#27;[39m &amp#27;[37m<-- POST /wd/hub/session/ed1210e3-b883-4321-9280-aec2da61e33b/elements &amp#27;[39m&amp#27;[32m200&amp#27;[39m &amp#27;[90m58 ms - 267&amp#27;[39m
&amp#27;[35m[HTTP]&amp#27;[39m &amp#27;[90m&amp#27;[39m
&amp#27;[35m[HTTP]&amp#27;[39m &amp#27;[37m-->&amp#27;[39m &amp#27;[37mGET&amp#27;[39m &amp#27;[37m/wd/hub/session/ed1210e3-b883-4321-9280-aec2da61e33b/element/00000000-0000-0072-ffff-ffff0000009b/text&amp#27;[39m
&amp#27;[35m[HTTP]&amp#27;[39m &amp#27;[90m{}&amp#27;[39m
&amp#27;[35m[W3C (ed1210e3)]&amp#27;[39m Driver proxy active, passing request on via HTTP proxy
[debug] &amp#27;[35m[WD Proxy]&amp#27;[39m Matched '/wd/hub/session/ed1210e3-b883-4321-9280-aec2da61e33b/element/00000000-0000-0072-ffff-ffff0000009b/text' to command name 'getText'
[debug] &amp#27;[35m[WD Proxy]&amp#27;[39m Proxying [GET /wd/hub/session/ed1210e3-b883-4321-9280-aec2da61e33b/element/00000000-0000-0072-ffff-ffff0000009b/text] to [GET http://127.0.0.1:8200/wd/hub/session/746f23fc-7d4f-45af-900f-67e0f45b0eaf/element/00000000-0000-0072-ffff-ffff0000009b/text] with no body
[debug] &amp#27;[35m[WD Proxy]&amp#27;[39m Got response with status 200: {"sessionId":"746f23fc-7d4f-45af-900f-67e0f45b0eaf","value":"$165.0"}
&amp#27;[35m[WD Proxy]&amp#27;[39m Replacing sessionId 746f23fc-7d4f-45af-900f-67e0f45b0eaf with ed1210e3-b883-4321-9280-aec2da61e33b
&amp#27;[35m[HTTP]&amp#27;[39m &amp#27;[37m<-- GET /wd/hub/session/ed1210e3-b883-4321-9280-aec2da61e33b/element/00000000-0000-0072-ffff-ffff0000009b/text &amp#27;[39m&amp#27;[32m200&amp#27;[39m &amp#27;[90m30 ms - 69&amp#27;[39m
&amp#27;[35m[HTTP]&amp#27;[39m &amp#27;[90m&amp#27;[39m
165.0
165.0
&amp#27;[35m[HTTP]&amp#27;[39m &amp#27;[37m-->&amp#27;[39m &amp#27;[37mPOST&amp#27;[39m &amp#27;[37m/wd/hub/session/ed1210e3-b883-4321-9280-aec2da61e33b/elements&amp#27;[39m
&amp#27;[35m[HTTP]&amp#27;[39m &amp#27;[90m{"using":"id","value":"com.androidsample.generalstore:id/productPrice"}&amp#27;[39m
[debug] &amp#27;[35m[W3C (ed1210e3)]&amp#27;[39m Calling AppiumDriver.findElements() with args: ["id","com.androidsample.generalstore:id/productPrice","ed1210e3-b883-4321-9280-aec2da61e33b"]
[debug] &amp#27;[35m[BaseDriver]&amp#27;[39m Valid locator strategies for this request: xpath, id, class name, accessibility id, css selector, -android uiautomator
[debug] &amp#27;[35m[BaseDriver]&amp#27;[39m Waiting up to 10000 ms for condition
[debug] &amp#27;[35m[WD Proxy]&amp#27;[39m Matched '/elements' to command name 'findElements'
[debug] &amp#27;[35m[WD Proxy]&amp#27;[39m Proxying [POST /elements] to [POST http://127.0.0.1:8200/wd/hub/session/746f23fc-7d4f-45af-900f-67e0f45b0eaf/elements] with body: {"strategy":"id","selector":"com.androidsample.generalstore:id/productPrice","context":"","multiple":true}
[debug] &amp#27;[35m[WD Proxy]&amp#27;[39m Got response with status 200: {"sessionId":"746f23fc-7d4f-45af-900f-67e0f45b0eaf","value":[{"ELEMENT":"00000000-0000-0072-ffff-ffff0000009b","element-6066-11e4-a52e-4f735466cecf":"00000000-0000-0072-ffff-ffff0000009b"},{"ELEMENT":"00000000-0000-0072-ffff-ffff00000096","element-6066-11e4-a52e-4f735466cecf":"00000000-0000-0072-ffff-ffff00000096"}]}
[debug] &amp#27;[35m[W3C (ed1210e3)]&amp#27;[39m Responding to client with driver.findElements() result: [{"element-6066-11e4-a52e-4f735466cecf":"00000000-0000-0072-ffff-ffff0000009b","ELEMENT":"00000000-0000-0072-ffff-ffff0000009b"},{"element-6066-11e4-a52e-4f735466cecf":"00000000-0000-0072-ffff-ffff00000096","ELEMENT":"00000000-0000-0072-ffff-ffff00000096"}]
&amp#27;[35m[HTTP]&amp#27;[39m &amp#27;[37m<-- POST /wd/hub/session/ed1210e3-b883-4321-9280-aec2da61e33b/elements &amp#27;[39m&amp#27;[32m200&amp#27;[39m &amp#27;[90m58 ms - 267&amp#27;[39m
&amp#27;[35m[HTTP]&amp#27;[39m &amp#27;[90m&amp#27;[39m
&amp#27;[35m[HTTP]&amp#27;[39m &amp#27;[37m-->&amp#27;[39m &amp#27;[37mGET&amp#27;[39m &amp#27;[37m/wd/hub/session/ed1210e3-b883-4321-9280-aec2da61e33b/element/00000000-0000-0072-ffff-ffff00000096/text&amp#27;[39m
&amp#27;[35m[HTTP]&amp#27;[39m &amp#27;[90m{}&amp#27;[39m
&amp#27;[35m[W3C (ed1210e3)]&amp#27;[39m Driver proxy active, passing request on via HTTP proxy
[debug] &amp#27;[35m[WD Proxy]&amp#27;[39m Matched '/wd/hub/session/ed1210e3-b883-4321-9280-aec2da61e33b/element/00000000-0000-0072-ffff-ffff00000096/text' to command name 'getText'
[debug] &amp#27;[35m[WD Proxy]&amp#27;[39m Proxying [GET /wd/hub/session/ed1210e3-b883-4321-9280-aec2da61e33b/element/00000000-0000-0072-ffff-ffff00000096/text] to [GET http://127.0.0.1:8200/wd/hub/session/746f23fc-7d4f-45af-900f-67e0f45b0eaf/element/00000000-0000-0072-ffff-ffff00000096/text] with no body
[debug] &amp#27;[35m[WD Proxy]&amp#27;[39m Got response with status 200: {"sessionId":"746f23fc-7d4f-45af-900f-67e0f45b0eaf","value":"$110.0"}
&amp#27;[35m[WD Proxy]&amp#27;[39m Replacing sessionId 746f23fc-7d4f-45af-900f-67e0f45b0eaf with ed1210e3-b883-4321-9280-aec2da61e33b
&amp#27;[35m[HTTP]&amp#27;[39m &amp#27;[37m<-- GET /wd/hub/session/ed1210e3-b883-4321-9280-aec2da61e33b/element/00000000-0000-0072-ffff-ffff00000096/text &amp#27;[39m&amp#27;[32m200&amp#27;[39m &amp#27;[90m29 ms - 69&amp#27;[39m
&amp#27;[35m[HTTP]&amp#27;[39m &amp#27;[90m&amp#27;[39m
110.0
275.0
&amp#27;[35m[HTTP]&amp#27;[39m &amp#27;[37m-->&amp#27;[39m &amp#27;[37mPOST&amp#27;[39m &amp#27;[37m/wd/hub/session/ed1210e3-b883-4321-9280-aec2da61e33b/element&amp#27;[39m
&amp#27;[35m[HTTP]&amp#27;[39m &amp#27;[90m{"using":"id","value":"com.androidsample.generalstore:id/totalAmountLbl"}&amp#27;[39m
[debug] &amp#27;[35m[W3C (ed1210e3)]&amp#27;[39m Calling AppiumDriver.findElement() with args: ["id","com.androidsample.generalstore:id/totalAmountLbl","ed1210e3-b883-4321-9280-aec2da61e33b"]
[debug] &amp#27;[35m[BaseDriver]&amp#27;[39m Valid locator strategies for this request: xpath, id, class name, accessibility id, css selector, -android uiautomator
[debug] &amp#27;[35m[BaseDriver]&amp#27;[39m Waiting up to 10000 ms for condition
[debug] &amp#27;[35m[WD Proxy]&amp#27;[39m Matched '/element' to command name 'findElement'
[debug] &amp#27;[35m[WD Proxy]&amp#27;[39m Proxying [POST /element] to [POST http://127.0.0.1:8200/wd/hub/session/746f23fc-7d4f-45af-900f-67e0f45b0eaf/element] with body: {"strategy":"id","selector":"com.androidsample.generalstore:id/totalAmountLbl","context":"","multiple":false}
[debug] &amp#27;[35m[WD Proxy]&amp#27;[39m Got response with status 200: {"sessionId":"746f23fc-7d4f-45af-900f-67e0f45b0eaf","value":{"ELEMENT":"00000000-0000-0072-ffff-ffff0000009d","element-6066-11e4-a52e-4f735466cecf":"00000000-0000-0072-ffff-ffff0000009d"}}
[debug] &amp#27;[35m[W3C (ed1210e3)]&amp#27;[39m Responding to client with driver.findElement() result: {"element-6066-11e4-a52e-4f735466cecf":"00000000-0000-0072-ffff-ffff0000009d","ELEMENT":"00000000-0000-0072-ffff-ffff0000009d"}
&amp#27;[35m[HTTP]&amp#27;[39m &amp#27;[37m<-- POST /wd/hub/session/ed1210e3-b883-4321-9280-aec2da61e33b/element &amp#27;[39m&amp#27;[32m200&amp#27;[39m &amp#27;[90m66 ms - 137&amp#27;[39m
&amp#27;[35m[HTTP]&amp#27;[39m &amp#27;[90m&amp#27;[39m
&amp#27;[35m[HTTP]&amp#27;[39m &amp#27;[37m-->&amp#27;[39m &amp#27;[37mGET&amp#27;[39m &amp#27;[37m/wd/hub/session/ed1210e3-b883-4321-9280-aec2da61e33b/element/00000000-0000-0072-ffff-ffff0000009d/text&amp#27;[39m
&amp#27;[35m[HTTP]&amp#27;[39m &amp#27;[90m{}&amp#27;[39m
&amp#27;[35m[W3C (ed1210e3)]&amp#27;[39m Driver proxy active, passing request on via HTTP proxy
[debug] &amp#27;[35m[WD Proxy]&amp#27;[39m Matched '/wd/hub/session/ed1210e3-b883-4321-9280-aec2da61e33b/element/00000000-0000-0072-ffff-ffff0000009d/text' to command name 'getText'
[debug] &amp#27;[35m[WD Proxy]&amp#27;[39m Proxying [GET /wd/hub/session/ed1210e3-b883-4321-9280-aec2da61e33b/element/00000000-0000-0072-ffff-ffff0000009d/text] to [GET http://127.0.0.1:8200/wd/hub/session/746f23fc-7d4f-45af-900f-67e0f45b0eaf/element/00000000-0000-0072-ffff-ffff0000009d/text] with no body
[debug] &amp#27;[35m[WD Proxy]&amp#27;[39m Got response with status 200: {"sessionId":"746f23fc-7d4f-45af-900f-67e0f45b0eaf","value":"$ 275.0"}
&amp#27;[35m[WD Proxy]&amp#27;[39m Replacing sessionId 746f23fc-7d4f-45af-900f-67e0f45b0eaf with ed1210e3-b883-4321-9280-aec2da61e33b
&amp#27;[35m[HTTP]&amp#27;[39m &amp#27;[37m<-- GET /wd/hub/session/ed1210e3-b883-4321-9280-aec2da61e33b/element/00000000-0000-0072-ffff-ffff0000009d/text &amp#27;[39m&amp#27;[32m200&amp#27;[39m &amp#27;[90m30 ms - 70&amp#27;[39m
&amp#27;[35m[HTTP]&amp#27;[39m &amp#27;[90m&amp#27;[39m
 275.0
]]></system-out>
    <system-err><![CDATA[Dec 18, 2021 5:08:30 PM io.appium.java_client.remote.AppiumCommandExecutor$1 lambda$0
INFO: Detected dialect: W3C
]]></system-err>
  </testcase>
  <testcase name="totalProductValidation[Italy](2)" classname="practise.AppiumFramework.AmountValidation" time="204.266">
    <failure message="expected [275.0] but found [165.0]" type="java.lang.AssertionError"><![CDATA[java.lang.AssertionError: expected [275.0] but found [165.0]
	at practise.AppiumFramework.AmountValidation.totalProductValidation(AmountValidation.java:46)
]]></failure>
    <system-out><![CDATA[false
Starting the Appium Server ....
2021-12-18 17:10:42.429
----------------
&amp#27;[35m[Appium]&amp#27;[39m Welcome to Appium v1.22.0
&amp#27;[35m[Appium]&amp#27;[39m Non-default server args:
&amp#27;[35m[Appium]&amp#27;[39m   address: 127.0.0.1
&amp#27;[35m[Appium]&amp#27;[39m   logFile: D:\AUTOMATION\LogFile\AppiumLog.txt
&amp#27;[35m[Appium]&amp#27;[39m Appium REST http interface listener started on 127.0.0.1:4723
&amp#27;[35m[HTTP]&amp#27;[39m &amp#27;[37m-->&amp#27;[39m &amp#27;[37mGET&amp#27;[39m &amp#27;[37m/wd/hub/status&amp#27;[39m
&amp#27;[35m[HTTP]&amp#27;[39m &amp#27;[90m{}&amp#27;[39m
[debug] &amp#27;[35m[GENERIC]&amp#27;[39m Calling AppiumDriver.getStatus() with args: []
[debug] &amp#27;[35m[GENERIC]&amp#27;[39m Responding to client with driver.getStatus() result: {"build":{"version":"1.22.0"}}
&amp#27;[35m[HTTP]&amp#27;[39m &amp#27;[37m<-- GET /wd/hub/status &amp#27;[39m&amp#27;[32m200&amp#27;[39m &amp#27;[90m20 ms - 68&amp#27;[39m
&amp#27;[35m[HTTP]&amp#27;[39m &amp#27;[90m&amp#27;[39m
D:\Auto-Projects\eclipse-workspace\AppiumFramework
&amp#27;[35m[HTTP]&amp#27;[39m &amp#27;[37m-->&amp#27;[39m &amp#27;[37mPOST&amp#27;[39m &amp#27;[37m/wd/hub/session&amp#27;[39m
&amp#27;[35m[HTTP]&amp#27;[39m &amp#27;[90m{"desiredCapabilities":{"app":"D:\\Auto-Projects\\eclipse-workspace\\AppiumFramework\\src\\General-Store.apk","automationName":"uiautomator2","platformName":"Android","deviceName":"emulator-5554","newCommandTimeout":20},"capabilities":{"firstMatch":[{"appium:app":"D:\\Auto-Projects\\eclipse-workspace\\AppiumFramework\\src\\General-Store.apk","appium:automationName":"uiautomator2","appium:deviceName":"emulator-5554","appium:newCommandTimeout":20,"platformName":"android"}]}}&amp#27;[39m
[debug] &amp#27;[35m[W3C]&amp#27;[39m Calling AppiumDriver.createSession() with args: [{"app":"D:\\Auto-Projects\\eclipse-workspace\\AppiumFramework\\src\\General-Store.apk","automationName":"uiautomator2","platformName":"Android","deviceName":"emulator-5554","newCommandTimeout":20},null,{"firstMatch":[{"appium:app":"D:\\Auto-Projects\\eclipse-workspace\\AppiumFramework\\src\\General-Store.apk","appium:automationName":"uiautomator2","appium:deviceName":"emulator-5554","appium:newCommandTimeout":20,"platformName":"android"}]}]
[debug] &amp#27;[35m[BaseDriver]&amp#27;[39m Event 'newSessionRequested' logged at 1639827665666 (17:11:05 GMT+0530 (India Standard Time))
&amp#27;[35m[Appium]&amp#27;[39m Appium v1.22.0 creating new AndroidUiautomator2Driver (v1.69.0) session
[debug] &amp#27;[35m[BaseDriver]&amp#27;[39m W3C capabilities and MJSONWP desired capabilities were provided
[debug] &amp#27;[35m[BaseDriver]&amp#27;[39m Creating session with W3C capabilities: {
[debug] &amp#27;[35m[BaseDriver]&amp#27;[39m   "alwaysMatch": {
[debug] &amp#27;[35m[BaseDriver]&amp#27;[39m     "platformName": "android",
[debug] &amp#27;[35m[BaseDriver]&amp#27;[39m     "appium:app": "D:\\Auto-Projects\\eclipse-workspace\\AppiumFramework\\src\\General-Store.apk",
[debug] &amp#27;[35m[BaseDriver]&amp#27;[39m     "appium:automationName": "uiautomator2",
[debug] &amp#27;[35m[BaseDriver]&amp#27;[39m     "appium:deviceName": "emulator-5554",
[debug] &amp#27;[35m[BaseDriver]&amp#27;[39m     "appium:newCommandTimeout": 20
[debug] &amp#27;[35m[BaseDriver]&amp#27;[39m   },
[debug] &amp#27;[35m[BaseDriver]&amp#27;[39m   "firstMatch": [
[debug] &amp#27;[35m[BaseDriver]&amp#27;[39m     {}
[debug] &amp#27;[35m[BaseDriver]&amp#27;[39m   ]
[debug] &amp#27;[35m[BaseDriver]&amp#27;[39m }
&amp#27;[35m[BaseDriver]&amp#27;[39m Session created with session id: fcf9481f-0444-40c0-9483-cbf2203276b7
&amp#27;[35m[BaseDriver]&amp#27;[39m Using local app 'D:\Auto-Projects\eclipse-workspace\AppiumFramework\src\General-Store.apk'
[debug] &amp#27;[35m[UiAutomator2]&amp#27;[39m Checking whether app is actually present
&amp#27;[35m[ADB]&amp#27;[39m Found 1 'build-tools' folders under 'C:\Users\Abhi\AppData\Local\Android\Sdk' (newest first):
&amp#27;[35m[ADB]&amp#27;[39m     C:/Users/Abhi/AppData/Local/Android/Sdk/build-tools/31.0.0
&amp#27;[35m[ADB]&amp#27;[39m Using 'adb.exe' from 'C:\Users\Abhi\AppData\Local\Android\Sdk\platform-tools\adb.exe'
[debug] &amp#27;[35m[ADB]&amp#27;[39m Running 'C:\Users\Abhi\AppData\Local\Android\Sdk\platform-tools\adb.exe -P 5037 start-server'
&amp#27;[35m[AndroidDriver]&amp#27;[39m Retrieving device list
[debug] &amp#27;[35m[ADB]&amp#27;[39m Trying to find a connected android device
[debug] &amp#27;[35m[ADB]&amp#27;[39m Getting connected devices
[debug] &amp#27;[35m[ADB]&amp#27;[39m Connected devices: [{"udid":"emulator-5554","state":"device"}]
&amp#27;[35m[AndroidDriver]&amp#27;[39m Using device: emulator-5554
&amp#27;[35m[ADB]&amp#27;[39m Using 'adb.exe' from 'C:\Users\Abhi\AppData\Local\Android\Sdk\platform-tools\adb.exe'
[debug] &amp#27;[35m[ADB]&amp#27;[39m Running 'C:\Users\Abhi\AppData\Local\Android\Sdk\platform-tools\adb.exe -P 5037 start-server'
[debug] &amp#27;[35m[ADB]&amp#27;[39m Setting device id to emulator-5554
[debug] &amp#27;[35m[ADB]&amp#27;[39m Running 'C:\Users\Abhi\AppData\Local\Android\Sdk\platform-tools\adb.exe -P 5037 -s emulator-5554 shell getprop ro.build.version.sdk'
[debug] &amp#27;[35m[ADB]&amp#27;[39m Current device property 'ro.build.version.sdk': 28
&amp#27;[35m[ADB]&amp#27;[39m Getting device platform version
[debug] &amp#27;[35m[ADB]&amp#27;[39m Running 'C:\Users\Abhi\AppData\Local\Android\Sdk\platform-tools\adb.exe -P 5037 -s emulator-5554 shell getprop ro.build.version.release'
[debug] &amp#27;[35m[ADB]&amp#27;[39m Current device property 'ro.build.version.release': 9
[debug] &amp#27;[35m[ADB]&amp#27;[39m Device API level: 28
&amp#27;[35m[UiAutomator2]&amp#27;[39m Relaxing hidden api policy
[debug] &amp#27;[35m[ADB]&amp#27;[39m Running 'C:\Users\Abhi\AppData\Local\Android\Sdk\platform-tools\adb.exe -P 5037 -s emulator-5554 shell 'settings put global hidden_api_policy_pre_p_apps 1;settings put global hidden_api_policy_p_apps 1;settings put global hidden_api_policy 1''
[debug] &amp#27;[35m[AndroidDriver]&amp#27;[39m Parsing package and activity from app manifest
&amp#27;[35m[ADB]&amp#27;[39m Package name: 'com.androidsample.generalstore'
&amp#27;[35m[ADB]&amp#27;[39m Main activity name: 'com.androidsample.generalstore.SplashActivity'
[debug] &amp#27;[35m[AndroidDriver]&amp#27;[39m Parsed package and activity are: com.androidsample.generalstore/com.androidsample.generalstore.SplashActivity
[debug] &amp#27;[35m[ADB]&amp#27;[39m Running 'C:\Users\Abhi\AppData\Local\Android\Sdk\platform-tools\adb.exe -P 5037 -s emulator-5554 wait-for-device'
[debug] &amp#27;[35m[ADB]&amp#27;[39m Running 'C:\Users\Abhi\AppData\Local\Android\Sdk\platform-tools\adb.exe -P 5037 -s emulator-5554 shell echo ping'
[debug] &amp#27;[35m[AndroidDriver]&amp#27;[39m Pushing settings apk to device...
[debug] &amp#27;[35m[ADB]&amp#27;[39m Getting install status for io.appium.settings
[debug] &amp#27;[35m[ADB]&amp#27;[39m Running 'C:\Users\Abhi\AppData\Local\Android\Sdk\platform-tools\adb.exe -P 5037 -s emulator-5554 shell dumpsys package io.appium.settings'
[debug] &amp#27;[35m[ADB]&amp#27;[39m 'io.appium.settings' is installed
[debug] &amp#27;[35m[ADB]&amp#27;[39m Getting package info for 'io.appium.settings'
[debug] &amp#27;[35m[ADB]&amp#27;[39m Running 'C:\Users\Abhi\AppData\Local\Android\Sdk\platform-tools\adb.exe -P 5037 -s emulator-5554 shell dumpsys package io.appium.settings'
[debug] &amp#27;[35m[ADB]&amp#27;[39m The version name of the installed 'io.appium.settings' is greater or equal to the application version name ('3.4.0' >= '3.4.0')
[debug] &amp#27;[35m[ADB]&amp#27;[39m There is no need to install/upgrade 'C:\Users\Abhi\AppData\Local\Programs\Appium Server GUI\resources\app\node_modules\appium\node_modules\io.appium.settings\apks\settings_apk-debug.apk'
[debug] &amp#27;[35m[ADB]&amp#27;[39m Getting IDs of all 'io.appium.settings' processes
[debug] &amp#27;[35m[ADB]&amp#27;[39m Running 'C:\Users\Abhi\AppData\Local\Android\Sdk\platform-tools\adb.exe -P 5037 -s emulator-5554 shell 'pgrep --help; echo $?''
[debug] &amp#27;[35m[ADB]&amp#27;[39m Running 'C:\Users\Abhi\AppData\Local\Android\Sdk\platform-tools\adb.exe -P 5037 -s emulator-5554 shell pgrep -f \(\[\[:blank:\]\]\|\^\)io\.appium\.settings\(\[\[:blank:\]\]\|\$\)'
[debug] &amp#27;[35m[AndroidDriver]&amp#27;[39m io.appium.settings is already running. There is no need to reset its permissions.
[debug] &amp#27;[35m[Logcat]&amp#27;[39m Starting logs capture with command: C:\\Users\\Abhi\\AppData\\Local\\Android\\Sdk\\platform-tools\\adb.exe -P 5037 -s emulator-5554 logcat -v threadtime
[debug] &amp#27;[35m[UiAutomator2]&amp#27;[39m Forwarding UiAutomator2 Server port 6790 to local port 8201
[debug] &amp#27;[35m[ADB]&amp#27;[39m Forwarding system: 8201 to device: 6790
[debug] &amp#27;[35m[ADB]&amp#27;[39m Running 'C:\Users\Abhi\AppData\Local\Android\Sdk\platform-tools\adb.exe -P 5037 -s emulator-5554 forward tcp:8201 tcp:6790'
[debug] &amp#27;[35m[ADB]&amp#27;[39m Getting install status for io.appium.uiautomator2.server
[debug] &amp#27;[35m[ADB]&amp#27;[39m Running 'C:\Users\Abhi\AppData\Local\Android\Sdk\platform-tools\adb.exe -P 5037 -s emulator-5554 shell dumpsys package io.appium.uiautomator2.server'
[debug] &amp#27;[35m[ADB]&amp#27;[39m 'io.appium.uiautomator2.server' is installed
[debug] &amp#27;[35m[ADB]&amp#27;[39m Getting package info for 'io.appium.uiautomator2.server'
[debug] &amp#27;[35m[ADB]&amp#27;[39m Running 'C:\Users\Abhi\AppData\Local\Android\Sdk\platform-tools\adb.exe -P 5037 -s emulator-5554 shell dumpsys package io.appium.uiautomator2.server'
[debug] &amp#27;[35m[ADB]&amp#27;[39m The version name of the installed 'io.appium.uiautomator2.server' is greater or equal to the application version name ('4.24.0' >= '4.24.0')
[debug] &amp#27;[35m[UiAutomator2]&amp#27;[39m io.appium.uiautomator2.server installation state: sameVersionInstalled
[debug] &amp#27;[35m[ADB]&amp#27;[39m Checking app cert for C:\Users\Abhi\AppData\Local\Programs\Appium Server GUI\resources\app\node_modules\appium\node_modules\appium-uiautomator2-server\apks\appium-uiautomator2-server-v4.24.0.apk
&amp#27;[35m[ADB]&amp#27;[39m Using 'apksigner.jar' from 'C:\Users\Abhi\AppData\Local\Android\Sdk\build-tools\31.0.0\lib\apksigner.jar'
[debug] &amp#27;[35m[ADB]&amp#27;[39m Starting apksigner: 'C:\\Program Files\\Java\\jdk1.8.0_311\\bin\\java.exe' -Xmx1024M -Xss1m -jar C:\\Users\\Abhi\\AppData\\Local\\Android\\Sdk\\build-tools\\31.0.0\\lib\\apksigner.jar verify --print-certs 'C:\\Users\\Abhi\\AppData\\Local\\Programs\\Appium Server GUI\\resources\\app\\node_modules\\appium\\node_modules\\appium-uiautomator2-server\\apks\\appium-uiautomator2-server-v4.24.0.apk'
[debug] &amp#27;[35m[ADB]&amp#27;[39m apksigner stdout: Signer #1 certificate DN: EMAILADDRESS=android@android.com, CN=Android, OU=Android, O=Android, L=Mountain View, ST=California, C=US
[debug] &amp#27;[35m[ADB]&amp#27;[39m Signer #1 certificate SHA-256 digest: a40da80a59d170caa950cf15c18c454d47a39b26989d8b640ecd745ba71bf5dc
[debug] &amp#27;[35m[ADB]&amp#27;[39m Signer #1 certificate SHA-1 digest: 61ed377e85d386a8dfee6b864bd85b0bfaa5af81
[debug] &amp#27;[35m[ADB]&amp#27;[39m Signer #1 certificate MD5 digest: e89b158e4bcf988ebd09eb83f5378e87
[debug] &amp#27;[35m[ADB]&amp#27;[39m 
[debug] &amp#27;[35m[ADB]&amp#27;[39m sha256 hash did match for 'appium-uiautomator2-server-v4.24.0.apk'
&amp#27;[35m[ADB]&amp#27;[39m 'C:\Users\Abhi\AppData\Local\Programs\Appium Server GUI\resources\app\node_modules\appium\node_modules\appium-uiautomator2-server\apks\appium-uiautomator2-server-v4.24.0.apk' is signed with the default certificate
[debug] &amp#27;[35m[ADB]&amp#27;[39m Getting install status for io.appium.uiautomator2.server.test
[debug] &amp#27;[35m[ADB]&amp#27;[39m Running 'C:\Users\Abhi\AppData\Local\Android\Sdk\platform-tools\adb.exe -P 5037 -s emulator-5554 shell dumpsys package io.appium.uiautomator2.server.test'
[debug] &amp#27;[35m[ADB]&amp#27;[39m 'io.appium.uiautomator2.server.test' is installed
[debug] &amp#27;[35m[ADB]&amp#27;[39m Checking app cert for C:\Users\Abhi\AppData\Local\Programs\Appium Server GUI\resources\app\node_modules\appium\node_modules\appium-uiautomator2-server\apks\appium-uiautomator2-server-debug-androidTest.apk
[debug] &amp#27;[35m[ADB]&amp#27;[39m Starting apksigner: 'C:\\Program Files\\Java\\jdk1.8.0_311\\bin\\java.exe' -Xmx1024M -Xss1m -jar C:\\Users\\Abhi\\AppData\\Local\\Android\\Sdk\\build-tools\\31.0.0\\lib\\apksigner.jar verify --print-certs 'C:\\Users\\Abhi\\AppData\\Local\\Programs\\Appium Server GUI\\resources\\app\\node_modules\\appium\\node_modules\\appium-uiautomator2-server\\apks\\appium-uiautomator2-server-debug-androidTest.apk'
[debug] &amp#27;[35m[ADB]&amp#27;[39m apksigner stdout: Signer #1 certificate DN: EMAILADDRESS=android@android.com, CN=Android, OU=Android, O=Android, L=Mountain View, ST=California, C=US
[debug] &amp#27;[35m[ADB]&amp#27;[39m Signer #1 certificate SHA-256 digest: a40da80a59d170caa950cf15c18c454d47a39b26989d8b640ecd745ba71bf5dc
[debug] &amp#27;[35m[ADB]&amp#27;[39m Signer #1 certificate SHA-1 digest: 61ed377e85d386a8dfee6b864bd85b0bfaa5af81
[debug] &amp#27;[35m[ADB]&amp#27;[39m Signer #1 certificate MD5 digest: e89b158e4bcf988ebd09eb83f5378e87
[debug] &amp#27;[35m[ADB]&amp#27;[39m 
[debug] &amp#27;[35m[ADB]&amp#27;[39m sha256 hash did match for 'appium-uiautomator2-server-debug-androidTest.apk'
&amp#27;[35m[ADB]&amp#27;[39m 'C:\Users\Abhi\AppData\Local\Programs\Appium Server GUI\resources\app\node_modules\appium\node_modules\appium-uiautomator2-server\apks\appium-uiautomator2-server-debug-androidTest.apk' is signed with the default certificate
&amp#27;[35m[UiAutomator2]&amp#27;[39m Server packages are not going to be (re)installed
[debug] &amp#27;[35m[UiAutomator2]&amp#27;[39m Waiting up to 30000ms for services to be available
[debug] &amp#27;[35m[ADB]&amp#27;[39m Running 'C:\Users\Abhi\AppData\Local\Android\Sdk\platform-tools\adb.exe -P 5037 -s emulator-5554 shell pm list instrumentation'
[debug] &amp#27;[35m[UiAutomator2]&amp#27;[39m Instrumentation target 'io.appium.uiautomator2.server.test/androidx.test.runner.AndroidJUnitRunner' is available
&amp#27;[35m[ADB]&amp#27;[39m Adding packages ["io.appium.settings","io.appium.uiautomator2.server","io.appium.uiautomator2.server.test"] to Doze whitelist
[debug] &amp#27;[35m[ADB]&amp#27;[39m Got the following command chunks to execute: [["dumpsys","deviceidle","whitelist","+io.appium.settings",";","dumpsys","deviceidle","whitelist","+io.appium.uiautomator2.server",";","dumpsys","deviceidle","whitelist","+io.appium.uiautomator2.server.test",";"]]
[debug] &amp#27;[35m[ADB]&amp#27;[39m Running 'C:\Users\Abhi\AppData\Local\Android\Sdk\platform-tools\adb.exe -P 5037 -s emulator-5554 shell dumpsys deviceidle whitelist +io.appium.settings ; dumpsys deviceidle whitelist +io.appium.uiautomator2.server ; dumpsys deviceidle whitelist +io.appium.uiautomator2.server.test ;'
[debug] &amp#27;[35m[ADB]&amp#27;[39m Checking app cert for D:\Auto-Projects\eclipse-workspace\AppiumFramework\src\General-Store.apk
[debug] &amp#27;[35m[ADB]&amp#27;[39m Starting apksigner: 'C:\\Program Files\\Java\\jdk1.8.0_311\\bin\\java.exe' -Xmx1024M -Xss1m -jar C:\\Users\\Abhi\\AppData\\Local\\Android\\Sdk\\build-tools\\31.0.0\\lib\\apksigner.jar verify --print-certs D:\\Auto-Projects\\eclipse-workspace\\AppiumFramework\\src\\General-Store.apk
[debug] &amp#27;[35m[ADB]&amp#27;[39m apksigner stdout: Signer #1 certificate DN: EMAILADDRESS=android@android.com, CN=Android, OU=Android, O=Android, L=Mountain View, ST=California, C=US
[debug] &amp#27;[35m[ADB]&amp#27;[39m Signer #1 certificate SHA-256 digest: a40da80a59d170caa950cf15c18c454d47a39b26989d8b640ecd745ba71bf5dc
[debug] &amp#27;[35m[ADB]&amp#27;[39m Signer #1 certificate SHA-1 digest: 61ed377e85d386a8dfee6b864bd85b0bfaa5af81
[debug] &amp#27;[35m[ADB]&amp#27;[39m Signer #1 certificate MD5 digest: e89b158e4bcf988ebd09eb83f5378e87
[debug] &amp#27;[35m[ADB]&amp#27;[39m 
[debug] &amp#27;[35m[ADB]&amp#27;[39m sha256 hash did match for 'General-Store.apk'
&amp#27;[35m[ADB]&amp#27;[39m 'D:\Auto-Projects\eclipse-workspace\AppiumFramework\src\General-Store.apk' is signed with the default certificate
[debug] &amp#27;[35m[ADB]&amp#27;[39m Getting install status for com.androidsample.generalstore
[debug] &amp#27;[35m[ADB]&amp#27;[39m Running 'C:\Users\Abhi\AppData\Local\Android\Sdk\platform-tools\adb.exe -P 5037 -s emulator-5554 shell dumpsys package com.androidsample.generalstore'
[debug] &amp#27;[35m[ADB]&amp#27;[39m 'com.androidsample.generalstore' is installed
[debug] &amp#27;[35m[ADB]&amp#27;[39m Getting package info for 'com.androidsample.generalstore'
[debug] &amp#27;[35m[ADB]&amp#27;[39m Running 'C:\Users\Abhi\AppData\Local\Android\Sdk\platform-tools\adb.exe -P 5037 -s emulator-5554 shell dumpsys package com.androidsample.generalstore'
[debug] &amp#27;[35m[ADB]&amp#27;[39m The version name of the installed 'com.androidsample.generalstore' is greater or equal to the application version name ('1.0.0' >= '1.0.0')
[debug] &amp#27;[35m[ADB]&amp#27;[39m There is no need to install/upgrade 'D:\Auto-Projects\eclipse-workspace\AppiumFramework\src\General-Store.apk'
&amp#27;[35m[AndroidDriver]&amp#27;[39m Performing fast reset on 'com.androidsample.generalstore'
[debug] &amp#27;[35m[ADB]&amp#27;[39m Getting install status for com.androidsample.generalstore
[debug] &amp#27;[35m[ADB]&amp#27;[39m Running 'C:\Users\Abhi\AppData\Local\Android\Sdk\platform-tools\adb.exe -P 5037 -s emulator-5554 shell dumpsys package com.androidsample.generalstore'
[debug] &amp#27;[35m[ADB]&amp#27;[39m 'com.androidsample.generalstore' is installed
[debug] &amp#27;[35m[ADB]&amp#27;[39m Running 'C:\Users\Abhi\AppData\Local\Android\Sdk\platform-tools\adb.exe -P 5037 -s emulator-5554 shell am force-stop com.androidsample.generalstore'
[debug] &amp#27;[35m[ADB]&amp#27;[39m Running 'C:\Users\Abhi\AppData\Local\Android\Sdk\platform-tools\adb.exe -P 5037 -s emulator-5554 shell pm clear com.androidsample.generalstore'
[debug] &amp#27;[35m[AndroidDriver]&amp#27;[39m Performed fast reset on the installed 'com.androidsample.generalstore' application (stop and clear)
[debug] &amp#27;[35m[UiAutomator2]&amp#27;[39m Performing shallow cleanup of automation leftovers
[debug] &amp#27;[35m[UiAutomator2]&amp#27;[39m The following obsolete sessions are still running: ["746f23fc-7d4f-45af-900f-67e0f45b0eaf"]
[debug] &amp#27;[35m[UiAutomator2]&amp#27;[39m Cleaning up 1 obsolete session
[debug] &amp#27;[35m[ADB]&amp#27;[39m Running 'C:\Users\Abhi\AppData\Local\Android\Sdk\platform-tools\adb.exe -P 5037 -s emulator-5554 shell am force-stop io.appium.uiautomator2.server.test'
&amp#27;[35m[UiAutomator2]&amp#27;[39m Starting UIAutomator2 server 4.24.0
&amp#27;[35m[UiAutomator2]&amp#27;[39m Using UIAutomator2 server from 'C:\Users\Abhi\AppData\Local\Programs\Appium Server GUI\resources\app\node_modules\appium\node_modules\appium-uiautomator2-server\apks\appium-uiautomator2-server-v4.24.0.apk' and test from 'C:\Users\Abhi\AppData\Local\Programs\Appium Server GUI\resources\app\node_modules\appium\node_modules\appium-uiautomator2-server\apks\appium-uiautomator2-server-debug-androidTest.apk'
&amp#27;[35m[UiAutomator2]&amp#27;[39m Waiting up to 30000ms for UiAutomator2 to be online...
[debug] &amp#27;[35m[ADB]&amp#27;[39m Creating ADB subprocess with args: ["-P",5037,"-s","emulator-5554","shell","am","instrument","-w","-e","disableAnalytics",true,"io.appium.uiautomator2.server.test/androidx.test.runner.AndroidJUnitRunner"]
[debug] &amp#27;[35m[WD Proxy]&amp#27;[39m Matched '/status' to command name 'getStatus'
[debug] &amp#27;[35m[WD Proxy]&amp#27;[39m Proxying [GET /status] to [GET http://127.0.0.1:8201/wd/hub/status] with no body
&amp#27;[35m[WD Proxy]&amp#27;[39m socket hang up
[debug] &amp#27;[35m[WD Proxy]&amp#27;[39m Matched '/status' to command name 'getStatus'
[debug] &amp#27;[35m[WD Proxy]&amp#27;[39m Proxying [GET /status] to [GET http://127.0.0.1:8201/wd/hub/status] with no body
&amp#27;[35m[WD Proxy]&amp#27;[39m socket hang up
[debug] &amp#27;[35m[WD Proxy]&amp#27;[39m Matched '/status' to command name 'getStatus'
[debug] &amp#27;[35m[WD Proxy]&amp#27;[39m Proxying [GET /status] to [GET http://127.0.0.1:8201/wd/hub/status] with no body
&amp#27;[35m[WD Proxy]&amp#27;[39m socket hang up
[debug] &amp#27;[35m[Instrumentation]&amp#27;[39m io.appium.uiautomator2.server.test.AppiumUiAutomator2Server:
[debug] &amp#27;[35m[WD Proxy]&amp#27;[39m Matched '/status' to command name 'getStatus'
[debug] &amp#27;[35m[WD Proxy]&amp#27;[39m Proxying [GET /status] to [GET http://127.0.0.1:8201/wd/hub/status] with no body
&amp#27;[35m[WD Proxy]&amp#27;[39m socket hang up
[debug] &amp#27;[35m[WD Proxy]&amp#27;[39m Matched '/status' to command name 'getStatus'
[debug] &amp#27;[35m[WD Proxy]&amp#27;[39m Proxying [GET /status] to [GET http://127.0.0.1:8201/wd/hub/status] with no body
&amp#27;[35m[WD Proxy]&amp#27;[39m socket hang up
[debug] &amp#27;[35m[WD Proxy]&amp#27;[39m Matched '/status' to command name 'getStatus'
[debug] &amp#27;[35m[WD Proxy]&amp#27;[39m Proxying [GET /status] to [GET http://127.0.0.1:8201/wd/hub/status] with no body
[debug] &amp#27;[35m[WD Proxy]&amp#27;[39m Got response with status 200: {"sessionId":"None","value":{"message":"UiAutomator2 Server is ready to accept commands","ready":true}}
[debug] &amp#27;[35m[UiAutomator2]&amp#27;[39m The initialization of the instrumentation process took 5555ms
[debug] &amp#27;[35m[WD Proxy]&amp#27;[39m Matched '/session' to command name 'createSession'
[debug] &amp#27;[35m[WD Proxy]&amp#27;[39m Proxying [POST /session] to [POST http://127.0.0.1:8201/wd/hub/session] with body: {"capabilities":{"firstMatch":[{"platform":"LINUX","webStorageEnabled":false,"takesScreenshot":true,"javascriptEnabled":true,"databaseEnabled":false,"networkConnectionEnabled":true,"locationContextEnabled":false,"warnings":{},"desired":{"platformName":"android","app":"D:\\Auto-Projects\\eclipse-workspace\\AppiumFramework\\src\\General-Store.apk","automationName":"uiautomator2","deviceName":"emulator-5554","newCommandTimeout":20},"platformName":"android","app":"D:\\Auto-Projects\\eclipse-workspace\\AppiumFramework\\src\\General-Store.apk","automationName":"uiautomator2","deviceName":"emulator-5554","newCommandTimeout":20,"deviceUDID":"emulator-5554","appPackage":"com.androidsample.generalstore"}],"alwaysMatch":{}}}
[debug] &amp#27;[35m[WD Proxy]&amp#27;[39m Got response with status 200: {"sessionId":"6f1a803f-68ef-4592-b8c6-5318575982e0","value":{"capabilities":{"firstMatch":[{"platform":"LINUX","webStorageEnabled":false,"takesScreenshot":true,"javascriptEnabled":true,"databaseEnabled":false,"networkConnectionEnabled":true,"locationContextEnabled":false,"warnings":{},"desired":{"platformName":"android","app":"D:\\Auto-Projects\\eclipse-workspace\\AppiumFramework\\src\\General-Store.apk","automationName":"uiautomator2","deviceName":"emulator-5554","newCommandTimeout":20},"platformName":"android","app":"D:\\Auto-Projects\\eclipse-workspace\\AppiumFramework\\src\\General-Store.apk","automationName":"uiautomator2","deviceName":"emulator-5554","newCommandTimeout":20,"deviceUDID":"emulator-5554","appPackage":"com.androidsample.generalstore"}],"alwaysMatch":{}},"sessionId":"6f1a803f-68ef-4592-b8c6-5318575982e0"}}
&amp#27;[35m[WD Proxy]&amp#27;[39m Determined the downstream protocol as 'W3C'
[debug] &amp#27;[35m[WD Proxy]&amp#27;[39m Proxying [GET /appium/device/info] to [GET http://127.0.0.1:8201/wd/hub/session/6f1a803f-68ef-4592-b8c6-5318575982e0/appium/device/info] with no body
[debug] &amp#27;[35m[WD Proxy]&amp#27;[39m Got response with status 200: {"sessionId":"6f1a803f-68ef-4592-b8c6-5318575982e0","value":{"androidId":"34e4dc2987d873a5","apiVersion":"28","bluetooth":null,"brand":"google","carrierName":"Android","displayDensity":480,"locale":"en_US","manufacturer":"Google","model":"AOSP on IA Emulator","networks":[{"capabilities":{"SSID":null,"linkDownBandwidthKbps":1048576,"linkUpstreamBandwidthKbps":1048576,"networkCapabilities":"NET_CAPABILITY_NOT_METERED,NET_CAPABILITY_INTERNET,NET_CAPABILITY_NOT_RESTRICTED,NET_CAPABILITY_TRUSTED,NET_CAPABILITY_NOT_VPN,NET_CAPABILITY_VALIDATED,NET_CAPABILITY_NOT_ROAMING,NET_CAPABILITY_FOREGROUND,NET_CAPABILITY_NOT_CONGESTED,NET_CAPABILITY_NOT_SUSPENDED","signalStrength":-50,"transportTypes":"TRANSPORT_WIFI"},"detailedState":"CONNECTED","extraInfo":null,"isAvailable":true,"isConnected":true,"isFailover":false,"isRoaming":false,"state":"CONNECTED","subtype":0,"subtypeName":"","type":1,"typeName":"WIFI"}],"platformVersion":"9","realDisplaySize":"1080x1920","timeZone":"Asia/Calcutta"}}
[debug] &amp#27;[35m[ADB]&amp#27;[39m Running 'C:\Users\Abhi\AppData\Local\Android\Sdk\platform-tools\adb.exe -P 5037 -s emulator-5554 shell dumpsys window'
&amp#27;[35m[AndroidDriver]&amp#27;[39m Screen already unlocked, doing nothing
&amp#27;[35m[UiAutomator2]&amp#27;[39m Starting 'com.androidsample.generalstore/com.androidsample.generalstore.SplashActivity and waiting for 'com.androidsample.generalstore/com.androidsample.generalstore.SplashActivity'
[debug] &amp#27;[35m[ADB]&amp#27;[39m Running 'C:\Users\Abhi\AppData\Local\Android\Sdk\platform-tools\adb.exe -P 5037 -s emulator-5554 shell am start -W -n com.androidsample.generalstore/com.androidsample.generalstore.SplashActivity -S -a android.intent.action.MAIN -c android.intent.category.LAUNCHER -f 0x10200000'
[debug] &amp#27;[35m[ADB]&amp#27;[39m Waiting up to 20000ms for activity matching pkg: 'com.androidsample.generalstore' and activity: 'com.androidsample.generalstore.SplashActivity' to be focused
[debug] &amp#27;[35m[ADB]&amp#27;[39m Possible activities, to be checked: 'com.androidsample.generalstore.SplashActivity', 'com.androidsample.generalstore.com.androidsample.generalstore.SplashActivity'
[debug] &amp#27;[35m[ADB]&amp#27;[39m Getting focused package and activity
[debug] &amp#27;[35m[ADB]&amp#27;[39m Running 'C:\Users\Abhi\AppData\Local\Android\Sdk\platform-tools\adb.exe -P 5037 -s emulator-5554 shell dumpsys window windows'
[debug] &amp#27;[35m[ADB]&amp#27;[39m Found package: 'com.androidsample.generalstore' and fully qualified activity name : 'com.androidsample.generalstore.SplashActivity'
[debug] &amp#27;[35m[WD Proxy]&amp#27;[39m Proxying [GET /appium/device/pixel_ratio] to [GET http://127.0.0.1:8201/wd/hub/session/6f1a803f-68ef-4592-b8c6-5318575982e0/appium/device/pixel_ratio] with no body
[debug] &amp#27;[35m[WD Proxy]&amp#27;[39m Got response with status 200: {"sessionId":"6f1a803f-68ef-4592-b8c6-5318575982e0","value":3}
[debug] &amp#27;[35m[WD Proxy]&amp#27;[39m Matched '/appium/device/system_bars' to command name 'getSystemBars'
[debug] &amp#27;[35m[WD Proxy]&amp#27;[39m Proxying [GET /appium/device/system_bars] to [GET http://127.0.0.1:8201/wd/hub/session/6f1a803f-68ef-4592-b8c6-5318575982e0/appium/device/system_bars] with no body
[debug] &amp#27;[35m[WD Proxy]&amp#27;[39m Got response with status 200: {"sessionId":"6f1a803f-68ef-4592-b8c6-5318575982e0","value":{"statusBar":72}}
[debug] &amp#27;[35m[WD Proxy]&amp#27;[39m Matched '/window/current/size' to command name 'getWindowSize'
[debug] &amp#27;[35m[WD Proxy]&amp#27;[39m Proxying [GET /window/current/size] to [GET http://127.0.0.1:8201/wd/hub/session/6f1a803f-68ef-4592-b8c6-5318575982e0/window/current/size] with no body
[debug] &amp#27;[35m[WD Proxy]&amp#27;[39m Got response with status 200: {"sessionId":"6f1a803f-68ef-4592-b8c6-5318575982e0","value":{"height":1776,"width":1080}}
&amp#27;[35m[Appium]&amp#27;[39m New AndroidUiautomator2Driver session created successfully, session fcf9481f-0444-40c0-9483-cbf2203276b7 added to master session list
[debug] &amp#27;[35m[BaseDriver]&amp#27;[39m Event 'newSessionStarted' logged at 1639827682004 (17:11:22 GMT+0530 (India Standard Time))
[debug] &amp#27;[35m[W3C (fcf9481f)]&amp#27;[39m Cached the protocol value 'W3C' for the new session fcf9481f-0444-40c0-9483-cbf2203276b7
[debug] &amp#27;[35m[W3C (fcf9481f)]&amp#27;[39m Responding to client with driver.createSession() result: {"capabilities":{"platform":"LINUX","webStorageEnabled":false,"takesScreenshot":true,"javascriptEnabled":true,"databaseEnabled":false,"networkConnectionEnabled":true,"locationContextEnabled":false,"warnings":{},"desired":{"platformName":"android","app":"D:\\Auto-Projects\\eclipse-workspace\\AppiumFramework\\src\\General-Store.apk","automationName":"uiautomator2","deviceName":"emulator-5554","newCommandTimeout":20},"platformName":"android","app":"D:\\Auto-Projects\\eclipse-workspace\\AppiumFramework\\src\\General-Store.apk","automationName":"uiautomator2","deviceName":"emulator-5554","newCommandTimeout":20,"deviceUDID":"emulator-5554","appPackage":"com.androidsample.generalstore","deviceApiLevel":28,"platformVersion":"9","deviceScreenSize":"1080x1920","deviceScreenDensity":480,"deviceModel":"AOSP on IA Emulator","deviceManufacturer":"Google","pixelRatio":3,"statBarHeight":72,"viewportRect":{"left":0,"top":72,"width":1080,"height":1704}}}
&amp#27;[35m[HTTP]&amp#27;[39m &amp#27;[37m<-- POST /wd/hub/session &amp#27;[39m&amp#27;[32m200&amp#27;[39m &amp#27;[90m16387 ms - 1011&amp#27;[39m
&amp#27;[35m[HTTP]&amp#27;[39m &amp#27;[90m&amp#27;[39m
&amp#27;[35m[HTTP]&amp#27;[39m &amp#27;[37m-->&amp#27;[39m &amp#27;[37mGET&amp#27;[39m &amp#27;[37m/wd/hub/session/fcf9481f-0444-40c0-9483-cbf2203276b7&amp#27;[39m
&amp#27;[35m[HTTP]&amp#27;[39m &amp#27;[90m{}&amp#27;[39m
[debug] &amp#27;[35m[W3C (fcf9481f)]&amp#27;[39m Calling AppiumDriver.getSession() with args: ["fcf9481f-0444-40c0-9483-cbf2203276b7"]
[debug] &amp#27;[35m[UiAutomator2]&amp#27;[39m Getting session details from server to mix in
[debug] &amp#27;[35m[WD Proxy]&amp#27;[39m Matched '/' to command name 'getSession'
[debug] &amp#27;[35m[WD Proxy]&amp#27;[39m Proxying [GET /] to [GET http://127.0.0.1:8201/wd/hub/session/6f1a803f-68ef-4592-b8c6-5318575982e0] with no body
[debug] &amp#27;[35m[WD Proxy]&amp#27;[39m Got response with status 200: {"sessionId":"6f1a803f-68ef-4592-b8c6-5318575982e0","value":{"lastScrollData":null}}
[debug] &amp#27;[35m[W3C (fcf9481f)]&amp#27;[39m Responding to client with driver.getSession() result: {"platform":"LINUX","webStorageEnabled":false,"takesScreenshot":true,"javascriptEnabled":true,"databaseEnabled":false,"networkConnectionEnabled":true,"locationContextEnabled":false,"warnings":{},"desired":{"platformName":"android","app":"D:\\Auto-Projects\\eclipse-workspace\\AppiumFramework\\src\\General-Store.apk","automationName":"uiautomator2","deviceName":"emulator-5554","newCommandTimeout":20},"platformName":"android","app":"D:\\Auto-Projects\\eclipse-workspace\\AppiumFramework\\src\\General-Store.apk","automationName":"uiautomator2","deviceName":"emulator-5554","newCommandTimeout":20,"deviceUDID":"emulator-5554","appPackage":"com.androidsample.generalstore","deviceApiLevel":28,"platformVersion":"9","deviceScreenSize":"1080x1920","deviceScreenDensity":480,"deviceModel":"AOSP on IA Emulator","deviceManufacturer":"Google","pixelRatio":3,"statBarHeight":72,"viewportRect":{"left":0,"top":72,"width":1080,"height":1704},"lastScrollData":null}
&amp#27;[35m[HTTP]&amp#27;[39m &amp#27;[37m<-- GET /wd/hub/session/fcf9481f-0444-40c0-9483-cbf2203276b7 &amp#27;[39m&amp#27;[32m200&amp#27;[39m &amp#27;[90m100 ms - 965&amp#27;[39m
&amp#27;[35m[HTTP]&amp#27;[39m &amp#27;[90m&amp#27;[39m
&amp#27;[35m[HTTP]&amp#27;[39m &amp#27;[37m-->&amp#27;[39m &amp#27;[37mGET&amp#27;[39m &amp#27;[37m/wd/hub/session/fcf9481f-0444-40c0-9483-cbf2203276b7&amp#27;[39m
&amp#27;[35m[HTTP]&amp#27;[39m &amp#27;[90m{}&amp#27;[39m
[debug] &amp#27;[35m[W3C (fcf9481f)]&amp#27;[39m Calling AppiumDriver.getSession() with args: ["fcf9481f-0444-40c0-9483-cbf2203276b7"]
[debug] &amp#27;[35m[UiAutomator2]&amp#27;[39m Getting session details from server to mix in
[debug] &amp#27;[35m[WD Proxy]&amp#27;[39m Matched '/' to command name 'getSession'
[debug] &amp#27;[35m[WD Proxy]&amp#27;[39m Proxying [GET /] to [GET http://127.0.0.1:8201/wd/hub/session/6f1a803f-68ef-4592-b8c6-5318575982e0] with no body
[debug] &amp#27;[35m[WD Proxy]&amp#27;[39m Got response with status 200: {"sessionId":"6f1a803f-68ef-4592-b8c6-5318575982e0","value":{"lastScrollData":null}}
[debug] &amp#27;[35m[W3C (fcf9481f)]&amp#27;[39m Responding to client with driver.getSession() result: {"platform":"LINUX","webStorageEnabled":false,"takesScreenshot":true,"javascriptEnabled":true,"databaseEnabled":false,"networkConnectionEnabled":true,"locationContextEnabled":false,"warnings":{},"desired":{"platformName":"android","app":"D:\\Auto-Projects\\eclipse-workspace\\AppiumFramework\\src\\General-Store.apk","automationName":"uiautomator2","deviceName":"emulator-5554","newCommandTimeout":20},"platformName":"android","app":"D:\\Auto-Projects\\eclipse-workspace\\AppiumFramework\\src\\General-Store.apk","automationName":"uiautomator2","deviceName":"emulator-5554","newCommandTimeout":20,"deviceUDID":"emulator-5554","appPackage":"com.androidsample.generalstore","deviceApiLevel":28,"platformVersion":"9","deviceScreenSize":"1080x1920","deviceScreenDensity":480,"deviceModel":"AOSP on IA Emulator","deviceManufacturer":"Google","pixelRatio":3,"statBarHeight":72,"viewportRect":{"left":0,"top":72,"width":1080,"height":1704},"lastScrollData":null}
&amp#27;[35m[HTTP]&amp#27;[39m &amp#27;[37m<-- GET /wd/hub/session/fcf9481f-0444-40c0-9483-cbf2203276b7 &amp#27;[39m&amp#27;[32m200&amp#27;[39m &amp#27;[90m61 ms - 965&amp#27;[39m
&amp#27;[35m[HTTP]&amp#27;[39m &amp#27;[90m&amp#27;[39m
&amp#27;[35m[HTTP]&amp#27;[39m &amp#27;[37m-->&amp#27;[39m &amp#27;[37mPOST&amp#27;[39m &amp#27;[37m/wd/hub/session/fcf9481f-0444-40c0-9483-cbf2203276b7/timeouts&amp#27;[39m
&amp#27;[35m[HTTP]&amp#27;[39m &amp#27;[90m{"implicit":10000}&amp#27;[39m
[debug] &amp#27;[35m[W3C (fcf9481f)]&amp#27;[39m Calling AppiumDriver.timeouts() with args: [null,null,null,null,10000,"fcf9481f-0444-40c0-9483-cbf2203276b7"]
[debug] &amp#27;[35m[BaseDriver]&amp#27;[39m W3C timeout argument: {"implicit":10000}}
[debug] &amp#27;[35m[BaseDriver]&amp#27;[39m Set implicit wait to 10000ms
[debug] &amp#27;[35m[W3C (fcf9481f)]&amp#27;[39m Responding to client with driver.timeouts() result: null
&amp#27;[35m[HTTP]&amp#27;[39m &amp#27;[37m<-- POST /wd/hub/session/fcf9481f-0444-40c0-9483-cbf2203276b7/timeouts &amp#27;[39m&amp#27;[32m200&amp#27;[39m &amp#27;[90m7 ms - 14&amp#27;[39m
&amp#27;[35m[HTTP]&amp#27;[39m &amp#27;[90m&amp#27;[39m
&amp#27;[35m[HTTP]&amp#27;[39m &amp#27;[37m-->&amp#27;[39m &amp#27;[37mGET&amp#27;[39m &amp#27;[37m/wd/hub/session/fcf9481f-0444-40c0-9483-cbf2203276b7&amp#27;[39m
&amp#27;[35m[HTTP]&amp#27;[39m &amp#27;[90m{}&amp#27;[39m
[debug] &amp#27;[35m[W3C (fcf9481f)]&amp#27;[39m Calling AppiumDriver.getSession() with args: ["fcf9481f-0444-40c0-9483-cbf2203276b7"]
[debug] &amp#27;[35m[UiAutomator2]&amp#27;[39m Getting session details from server to mix in
[debug] &amp#27;[35m[WD Proxy]&amp#27;[39m Matched '/' to command name 'getSession'
[debug] &amp#27;[35m[WD Proxy]&amp#27;[39m Proxying [GET /] to [GET http://127.0.0.1:8201/wd/hub/session/6f1a803f-68ef-4592-b8c6-5318575982e0] with no body
[debug] &amp#27;[35m[WD Proxy]&amp#27;[39m Got response with status 200: {"sessionId":"6f1a803f-68ef-4592-b8c6-5318575982e0","value":{"lastScrollData":null}}
[debug] &amp#27;[35m[W3C (fcf9481f)]&amp#27;[39m Responding to client with driver.getSession() result: {"platform":"LINUX","webStorageEnabled":false,"takesScreenshot":true,"javascriptEnabled":true,"databaseEnabled":false,"networkConnectionEnabled":true,"locationContextEnabled":false,"warnings":{},"desired":{"platformName":"android","app":"D:\\Auto-Projects\\eclipse-workspace\\AppiumFramework\\src\\General-Store.apk","automationName":"uiautomator2","deviceName":"emulator-5554","newCommandTimeout":20},"platformName":"android","app":"D:\\Auto-Projects\\eclipse-workspace\\AppiumFramework\\src\\General-Store.apk","automationName":"uiautomator2","deviceName":"emulator-5554","newCommandTimeout":20,"deviceUDID":"emulator-5554","appPackage":"com.androidsample.generalstore","deviceApiLevel":28,"platformVersion":"9","deviceScreenSize":"1080x1920","deviceScreenDensity":480,"deviceModel":"AOSP on IA Emulator","deviceManufacturer":"Google","pixelRatio":3,"statBarHeight":72,"viewportRect":{"left":0,"top":72,"width":1080,"height":1704},"lastScrollData":null}
&amp#27;[35m[HTTP]&amp#27;[39m &amp#27;[37m<-- GET /wd/hub/session/fcf9481f-0444-40c0-9483-cbf2203276b7 &amp#27;[39m&amp#27;[32m200&amp#27;[39m &amp#27;[90m37 ms - 965&amp#27;[39m
&amp#27;[35m[HTTP]&amp#27;[39m &amp#27;[90m&amp#27;[39m
&amp#27;[35m[HTTP]&amp#27;[39m &amp#27;[37m-->&amp#27;[39m &amp#27;[37mGET&amp#27;[39m &amp#27;[37m/wd/hub/session/fcf9481f-0444-40c0-9483-cbf2203276b7&amp#27;[39m
&amp#27;[35m[HTTP]&amp#27;[39m &amp#27;[90m{}&amp#27;[39m
[debug] &amp#27;[35m[W3C (fcf9481f)]&amp#27;[39m Calling AppiumDriver.getSession() with args: ["fcf9481f-0444-40c0-9483-cbf2203276b7"]
[debug] &amp#27;[35m[UiAutomator2]&amp#27;[39m Getting session details from server to mix in
[debug] &amp#27;[35m[WD Proxy]&amp#27;[39m Matched '/' to command name 'getSession'
[debug] &amp#27;[35m[WD Proxy]&amp#27;[39m Proxying [GET /] to [GET http://127.0.0.1:8201/wd/hub/session/6f1a803f-68ef-4592-b8c6-5318575982e0] with no body
[debug] &amp#27;[35m[WD Proxy]&amp#27;[39m Got response with status 200: {"sessionId":"6f1a803f-68ef-4592-b8c6-5318575982e0","value":{"lastScrollData":null}}
[debug] &amp#27;[35m[W3C (fcf9481f)]&amp#27;[39m Responding to client with driver.getSession() result: {"platform":"LINUX","webStorageEnabled":false,"takesScreenshot":true,"javascriptEnabled":true,"databaseEnabled":false,"networkConnectionEnabled":true,"locationContextEnabled":false,"warnings":{},"desired":{"platformName":"android","app":"D:\\Auto-Projects\\eclipse-workspace\\AppiumFramework\\src\\General-Store.apk","automationName":"uiautomator2","deviceName":"emulator-5554","newCommandTimeout":20},"platformName":"android","app":"D:\\Auto-Projects\\eclipse-workspace\\AppiumFramework\\src\\General-Store.apk","automationName":"uiautomator2","deviceName":"emulator-5554","newCommandTimeout":20,"deviceUDID":"emulator-5554","appPackage":"com.androidsample.generalstore","deviceApiLevel":28,"platformVersion":"9","deviceScreenSize":"1080x1920","deviceScreenDensity":480,"deviceModel":"AOSP on IA Emulator","deviceManufacturer":"Google","pixelRatio":3,"statBarHeight":72,"viewportRect":{"left":0,"top":72,"width":1080,"height":1704},"lastScrollData":null}
&amp#27;[35m[HTTP]&amp#27;[39m &amp#27;[37m<-- GET /wd/hub/session/fcf9481f-0444-40c0-9483-cbf2203276b7 &amp#27;[39m&amp#27;[32m200&amp#27;[39m &amp#27;[90m36 ms - 965&amp#27;[39m
&amp#27;[35m[HTTP]&amp#27;[39m &amp#27;[90m&amp#27;[39m
&amp#27;[35m[HTTP]&amp#27;[39m &amp#27;[37m-->&amp#27;[39m &amp#27;[37mGET&amp#27;[39m &amp#27;[37m/wd/hub/session/fcf9481f-0444-40c0-9483-cbf2203276b7&amp#27;[39m
&amp#27;[35m[HTTP]&amp#27;[39m &amp#27;[90m{}&amp#27;[39m
[debug] &amp#27;[35m[W3C (fcf9481f)]&amp#27;[39m Calling AppiumDriver.getSession() with args: ["fcf9481f-0444-40c0-9483-cbf2203276b7"]
[debug] &amp#27;[35m[UiAutomator2]&amp#27;[39m Getting session details from server to mix in
[debug] &amp#27;[35m[WD Proxy]&amp#27;[39m Matched '/' to command name 'getSession'
[debug] &amp#27;[35m[WD Proxy]&amp#27;[39m Proxying [GET /] to [GET http://127.0.0.1:8201/wd/hub/session/6f1a803f-68ef-4592-b8c6-5318575982e0] with no body
[debug] &amp#27;[35m[WD Proxy]&amp#27;[39m Got response with status 200: {"sessionId":"6f1a803f-68ef-4592-b8c6-5318575982e0","value":{"lastScrollData":null}}
[debug] &amp#27;[35m[W3C (fcf9481f)]&amp#27;[39m Responding to client with driver.getSession() result: {"platform":"LINUX","webStorageEnabled":false,"takesScreenshot":true,"javascriptEnabled":true,"databaseEnabled":false,"networkConnectionEnabled":true,"locationContextEnabled":false,"warnings":{},"desired":{"platformName":"android","app":"D:\\Auto-Projects\\eclipse-workspace\\AppiumFramework\\src\\General-Store.apk","automationName":"uiautomator2","deviceName":"emulator-5554","newCommandTimeout":20},"platformName":"android","app":"D:\\Auto-Projects\\eclipse-workspace\\AppiumFramework\\src\\General-Store.apk","automationName":"uiautomator2","deviceName":"emulator-5554","newCommandTimeout":20,"deviceUDID":"emulator-5554","appPackage":"com.androidsample.generalstore","deviceApiLevel":28,"platformVersion":"9","deviceScreenSize":"1080x1920","deviceScreenDensity":480,"deviceModel":"AOSP on IA Emulator","deviceManufacturer":"Google","pixelRatio":3,"statBarHeight":72,"viewportRect":{"left":0,"top":72,"width":1080,"height":1704},"lastScrollData":null}
&amp#27;[35m[HTTP]&amp#27;[39m &amp#27;[37m<-- GET /wd/hub/session/fcf9481f-0444-40c0-9483-cbf2203276b7 &amp#27;[39m&amp#27;[32m200&amp#27;[39m &amp#27;[90m36 ms - 965&amp#27;[39m
&amp#27;[35m[HTTP]&amp#27;[39m &amp#27;[90m&amp#27;[39m
&amp#27;[35m[HTTP]&amp#27;[39m &amp#27;[37m-->&amp#27;[39m &amp#27;[37mPOST&amp#27;[39m &amp#27;[37m/wd/hub/session/fcf9481f-0444-40c0-9483-cbf2203276b7/element&amp#27;[39m
&amp#27;[35m[HTTP]&amp#27;[39m &amp#27;[90m{"using":"id","value":"android:id/text1"}&amp#27;[39m
[debug] &amp#27;[35m[W3C (fcf9481f)]&amp#27;[39m Calling AppiumDriver.findElement() with args: ["id","android:id/text1","fcf9481f-0444-40c0-9483-cbf2203276b7"]
[debug] &amp#27;[35m[BaseDriver]&amp#27;[39m Valid locator strategies for this request: xpath, id, class name, accessibility id, css selector, -android uiautomator
[debug] &amp#27;[35m[BaseDriver]&amp#27;[39m Waiting up to 10000 ms for condition
[debug] &amp#27;[35m[WD Proxy]&amp#27;[39m Matched '/element' to command name 'findElement'
[debug] &amp#27;[35m[WD Proxy]&amp#27;[39m Proxying [POST /element] to [POST http://127.0.0.1:8201/wd/hub/session/6f1a803f-68ef-4592-b8c6-5318575982e0/element] with body: {"strategy":"id","selector":"android:id/text1","context":"","multiple":false}
&amp#27;[35m[WD Proxy]&amp#27;[39m Got response with status 404: {"sessionId":"6f1a803f-68ef-4592-b8c6-5318575982e0","value":{"error":"no such element","message":"An element could not be located on the page using the given search parameters","stacktrace":"io.appium.uiautomator2.common.exceptions.ElementNotFoundException: An element could not be located on the page using the given search parameters\n\tat io.appium.uiautomator2.handler.FindElement.safeHandle(FindElement.java:70)\n\tat io.appium.uiautomator2.handler.request.SafeRequestHandler.handle(SafeRequestHandler.java:59)\n\tat io.appium.uiautomator2.server.AppiumServlet.handleRequest(AppiumServlet.java:264)\n\tat io.appium.uiautomator2.server.AppiumServlet.handleHttpRequest(AppiumServlet.java:258)\n\tat io.appium.uiautomator2.http.ServerHandler.channelRead(ServerHandler.java:68)\n\tat io.netty.channel.AbstractChannelHandlerContext.invokeChannelRead(AbstractChannelHandlerContext.java:366)\n\tat io.netty.channel.AbstractChannelHandlerContext.invokeChannelRead(AbstractChannelHandlerContext.java:352)\n\tat io.netty.chann...
[debug] &amp#27;[35m[W3C]&amp#27;[39m Matched W3C error code 'no such element' to NoSuchElementError
[debug] &amp#27;[35m[BaseDriver]&amp#27;[39m Waited for 123 ms so far
[debug] &amp#27;[35m[WD Proxy]&amp#27;[39m Matched '/element' to command name 'findElement'
[debug] &amp#27;[35m[WD Proxy]&amp#27;[39m Proxying [POST /element] to [POST http://127.0.0.1:8201/wd/hub/session/6f1a803f-68ef-4592-b8c6-5318575982e0/element] with body: {"strategy":"id","selector":"android:id/text1","context":"","multiple":false}
&amp#27;[35m[WD Proxy]&amp#27;[39m Got response with status 404: {"sessionId":"6f1a803f-68ef-4592-b8c6-5318575982e0","value":{"error":"no such element","message":"An element could not be located on the page using the given search parameters","stacktrace":"io.appium.uiautomator2.common.exceptions.ElementNotFoundException: An element could not be located on the page using the given search parameters\n\tat io.appium.uiautomator2.handler.FindElement.safeHandle(FindElement.java:70)\n\tat io.appium.uiautomator2.handler.request.SafeRequestHandler.handle(SafeRequestHandler.java:59)\n\tat io.appium.uiautomator2.server.AppiumServlet.handleRequest(AppiumServlet.java:264)\n\tat io.appium.uiautomator2.server.AppiumServlet.handleHttpRequest(AppiumServlet.java:258)\n\tat io.appium.uiautomator2.http.ServerHandler.channelRead(ServerHandler.java:68)\n\tat io.netty.channel.AbstractChannelHandlerContext.invokeChannelRead(AbstractChannelHandlerContext.java:366)\n\tat io.netty.channel.AbstractChannelHandlerContext.invokeChannelRead(AbstractChannelHandlerContext.java:352)\n\tat io.netty.chann...
[debug] &amp#27;[35m[W3C]&amp#27;[39m Matched W3C error code 'no such element' to NoSuchElementError
[debug] &amp#27;[35m[BaseDriver]&amp#27;[39m Waited for 763 ms so far
[debug] &amp#27;[35m[WD Proxy]&amp#27;[39m Matched '/element' to command name 'findElement'
[debug] &amp#27;[35m[WD Proxy]&amp#27;[39m Proxying [POST /element] to [POST http://127.0.0.1:8201/wd/hub/session/6f1a803f-68ef-4592-b8c6-5318575982e0/element] with body: {"strategy":"id","selector":"android:id/text1","context":"","multiple":false}
&amp#27;[35m[WD Proxy]&amp#27;[39m Got response with status 404: {"sessionId":"6f1a803f-68ef-4592-b8c6-5318575982e0","value":{"error":"no such element","message":"An element could not be located on the page using the given search parameters","stacktrace":"io.appium.uiautomator2.common.exceptions.ElementNotFoundException: An element could not be located on the page using the given search parameters\n\tat io.appium.uiautomator2.handler.FindElement.safeHandle(FindElement.java:70)\n\tat io.appium.uiautomator2.handler.request.SafeRequestHandler.handle(SafeRequestHandler.java:59)\n\tat io.appium.uiautomator2.server.AppiumServlet.handleRequest(AppiumServlet.java:264)\n\tat io.appium.uiautomator2.server.AppiumServlet.handleHttpRequest(AppiumServlet.java:258)\n\tat io.appium.uiautomator2.http.ServerHandler.channelRead(ServerHandler.java:68)\n\tat io.netty.channel.AbstractChannelHandlerContext.invokeChannelRead(AbstractChannelHandlerContext.java:366)\n\tat io.netty.channel.AbstractChannelHandlerContext.invokeChannelRead(AbstractChannelHandlerContext.java:352)\n\tat io.netty.chann...
[debug] &amp#27;[35m[W3C]&amp#27;[39m Matched W3C error code 'no such element' to NoSuchElementError
[debug] &amp#27;[35m[BaseDriver]&amp#27;[39m Waited for 1438 ms so far
[debug] &amp#27;[35m[WD Proxy]&amp#27;[39m Matched '/element' to command name 'findElement'
[debug] &amp#27;[35m[WD Proxy]&amp#27;[39m Proxying [POST /element] to [POST http://127.0.0.1:8201/wd/hub/session/6f1a803f-68ef-4592-b8c6-5318575982e0/element] with body: {"strategy":"id","selector":"android:id/text1","context":"","multiple":false}
&amp#27;[35m[WD Proxy]&amp#27;[39m Got response with status 404: {"sessionId":"6f1a803f-68ef-4592-b8c6-5318575982e0","value":{"error":"no such element","message":"An element could not be located on the page using the given search parameters","stacktrace":"io.appium.uiautomator2.common.exceptions.ElementNotFoundException: An element could not be located on the page using the given search parameters\n\tat io.appium.uiautomator2.handler.FindElement.safeHandle(FindElement.java:70)\n\tat io.appium.uiautomator2.handler.request.SafeRequestHandler.handle(SafeRequestHandler.java:59)\n\tat io.appium.uiautomator2.server.AppiumServlet.handleRequest(AppiumServlet.java:264)\n\tat io.appium.uiautomator2.server.AppiumServlet.handleHttpRequest(AppiumServlet.java:258)\n\tat io.appium.uiautomator2.http.ServerHandler.channelRead(ServerHandler.java:68)\n\tat io.netty.channel.AbstractChannelHandlerContext.invokeChannelRead(AbstractChannelHandlerContext.java:366)\n\tat io.netty.channel.AbstractChannelHandlerContext.invokeChannelRead(AbstractChannelHandlerContext.java:352)\n\tat io.netty.chann...
[debug] &amp#27;[35m[W3C]&amp#27;[39m Matched W3C error code 'no such element' to NoSuchElementError
[debug] &amp#27;[35m[BaseDriver]&amp#27;[39m Waited for 2278 ms so far
[debug] &amp#27;[35m[WD Proxy]&amp#27;[39m Matched '/element' to command name 'findElement'
[debug] &amp#27;[35m[WD Proxy]&amp#27;[39m Proxying [POST /element] to [POST http://127.0.0.1:8201/wd/hub/session/6f1a803f-68ef-4592-b8c6-5318575982e0/element] with body: {"strategy":"id","selector":"android:id/text1","context":"","multiple":false}
[debug] &amp#27;[35m[WD Proxy]&amp#27;[39m Got response with status 200: {"sessionId":"6f1a803f-68ef-4592-b8c6-5318575982e0","value":{"ELEMENT":"00000000-0000-007a-ffff-ffff0000001f","element-6066-11e4-a52e-4f735466cecf":"00000000-0000-007a-ffff-ffff0000001f"}}
[debug] &amp#27;[35m[W3C (fcf9481f)]&amp#27;[39m Responding to client with driver.findElement() result: {"element-6066-11e4-a52e-4f735466cecf":"00000000-0000-007a-ffff-ffff0000001f","ELEMENT":"00000000-0000-007a-ffff-ffff0000001f"}
&amp#27;[35m[HTTP]&amp#27;[39m &amp#27;[37m<-- POST /wd/hub/session/fcf9481f-0444-40c0-9483-cbf2203276b7/element &amp#27;[39m&amp#27;[32m200&amp#27;[39m &amp#27;[90m3976 ms - 137&amp#27;[39m
&amp#27;[35m[HTTP]&amp#27;[39m &amp#27;[90m&amp#27;[39m
&amp#27;[35m[HTTP]&amp#27;[39m &amp#27;[37m-->&amp#27;[39m &amp#27;[37mPOST&amp#27;[39m &amp#27;[37m/wd/hub/session/fcf9481f-0444-40c0-9483-cbf2203276b7/element/00000000-0000-007a-ffff-ffff0000001f/click&amp#27;[39m
&amp#27;[35m[HTTP]&amp#27;[39m &amp#27;[90m{"id":"00000000-0000-007a-ffff-ffff0000001f"}&amp#27;[39m
[debug] &amp#27;[35m[W3C (fcf9481f)]&amp#27;[39m Calling AppiumDriver.click() with args: ["00000000-0000-007a-ffff-ffff0000001f","fcf9481f-0444-40c0-9483-cbf2203276b7"]
[debug] &amp#27;[35m[WD Proxy]&amp#27;[39m Matched '/element/00000000-0000-007a-ffff-ffff0000001f/click' to command name 'click'
[debug] &amp#27;[35m[WD Proxy]&amp#27;[39m Proxying [POST /element/00000000-0000-007a-ffff-ffff0000001f/click] to [POST http://127.0.0.1:8201/wd/hub/session/6f1a803f-68ef-4592-b8c6-5318575982e0/element/00000000-0000-007a-ffff-ffff0000001f/click] with body: {"element":"00000000-0000-007a-ffff-ffff0000001f"}
[debug] &amp#27;[35m[WD Proxy]&amp#27;[39m Got response with status 200: {"sessionId":"6f1a803f-68ef-4592-b8c6-5318575982e0","value":null}
[debug] &amp#27;[35m[W3C (fcf9481f)]&amp#27;[39m Responding to client with driver.click() result: null
&amp#27;[35m[HTTP]&amp#27;[39m &amp#27;[37m<-- POST /wd/hub/session/fcf9481f-0444-40c0-9483-cbf2203276b7/element/00000000-0000-007a-ffff-ffff0000001f/click &amp#27;[39m&amp#27;[32m200&amp#27;[39m &amp#27;[90m118 ms - 14&amp#27;[39m
&amp#27;[35m[HTTP]&amp#27;[39m &amp#27;[90m&amp#27;[39m
Tapped on Argentina country Dowpdown
&amp#27;[35m[HTTP]&amp#27;[39m &amp#27;[37m-->&amp#27;[39m &amp#27;[37mPOST&amp#27;[39m &amp#27;[37m/wd/hub/session/fcf9481f-0444-40c0-9483-cbf2203276b7/element&amp#27;[39m
&amp#27;[35m[HTTP]&amp#27;[39m &amp#27;[90m{"using":"-android uiautomator","value":"new UiScrollable(new UiSelector()).scrollIntoView(text(\"Italy\"))"}&amp#27;[39m
[debug] &amp#27;[35m[W3C (fcf9481f)]&amp#27;[39m Calling AppiumDriver.findElement() with args: ["-android uiautomator","new UiScrollable(new UiSelector()).scrollIntoView(text(\"Italy\"))","fcf9481f-0444-40c0-9483-cbf2203276b7"]
[debug] &amp#27;[35m[BaseDriver]&amp#27;[39m Valid locator strategies for this request: xpath, id, class name, accessibility id, css selector, -android uiautomator
[debug] &amp#27;[35m[BaseDriver]&amp#27;[39m Waiting up to 10000 ms for condition
[debug] &amp#27;[35m[WD Proxy]&amp#27;[39m Matched '/element' to command name 'findElement'
[debug] &amp#27;[35m[WD Proxy]&amp#27;[39m Proxying [POST /element] to [POST http://127.0.0.1:8201/wd/hub/session/6f1a803f-68ef-4592-b8c6-5318575982e0/element] with body: {"strategy":"-android uiautomator","selector":"new UiScrollable(new UiSelector()).scrollIntoView(text(\"Italy\"))","context":"","multiple":false}
[debug] &amp#27;[35m[WD Proxy]&amp#27;[39m Got response with status 200: {"sessionId":"6f1a803f-68ef-4592-b8c6-5318575982e0","value":{"ELEMENT":"00000000-0000-007b-ffff-ffff00000028","element-6066-11e4-a52e-4f735466cecf":"00000000-0000-007b-ffff-ffff00000028"}}
[debug] &amp#27;[35m[W3C (fcf9481f)]&amp#27;[39m Responding to client with driver.findElement() result: {"element-6066-11e4-a52e-4f735466cecf":"00000000-0000-007b-ffff-ffff00000028","ELEMENT":"00000000-0000-007b-ffff-ffff00000028"}
&amp#27;[35m[HTTP]&amp#27;[39m &amp#27;[37m<-- POST /wd/hub/session/fcf9481f-0444-40c0-9483-cbf2203276b7/element &amp#27;[39m&amp#27;[32m200&amp#27;[39m &amp#27;[90m61059 ms - 137&amp#27;[39m
&amp#27;[35m[HTTP]&amp#27;[39m &amp#27;[90m&amp#27;[39m
&amp#27;[35m[HTTP]&amp#27;[39m &amp#27;[37m-->&amp#27;[39m &amp#27;[37mPOST&amp#27;[39m &amp#27;[37m/wd/hub/session/fcf9481f-0444-40c0-9483-cbf2203276b7/element/00000000-0000-007b-ffff-ffff00000028/click&amp#27;[39m
&amp#27;[35m[HTTP]&amp#27;[39m &amp#27;[90m{"id":"00000000-0000-007b-ffff-ffff00000028"}&amp#27;[39m
[debug] &amp#27;[35m[W3C (fcf9481f)]&amp#27;[39m Calling AppiumDriver.click() with args: ["00000000-0000-007b-ffff-ffff00000028","fcf9481f-0444-40c0-9483-cbf2203276b7"]
[debug] &amp#27;[35m[WD Proxy]&amp#27;[39m Matched '/element/00000000-0000-007b-ffff-ffff00000028/click' to command name 'click'
[debug] &amp#27;[35m[WD Proxy]&amp#27;[39m Proxying [POST /element/00000000-0000-007b-ffff-ffff00000028/click] to [POST http://127.0.0.1:8201/wd/hub/session/6f1a803f-68ef-4592-b8c6-5318575982e0/element/00000000-0000-007b-ffff-ffff00000028/click] with body: {"element":"00000000-0000-007b-ffff-ffff00000028"}
[debug] &amp#27;[35m[WD Proxy]&amp#27;[39m Got response with status 200: {"sessionId":"6f1a803f-68ef-4592-b8c6-5318575982e0","value":null}
[debug] &amp#27;[35m[W3C (fcf9481f)]&amp#27;[39m Responding to client with driver.click() result: null
&amp#27;[35m[HTTP]&amp#27;[39m &amp#27;[37m<-- POST /wd/hub/session/fcf9481f-0444-40c0-9483-cbf2203276b7/element/00000000-0000-007b-ffff-ffff00000028/click &amp#27;[39m&amp#27;[32m200&amp#27;[39m &amp#27;[90m814 ms - 14&amp#27;[39m
&amp#27;[35m[HTTP]&amp#27;[39m &amp#27;[90m&amp#27;[39m
&amp#27;[35m[HTTP]&amp#27;[39m &amp#27;[37m-->&amp#27;[39m &amp#27;[37mGET&amp#27;[39m &amp#27;[37m/wd/hub/session/fcf9481f-0444-40c0-9483-cbf2203276b7&amp#27;[39m
&amp#27;[35m[HTTP]&amp#27;[39m &amp#27;[90m{}&amp#27;[39m
[debug] &amp#27;[35m[W3C (fcf9481f)]&amp#27;[39m Calling AppiumDriver.getSession() with args: ["fcf9481f-0444-40c0-9483-cbf2203276b7"]
[debug] &amp#27;[35m[UiAutomator2]&amp#27;[39m Getting session details from server to mix in
[debug] &amp#27;[35m[WD Proxy]&amp#27;[39m Matched '/' to command name 'getSession'
[debug] &amp#27;[35m[WD Proxy]&amp#27;[39m Proxying [GET /] to [GET http://127.0.0.1:8201/wd/hub/session/6f1a803f-68ef-4592-b8c6-5318575982e0] with no body
[debug] &amp#27;[35m[WD Proxy]&amp#27;[39m Got response with status 200: {"sessionId":"6f1a803f-68ef-4592-b8c6-5318575982e0","value":{"lastScrollData":null}}
[debug] &amp#27;[35m[W3C (fcf9481f)]&amp#27;[39m Responding to client with driver.getSession() result: {"platform":"LINUX","webStorageEnabled":false,"takesScreenshot":true,"javascriptEnabled":true,"databaseEnabled":false,"networkConnectionEnabled":true,"locationContextEnabled":false,"warnings":{},"desired":{"platformName":"android","app":"D:\\Auto-Projects\\eclipse-workspace\\AppiumFramework\\src\\General-Store.apk","automationName":"uiautomator2","deviceName":"emulator-5554","newCommandTimeout":20},"platformName":"android","app":"D:\\Auto-Projects\\eclipse-workspace\\AppiumFramework\\src\\General-Store.apk","automationName":"uiautomator2","deviceName":"emulator-5554","newCommandTimeout":20,"deviceUDID":"emulator-5554","appPackage":"com.androidsample.generalstore","deviceApiLevel":28,"platformVersion":"9","deviceScreenSize":"1080x1920","deviceScreenDensity":480,"deviceModel":"AOSP on IA Emulator","deviceManufacturer":"Google","pixelRatio":3,"statBarHeight":72,"viewportRect":{"left":0,"top":72,"width":1080,"height":1704},"lastScrollData":null}
&amp#27;[35m[HTTP]&amp#27;[39m &amp#27;[37m<-- GET /wd/hub/session/fcf9481f-0444-40c0-9483-cbf2203276b7 &amp#27;[39m&amp#27;[32m200&amp#27;[39m &amp#27;[90m28 ms - 965&amp#27;[39m
&amp#27;[35m[HTTP]&amp#27;[39m &amp#27;[90m&amp#27;[39m
&amp#27;[35m[HTTP]&amp#27;[39m &amp#27;[37m-->&amp#27;[39m &amp#27;[37mPOST&amp#27;[39m &amp#27;[37m/wd/hub/session/fcf9481f-0444-40c0-9483-cbf2203276b7/element&amp#27;[39m
&amp#27;[35m[HTTP]&amp#27;[39m &amp#27;[90m{"using":"id","value":"com.androidsample.generalstore:id/nameField"}&amp#27;[39m
[debug] &amp#27;[35m[W3C (fcf9481f)]&amp#27;[39m Calling AppiumDriver.findElement() with args: ["id","com.androidsample.generalstore:id/nameField","fcf9481f-0444-40c0-9483-cbf2203276b7"]
[debug] &amp#27;[35m[BaseDriver]&amp#27;[39m Valid locator strategies for this request: xpath, id, class name, accessibility id, css selector, -android uiautomator
[debug] &amp#27;[35m[BaseDriver]&amp#27;[39m Waiting up to 10000 ms for condition
[debug] &amp#27;[35m[WD Proxy]&amp#27;[39m Matched '/element' to command name 'findElement'
[debug] &amp#27;[35m[WD Proxy]&amp#27;[39m Proxying [POST /element] to [POST http://127.0.0.1:8201/wd/hub/session/6f1a803f-68ef-4592-b8c6-5318575982e0/element] with body: {"strategy":"id","selector":"com.androidsample.generalstore:id/nameField","context":"","multiple":false}
[debug] &amp#27;[35m[WD Proxy]&amp#27;[39m Got response with status 200: {"sessionId":"6f1a803f-68ef-4592-b8c6-5318575982e0","value":{"ELEMENT":"00000000-0000-007a-ffff-ffff0000001b","element-6066-11e4-a52e-4f735466cecf":"00000000-0000-007a-ffff-ffff0000001b"}}
[debug] &amp#27;[35m[W3C (fcf9481f)]&amp#27;[39m Responding to client with driver.findElement() result: {"element-6066-11e4-a52e-4f735466cecf":"00000000-0000-007a-ffff-ffff0000001b","ELEMENT":"00000000-0000-007a-ffff-ffff0000001b"}
&amp#27;[35m[HTTP]&amp#27;[39m &amp#27;[37m<-- POST /wd/hub/session/fcf9481f-0444-40c0-9483-cbf2203276b7/element &amp#27;[39m&amp#27;[32m200&amp#27;[39m &amp#27;[90m59 ms - 137&amp#27;[39m
&amp#27;[35m[HTTP]&amp#27;[39m &amp#27;[90m&amp#27;[39m
&amp#27;[35m[HTTP]&amp#27;[39m &amp#27;[37m-->&amp#27;[39m &amp#27;[37mPOST&amp#27;[39m &amp#27;[37m/wd/hub/session/fcf9481f-0444-40c0-9483-cbf2203276b7/element/00000000-0000-007a-ffff-ffff0000001b/value&amp#27;[39m
&amp#27;[35m[HTTP]&amp#27;[39m &amp#27;[90m{"id":"00000000-0000-007a-ffff-ffff0000001b","text":"Testing products","value":["T","e","s","t","i","n","g"," ","p","r","o","d","u","c","t","s"]}&amp#27;[39m
[debug] &amp#27;[35m[W3C (fcf9481f)]&amp#27;[39m Calling AppiumDriver.setValue() with args: [["T","e","s","t","i","n","g"," ","p","r","o","d","u","c","t","s"],"00000000-0000-007a-ffff-ffff0000001b","fcf9481f-0444-40c0-9483-cbf2203276b7"]
[debug] &amp#27;[35m[WD Proxy]&amp#27;[39m Matched '/element/00000000-0000-007a-ffff-ffff0000001b/value' to command name 'setValue'
[debug] &amp#27;[35m[Protocol Converter]&amp#27;[39m Added 'value' property ["T","e","s","t","i","n","g"," ","p","r","o","d","u","c","t","s"] to 'setValue' request body
[debug] &amp#27;[35m[WD Proxy]&amp#27;[39m Proxying [POST /element/00000000-0000-007a-ffff-ffff0000001b/value] to [POST http://127.0.0.1:8201/wd/hub/session/6f1a803f-68ef-4592-b8c6-5318575982e0/element/00000000-0000-007a-ffff-ffff0000001b/value] with body: {"elementId":"00000000-0000-007a-ffff-ffff0000001b","text":"Testing products","replace":false,"value":["T","e","s","t","i","n","g"," ","p","r","o","d","u","c","t","s"]}
[debug] &amp#27;[35m[WD Proxy]&amp#27;[39m Got response with status 200: {"sessionId":"6f1a803f-68ef-4592-b8c6-5318575982e0","value":null}
[debug] &amp#27;[35m[W3C (fcf9481f)]&amp#27;[39m Responding to client with driver.setValue() result: null
&amp#27;[35m[HTTP]&amp#27;[39m &amp#27;[37m<-- POST /wd/hub/session/fcf9481f-0444-40c0-9483-cbf2203276b7/element/00000000-0000-007a-ffff-ffff0000001b/value &amp#27;[39m&amp#27;[32m200&amp#27;[39m &amp#27;[90m644 ms - 14&amp#27;[39m
&amp#27;[35m[HTTP]&amp#27;[39m &amp#27;[90m&amp#27;[39m
Entered Name Testing products
&amp#27;[35m[HTTP]&amp#27;[39m &amp#27;[37m-->&amp#27;[39m &amp#27;[37mGET&amp#27;[39m &amp#27;[37m/wd/hub/session/fcf9481f-0444-40c0-9483-cbf2203276b7&amp#27;[39m
&amp#27;[35m[HTTP]&amp#27;[39m &amp#27;[90m{}&amp#27;[39m
[debug] &amp#27;[35m[W3C (fcf9481f)]&amp#27;[39m Calling AppiumDriver.getSession() with args: ["fcf9481f-0444-40c0-9483-cbf2203276b7"]
[debug] &amp#27;[35m[UiAutomator2]&amp#27;[39m Getting session details from server to mix in
[debug] &amp#27;[35m[WD Proxy]&amp#27;[39m Matched '/' to command name 'getSession'
[debug] &amp#27;[35m[WD Proxy]&amp#27;[39m Proxying [GET /] to [GET http://127.0.0.1:8201/wd/hub/session/6f1a803f-68ef-4592-b8c6-5318575982e0] with no body
[debug] &amp#27;[35m[WD Proxy]&amp#27;[39m Got response with status 200: {"sessionId":"6f1a803f-68ef-4592-b8c6-5318575982e0","value":{"lastScrollData":null}}
[debug] &amp#27;[35m[W3C (fcf9481f)]&amp#27;[39m Responding to client with driver.getSession() result: {"platform":"LINUX","webStorageEnabled":false,"takesScreenshot":true,"javascriptEnabled":true,"databaseEnabled":false,"networkConnectionEnabled":true,"locationContextEnabled":false,"warnings":{},"desired":{"platformName":"android","app":"D:\\Auto-Projects\\eclipse-workspace\\AppiumFramework\\src\\General-Store.apk","automationName":"uiautomator2","deviceName":"emulator-5554","newCommandTimeout":20},"platformName":"android","app":"D:\\Auto-Projects\\eclipse-workspace\\AppiumFramework\\src\\General-Store.apk","automationName":"uiautomator2","deviceName":"emulator-5554","newCommandTimeout":20,"deviceUDID":"emulator-5554","appPackage":"com.androidsample.generalstore","deviceApiLevel":28,"platformVersion":"9","deviceScreenSize":"1080x1920","deviceScreenDensity":480,"deviceModel":"AOSP on IA Emulator","deviceManufacturer":"Google","pixelRatio":3,"statBarHeight":72,"viewportRect":{"left":0,"top":72,"width":1080,"height":1704},"lastScrollData":null}
&amp#27;[35m[HTTP]&amp#27;[39m &amp#27;[37m<-- GET /wd/hub/session/fcf9481f-0444-40c0-9483-cbf2203276b7 &amp#27;[39m&amp#27;[32m200&amp#27;[39m &amp#27;[90m29 ms - 965&amp#27;[39m
&amp#27;[35m[HTTP]&amp#27;[39m &amp#27;[90m&amp#27;[39m
&amp#27;[35m[HTTP]&amp#27;[39m &amp#27;[37m-->&amp#27;[39m &amp#27;[37mPOST&amp#27;[39m &amp#27;[37m/wd/hub/session/fcf9481f-0444-40c0-9483-cbf2203276b7/element&amp#27;[39m
&amp#27;[35m[HTTP]&amp#27;[39m &amp#27;[90m{"using":"xpath","value":"//android.widget.RadioButton[@text='Female']"}&amp#27;[39m
[debug] &amp#27;[35m[W3C (fcf9481f)]&amp#27;[39m Calling AppiumDriver.findElement() with args: ["xpath","//android.widget.RadioButton[@text='Female']","fcf9481f-0444-40c0-9483-cbf2203276b7"]
[debug] &amp#27;[35m[BaseDriver]&amp#27;[39m Valid locator strategies for this request: xpath, id, class name, accessibility id, css selector, -android uiautomator
[debug] &amp#27;[35m[BaseDriver]&amp#27;[39m Waiting up to 10000 ms for condition
[debug] &amp#27;[35m[WD Proxy]&amp#27;[39m Matched '/element' to command name 'findElement'
[debug] &amp#27;[35m[WD Proxy]&amp#27;[39m Proxying [POST /element] to [POST http://127.0.0.1:8201/wd/hub/session/6f1a803f-68ef-4592-b8c6-5318575982e0/element] with body: {"strategy":"xpath","selector":"//android.widget.RadioButton[@text='Female']","context":"","multiple":false}
[debug] &amp#27;[35m[WD Proxy]&amp#27;[39m Got response with status 200: {"sessionId":"6f1a803f-68ef-4592-b8c6-5318575982e0","value":{"ELEMENT":"00000000-0000-007a-ffff-ffff00000021","element-6066-11e4-a52e-4f735466cecf":"00000000-0000-007a-ffff-ffff00000021"}}
[debug] &amp#27;[35m[W3C (fcf9481f)]&amp#27;[39m Responding to client with driver.findElement() result: {"element-6066-11e4-a52e-4f735466cecf":"00000000-0000-007a-ffff-ffff00000021","ELEMENT":"00000000-0000-007a-ffff-ffff00000021"}
&amp#27;[35m[HTTP]&amp#27;[39m &amp#27;[37m<-- POST /wd/hub/session/fcf9481f-0444-40c0-9483-cbf2203276b7/element &amp#27;[39m&amp#27;[32m200&amp#27;[39m &amp#27;[90m1070 ms - 137&amp#27;[39m
&amp#27;[35m[HTTP]&amp#27;[39m &amp#27;[90m&amp#27;[39m
&amp#27;[35m[HTTP]&amp#27;[39m &amp#27;[37m-->&amp#27;[39m &amp#27;[37mPOST&amp#27;[39m &amp#27;[37m/wd/hub/session/fcf9481f-0444-40c0-9483-cbf2203276b7/element/00000000-0000-007a-ffff-ffff00000021/click&amp#27;[39m
&amp#27;[35m[HTTP]&amp#27;[39m &amp#27;[90m{"id":"00000000-0000-007a-ffff-ffff00000021"}&amp#27;[39m
[debug] &amp#27;[35m[W3C (fcf9481f)]&amp#27;[39m Calling AppiumDriver.click() with args: ["00000000-0000-007a-ffff-ffff00000021","fcf9481f-0444-40c0-9483-cbf2203276b7"]
[debug] &amp#27;[35m[WD Proxy]&amp#27;[39m Matched '/element/00000000-0000-007a-ffff-ffff00000021/click' to command name 'click'
[debug] &amp#27;[35m[WD Proxy]&amp#27;[39m Proxying [POST /element/00000000-0000-007a-ffff-ffff00000021/click] to [POST http://127.0.0.1:8201/wd/hub/session/6f1a803f-68ef-4592-b8c6-5318575982e0/element/00000000-0000-007a-ffff-ffff00000021/click] with body: {"element":"00000000-0000-007a-ffff-ffff00000021"}
[debug] &amp#27;[35m[WD Proxy]&amp#27;[39m Got response with status 200: {"sessionId":"6f1a803f-68ef-4592-b8c6-5318575982e0","value":null}
[debug] &amp#27;[35m[W3C (fcf9481f)]&amp#27;[39m Responding to client with driver.click() result: null
&amp#27;[35m[HTTP]&amp#27;[39m &amp#27;[37m<-- POST /wd/hub/session/fcf9481f-0444-40c0-9483-cbf2203276b7/element/00000000-0000-007a-ffff-ffff00000021/click &amp#27;[39m&amp#27;[32m200&amp#27;[39m &amp#27;[90m51 ms - 14&amp#27;[39m
&amp#27;[35m[HTTP]&amp#27;[39m &amp#27;[90m&amp#27;[39m
Selected female Radio button
&amp#27;[35m[HTTP]&amp#27;[39m &amp#27;[37m-->&amp#27;[39m &amp#27;[37mGET&amp#27;[39m &amp#27;[37m/wd/hub/session/fcf9481f-0444-40c0-9483-cbf2203276b7&amp#27;[39m
&amp#27;[35m[HTTP]&amp#27;[39m &amp#27;[90m{}&amp#27;[39m
[debug] &amp#27;[35m[W3C (fcf9481f)]&amp#27;[39m Calling AppiumDriver.getSession() with args: ["fcf9481f-0444-40c0-9483-cbf2203276b7"]
[debug] &amp#27;[35m[UiAutomator2]&amp#27;[39m Getting session details from server to mix in
[debug] &amp#27;[35m[WD Proxy]&amp#27;[39m Matched '/' to command name 'getSession'
[debug] &amp#27;[35m[WD Proxy]&amp#27;[39m Proxying [GET /] to [GET http://127.0.0.1:8201/wd/hub/session/6f1a803f-68ef-4592-b8c6-5318575982e0] with no body
[debug] &amp#27;[35m[WD Proxy]&amp#27;[39m Got response with status 200: {"sessionId":"6f1a803f-68ef-4592-b8c6-5318575982e0","value":{"lastScrollData":null}}
[debug] &amp#27;[35m[W3C (fcf9481f)]&amp#27;[39m Responding to client with driver.getSession() result: {"platform":"LINUX","webStorageEnabled":false,"takesScreenshot":true,"javascriptEnabled":true,"databaseEnabled":false,"networkConnectionEnabled":true,"locationContextEnabled":false,"warnings":{},"desired":{"platformName":"android","app":"D:\\Auto-Projects\\eclipse-workspace\\AppiumFramework\\src\\General-Store.apk","automationName":"uiautomator2","deviceName":"emulator-5554","newCommandTimeout":20},"platformName":"android","app":"D:\\Auto-Projects\\eclipse-workspace\\AppiumFramework\\src\\General-Store.apk","automationName":"uiautomator2","deviceName":"emulator-5554","newCommandTimeout":20,"deviceUDID":"emulator-5554","appPackage":"com.androidsample.generalstore","deviceApiLevel":28,"platformVersion":"9","deviceScreenSize":"1080x1920","deviceScreenDensity":480,"deviceModel":"AOSP on IA Emulator","deviceManufacturer":"Google","pixelRatio":3,"statBarHeight":72,"viewportRect":{"left":0,"top":72,"width":1080,"height":1704},"lastScrollData":null}
&amp#27;[35m[HTTP]&amp#27;[39m &amp#27;[37m<-- GET /wd/hub/session/fcf9481f-0444-40c0-9483-cbf2203276b7 &amp#27;[39m&amp#27;[32m200&amp#27;[39m &amp#27;[90m61 ms - 965&amp#27;[39m
&amp#27;[35m[HTTP]&amp#27;[39m &amp#27;[90m&amp#27;[39m
&amp#27;[35m[HTTP]&amp#27;[39m &amp#27;[37m-->&amp#27;[39m &amp#27;[37mPOST&amp#27;[39m &amp#27;[37m/wd/hub/session/fcf9481f-0444-40c0-9483-cbf2203276b7/element&amp#27;[39m
&amp#27;[35m[HTTP]&amp#27;[39m &amp#27;[90m{"using":"id","value":"com.androidsample.generalstore:id/btnLetsShop"}&amp#27;[39m
[debug] &amp#27;[35m[W3C (fcf9481f)]&amp#27;[39m Calling AppiumDriver.findElement() with args: ["id","com.androidsample.generalstore:id/btnLetsShop","fcf9481f-0444-40c0-9483-cbf2203276b7"]
[debug] &amp#27;[35m[BaseDriver]&amp#27;[39m Valid locator strategies for this request: xpath, id, class name, accessibility id, css selector, -android uiautomator
[debug] &amp#27;[35m[BaseDriver]&amp#27;[39m Waiting up to 10000 ms for condition
[debug] &amp#27;[35m[WD Proxy]&amp#27;[39m Matched '/element' to command name 'findElement'
[debug] &amp#27;[35m[WD Proxy]&amp#27;[39m Proxying [POST /element] to [POST http://127.0.0.1:8201/wd/hub/session/6f1a803f-68ef-4592-b8c6-5318575982e0/element] with body: {"strategy":"id","selector":"com.androidsample.generalstore:id/btnLetsShop","context":"","multiple":false}
[debug] &amp#27;[35m[WD Proxy]&amp#27;[39m Got response with status 200: {"sessionId":"6f1a803f-68ef-4592-b8c6-5318575982e0","value":{"ELEMENT":"00000000-0000-007a-ffff-ffff0000001e","element-6066-11e4-a52e-4f735466cecf":"00000000-0000-007a-ffff-ffff0000001e"}}
[debug] &amp#27;[35m[W3C (fcf9481f)]&amp#27;[39m Responding to client with driver.findElement() result: {"element-6066-11e4-a52e-4f735466cecf":"00000000-0000-007a-ffff-ffff0000001e","ELEMENT":"00000000-0000-007a-ffff-ffff0000001e"}
&amp#27;[35m[HTTP]&amp#27;[39m &amp#27;[37m<-- POST /wd/hub/session/fcf9481f-0444-40c0-9483-cbf2203276b7/element &amp#27;[39m&amp#27;[32m200&amp#27;[39m &amp#27;[90m491 ms - 137&amp#27;[39m
&amp#27;[35m[HTTP]&amp#27;[39m &amp#27;[90m&amp#27;[39m
&amp#27;[35m[HTTP]&amp#27;[39m &amp#27;[37m-->&amp#27;[39m &amp#27;[37mPOST&amp#27;[39m &amp#27;[37m/wd/hub/session/fcf9481f-0444-40c0-9483-cbf2203276b7/element/00000000-0000-007a-ffff-ffff0000001e/click&amp#27;[39m
&amp#27;[35m[HTTP]&amp#27;[39m &amp#27;[90m{"id":"00000000-0000-007a-ffff-ffff0000001e"}&amp#27;[39m
[debug] &amp#27;[35m[W3C (fcf9481f)]&amp#27;[39m Calling AppiumDriver.click() with args: ["00000000-0000-007a-ffff-ffff0000001e","fcf9481f-0444-40c0-9483-cbf2203276b7"]
[debug] &amp#27;[35m[WD Proxy]&amp#27;[39m Matched '/element/00000000-0000-007a-ffff-ffff0000001e/click' to command name 'click'
[debug] &amp#27;[35m[WD Proxy]&amp#27;[39m Proxying [POST /element/00000000-0000-007a-ffff-ffff0000001e/click] to [POST http://127.0.0.1:8201/wd/hub/session/6f1a803f-68ef-4592-b8c6-5318575982e0/element/00000000-0000-007a-ffff-ffff0000001e/click] with body: {"element":"00000000-0000-007a-ffff-ffff0000001e"}
[debug] &amp#27;[35m[WD Proxy]&amp#27;[39m Got response with status 200: {"sessionId":"6f1a803f-68ef-4592-b8c6-5318575982e0","value":null}
[debug] &amp#27;[35m[W3C (fcf9481f)]&amp#27;[39m Responding to client with driver.click() result: null
&amp#27;[35m[HTTP]&amp#27;[39m &amp#27;[37m<-- POST /wd/hub/session/fcf9481f-0444-40c0-9483-cbf2203276b7/element/00000000-0000-007a-ffff-ffff0000001e/click &amp#27;[39m&amp#27;[32m200&amp#27;[39m &amp#27;[90m80 ms - 14&amp#27;[39m
&amp#27;[35m[HTTP]&amp#27;[39m &amp#27;[90m&amp#27;[39m
Entered Name Testing products
&amp#27;[35m[HTTP]&amp#27;[39m &amp#27;[37m-->&amp#27;[39m &amp#27;[37mGET&amp#27;[39m &amp#27;[37m/wd/hub/session/fcf9481f-0444-40c0-9483-cbf2203276b7&amp#27;[39m
&amp#27;[35m[HTTP]&amp#27;[39m &amp#27;[90m{}&amp#27;[39m
[debug] &amp#27;[35m[W3C (fcf9481f)]&amp#27;[39m Calling AppiumDriver.getSession() with args: ["fcf9481f-0444-40c0-9483-cbf2203276b7"]
[debug] &amp#27;[35m[UiAutomator2]&amp#27;[39m Getting session details from server to mix in
[debug] &amp#27;[35m[WD Proxy]&amp#27;[39m Matched '/' to command name 'getSession'
[debug] &amp#27;[35m[WD Proxy]&amp#27;[39m Proxying [GET /] to [GET http://127.0.0.1:8201/wd/hub/session/6f1a803f-68ef-4592-b8c6-5318575982e0] with no body
[debug] &amp#27;[35m[WD Proxy]&amp#27;[39m Got response with status 200: {"sessionId":"6f1a803f-68ef-4592-b8c6-5318575982e0","value":{"lastScrollData":null}}
[debug] &amp#27;[35m[W3C (fcf9481f)]&amp#27;[39m Responding to client with driver.getSession() result: {"platform":"LINUX","webStorageEnabled":false,"takesScreenshot":true,"javascriptEnabled":true,"databaseEnabled":false,"networkConnectionEnabled":true,"locationContextEnabled":false,"warnings":{},"desired":{"platformName":"android","app":"D:\\Auto-Projects\\eclipse-workspace\\AppiumFramework\\src\\General-Store.apk","automationName":"uiautomator2","deviceName":"emulator-5554","newCommandTimeout":20},"platformName":"android","app":"D:\\Auto-Projects\\eclipse-workspace\\AppiumFramework\\src\\General-Store.apk","automationName":"uiautomator2","deviceName":"emulator-5554","newCommandTimeout":20,"deviceUDID":"emulator-5554","appPackage":"com.androidsample.generalstore","deviceApiLevel":28,"platformVersion":"9","deviceScreenSize":"1080x1920","deviceScreenDensity":480,"deviceModel":"AOSP on IA Emulator","deviceManufacturer":"Google","pixelRatio":3,"statBarHeight":72,"viewportRect":{"left":0,"top":72,"width":1080,"height":1704},"lastScrollData":null}
&amp#27;[35m[HTTP]&amp#27;[39m &amp#27;[37m<-- GET /wd/hub/session/fcf9481f-0444-40c0-9483-cbf2203276b7 &amp#27;[39m&amp#27;[32m200&amp#27;[39m &amp#27;[90m27 ms - 965&amp#27;[39m
&amp#27;[35m[HTTP]&amp#27;[39m &amp#27;[90m&amp#27;[39m
&amp#27;[35m[HTTP]&amp#27;[39m &amp#27;[37m-->&amp#27;[39m &amp#27;[37mGET&amp#27;[39m &amp#27;[37m/wd/hub/session/fcf9481f-0444-40c0-9483-cbf2203276b7&amp#27;[39m
&amp#27;[35m[HTTP]&amp#27;[39m &amp#27;[90m{}&amp#27;[39m
[debug] &amp#27;[35m[W3C (fcf9481f)]&amp#27;[39m Calling AppiumDriver.getSession() with args: ["fcf9481f-0444-40c0-9483-cbf2203276b7"]
[debug] &amp#27;[35m[UiAutomator2]&amp#27;[39m Getting session details from server to mix in
[debug] &amp#27;[35m[WD Proxy]&amp#27;[39m Matched '/' to command name 'getSession'
[debug] &amp#27;[35m[WD Proxy]&amp#27;[39m Proxying [GET /] to [GET http://127.0.0.1:8201/wd/hub/session/6f1a803f-68ef-4592-b8c6-5318575982e0] with no body
[debug] &amp#27;[35m[WD Proxy]&amp#27;[39m Got response with status 200: {"sessionId":"6f1a803f-68ef-4592-b8c6-5318575982e0","value":{"lastScrollData":null}}
[debug] &amp#27;[35m[W3C (fcf9481f)]&amp#27;[39m Responding to client with driver.getSession() result: {"platform":"LINUX","webStorageEnabled":false,"takesScreenshot":true,"javascriptEnabled":true,"databaseEnabled":false,"networkConnectionEnabled":true,"locationContextEnabled":false,"warnings":{},"desired":{"platformName":"android","app":"D:\\Auto-Projects\\eclipse-workspace\\AppiumFramework\\src\\General-Store.apk","automationName":"uiautomator2","deviceName":"emulator-5554","newCommandTimeout":20},"platformName":"android","app":"D:\\Auto-Projects\\eclipse-workspace\\AppiumFramework\\src\\General-Store.apk","automationName":"uiautomator2","deviceName":"emulator-5554","newCommandTimeout":20,"deviceUDID":"emulator-5554","appPackage":"com.androidsample.generalstore","deviceApiLevel":28,"platformVersion":"9","deviceScreenSize":"1080x1920","deviceScreenDensity":480,"deviceModel":"AOSP on IA Emulator","deviceManufacturer":"Google","pixelRatio":3,"statBarHeight":72,"viewportRect":{"left":0,"top":72,"width":1080,"height":1704},"lastScrollData":null}
&amp#27;[35m[HTTP]&amp#27;[39m &amp#27;[37m<-- GET /wd/hub/session/fcf9481f-0444-40c0-9483-cbf2203276b7 &amp#27;[39m&amp#27;[32m200&amp#27;[39m &amp#27;[90m62 ms - 965&amp#27;[39m
&amp#27;[35m[HTTP]&amp#27;[39m &amp#27;[90m&amp#27;[39m
&amp#27;[35m[HTTP]&amp#27;[39m &amp#27;[37m-->&amp#27;[39m &amp#27;[37mPOST&amp#27;[39m &amp#27;[37m/wd/hub/session/fcf9481f-0444-40c0-9483-cbf2203276b7/element&amp#27;[39m
&amp#27;[35m[HTTP]&amp#27;[39m &amp#27;[90m{"using":"-android uiautomator","value":"new UiScrollable(new UiSelector().resourceId(\"com.androidsample.generalstore:id/rvProductList\")).scrollIntoView(new UiSelector().textMatches(\"Jordan 6 Rings\").instance(0))"}&amp#27;[39m
[debug] &amp#27;[35m[W3C (fcf9481f)]&amp#27;[39m Calling AppiumDriver.findElement() with args: ["-android uiautomator","new UiScrollable(new UiSelector().resourceId(\"com.androidsample.generalstore:id/rvProductList\")).scrollIntoView(new UiSelector().textMatches(\"Jordan 6 Rings\").instance(0))","fcf9481f-0444-40c0-9483-cbf2203276b7"]
[debug] &amp#27;[35m[BaseDriver]&amp#27;[39m Valid locator strategies for this request: xpath, id, class name, accessibility id, css selector, -android uiautomator
[debug] &amp#27;[35m[BaseDriver]&amp#27;[39m Waiting up to 10000 ms for condition
[debug] &amp#27;[35m[WD Proxy]&amp#27;[39m Matched '/element' to command name 'findElement'
[debug] &amp#27;[35m[WD Proxy]&amp#27;[39m Proxying [POST /element] to [POST http://127.0.0.1:8201/wd/hub/session/6f1a803f-68ef-4592-b8c6-5318575982e0/element] with body: {"strategy":"-android uiautomator","selector":"new UiScrollable(new UiSelector().resourceId(\"com.androidsample.generalstore:id/rvProductList\")).scrollIntoView(new UiSelector().textMatches(\"Jordan 6 Rings\").instance(0))","context":"","multiple":false}
[debug] &amp#27;[35m[WD Proxy]&amp#27;[39m Got response with status 200: {"sessionId":"6f1a803f-68ef-4592-b8c6-5318575982e0","value":{"ELEMENT":"00000000-0000-007c-ffff-ffff0000006e","element-6066-11e4-a52e-4f735466cecf":"00000000-0000-007c-ffff-ffff0000006e"}}
[debug] &amp#27;[35m[W3C (fcf9481f)]&amp#27;[39m Responding to client with driver.findElement() result: {"element-6066-11e4-a52e-4f735466cecf":"00000000-0000-007c-ffff-ffff0000006e","ELEMENT":"00000000-0000-007c-ffff-ffff0000006e"}
&amp#27;[35m[HTTP]&amp#27;[39m &amp#27;[37m<-- POST /wd/hub/session/fcf9481f-0444-40c0-9483-cbf2203276b7/element &amp#27;[39m&amp#27;[32m200&amp#27;[39m &amp#27;[90m28061 ms - 137&amp#27;[39m
&amp#27;[35m[HTTP]&amp#27;[39m &amp#27;[90m&amp#27;[39m
&amp#27;[35m[HTTP]&amp#27;[39m &amp#27;[37m-->&amp#27;[39m &amp#27;[37mGET&amp#27;[39m &amp#27;[37m/wd/hub/session/fcf9481f-0444-40c0-9483-cbf2203276b7/element/00000000-0000-007c-ffff-ffff0000006e/displayed&amp#27;[39m
&amp#27;[35m[HTTP]&amp#27;[39m &amp#27;[90m{}&amp#27;[39m
[debug] &amp#27;[35m[W3C (fcf9481f)]&amp#27;[39m Calling AppiumDriver.elementDisplayed() with args: ["00000000-0000-007c-ffff-ffff0000006e","fcf9481f-0444-40c0-9483-cbf2203276b7"]
[debug] &amp#27;[35m[WD Proxy]&amp#27;[39m Matched '/element/00000000-0000-007c-ffff-ffff0000006e/attribute/displayed' to command name 'getAttribute'
[debug] &amp#27;[35m[WD Proxy]&amp#27;[39m Proxying [GET /element/00000000-0000-007c-ffff-ffff0000006e/attribute/displayed] to [GET http://127.0.0.1:8201/wd/hub/session/6f1a803f-68ef-4592-b8c6-5318575982e0/element/00000000-0000-007c-ffff-ffff0000006e/attribute/displayed] with no body
[debug] &amp#27;[35m[WD Proxy]&amp#27;[39m Got response with status 200: {"sessionId":"6f1a803f-68ef-4592-b8c6-5318575982e0","value":"true"}
[debug] &amp#27;[35m[W3C (fcf9481f)]&amp#27;[39m Responding to client with driver.elementDisplayed() result: true
&amp#27;[35m[HTTP]&amp#27;[39m &amp#27;[37m<-- GET /wd/hub/session/fcf9481f-0444-40c0-9483-cbf2203276b7/element/00000000-0000-007c-ffff-ffff0000006e/displayed &amp#27;[39m&amp#27;[32m200&amp#27;[39m &amp#27;[90m90 ms - 14&amp#27;[39m
&amp#27;[35m[HTTP]&amp#27;[39m &amp#27;[90m&amp#27;[39m
Scrilled Till :Jordan 6 Rings
&amp#27;[35m[HTTP]&amp#27;[39m &amp#27;[37m-->&amp#27;[39m &amp#27;[37mGET&amp#27;[39m &amp#27;[37m/wd/hub/session/fcf9481f-0444-40c0-9483-cbf2203276b7&amp#27;[39m
&amp#27;[35m[HTTP]&amp#27;[39m &amp#27;[90m{}&amp#27;[39m
[debug] &amp#27;[35m[W3C (fcf9481f)]&amp#27;[39m Calling AppiumDriver.getSession() with args: ["fcf9481f-0444-40c0-9483-cbf2203276b7"]
[debug] &amp#27;[35m[UiAutomator2]&amp#27;[39m Getting session details from server to mix in
[debug] &amp#27;[35m[WD Proxy]&amp#27;[39m Matched '/' to command name 'getSession'
[debug] &amp#27;[35m[WD Proxy]&amp#27;[39m Proxying [GET /] to [GET http://127.0.0.1:8201/wd/hub/session/6f1a803f-68ef-4592-b8c6-5318575982e0] with no body
[debug] &amp#27;[35m[WD Proxy]&amp#27;[39m Got response with status 200: {"sessionId":"6f1a803f-68ef-4592-b8c6-5318575982e0","value":{"lastScrollData":null}}
[debug] &amp#27;[35m[W3C (fcf9481f)]&amp#27;[39m Responding to client with driver.getSession() result: {"platform":"LINUX","webStorageEnabled":false,"takesScreenshot":true,"javascriptEnabled":true,"databaseEnabled":false,"networkConnectionEnabled":true,"locationContextEnabled":false,"warnings":{},"desired":{"platformName":"android","app":"D:\\Auto-Projects\\eclipse-workspace\\AppiumFramework\\src\\General-Store.apk","automationName":"uiautomator2","deviceName":"emulator-5554","newCommandTimeout":20},"platformName":"android","app":"D:\\Auto-Projects\\eclipse-workspace\\AppiumFramework\\src\\General-Store.apk","automationName":"uiautomator2","deviceName":"emulator-5554","newCommandTimeout":20,"deviceUDID":"emulator-5554","appPackage":"com.androidsample.generalstore","deviceApiLevel":28,"platformVersion":"9","deviceScreenSize":"1080x1920","deviceScreenDensity":480,"deviceModel":"AOSP on IA Emulator","deviceManufacturer":"Google","pixelRatio":3,"statBarHeight":72,"viewportRect":{"left":0,"top":72,"width":1080,"height":1704},"lastScrollData":null}
&amp#27;[35m[HTTP]&amp#27;[39m &amp#27;[37m<-- GET /wd/hub/session/fcf9481f-0444-40c0-9483-cbf2203276b7 &amp#27;[39m&amp#27;[32m200&amp#27;[39m &amp#27;[90m33 ms - 965&amp#27;[39m
&amp#27;[35m[HTTP]&amp#27;[39m &amp#27;[90m&amp#27;[39m
&amp#27;[35m[HTTP]&amp#27;[39m &amp#27;[37m-->&amp#27;[39m &amp#27;[37mPOST&amp#27;[39m &amp#27;[37m/wd/hub/session/fcf9481f-0444-40c0-9483-cbf2203276b7/elements&amp#27;[39m
&amp#27;[35m[HTTP]&amp#27;[39m &amp#27;[90m{"using":"xpath","value":"//android.widget.TextView[@text='ADD TO CART']"}&amp#27;[39m
[debug] &amp#27;[35m[W3C (fcf9481f)]&amp#27;[39m Calling AppiumDriver.findElements() with args: ["xpath","//android.widget.TextView[@text='ADD TO CART']","fcf9481f-0444-40c0-9483-cbf2203276b7"]
[debug] &amp#27;[35m[BaseDriver]&amp#27;[39m Valid locator strategies for this request: xpath, id, class name, accessibility id, css selector, -android uiautomator
[debug] &amp#27;[35m[BaseDriver]&amp#27;[39m Waiting up to 10000 ms for condition
[debug] &amp#27;[35m[WD Proxy]&amp#27;[39m Matched '/elements' to command name 'findElements'
[debug] &amp#27;[35m[WD Proxy]&amp#27;[39m Proxying [POST /elements] to [POST http://127.0.0.1:8201/wd/hub/session/6f1a803f-68ef-4592-b8c6-5318575982e0/elements] with body: {"strategy":"xpath","selector":"//android.widget.TextView[@text='ADD TO CART']","context":"","multiple":true}
[debug] &amp#27;[35m[WD Proxy]&amp#27;[39m Got response with status 200: {"sessionId":"6f1a803f-68ef-4592-b8c6-5318575982e0","value":[{"ELEMENT":"00000000-0000-007c-ffff-ffff00000072","element-6066-11e4-a52e-4f735466cecf":"00000000-0000-007c-ffff-ffff00000072"},{"ELEMENT":"00000000-0000-007c-ffff-ffff00000052","element-6066-11e4-a52e-4f735466cecf":"00000000-0000-007c-ffff-ffff00000052"}]}
[debug] &amp#27;[35m[W3C (fcf9481f)]&amp#27;[39m Responding to client with driver.findElements() result: [{"element-6066-11e4-a52e-4f735466cecf":"00000000-0000-007c-ffff-ffff00000072","ELEMENT":"00000000-0000-007c-ffff-ffff00000072"},{"element-6066-11e4-a52e-4f735466cecf":"00000000-0000-007c-ffff-ffff00000052","ELEMENT":"00000000-0000-007c-ffff-ffff00000052"}]
&amp#27;[35m[HTTP]&amp#27;[39m &amp#27;[37m<-- POST /wd/hub/session/fcf9481f-0444-40c0-9483-cbf2203276b7/elements &amp#27;[39m&amp#27;[32m200&amp#27;[39m &amp#27;[90m259 ms - 267&amp#27;[39m
&amp#27;[35m[HTTP]&amp#27;[39m &amp#27;[90m&amp#27;[39m
&amp#27;[35m[HTTP]&amp#27;[39m &amp#27;[37m-->&amp#27;[39m &amp#27;[37mPOST&amp#27;[39m &amp#27;[37m/wd/hub/session/fcf9481f-0444-40c0-9483-cbf2203276b7/element/00000000-0000-007c-ffff-ffff00000072/click&amp#27;[39m
&amp#27;[35m[HTTP]&amp#27;[39m &amp#27;[90m{"id":"00000000-0000-007c-ffff-ffff00000072"}&amp#27;[39m
[debug] &amp#27;[35m[W3C (fcf9481f)]&amp#27;[39m Calling AppiumDriver.click() with args: ["00000000-0000-007c-ffff-ffff00000072","fcf9481f-0444-40c0-9483-cbf2203276b7"]
[debug] &amp#27;[35m[WD Proxy]&amp#27;[39m Matched '/element/00000000-0000-007c-ffff-ffff00000072/click' to command name 'click'
[debug] &amp#27;[35m[WD Proxy]&amp#27;[39m Proxying [POST /element/00000000-0000-007c-ffff-ffff00000072/click] to [POST http://127.0.0.1:8201/wd/hub/session/6f1a803f-68ef-4592-b8c6-5318575982e0/element/00000000-0000-007c-ffff-ffff00000072/click] with body: {"element":"00000000-0000-007c-ffff-ffff00000072"}
[debug] &amp#27;[35m[WD Proxy]&amp#27;[39m Got response with status 200: {"sessionId":"6f1a803f-68ef-4592-b8c6-5318575982e0","value":null}
[debug] &amp#27;[35m[W3C (fcf9481f)]&amp#27;[39m Responding to client with driver.click() result: null
&amp#27;[35m[HTTP]&amp#27;[39m &amp#27;[37m<-- POST /wd/hub/session/fcf9481f-0444-40c0-9483-cbf2203276b7/element/00000000-0000-007c-ffff-ffff00000072/click &amp#27;[39m&amp#27;[32m200&amp#27;[39m &amp#27;[90m82 ms - 14&amp#27;[39m
&amp#27;[35m[HTTP]&amp#27;[39m &amp#27;[90m&amp#27;[39m
Tapped on zero index of
&amp#27;[35m[HTTP]&amp#27;[39m &amp#27;[37m-->&amp#27;[39m &amp#27;[37mPOST&amp#27;[39m &amp#27;[37m/wd/hub/session/fcf9481f-0444-40c0-9483-cbf2203276b7/element&amp#27;[39m
&amp#27;[35m[HTTP]&amp#27;[39m &amp#27;[90m{"using":"-android uiautomator","value":"new UiScrollable(new UiSelector().resourceId(\"com.androidsample.generalstore:id/rvProductList\")).scrollIntoView(new UiSelector().textMatches(\"PG 3\").instance(0))"}&amp#27;[39m
[debug] &amp#27;[35m[W3C (fcf9481f)]&amp#27;[39m Calling AppiumDriver.findElement() with args: ["-android uiautomator","new UiScrollable(new UiSelector().resourceId(\"com.androidsample.generalstore:id/rvProductList\")).scrollIntoView(new UiSelector().textMatches(\"PG 3\").instance(0))","fcf9481f-0444-40c0-9483-cbf2203276b7"]
[debug] &amp#27;[35m[BaseDriver]&amp#27;[39m Valid locator strategies for this request: xpath, id, class name, accessibility id, css selector, -android uiautomator
[debug] &amp#27;[35m[BaseDriver]&amp#27;[39m Waiting up to 10000 ms for condition
[debug] &amp#27;[35m[WD Proxy]&amp#27;[39m Matched '/element' to command name 'findElement'
[debug] &amp#27;[35m[WD Proxy]&amp#27;[39m Proxying [POST /element] to [POST http://127.0.0.1:8201/wd/hub/session/6f1a803f-68ef-4592-b8c6-5318575982e0/element] with body: {"strategy":"-android uiautomator","selector":"new UiScrollable(new UiSelector().resourceId(\"com.androidsample.generalstore:id/rvProductList\")).scrollIntoView(new UiSelector().textMatches(\"PG 3\").instance(0))","context":"","multiple":false}
[debug] &amp#27;[35m[WD Proxy]&amp#27;[39m Got response with status 200: {"sessionId":"6f1a803f-68ef-4592-b8c6-5318575982e0","value":{"ELEMENT":"00000000-0000-007c-ffff-ffff0000005e","element-6066-11e4-a52e-4f735466cecf":"00000000-0000-007c-ffff-ffff0000005e"}}
[debug] &amp#27;[35m[W3C (fcf9481f)]&amp#27;[39m Responding to client with driver.findElement() result: {"element-6066-11e4-a52e-4f735466cecf":"00000000-0000-007c-ffff-ffff0000005e","ELEMENT":"00000000-0000-007c-ffff-ffff0000005e"}
&amp#27;[35m[HTTP]&amp#27;[39m &amp#27;[37m<-- POST /wd/hub/session/fcf9481f-0444-40c0-9483-cbf2203276b7/element &amp#27;[39m&amp#27;[32m200&amp#27;[39m &amp#27;[90m59640 ms - 137&amp#27;[39m
&amp#27;[35m[HTTP]&amp#27;[39m &amp#27;[90m&amp#27;[39m
&amp#27;[35m[HTTP]&amp#27;[39m &amp#27;[37m-->&amp#27;[39m &amp#27;[37mGET&amp#27;[39m &amp#27;[37m/wd/hub/session/fcf9481f-0444-40c0-9483-cbf2203276b7/element/00000000-0000-007c-ffff-ffff0000005e/displayed&amp#27;[39m
&amp#27;[35m[HTTP]&amp#27;[39m &amp#27;[90m{}&amp#27;[39m
[debug] &amp#27;[35m[W3C (fcf9481f)]&amp#27;[39m Calling AppiumDriver.elementDisplayed() with args: ["00000000-0000-007c-ffff-ffff0000005e","fcf9481f-0444-40c0-9483-cbf2203276b7"]
[debug] &amp#27;[35m[WD Proxy]&amp#27;[39m Matched '/element/00000000-0000-007c-ffff-ffff0000005e/attribute/displayed' to command name 'getAttribute'
[debug] &amp#27;[35m[WD Proxy]&amp#27;[39m Proxying [GET /element/00000000-0000-007c-ffff-ffff0000005e/attribute/displayed] to [GET http://127.0.0.1:8201/wd/hub/session/6f1a803f-68ef-4592-b8c6-5318575982e0/element/00000000-0000-007c-ffff-ffff0000005e/attribute/displayed] with no body
[debug] &amp#27;[35m[WD Proxy]&amp#27;[39m Got response with status 200: {"sessionId":"6f1a803f-68ef-4592-b8c6-5318575982e0","value":"true"}
[debug] &amp#27;[35m[W3C (fcf9481f)]&amp#27;[39m Responding to client with driver.elementDisplayed() result: true
&amp#27;[35m[HTTP]&amp#27;[39m &amp#27;[37m<-- GET /wd/hub/session/fcf9481f-0444-40c0-9483-cbf2203276b7/element/00000000-0000-007c-ffff-ffff0000005e/displayed &amp#27;[39m&amp#27;[32m200&amp#27;[39m &amp#27;[90m169 ms - 14&amp#27;[39m
&amp#27;[35m[HTTP]&amp#27;[39m &amp#27;[90m&amp#27;[39m
Scrilled Till :PG 3
&amp#27;[35m[HTTP]&amp#27;[39m &amp#27;[37m-->&amp#27;[39m &amp#27;[37mGET&amp#27;[39m &amp#27;[37m/wd/hub/session/fcf9481f-0444-40c0-9483-cbf2203276b7&amp#27;[39m
&amp#27;[35m[HTTP]&amp#27;[39m &amp#27;[90m{}&amp#27;[39m
[debug] &amp#27;[35m[W3C (fcf9481f)]&amp#27;[39m Calling AppiumDriver.getSession() with args: ["fcf9481f-0444-40c0-9483-cbf2203276b7"]
[debug] &amp#27;[35m[UiAutomator2]&amp#27;[39m Getting session details from server to mix in
[debug] &amp#27;[35m[WD Proxy]&amp#27;[39m Matched '/' to command name 'getSession'
[debug] &amp#27;[35m[WD Proxy]&amp#27;[39m Proxying [GET /] to [GET http://127.0.0.1:8201/wd/hub/session/6f1a803f-68ef-4592-b8c6-5318575982e0] with no body
[debug] &amp#27;[35m[WD Proxy]&amp#27;[39m Got response with status 200: {"sessionId":"6f1a803f-68ef-4592-b8c6-5318575982e0","value":{"lastScrollData":null}}
[debug] &amp#27;[35m[W3C (fcf9481f)]&amp#27;[39m Responding to client with driver.getSession() result: {"platform":"LINUX","webStorageEnabled":false,"takesScreenshot":true,"javascriptEnabled":true,"databaseEnabled":false,"networkConnectionEnabled":true,"locationContextEnabled":false,"warnings":{},"desired":{"platformName":"android","app":"D:\\Auto-Projects\\eclipse-workspace\\AppiumFramework\\src\\General-Store.apk","automationName":"uiautomator2","deviceName":"emulator-5554","newCommandTimeout":20},"platformName":"android","app":"D:\\Auto-Projects\\eclipse-workspace\\AppiumFramework\\src\\General-Store.apk","automationName":"uiautomator2","deviceName":"emulator-5554","newCommandTimeout":20,"deviceUDID":"emulator-5554","appPackage":"com.androidsample.generalstore","deviceApiLevel":28,"platformVersion":"9","deviceScreenSize":"1080x1920","deviceScreenDensity":480,"deviceModel":"AOSP on IA Emulator","deviceManufacturer":"Google","pixelRatio":3,"statBarHeight":72,"viewportRect":{"left":0,"top":72,"width":1080,"height":1704},"lastScrollData":null}
&amp#27;[35m[HTTP]&amp#27;[39m &amp#27;[37m<-- GET /wd/hub/session/fcf9481f-0444-40c0-9483-cbf2203276b7 &amp#27;[39m&amp#27;[32m200&amp#27;[39m &amp#27;[90m56 ms - 965&amp#27;[39m
&amp#27;[35m[HTTP]&amp#27;[39m &amp#27;[90m&amp#27;[39m
&amp#27;[35m[HTTP]&amp#27;[39m &amp#27;[37m-->&amp#27;[39m &amp#27;[37mPOST&amp#27;[39m &amp#27;[37m/wd/hub/session/fcf9481f-0444-40c0-9483-cbf2203276b7/elements&amp#27;[39m
&amp#27;[35m[HTTP]&amp#27;[39m &amp#27;[90m{"using":"xpath","value":"//android.widget.TextView[@text='ADD TO CART']"}&amp#27;[39m
[debug] &amp#27;[35m[W3C (fcf9481f)]&amp#27;[39m Calling AppiumDriver.findElements() with args: ["xpath","//android.widget.TextView[@text='ADD TO CART']","fcf9481f-0444-40c0-9483-cbf2203276b7"]
[debug] &amp#27;[35m[BaseDriver]&amp#27;[39m Valid locator strategies for this request: xpath, id, class name, accessibility id, css selector, -android uiautomator
[debug] &amp#27;[35m[BaseDriver]&amp#27;[39m Waiting up to 10000 ms for condition
[debug] &amp#27;[35m[WD Proxy]&amp#27;[39m Matched '/elements' to command name 'findElements'
[debug] &amp#27;[35m[WD Proxy]&amp#27;[39m Proxying [POST /elements] to [POST http://127.0.0.1:8201/wd/hub/session/6f1a803f-68ef-4592-b8c6-5318575982e0/elements] with body: {"strategy":"xpath","selector":"//android.widget.TextView[@text='ADD TO CART']","context":"","multiple":true}
[debug] &amp#27;[35m[WD Proxy]&amp#27;[39m Got response with status 200: {"sessionId":"6f1a803f-68ef-4592-b8c6-5318575982e0","value":[{"ELEMENT":"00000000-0000-007c-ffff-ffff00000062","element-6066-11e4-a52e-4f735466cecf":"00000000-0000-007c-ffff-ffff00000062"}]}
[debug] &amp#27;[35m[W3C (fcf9481f)]&amp#27;[39m Responding to client with driver.findElements() result: [{"element-6066-11e4-a52e-4f735466cecf":"00000000-0000-007c-ffff-ffff00000062","ELEMENT":"00000000-0000-007c-ffff-ffff00000062"}]
&amp#27;[35m[HTTP]&amp#27;[39m &amp#27;[37m<-- POST /wd/hub/session/fcf9481f-0444-40c0-9483-cbf2203276b7/elements &amp#27;[39m&amp#27;[32m200&amp#27;[39m &amp#27;[90m333 ms - 139&amp#27;[39m
&amp#27;[35m[HTTP]&amp#27;[39m &amp#27;[90m&amp#27;[39m
&amp#27;[35m[HTTP]&amp#27;[39m &amp#27;[37m-->&amp#27;[39m &amp#27;[37mPOST&amp#27;[39m &amp#27;[37m/wd/hub/session/fcf9481f-0444-40c0-9483-cbf2203276b7/element/00000000-0000-007c-ffff-ffff00000062/click&amp#27;[39m
&amp#27;[35m[HTTP]&amp#27;[39m &amp#27;[90m{"id":"00000000-0000-007c-ffff-ffff00000062"}&amp#27;[39m
[debug] &amp#27;[35m[W3C (fcf9481f)]&amp#27;[39m Calling AppiumDriver.click() with args: ["00000000-0000-007c-ffff-ffff00000062","fcf9481f-0444-40c0-9483-cbf2203276b7"]
[debug] &amp#27;[35m[WD Proxy]&amp#27;[39m Matched '/element/00000000-0000-007c-ffff-ffff00000062/click' to command name 'click'
[debug] &amp#27;[35m[WD Proxy]&amp#27;[39m Proxying [POST /element/00000000-0000-007c-ffff-ffff00000062/click] to [POST http://127.0.0.1:8201/wd/hub/session/6f1a803f-68ef-4592-b8c6-5318575982e0/element/00000000-0000-007c-ffff-ffff00000062/click] with body: {"element":"00000000-0000-007c-ffff-ffff00000062"}
[debug] &amp#27;[35m[WD Proxy]&amp#27;[39m Got response with status 200: {"sessionId":"6f1a803f-68ef-4592-b8c6-5318575982e0","value":null}
[debug] &amp#27;[35m[W3C (fcf9481f)]&amp#27;[39m Responding to client with driver.click() result: null
&amp#27;[35m[HTTP]&amp#27;[39m &amp#27;[37m<-- POST /wd/hub/session/fcf9481f-0444-40c0-9483-cbf2203276b7/element/00000000-0000-007c-ffff-ffff00000062/click &amp#27;[39m&amp#27;[32m200&amp#27;[39m &amp#27;[90m130 ms - 14&amp#27;[39m
&amp#27;[35m[HTTP]&amp#27;[39m &amp#27;[90m&amp#27;[39m
Tapped on zero index of
&amp#27;[35m[HTTP]&amp#27;[39m &amp#27;[37m-->&amp#27;[39m &amp#27;[37mGET&amp#27;[39m &amp#27;[37m/wd/hub/session/fcf9481f-0444-40c0-9483-cbf2203276b7&amp#27;[39m
&amp#27;[35m[HTTP]&amp#27;[39m &amp#27;[90m{}&amp#27;[39m
[debug] &amp#27;[35m[W3C (fcf9481f)]&amp#27;[39m Calling AppiumDriver.getSession() with args: ["fcf9481f-0444-40c0-9483-cbf2203276b7"]
[debug] &amp#27;[35m[UiAutomator2]&amp#27;[39m Getting session details from server to mix in
[debug] &amp#27;[35m[WD Proxy]&amp#27;[39m Matched '/' to command name 'getSession'
[debug] &amp#27;[35m[WD Proxy]&amp#27;[39m Proxying [GET /] to [GET http://127.0.0.1:8201/wd/hub/session/6f1a803f-68ef-4592-b8c6-5318575982e0] with no body
[debug] &amp#27;[35m[WD Proxy]&amp#27;[39m Got response with status 200: {"sessionId":"6f1a803f-68ef-4592-b8c6-5318575982e0","value":{"lastScrollData":null}}
[debug] &amp#27;[35m[W3C (fcf9481f)]&amp#27;[39m Responding to client with driver.getSession() result: {"platform":"LINUX","webStorageEnabled":false,"takesScreenshot":true,"javascriptEnabled":true,"databaseEnabled":false,"networkConnectionEnabled":true,"locationContextEnabled":false,"warnings":{},"desired":{"platformName":"android","app":"D:\\Auto-Projects\\eclipse-workspace\\AppiumFramework\\src\\General-Store.apk","automationName":"uiautomator2","deviceName":"emulator-5554","newCommandTimeout":20},"platformName":"android","app":"D:\\Auto-Projects\\eclipse-workspace\\AppiumFramework\\src\\General-Store.apk","automationName":"uiautomator2","deviceName":"emulator-5554","newCommandTimeout":20,"deviceUDID":"emulator-5554","appPackage":"com.androidsample.generalstore","deviceApiLevel":28,"platformVersion":"9","deviceScreenSize":"1080x1920","deviceScreenDensity":480,"deviceModel":"AOSP on IA Emulator","deviceManufacturer":"Google","pixelRatio":3,"statBarHeight":72,"viewportRect":{"left":0,"top":72,"width":1080,"height":1704},"lastScrollData":null}
&amp#27;[35m[HTTP]&amp#27;[39m &amp#27;[37m<-- GET /wd/hub/session/fcf9481f-0444-40c0-9483-cbf2203276b7 &amp#27;[39m&amp#27;[32m200&amp#27;[39m &amp#27;[90m68 ms - 965&amp#27;[39m
&amp#27;[35m[HTTP]&amp#27;[39m &amp#27;[90m&amp#27;[39m
&amp#27;[35m[HTTP]&amp#27;[39m &amp#27;[37m-->&amp#27;[39m &amp#27;[37mPOST&amp#27;[39m &amp#27;[37m/wd/hub/session/fcf9481f-0444-40c0-9483-cbf2203276b7/element&amp#27;[39m
&amp#27;[35m[HTTP]&amp#27;[39m &amp#27;[90m{"using":"id","value":"com.androidsample.generalstore:id/appbar_btn_cart"}&amp#27;[39m
[debug] &amp#27;[35m[W3C (fcf9481f)]&amp#27;[39m Calling AppiumDriver.findElement() with args: ["id","com.androidsample.generalstore:id/appbar_btn_cart","fcf9481f-0444-40c0-9483-cbf2203276b7"]
[debug] &amp#27;[35m[BaseDriver]&amp#27;[39m Valid locator strategies for this request: xpath, id, class name, accessibility id, css selector, -android uiautomator
[debug] &amp#27;[35m[BaseDriver]&amp#27;[39m Waiting up to 10000 ms for condition
[debug] &amp#27;[35m[WD Proxy]&amp#27;[39m Matched '/element' to command name 'findElement'
[debug] &amp#27;[35m[WD Proxy]&amp#27;[39m Proxying [POST /element] to [POST http://127.0.0.1:8201/wd/hub/session/6f1a803f-68ef-4592-b8c6-5318575982e0/element] with body: {"strategy":"id","selector":"com.androidsample.generalstore:id/appbar_btn_cart","context":"","multiple":false}
[debug] &amp#27;[35m[WD Proxy]&amp#27;[39m Got response with status 200: {"sessionId":"6f1a803f-68ef-4592-b8c6-5318575982e0","value":{"ELEMENT":"00000000-0000-007c-ffff-ffff00000042","element-6066-11e4-a52e-4f735466cecf":"00000000-0000-007c-ffff-ffff00000042"}}
[debug] &amp#27;[35m[W3C (fcf9481f)]&amp#27;[39m Responding to client with driver.findElement() result: {"element-6066-11e4-a52e-4f735466cecf":"00000000-0000-007c-ffff-ffff00000042","ELEMENT":"00000000-0000-007c-ffff-ffff00000042"}
&amp#27;[35m[HTTP]&amp#27;[39m &amp#27;[37m<-- POST /wd/hub/session/fcf9481f-0444-40c0-9483-cbf2203276b7/element &amp#27;[39m&amp#27;[32m200&amp#27;[39m &amp#27;[90m672 ms - 137&amp#27;[39m
&amp#27;[35m[HTTP]&amp#27;[39m &amp#27;[90m&amp#27;[39m
&amp#27;[35m[HTTP]&amp#27;[39m &amp#27;[37m-->&amp#27;[39m &amp#27;[37mPOST&amp#27;[39m &amp#27;[37m/wd/hub/session/fcf9481f-0444-40c0-9483-cbf2203276b7/element/00000000-0000-007c-ffff-ffff00000042/click&amp#27;[39m
&amp#27;[35m[HTTP]&amp#27;[39m &amp#27;[90m{"id":"00000000-0000-007c-ffff-ffff00000042"}&amp#27;[39m
[debug] &amp#27;[35m[W3C (fcf9481f)]&amp#27;[39m Calling AppiumDriver.click() with args: ["00000000-0000-007c-ffff-ffff00000042","fcf9481f-0444-40c0-9483-cbf2203276b7"]
[debug] &amp#27;[35m[WD Proxy]&amp#27;[39m Matched '/element/00000000-0000-007c-ffff-ffff00000042/click' to command name 'click'
[debug] &amp#27;[35m[WD Proxy]&amp#27;[39m Proxying [POST /element/00000000-0000-007c-ffff-ffff00000042/click] to [POST http://127.0.0.1:8201/wd/hub/session/6f1a803f-68ef-4592-b8c6-5318575982e0/element/00000000-0000-007c-ffff-ffff00000042/click] with body: {"element":"00000000-0000-007c-ffff-ffff00000042"}
[debug] &amp#27;[35m[WD Proxy]&amp#27;[39m Got response with status 200: {"sessionId":"6f1a803f-68ef-4592-b8c6-5318575982e0","value":null}
[debug] &amp#27;[35m[W3C (fcf9481f)]&amp#27;[39m Responding to client with driver.click() result: null
&amp#27;[35m[HTTP]&amp#27;[39m &amp#27;[37m<-- POST /wd/hub/session/fcf9481f-0444-40c0-9483-cbf2203276b7/element/00000000-0000-007c-ffff-ffff00000042/click &amp#27;[39m&amp#27;[32m200&amp#27;[39m &amp#27;[90m113 ms - 14&amp#27;[39m
&amp#27;[35m[HTTP]&amp#27;[39m &amp#27;[90m&amp#27;[39m
Clicked on CartButtonf
&amp#27;[35m[HTTP]&amp#27;[39m &amp#27;[37m-->&amp#27;[39m &amp#27;[37mGET&amp#27;[39m &amp#27;[37m/wd/hub/session/fcf9481f-0444-40c0-9483-cbf2203276b7&amp#27;[39m
&amp#27;[35m[HTTP]&amp#27;[39m &amp#27;[90m{}&amp#27;[39m
[debug] &amp#27;[35m[W3C (fcf9481f)]&amp#27;[39m Calling AppiumDriver.getSession() with args: ["fcf9481f-0444-40c0-9483-cbf2203276b7"]
[debug] &amp#27;[35m[UiAutomator2]&amp#27;[39m Getting session details from server to mix in
[debug] &amp#27;[35m[WD Proxy]&amp#27;[39m Matched '/' to command name 'getSession'
[debug] &amp#27;[35m[WD Proxy]&amp#27;[39m Proxying [GET /] to [GET http://127.0.0.1:8201/wd/hub/session/6f1a803f-68ef-4592-b8c6-5318575982e0] with no body
[debug] &amp#27;[35m[WD Proxy]&amp#27;[39m Got response with status 200: {"sessionId":"6f1a803f-68ef-4592-b8c6-5318575982e0","value":{"lastScrollData":null}}
[debug] &amp#27;[35m[W3C (fcf9481f)]&amp#27;[39m Responding to client with driver.getSession() result: {"platform":"LINUX","webStorageEnabled":false,"takesScreenshot":true,"javascriptEnabled":true,"databaseEnabled":false,"networkConnectionEnabled":true,"locationContextEnabled":false,"warnings":{},"desired":{"platformName":"android","app":"D:\\Auto-Projects\\eclipse-workspace\\AppiumFramework\\src\\General-Store.apk","automationName":"uiautomator2","deviceName":"emulator-5554","newCommandTimeout":20},"platformName":"android","app":"D:\\Auto-Projects\\eclipse-workspace\\AppiumFramework\\src\\General-Store.apk","automationName":"uiautomator2","deviceName":"emulator-5554","newCommandTimeout":20,"deviceUDID":"emulator-5554","appPackage":"com.androidsample.generalstore","deviceApiLevel":28,"platformVersion":"9","deviceScreenSize":"1080x1920","deviceScreenDensity":480,"deviceModel":"AOSP on IA Emulator","deviceManufacturer":"Google","pixelRatio":3,"statBarHeight":72,"viewportRect":{"left":0,"top":72,"width":1080,"height":1704},"lastScrollData":null}
&amp#27;[35m[HTTP]&amp#27;[39m &amp#27;[37m<-- GET /wd/hub/session/fcf9481f-0444-40c0-9483-cbf2203276b7 &amp#27;[39m&amp#27;[32m200&amp#27;[39m &amp#27;[90m79 ms - 965&amp#27;[39m
&amp#27;[35m[HTTP]&amp#27;[39m &amp#27;[90m&amp#27;[39m
&amp#27;[35m[HTTP]&amp#27;[39m &amp#27;[37m-->&amp#27;[39m &amp#27;[37mGET&amp#27;[39m &amp#27;[37m/wd/hub/session/fcf9481f-0444-40c0-9483-cbf2203276b7&amp#27;[39m
&amp#27;[35m[HTTP]&amp#27;[39m &amp#27;[90m{}&amp#27;[39m
[debug] &amp#27;[35m[W3C (fcf9481f)]&amp#27;[39m Calling AppiumDriver.getSession() with args: ["fcf9481f-0444-40c0-9483-cbf2203276b7"]
[debug] &amp#27;[35m[UiAutomator2]&amp#27;[39m Getting session details from server to mix in
[debug] &amp#27;[35m[WD Proxy]&amp#27;[39m Matched '/' to command name 'getSession'
[debug] &amp#27;[35m[WD Proxy]&amp#27;[39m Proxying [GET /] to [GET http://127.0.0.1:8201/wd/hub/session/6f1a803f-68ef-4592-b8c6-5318575982e0] with no body
[debug] &amp#27;[35m[WD Proxy]&amp#27;[39m Got response with status 200: {"sessionId":"6f1a803f-68ef-4592-b8c6-5318575982e0","value":{"lastScrollData":null}}
[debug] &amp#27;[35m[W3C (fcf9481f)]&amp#27;[39m Responding to client with driver.getSession() result: {"platform":"LINUX","webStorageEnabled":false,"takesScreenshot":true,"javascriptEnabled":true,"databaseEnabled":false,"networkConnectionEnabled":true,"locationContextEnabled":false,"warnings":{},"desired":{"platformName":"android","app":"D:\\Auto-Projects\\eclipse-workspace\\AppiumFramework\\src\\General-Store.apk","automationName":"uiautomator2","deviceName":"emulator-5554","newCommandTimeout":20},"platformName":"android","app":"D:\\Auto-Projects\\eclipse-workspace\\AppiumFramework\\src\\General-Store.apk","automationName":"uiautomator2","deviceName":"emulator-5554","newCommandTimeout":20,"deviceUDID":"emulator-5554","appPackage":"com.androidsample.generalstore","deviceApiLevel":28,"platformVersion":"9","deviceScreenSize":"1080x1920","deviceScreenDensity":480,"deviceModel":"AOSP on IA Emulator","deviceManufacturer":"Google","pixelRatio":3,"statBarHeight":72,"viewportRect":{"left":0,"top":72,"width":1080,"height":1704},"lastScrollData":null}
&amp#27;[35m[HTTP]&amp#27;[39m &amp#27;[37m<-- GET /wd/hub/session/fcf9481f-0444-40c0-9483-cbf2203276b7 &amp#27;[39m&amp#27;[32m200&amp#27;[39m &amp#27;[90m88 ms - 965&amp#27;[39m
&amp#27;[35m[HTTP]&amp#27;[39m &amp#27;[90m&amp#27;[39m
&amp#27;[35m[HTTP]&amp#27;[39m &amp#27;[37m-->&amp#27;[39m &amp#27;[37mPOST&amp#27;[39m &amp#27;[37m/wd/hub/session/fcf9481f-0444-40c0-9483-cbf2203276b7/elements&amp#27;[39m
&amp#27;[35m[HTTP]&amp#27;[39m &amp#27;[90m{"using":"id","value":"com.androidsample.generalstore:id/productPrice"}&amp#27;[39m
[debug] &amp#27;[35m[W3C (fcf9481f)]&amp#27;[39m Calling AppiumDriver.findElements() with args: ["id","com.androidsample.generalstore:id/productPrice","fcf9481f-0444-40c0-9483-cbf2203276b7"]
[debug] &amp#27;[35m[BaseDriver]&amp#27;[39m Valid locator strategies for this request: xpath, id, class name, accessibility id, css selector, -android uiautomator
[debug] &amp#27;[35m[BaseDriver]&amp#27;[39m Waiting up to 10000 ms for condition
[debug] &amp#27;[35m[WD Proxy]&amp#27;[39m Matched '/elements' to command name 'findElements'
[debug] &amp#27;[35m[WD Proxy]&amp#27;[39m Proxying [POST /elements] to [POST http://127.0.0.1:8201/wd/hub/session/6f1a803f-68ef-4592-b8c6-5318575982e0/elements] with body: {"strategy":"id","selector":"com.androidsample.generalstore:id/productPrice","context":"","multiple":true}
[debug] &amp#27;[35m[WD Proxy]&amp#27;[39m Got response with status 200: {"sessionId":"6f1a803f-68ef-4592-b8c6-5318575982e0","value":[{"ELEMENT":"00000000-0000-007c-ffff-ffff00000061","element-6066-11e4-a52e-4f735466cecf":"00000000-0000-007c-ffff-ffff00000061"}]}
[debug] &amp#27;[35m[W3C (fcf9481f)]&amp#27;[39m Responding to client with driver.findElements() result: [{"element-6066-11e4-a52e-4f735466cecf":"00000000-0000-007c-ffff-ffff00000061","ELEMENT":"00000000-0000-007c-ffff-ffff00000061"}]
&amp#27;[35m[HTTP]&amp#27;[39m &amp#27;[37m<-- POST /wd/hub/session/fcf9481f-0444-40c0-9483-cbf2203276b7/elements &amp#27;[39m&amp#27;[32m200&amp#27;[39m &amp#27;[90m385 ms - 139&amp#27;[39m
&amp#27;[35m[HTTP]&amp#27;[39m &amp#27;[90m&amp#27;[39m
1
&amp#27;[35m[HTTP]&amp#27;[39m &amp#27;[37m-->&amp#27;[39m &amp#27;[37mPOST&amp#27;[39m &amp#27;[37m/wd/hub/session/fcf9481f-0444-40c0-9483-cbf2203276b7/elements&amp#27;[39m
&amp#27;[35m[HTTP]&amp#27;[39m &amp#27;[90m{"using":"id","value":"com.androidsample.generalstore:id/productPrice"}&amp#27;[39m
[debug] &amp#27;[35m[W3C (fcf9481f)]&amp#27;[39m Calling AppiumDriver.findElements() with args: ["id","com.androidsample.generalstore:id/productPrice","fcf9481f-0444-40c0-9483-cbf2203276b7"]
[debug] &amp#27;[35m[BaseDriver]&amp#27;[39m Valid locator strategies for this request: xpath, id, class name, accessibility id, css selector, -android uiautomator
[debug] &amp#27;[35m[BaseDriver]&amp#27;[39m Waiting up to 10000 ms for condition
[debug] &amp#27;[35m[WD Proxy]&amp#27;[39m Matched '/elements' to command name 'findElements'
[debug] &amp#27;[35m[WD Proxy]&amp#27;[39m Proxying [POST /elements] to [POST http://127.0.0.1:8201/wd/hub/session/6f1a803f-68ef-4592-b8c6-5318575982e0/elements] with body: {"strategy":"id","selector":"com.androidsample.generalstore:id/productPrice","context":"","multiple":true}
[debug] &amp#27;[35m[WD Proxy]&amp#27;[39m Got response with status 200: {"sessionId":"6f1a803f-68ef-4592-b8c6-5318575982e0","value":[{"ELEMENT":"00000000-0000-007d-ffff-ffff00000096","element-6066-11e4-a52e-4f735466cecf":"00000000-0000-007d-ffff-ffff00000096"},{"ELEMENT":"00000000-0000-007d-ffff-ffff00000091","element-6066-11e4-a52e-4f735466cecf":"00000000-0000-007d-ffff-ffff00000091"}]}
[debug] &amp#27;[35m[W3C (fcf9481f)]&amp#27;[39m Responding to client with driver.findElements() result: [{"element-6066-11e4-a52e-4f735466cecf":"00000000-0000-007d-ffff-ffff00000096","ELEMENT":"00000000-0000-007d-ffff-ffff00000096"},{"element-6066-11e4-a52e-4f735466cecf":"00000000-0000-007d-ffff-ffff00000091","ELEMENT":"00000000-0000-007d-ffff-ffff00000091"}]
&amp#27;[35m[HTTP]&amp#27;[39m &amp#27;[37m<-- POST /wd/hub/session/fcf9481f-0444-40c0-9483-cbf2203276b7/elements &amp#27;[39m&amp#27;[32m200&amp#27;[39m &amp#27;[90m627 ms - 267&amp#27;[39m
&amp#27;[35m[HTTP]&amp#27;[39m &amp#27;[90m&amp#27;[39m
&amp#27;[35m[HTTP]&amp#27;[39m &amp#27;[37m-->&amp#27;[39m &amp#27;[37mGET&amp#27;[39m &amp#27;[37m/wd/hub/session/fcf9481f-0444-40c0-9483-cbf2203276b7/element/00000000-0000-007d-ffff-ffff00000096/text&amp#27;[39m
&amp#27;[35m[HTTP]&amp#27;[39m &amp#27;[90m{}&amp#27;[39m
&amp#27;[35m[W3C (fcf9481f)]&amp#27;[39m Driver proxy active, passing request on via HTTP proxy
[debug] &amp#27;[35m[WD Proxy]&amp#27;[39m Matched '/wd/hub/session/fcf9481f-0444-40c0-9483-cbf2203276b7/element/00000000-0000-007d-ffff-ffff00000096/text' to command name 'getText'
[debug] &amp#27;[35m[WD Proxy]&amp#27;[39m Proxying [GET /wd/hub/session/fcf9481f-0444-40c0-9483-cbf2203276b7/element/00000000-0000-007d-ffff-ffff00000096/text] to [GET http://127.0.0.1:8201/wd/hub/session/6f1a803f-68ef-4592-b8c6-5318575982e0/element/00000000-0000-007d-ffff-ffff00000096/text] with no body
[debug] &amp#27;[35m[WD Proxy]&amp#27;[39m Got response with status 200: {"sessionId":"6f1a803f-68ef-4592-b8c6-5318575982e0","value":"$165.0"}
&amp#27;[35m[WD Proxy]&amp#27;[39m Replacing sessionId 6f1a803f-68ef-4592-b8c6-5318575982e0 with fcf9481f-0444-40c0-9483-cbf2203276b7
&amp#27;[35m[HTTP]&amp#27;[39m &amp#27;[37m<-- GET /wd/hub/session/fcf9481f-0444-40c0-9483-cbf2203276b7/element/00000000-0000-007d-ffff-ffff00000096/text &amp#27;[39m&amp#27;[32m200&amp#27;[39m &amp#27;[90m453 ms - 69&amp#27;[39m
&amp#27;[35m[HTTP]&amp#27;[39m &amp#27;[90m&amp#27;[39m
165.0
165.0
&amp#27;[35m[HTTP]&amp#27;[39m &amp#27;[37m-->&amp#27;[39m &amp#27;[37mPOST&amp#27;[39m &amp#27;[37m/wd/hub/session/fcf9481f-0444-40c0-9483-cbf2203276b7/element&amp#27;[39m
&amp#27;[35m[HTTP]&amp#27;[39m &amp#27;[90m{"using":"id","value":"com.androidsample.generalstore:id/totalAmountLbl"}&amp#27;[39m
[debug] &amp#27;[35m[W3C (fcf9481f)]&amp#27;[39m Calling AppiumDriver.findElement() with args: ["id","com.androidsample.generalstore:id/totalAmountLbl","fcf9481f-0444-40c0-9483-cbf2203276b7"]
[debug] &amp#27;[35m[BaseDriver]&amp#27;[39m Valid locator strategies for this request: xpath, id, class name, accessibility id, css selector, -android uiautomator
[debug] &amp#27;[35m[BaseDriver]&amp#27;[39m Waiting up to 10000 ms for condition
[debug] &amp#27;[35m[WD Proxy]&amp#27;[39m Matched '/element' to command name 'findElement'
[debug] &amp#27;[35m[WD Proxy]&amp#27;[39m Proxying [POST /element] to [POST http://127.0.0.1:8201/wd/hub/session/6f1a803f-68ef-4592-b8c6-5318575982e0/element] with body: {"strategy":"id","selector":"com.androidsample.generalstore:id/totalAmountLbl","context":"","multiple":false}
[debug] &amp#27;[35m[WD Proxy]&amp#27;[39m Got response with status 200: {"sessionId":"6f1a803f-68ef-4592-b8c6-5318575982e0","value":{"ELEMENT":"00000000-0000-007d-ffff-ffff0000008a","element-6066-11e4-a52e-4f735466cecf":"00000000-0000-007d-ffff-ffff0000008a"}}
[debug] &amp#27;[35m[W3C (fcf9481f)]&amp#27;[39m Responding to client with driver.findElement() result: {"element-6066-11e4-a52e-4f735466cecf":"00000000-0000-007d-ffff-ffff0000008a","ELEMENT":"00000000-0000-007d-ffff-ffff0000008a"}
&amp#27;[35m[HTTP]&amp#27;[39m &amp#27;[37m<-- POST /wd/hub/session/fcf9481f-0444-40c0-9483-cbf2203276b7/element &amp#27;[39m&amp#27;[32m200&amp#27;[39m &amp#27;[90m105 ms - 137&amp#27;[39m
&amp#27;[35m[HTTP]&amp#27;[39m &amp#27;[90m&amp#27;[39m
&amp#27;[35m[HTTP]&amp#27;[39m &amp#27;[37m-->&amp#27;[39m &amp#27;[37mGET&amp#27;[39m &amp#27;[37m/wd/hub/session/fcf9481f-0444-40c0-9483-cbf2203276b7/element/00000000-0000-007d-ffff-ffff0000008a/text&amp#27;[39m
&amp#27;[35m[HTTP]&amp#27;[39m &amp#27;[90m{}&amp#27;[39m
&amp#27;[35m[W3C (fcf9481f)]&amp#27;[39m Driver proxy active, passing request on via HTTP proxy
[debug] &amp#27;[35m[WD Proxy]&amp#27;[39m Matched '/wd/hub/session/fcf9481f-0444-40c0-9483-cbf2203276b7/element/00000000-0000-007d-ffff-ffff0000008a/text' to command name 'getText'
[debug] &amp#27;[35m[WD Proxy]&amp#27;[39m Proxying [GET /wd/hub/session/fcf9481f-0444-40c0-9483-cbf2203276b7/element/00000000-0000-007d-ffff-ffff0000008a/text] to [GET http://127.0.0.1:8201/wd/hub/session/6f1a803f-68ef-4592-b8c6-5318575982e0/element/00000000-0000-007d-ffff-ffff0000008a/text] with no body
[debug] &amp#27;[35m[WD Proxy]&amp#27;[39m Got response with status 200: {"sessionId":"6f1a803f-68ef-4592-b8c6-5318575982e0","value":"$ 275.0"}
&amp#27;[35m[WD Proxy]&amp#27;[39m Replacing sessionId 6f1a803f-68ef-4592-b8c6-5318575982e0 with fcf9481f-0444-40c0-9483-cbf2203276b7
&amp#27;[35m[HTTP]&amp#27;[39m &amp#27;[37m<-- GET /wd/hub/session/fcf9481f-0444-40c0-9483-cbf2203276b7/element/00000000-0000-007d-ffff-ffff0000008a/text &amp#27;[39m&amp#27;[32m200&amp#27;[39m &amp#27;[90m67 ms - 70&amp#27;[39m
&amp#27;[35m[HTTP]&amp#27;[39m &amp#27;[90m&amp#27;[39m
 275.0
totalProductValidation
&amp#27;[35m[HTTP]&amp#27;[39m &amp#27;[37m-->&amp#27;[39m &amp#27;[37mGET&amp#27;[39m &amp#27;[37m/wd/hub/session/fcf9481f-0444-40c0-9483-cbf2203276b7/screenshot&amp#27;[39m
&amp#27;[35m[HTTP]&amp#27;[39m &amp#27;[90m{}&amp#27;[39m
[debug] &amp#27;[35m[W3C (fcf9481f)]&amp#27;[39m Calling AppiumDriver.getScreenshot() with args: ["fcf9481f-0444-40c0-9483-cbf2203276b7"]
[debug] &amp#27;[35m[WD Proxy]&amp#27;[39m Matched '/screenshot' to command name 'getScreenshot'
[debug] &amp#27;[35m[WD Proxy]&amp#27;[39m Proxying [GET /screenshot] to [GET http://127.0.0.1:8201/wd/hub/session/6f1a803f-68ef-4592-b8c6-5318575982e0/screenshot] with no body
[debug] &amp#27;[35m[WD Proxy]&amp#27;[39m Got response with status 200: {"sessionId":"6f1a803f-68ef-4592-b8c6-5318575982e0","value":"iVBORw0KGgoAAAANSUhEUgAABDgAAAeACAYAAAArYecKAAAABHNCSVQICAgIfAhkiAAAIABJREFU\neJzsvXmYnEd1Lv5+PT27pNEuWZYly/sK2GAbY4wxOwRMCAkGEyCQcBPMhThsFxISQlh+EMBkuUBY\nsnKBkAuBQAiEJRg7NgaubfAuG3mRZMlarHVmNGt/vz+kb6iprlPnnKqvRx6e8/rxo+n6qs45VXX2\n6ekult75qrJECQAoUKD6uUJoTIscGu5aio6Efl10NPMkyKWVut5fJzmfumWKzStQAAAro1ZnQ3RT\nZXfp5OqUVpYUuq7MqetT10ppS8c7wTdmE1I6ufTm6oy19DvtG7W23clzksjYifl1IuW+OmWDdZ0D\n57u18nTa52jkrTP+hmh2en3I1wH5dyWVSeJ/U+kC7TEzRXe4+JsaOyifOBe+slO2NNc1g0R/JXfC\nya2tVbRw7wPQ+54c+OdO8U89A42O5dpSKur2e1SdkZOrcvzqrlc6kTtKdagRu+iUhK6OOe48ylhd\nOiHl9uHO8Y1QUvRStCh+UlAK4dKM0ff3EkPszELnw9HgZNLM4+7Mfe3qZYiXqzNavv5a/y7cedSZ\nuXqluZ+YnJpnFD9X5tgZULLGztxf7/4Xo+nTrtPWtHNdGaigSdGVnI3GT6UmhTFIbZxbW4csMd8b\nS5j989EExFxw/io2vxOQ6COH6qxjsZ7zpxIeLij/KtHf1Hjn0/ELAQm0Z+DHCG5uKOepQ299SHOL\nFHoVqr1reEnjbgghf6A5xxhdijY1P8Sz0jeJ3wrZIpVfuM/cf0M5UkrOEBoP5ZFcbk7dJwVpQUSt\n5Qpsao3rC7k7CPkPzj9Jaow64obW9/hyaP2Cr7Mx/hK5YrHfly80HrNV7g7qrudCNKU8QnUG5x9y\nkFP7UbaWooccPynNBrUopKCp...
[debug] &amp#27;[35m[W3C (fcf9481f)]&amp#27;[39m Responding to client with driver.getScreenshot() result: "iVBORw0KGgoAAAANSUhEUgAABDgAAAeACAYAAAArYecKAAAABHNCSVQICAgIfAhkiAAAIABJREFU\neJzsvXmYnEd1Lv5+PT27pNEuWZYly/sK2GAbY4wxOwRMCAkGEyCQcBPMhThsFxISQlh+EMBkuUBY\nsnKBkAuBQAiEJRg7NgaubfAuG3mRZMlarHVmNGt/vz+kb6iprlPnnKqvRx6e8/rxo+n6qs45VXX2\n6ekult75qrJECQAoUKD6uUJoTIscGu5aio6Efl10NPMkyKWVut5fJzmfumWKzStQAAAro1ZnQ3RT\nZXfp5OqUVpYUuq7MqetT10ppS8c7wTdmE1I6ufTm6oy19DvtG7W23clzksjYifl1IuW+OmWDdZ0D\n57u18nTa52jkrTP+hmh2en3I1wH5dyWVSeJ/U+kC7TEzRXe4+JsaOyifOBe+slO2NNc1g0R/JXfC\nya2tVbRw7wPQ+54c+OdO8U89A42O5dpSKur2e1SdkZOrcvzqrlc6kTtKdagRu+iUhK6OOe48ylhd\nOiHl9uHO8Y1QUvRStCh+UlAK4dKM0ff3EkPszELnw9HgZNLM4+7Mfe3qZYiXqzNavv5a/y7cedSZ\nuXqluZ+YnJpnFD9X5tgZULLGztxf7/4Xo+nTrtPWtHNdGaigSdGVnI3GT6UmhTFIbZxbW4csMd8b\nS5j989EExFxw/io2vxOQ6COH6qxjsZ7zpxIeLij/KtHf1Hjn0/ELAQm0Z+DHCG5uKOepQ299SHOL\nFHoVqr1reEnjbgghf6A5xxhdijY1P8Sz0jeJ3wrZIpVfuM/cf0M5UkrOEBoP5ZFcbk7dJwVpQUSt\n5Qpsao3rC7k7CPkPzj9Jaow64obW9/hyaP2Cr7Mx/hK5YrHfly80HrNV7g7qrudCNKU8QnUG5x9y\nkFP7UbaWooccPynNBrUopKCpQUIyJ1bYhJwGV0jEAquf0HFy5z6n5IjR0xYjdc0B9ImzJnGhxvw7\nTjlTXz...
&amp#27;[35m[HTTP]&amp#27;[39m &amp#27;[37m<-- GET /wd/hub/session/fcf9481f-0444-40c0-9483-cbf2203276b7/screenshot &amp#27;[39m&amp#27;[32m200&amp#27;[39m &amp#27;[90m2325 ms - 451724&amp#27;[39m
&amp#27;[35m[HTTP]&amp#27;[39m &amp#27;[90m&amp#27;[39m
D:\Auto-Projects\eclipse-workspace\AppiumFramework
]]></system-out>
    <system-err><![CDATA[Dec 18, 2021 5:11:22 PM io.appium.java_client.remote.AppiumCommandExecutor$1 lambda$0
INFO: Detected dialect: W3C
java.nio.file.AccessDeniedException: C:\Users\Abhi\AppData\Local\Temp\screenshot8539060220288033107.png -> D:\Auto-Projects\eclipse-workspace\AppiumFramework\screenShots\totalProductValidation.png
	at sun.nio.fs.WindowsException.translateToIOException(WindowsException.java:83)
	at sun.nio.fs.WindowsException.rethrowAsIOException(WindowsException.java:97)
	at sun.nio.fs.WindowsFileCopy.copy(WindowsFileCopy.java:205)
	at sun.nio.fs.WindowsFileSystemProvider.copy(WindowsFileSystemProvider.java:278)
	at java.nio.file.Files.copy(Files.java:1274)
	at org.apache.commons.io.FileUtils.copyFile(FileUtils.java:850)
	at org.apache.commons.io.FileUtils.copyFile(FileUtils.java:756)
	at practise.AppiumFramework.BaseCapability.takeScreenShot(BaseCapability.java:92)
	at resources.Listeners.onTestFailure(Listeners.java:33)
	at org.testng.internal.TestListenerHelper.runTestListeners(TestListenerHelper.java:67)
	at org.testng.internal.Invoker.runTestListeners(Invoker.java:1389)
	at org.testng.internal.Invoker.invokeMethod(Invoker.java:636)
	at org.testng.internal.Invoker.invokeTestMethod(Invoker.java:719)
	at org.testng.internal.Invoker.invokeTestMethods(Invoker.java:989)
	at org.testng.internal.TestMethodWorker.invokeTestMethods(TestMethodWorker.java:125)
	at org.testng.internal.TestMethodWorker.run(TestMethodWorker.java:109)
	at org.testng.TestRunner.privateRun(TestRunner.java:648)
	at org.testng.TestRunner.run(TestRunner.java:505)
	at org.testng.SuiteRunner.runTest(SuiteRunner.java:455)
	at org.testng.SuiteRunner.runSequentially(SuiteRunner.java:450)
	at org.testng.SuiteRunner.privateRun(SuiteRunner.java:415)
	at org.testng.SuiteRunner.run(SuiteRunner.java:364)
	at org.testng.SuiteRunnerWorker.runSuite(SuiteRunnerWorker.java:52)
	at org.testng.SuiteRunnerWorker.run(SuiteRunnerWorker.java:84)
	at org.testng.TestNG.runSuitesSequentially(TestNG.java:1208)
	at org.testng.TestNG.runSuitesLocally(TestNG.java:1137)
	at org.testng.TestNG.runSuites(TestNG.java:1049)
	at org.testng.TestNG.run(TestNG.java:1017)
	at org.apache.maven.surefire.testng.TestNGExecutor.run(TestNGExecutor.java:284)
	at org.apache.maven.surefire.testng.TestNGXmlTestSuite.execute(TestNGXmlTestSuite.java:75)
	at org.apache.maven.surefire.testng.TestNGProvider.invoke(TestNGProvider.java:119)
	at org.apache.maven.surefire.booter.ForkedBooter.runSuitesInProcess(ForkedBooter.java:428)
	at org.apache.maven.surefire.booter.ForkedBooter.execute(ForkedBooter.java:162)
	at org.apache.maven.surefire.booter.ForkedBooter.run(ForkedBooter.java:562)
	at org.apache.maven.surefire.booter.ForkedBooter.main(ForkedBooter.java:548)
]]></system-err>
  </testcase>
  <testcase name="totalValue" classname="practise.AppiumFramework.Ecom_test1" time="157.438">
    <system-out><![CDATA[Port is in Use
true
D:\Auto-Projects\eclipse-workspace\AppiumFramework
&amp#27;[35m[HTTP]&amp#27;[39m &amp#27;[37m-->&amp#27;[39m &amp#27;[37mPOST&amp#27;[39m &amp#27;[37m/wd/hub/session&amp#27;[39m
&amp#27;[35m[HTTP]&amp#27;[39m &amp#27;[90m{"desiredCapabilities":{"app":"D:\\Auto-Projects\\eclipse-workspace\\AppiumFramework\\src\\General-Store.apk","automationName":"uiautomator2","platformName":"Android","deviceName":"emulator-5554","newCommandTimeout":20},"capabilities":{"firstMatch":[{"appium:app":"D:\\Auto-Projects\\eclipse-workspace\\AppiumFramework\\src\\General-Store.apk","appium:automationName":"uiautomator2","appium:deviceName":"emulator-5554","appium:newCommandTimeout":20,"platformName":"android"}]}}&amp#27;[39m
[debug] &amp#27;[35m[W3C]&amp#27;[39m Calling AppiumDriver.createSession() with args: [{"app":"D:\\Auto-Projects\\eclipse-workspace\\AppiumFramework\\src\\General-Store.apk","automationName":"uiautomator2","platformName":"Android","deviceName":"emulator-5554","newCommandTimeout":20},null,{"firstMatch":[{"appium:app":"D:\\Auto-Projects\\eclipse-workspace\\AppiumFramework\\src\\General-Store.apk","appium:automationName":"uiautomator2","appium:deviceName":"emulator-5554","appium:newCommandTimeout":20,"platformName":"android"}]}]
[debug] &amp#27;[35m[BaseDriver]&amp#27;[39m Event 'newSessionRequested' logged at 1639827859832 (17:14:19 GMT+0530 (India Standard Time))
&amp#27;[35m[Appium]&amp#27;[39m Appium v1.22.0 creating new AndroidUiautomator2Driver (v1.69.0) session
[debug] &amp#27;[35m[BaseDriver]&amp#27;[39m W3C capabilities and MJSONWP desired capabilities were provided
[debug] &amp#27;[35m[BaseDriver]&amp#27;[39m Creating session with W3C capabilities: {
[debug] &amp#27;[35m[BaseDriver]&amp#27;[39m   "alwaysMatch": {
[debug] &amp#27;[35m[BaseDriver]&amp#27;[39m     "platformName": "android",
[debug] &amp#27;[35m[BaseDriver]&amp#27;[39m     "appium:app": "D:\\Auto-Projects\\eclipse-workspace\\AppiumFramework\\src\\General-Store.apk",
[debug] &amp#27;[35m[BaseDriver]&amp#27;[39m     "appium:automationName": "uiautomator2",
[debug] &amp#27;[35m[BaseDriver]&amp#27;[39m     "appium:deviceName": "emulator-5554",
[debug] &amp#27;[35m[BaseDriver]&amp#27;[39m     "appium:newCommandTimeout": 20
[debug] &amp#27;[35m[BaseDriver]&amp#27;[39m   },
[debug] &amp#27;[35m[BaseDriver]&amp#27;[39m   "firstMatch": [
[debug] &amp#27;[35m[BaseDriver]&amp#27;[39m     {}
[debug] &amp#27;[35m[BaseDriver]&amp#27;[39m   ]
[debug] &amp#27;[35m[BaseDriver]&amp#27;[39m }
&amp#27;[35m[BaseDriver]&amp#27;[39m Session created with session id: 2ad2d51b-0d2b-465c-ba86-e74cbbbea90b
&amp#27;[35m[BaseDriver]&amp#27;[39m Using local app 'D:\Auto-Projects\eclipse-workspace\AppiumFramework\src\General-Store.apk'
[debug] &amp#27;[35m[UiAutomator2]&amp#27;[39m Checking whether app is actually present
&amp#27;[35m[ADB]&amp#27;[39m Using 'adb.exe' from 'C:\Users\Abhi\AppData\Local\Android\Sdk\platform-tools\adb.exe'
[debug] &amp#27;[35m[ADB]&amp#27;[39m Running 'C:\Users\Abhi\AppData\Local\Android\Sdk\platform-tools\adb.exe -P 5037 start-server'
&amp#27;[35m[AndroidDriver]&amp#27;[39m Retrieving device list
[debug] &amp#27;[35m[ADB]&amp#27;[39m Trying to find a connected android device
[debug] &amp#27;[35m[ADB]&amp#27;[39m Getting connected devices
[debug] &amp#27;[35m[ADB]&amp#27;[39m Connected devices: [{"udid":"emulator-5554","state":"device"}]
&amp#27;[35m[AndroidDriver]&amp#27;[39m Using device: emulator-5554
&amp#27;[35m[ADB]&amp#27;[39m Using 'adb.exe' from 'C:\Users\Abhi\AppData\Local\Android\Sdk\platform-tools\adb.exe'
[debug] &amp#27;[35m[ADB]&amp#27;[39m Running 'C:\Users\Abhi\AppData\Local\Android\Sdk\platform-tools\adb.exe -P 5037 start-server'
[debug] &amp#27;[35m[ADB]&amp#27;[39m Setting device id to emulator-5554
[debug] &amp#27;[35m[ADB]&amp#27;[39m Running 'C:\Users\Abhi\AppData\Local\Android\Sdk\platform-tools\adb.exe -P 5037 -s emulator-5554 shell getprop ro.build.version.sdk'
[debug] &amp#27;[35m[ADB]&amp#27;[39m Current device property 'ro.build.version.sdk': 28
&amp#27;[35m[ADB]&amp#27;[39m Getting device platform version
[debug] &amp#27;[35m[ADB]&amp#27;[39m Running 'C:\Users\Abhi\AppData\Local\Android\Sdk\platform-tools\adb.exe -P 5037 -s emulator-5554 shell getprop ro.build.version.release'
[debug] &amp#27;[35m[ADB]&amp#27;[39m Current device property 'ro.build.version.release': 9
[debug] &amp#27;[35m[ADB]&amp#27;[39m Device API level: 28
&amp#27;[35m[UiAutomator2]&amp#27;[39m Relaxing hidden api policy
[debug] &amp#27;[35m[ADB]&amp#27;[39m Running 'C:\Users\Abhi\AppData\Local\Android\Sdk\platform-tools\adb.exe -P 5037 -s emulator-5554 shell 'settings put global hidden_api_policy_pre_p_apps 1;settings put global hidden_api_policy_p_apps 1;settings put global hidden_api_policy 1''
[debug] &amp#27;[35m[AndroidDriver]&amp#27;[39m Parsing package and activity from app manifest
&amp#27;[35m[ADB]&amp#27;[39m Package name: 'com.androidsample.generalstore'
&amp#27;[35m[ADB]&amp#27;[39m Main activity name: 'com.androidsample.generalstore.SplashActivity'
[debug] &amp#27;[35m[AndroidDriver]&amp#27;[39m Parsed package and activity are: com.androidsample.generalstore/com.androidsample.generalstore.SplashActivity
[debug] &amp#27;[35m[ADB]&amp#27;[39m Running 'C:\Users\Abhi\AppData\Local\Android\Sdk\platform-tools\adb.exe -P 5037 -s emulator-5554 wait-for-device'
[debug] &amp#27;[35m[ADB]&amp#27;[39m Running 'C:\Users\Abhi\AppData\Local\Android\Sdk\platform-tools\adb.exe -P 5037 -s emulator-5554 shell echo ping'
[debug] &amp#27;[35m[AndroidDriver]&amp#27;[39m Pushing settings apk to device...
[debug] &amp#27;[35m[ADB]&amp#27;[39m Getting install status for io.appium.settings
[debug] &amp#27;[35m[ADB]&amp#27;[39m Running 'C:\Users\Abhi\AppData\Local\Android\Sdk\platform-tools\adb.exe -P 5037 -s emulator-5554 shell dumpsys package io.appium.settings'
[debug] &amp#27;[35m[ADB]&amp#27;[39m 'io.appium.settings' is installed
[debug] &amp#27;[35m[ADB]&amp#27;[39m Getting package info for 'io.appium.settings'
[debug] &amp#27;[35m[ADB]&amp#27;[39m Running 'C:\Users\Abhi\AppData\Local\Android\Sdk\platform-tools\adb.exe -P 5037 -s emulator-5554 shell dumpsys package io.appium.settings'
[debug] &amp#27;[35m[ADB]&amp#27;[39m The version name of the installed 'io.appium.settings' is greater or equal to the application version name ('3.4.0' >= '3.4.0')
[debug] &amp#27;[35m[ADB]&amp#27;[39m There is no need to install/upgrade 'C:\Users\Abhi\AppData\Local\Programs\Appium Server GUI\resources\app\node_modules\appium\node_modules\io.appium.settings\apks\settings_apk-debug.apk'
[debug] &amp#27;[35m[ADB]&amp#27;[39m Getting IDs of all 'io.appium.settings' processes
[debug] &amp#27;[35m[ADB]&amp#27;[39m Running 'C:\Users\Abhi\AppData\Local\Android\Sdk\platform-tools\adb.exe -P 5037 -s emulator-5554 shell 'pgrep --help; echo $?''
[debug] &amp#27;[35m[ADB]&amp#27;[39m Running 'C:\Users\Abhi\AppData\Local\Android\Sdk\platform-tools\adb.exe -P 5037 -s emulator-5554 shell pgrep -f \(\[\[:blank:\]\]\|\^\)io\.appium\.settings\(\[\[:blank:\]\]\|\$\)'
[debug] &amp#27;[35m[AndroidDriver]&amp#27;[39m io.appium.settings is already running. There is no need to reset its permissions.
[debug] &amp#27;[35m[Logcat]&amp#27;[39m Starting logs capture with command: C:\\Users\\Abhi\\AppData\\Local\\Android\\Sdk\\platform-tools\\adb.exe -P 5037 -s emulator-5554 logcat -v threadtime
[debug] &amp#27;[35m[UiAutomator2]&amp#27;[39m Forwarding UiAutomator2 Server port 6790 to local port 8202
[debug] &amp#27;[35m[ADB]&amp#27;[39m Forwarding system: 8202 to device: 6790
[debug] &amp#27;[35m[ADB]&amp#27;[39m Running 'C:\Users\Abhi\AppData\Local\Android\Sdk\platform-tools\adb.exe -P 5037 -s emulator-5554 forward tcp:8202 tcp:6790'
[debug] &amp#27;[35m[ADB]&amp#27;[39m Getting install status for io.appium.uiautomator2.server
[debug] &amp#27;[35m[ADB]&amp#27;[39m Running 'C:\Users\Abhi\AppData\Local\Android\Sdk\platform-tools\adb.exe -P 5037 -s emulator-5554 shell dumpsys package io.appium.uiautomator2.server'
[debug] &amp#27;[35m[ADB]&amp#27;[39m 'io.appium.uiautomator2.server' is installed
[debug] &amp#27;[35m[ADB]&amp#27;[39m Getting package info for 'io.appium.uiautomator2.server'
[debug] &amp#27;[35m[ADB]&amp#27;[39m Running 'C:\Users\Abhi\AppData\Local\Android\Sdk\platform-tools\adb.exe -P 5037 -s emulator-5554 shell dumpsys package io.appium.uiautomator2.server'
[debug] &amp#27;[35m[ADB]&amp#27;[39m The version name of the installed 'io.appium.uiautomator2.server' is greater or equal to the application version name ('4.24.0' >= '4.24.0')
[debug] &amp#27;[35m[UiAutomator2]&amp#27;[39m io.appium.uiautomator2.server installation state: sameVersionInstalled
[debug] &amp#27;[35m[ADB]&amp#27;[39m Checking app cert for C:\Users\Abhi\AppData\Local\Programs\Appium Server GUI\resources\app\node_modules\appium\node_modules\appium-uiautomator2-server\apks\appium-uiautomator2-server-v4.24.0.apk
[debug] &amp#27;[35m[ADB]&amp#27;[39m Using the previously cached signature entry for 'appium-uiautomator2-server-v4.24.0.apk'
[debug] &amp#27;[35m[ADB]&amp#27;[39m sha256 hash did match for 'appium-uiautomator2-server-v4.24.0.apk'
[debug] &amp#27;[35m[ADB]&amp#27;[39m Getting install status for io.appium.uiautomator2.server.test
[debug] &amp#27;[35m[ADB]&amp#27;[39m Running 'C:\Users\Abhi\AppData\Local\Android\Sdk\platform-tools\adb.exe -P 5037 -s emulator-5554 shell dumpsys package io.appium.uiautomator2.server.test'
[debug] &amp#27;[35m[ADB]&amp#27;[39m 'io.appium.uiautomator2.server.test' is installed
[debug] &amp#27;[35m[ADB]&amp#27;[39m Checking app cert for C:\Users\Abhi\AppData\Local\Programs\Appium Server GUI\resources\app\node_modules\appium\node_modules\appium-uiautomator2-server\apks\appium-uiautomator2-server-debug-androidTest.apk
[debug] &amp#27;[35m[ADB]&amp#27;[39m Using the previously cached signature entry for 'appium-uiautomator2-server-debug-androidTest.apk'
[debug] &amp#27;[35m[ADB]&amp#27;[39m sha256 hash did match for 'appium-uiautomator2-server-debug-androidTest.apk'
&amp#27;[35m[UiAutomator2]&amp#27;[39m Server packages are not going to be (re)installed
[debug] &amp#27;[35m[UiAutomator2]&amp#27;[39m Waiting up to 30000ms for services to be available
[debug] &amp#27;[35m[ADB]&amp#27;[39m Running 'C:\Users\Abhi\AppData\Local\Android\Sdk\platform-tools\adb.exe -P 5037 -s emulator-5554 shell pm list instrumentation'
[debug] &amp#27;[35m[UiAutomator2]&amp#27;[39m Instrumentation target 'io.appium.uiautomator2.server.test/androidx.test.runner.AndroidJUnitRunner' is available
&amp#27;[35m[ADB]&amp#27;[39m Adding packages ["io.appium.settings","io.appium.uiautomator2.server","io.appium.uiautomator2.server.test"] to Doze whitelist
[debug] &amp#27;[35m[ADB]&amp#27;[39m Got the following command chunks to execute: [["dumpsys","deviceidle","whitelist","+io.appium.settings",";","dumpsys","deviceidle","whitelist","+io.appium.uiautomator2.server",";","dumpsys","deviceidle","whitelist","+io.appium.uiautomator2.server.test",";"]]
[debug] &amp#27;[35m[ADB]&amp#27;[39m Running 'C:\Users\Abhi\AppData\Local\Android\Sdk\platform-tools\adb.exe -P 5037 -s emulator-5554 shell dumpsys deviceidle whitelist +io.appium.settings ; dumpsys deviceidle whitelist +io.appium.uiautomator2.server ; dumpsys deviceidle whitelist +io.appium.uiautomator2.server.test ;'
[debug] &amp#27;[35m[ADB]&amp#27;[39m Checking app cert for D:\Auto-Projects\eclipse-workspace\AppiumFramework\src\General-Store.apk
[debug] &amp#27;[35m[ADB]&amp#27;[39m Using the previously cached signature entry for 'General-Store.apk'
[debug] &amp#27;[35m[ADB]&amp#27;[39m Getting install status for com.androidsample.generalstore
[debug] &amp#27;[35m[ADB]&amp#27;[39m Running 'C:\Users\Abhi\AppData\Local\Android\Sdk\platform-tools\adb.exe -P 5037 -s emulator-5554 shell dumpsys package com.androidsample.generalstore'
[debug] &amp#27;[35m[ADB]&amp#27;[39m 'com.androidsample.generalstore' is installed
[debug] &amp#27;[35m[ADB]&amp#27;[39m Getting package info for 'com.androidsample.generalstore'
[debug] &amp#27;[35m[ADB]&amp#27;[39m Running 'C:\Users\Abhi\AppData\Local\Android\Sdk\platform-tools\adb.exe -P 5037 -s emulator-5554 shell dumpsys package com.androidsample.generalstore'
[debug] &amp#27;[35m[ADB]&amp#27;[39m The version name of the installed 'com.androidsample.generalstore' is greater or equal to the application version name ('1.0.0' >= '1.0.0')
[debug] &amp#27;[35m[ADB]&amp#27;[39m There is no need to install/upgrade 'D:\Auto-Projects\eclipse-workspace\AppiumFramework\src\General-Store.apk'
&amp#27;[35m[AndroidDriver]&amp#27;[39m Performing fast reset on 'com.androidsample.generalstore'
[debug] &amp#27;[35m[ADB]&amp#27;[39m Getting install status for com.androidsample.generalstore
[debug] &amp#27;[35m[ADB]&amp#27;[39m Running 'C:\Users\Abhi\AppData\Local\Android\Sdk\platform-tools\adb.exe -P 5037 -s emulator-5554 shell dumpsys package com.androidsample.generalstore'
[debug] &amp#27;[35m[ADB]&amp#27;[39m 'com.androidsample.generalstore' is installed
[debug] &amp#27;[35m[ADB]&amp#27;[39m Running 'C:\Users\Abhi\AppData\Local\Android\Sdk\platform-tools\adb.exe -P 5037 -s emulator-5554 shell am force-stop com.androidsample.generalstore'
[debug] &amp#27;[35m[ADB]&amp#27;[39m Running 'C:\Users\Abhi\AppData\Local\Android\Sdk\platform-tools\adb.exe -P 5037 -s emulator-5554 shell pm clear com.androidsample.generalstore'
[debug] &amp#27;[35m[AndroidDriver]&amp#27;[39m Performed fast reset on the installed 'com.androidsample.generalstore' application (stop and clear)
[debug] &amp#27;[35m[UiAutomator2]&amp#27;[39m Performing shallow cleanup of automation leftovers
[debug] &amp#27;[35m[UiAutomator2]&amp#27;[39m The following obsolete sessions are still running: ["6f1a803f-68ef-4592-b8c6-5318575982e0"]
[debug] &amp#27;[35m[UiAutomator2]&amp#27;[39m Cleaning up 1 obsolete session
[debug] &amp#27;[35m[Instrumentation]&amp#27;[39m .
&amp#27;[35m[BaseDriver]&amp#27;[39m Shutting down because we waited 20 seconds for a command
&amp#27;[35m[Appium]&amp#27;[39m Closing session, cause was 'New Command Timeout of 20 seconds expired. Try customizing the timeout using the 'newCommandTimeout' desired capability'
&amp#27;[35m[Appium]&amp#27;[39m Removing session 'fcf9481f-0444-40c0-9483-cbf2203276b7' from our master session list
[debug] &amp#27;[35m[UiAutomator2]&amp#27;[39m Deleting UiAutomator2 session
[debug] &amp#27;[35m[UiAutomator2]&amp#27;[39m Deleting UiAutomator2 server session
[debug] &amp#27;[35m[WD Proxy]&amp#27;[39m Matched '/' to command name 'deleteSession'
[debug] &amp#27;[35m[WD Proxy]&amp#27;[39m Proxying [DELETE /] to [DELETE http://127.0.0.1:8201/wd/hub/session/6f1a803f-68ef-4592-b8c6-5318575982e0] with no body
[debug] &amp#27;[35m[Instrumentation]&amp#27;[39m Time: 188.946
[debug] &amp#27;[35m[Instrumentation]&amp#27;[39m 
[debug] &amp#27;[35m[Instrumentation]&amp#27;[39m OK (1 test)
&amp#27;[35m[WD Proxy]&amp#27;[39m socket hang up
&amp#27;[35m[UiAutomator2]&amp#27;[39m Did not get confirmation UiAutomator2 deleteSession worked; Error was: UnknownError: An unknown server-side error occurred while processing the command. Original error: Could not proxy command to the remote server. Original error: socket hang up
[debug] &amp#27;[35m[ADB]&amp#27;[39m Running 'C:\Users\Abhi\AppData\Local\Android\Sdk\platform-tools\adb.exe -P 5037 -s emulator-5554 shell am force-stop com.androidsample.generalstore'
[debug] &amp#27;[35m[Logcat]&amp#27;[39m Stopping logcat capture
[debug] &amp#27;[35m[Instrumentation]&amp#27;[39m The process has exited with code 0
[debug] &amp#27;[35m[ADB]&amp#27;[39m Removing forwarded port socket connection: 8201 
[debug] &amp#27;[35m[ADB]&amp#27;[39m Running 'C:\Users\Abhi\AppData\Local\Android\Sdk\platform-tools\adb.exe -P 5037 -s emulator-5554 forward --remove tcp:8201'
[debug] &amp#27;[35m[ADB]&amp#27;[39m Running 'C:\Users\Abhi\AppData\Local\Android\Sdk\platform-tools\adb.exe -P 5037 -s emulator-5554 shell am force-stop io.appium.uiautomator2.server.test'
&amp#27;[35m[UiAutomator2]&amp#27;[39m Restoring hidden api policy to the device default configuration
[debug] &amp#27;[35m[ADB]&amp#27;[39m Running 'C:\Users\Abhi\AppData\Local\Android\Sdk\platform-tools\adb.exe -P 5037 -s emulator-5554 shell 'settings delete global hidden_api_policy_pre_p_apps;settings delete global hidden_api_policy_p_apps;settings delete global hidden_api_policy''
&amp#27;[35m[UiAutomator2]&amp#27;[39m Starting UIAutomator2 server 4.24.0
&amp#27;[35m[UiAutomator2]&amp#27;[39m Using UIAutomator2 server from 'C:\Users\Abhi\AppData\Local\Programs\Appium Server GUI\resources\app\node_modules\appium\node_modules\appium-uiautomator2-server\apks\appium-uiautomator2-server-v4.24.0.apk' and test from 'C:\Users\Abhi\AppData\Local\Programs\Appium Server GUI\resources\app\node_modules\appium\node_modules\appium-uiautomator2-server\apks\appium-uiautomator2-server-debug-androidTest.apk'
&amp#27;[35m[UiAutomator2]&amp#27;[39m Waiting up to 30000ms for UiAutomator2 to be online...
[debug] &amp#27;[35m[ADB]&amp#27;[39m Creating ADB subprocess with args: ["-P",5037,"-s","emulator-5554","shell","am","instrument","-w","-e","disableAnalytics",true,"io.appium.uiautomator2.server.test/androidx.test.runner.AndroidJUnitRunner"]
[debug] &amp#27;[35m[WD Proxy]&amp#27;[39m Matched '/status' to command name 'getStatus'
[debug] &amp#27;[35m[WD Proxy]&amp#27;[39m Proxying [GET /status] to [GET http://127.0.0.1:8202/wd/hub/status] with no body
&amp#27;[35m[WD Proxy]&amp#27;[39m socket hang up
[debug] &amp#27;[35m[WD Proxy]&amp#27;[39m Matched '/status' to command name 'getStatus'
[debug] &amp#27;[35m[WD Proxy]&amp#27;[39m Proxying [GET /status] to [GET http://127.0.0.1:8202/wd/hub/status] with no body
&amp#27;[35m[WD Proxy]&amp#27;[39m socket hang up
[debug] &amp#27;[35m[WD Proxy]&amp#27;[39m Matched '/status' to command name 'getStatus'
[debug] &amp#27;[35m[WD Proxy]&amp#27;[39m Proxying [GET /status] to [GET http://127.0.0.1:8202/wd/hub/status] with no body
&amp#27;[35m[WD Proxy]&amp#27;[39m socket hang up
[debug] &amp#27;[35m[WD Proxy]&amp#27;[39m Matched '/status' to command name 'getStatus'
[debug] &amp#27;[35m[WD Proxy]&amp#27;[39m Proxying [GET /status] to [GET http://127.0.0.1:8202/wd/hub/status] with no body
&amp#27;[35m[WD Proxy]&amp#27;[39m socket hang up
[debug] &amp#27;[35m[WD Proxy]&amp#27;[39m Matched '/status' to command name 'getStatus'
[debug] &amp#27;[35m[WD Proxy]&amp#27;[39m Proxying [GET /status] to [GET http://127.0.0.1:8202/wd/hub/status] with no body
&amp#27;[35m[WD Proxy]&amp#27;[39m socket hang up
[debug] &amp#27;[35m[WD Proxy]&amp#27;[39m Matched '/status' to command name 'getStatus'
[debug] &amp#27;[35m[WD Proxy]&amp#27;[39m Proxying [GET /status] to [GET http://127.0.0.1:8202/wd/hub/status] with no body
&amp#27;[35m[WD Proxy]&amp#27;[39m socket hang up
[debug] &amp#27;[35m[Instrumentation]&amp#27;[39m io.appium.uiautomator2.server.test.AppiumUiAutomator2Server:
[debug] &amp#27;[35m[WD Proxy]&amp#27;[39m Matched '/status' to command name 'getStatus'
[debug] &amp#27;[35m[WD Proxy]&amp#27;[39m Proxying [GET /status] to [GET http://127.0.0.1:8202/wd/hub/status] with no body
&amp#27;[35m[WD Proxy]&amp#27;[39m socket hang up
[debug] &amp#27;[35m[WD Proxy]&amp#27;[39m Matched '/status' to command name 'getStatus'
[debug] &amp#27;[35m[WD Proxy]&amp#27;[39m Proxying [GET /status] to [GET http://127.0.0.1:8202/wd/hub/status] with no body
&amp#27;[35m[WD Proxy]&amp#27;[39m socket hang up
[debug] &amp#27;[35m[WD Proxy]&amp#27;[39m Matched '/status' to command name 'getStatus'
[debug] &amp#27;[35m[WD Proxy]&amp#27;[39m Proxying [GET /status] to [GET http://127.0.0.1:8202/wd/hub/status] with no body
[debug] &amp#27;[35m[WD Proxy]&amp#27;[39m Got response with status 200: {"sessionId":"None","value":{"message":"UiAutomator2 Server is ready to accept commands","ready":true}}
[debug] &amp#27;[35m[UiAutomator2]&amp#27;[39m The initialization of the instrumentation process took 8713ms
[debug] &amp#27;[35m[WD Proxy]&amp#27;[39m Matched '/session' to command name 'createSession'
[debug] &amp#27;[35m[WD Proxy]&amp#27;[39m Proxying [POST /session] to [POST http://127.0.0.1:8202/wd/hub/session] with body: {"capabilities":{"firstMatch":[{"platform":"LINUX","webStorageEnabled":false,"takesScreenshot":true,"javascriptEnabled":true,"databaseEnabled":false,"networkConnectionEnabled":true,"locationContextEnabled":false,"warnings":{},"desired":{"platformName":"android","app":"D:\\Auto-Projects\\eclipse-workspace\\AppiumFramework\\src\\General-Store.apk","automationName":"uiautomator2","deviceName":"emulator-5554","newCommandTimeout":20},"platformName":"android","app":"D:\\Auto-Projects\\eclipse-workspace\\AppiumFramework\\src\\General-Store.apk","automationName":"uiautomator2","deviceName":"emulator-5554","newCommandTimeout":20,"deviceUDID":"emulator-5554","appPackage":"com.androidsample.generalstore"}],"alwaysMatch":{}}}
[debug] &amp#27;[35m[WD Proxy]&amp#27;[39m Got response with status 200: {"sessionId":"c275791d-29ec-456a-a1c7-065e8870d592","value":{"capabilities":{"firstMatch":[{"platform":"LINUX","webStorageEnabled":false,"takesScreenshot":true,"javascriptEnabled":true,"databaseEnabled":false,"networkConnectionEnabled":true,"locationContextEnabled":false,"warnings":{},"desired":{"platformName":"android","app":"D:\\Auto-Projects\\eclipse-workspace\\AppiumFramework\\src\\General-Store.apk","automationName":"uiautomator2","deviceName":"emulator-5554","newCommandTimeout":20},"platformName":"android","app":"D:\\Auto-Projects\\eclipse-workspace\\AppiumFramework\\src\\General-Store.apk","automationName":"uiautomator2","deviceName":"emulator-5554","newCommandTimeout":20,"deviceUDID":"emulator-5554","appPackage":"com.androidsample.generalstore"}],"alwaysMatch":{}},"sessionId":"c275791d-29ec-456a-a1c7-065e8870d592"}}
&amp#27;[35m[WD Proxy]&amp#27;[39m Determined the downstream protocol as 'W3C'
[debug] &amp#27;[35m[WD Proxy]&amp#27;[39m Proxying [GET /appium/device/info] to [GET http://127.0.0.1:8202/wd/hub/session/c275791d-29ec-456a-a1c7-065e8870d592/appium/device/info] with no body
[debug] &amp#27;[35m[WD Proxy]&amp#27;[39m Got response with status 200: {"sessionId":"c275791d-29ec-456a-a1c7-065e8870d592","value":{"androidId":"34e4dc2987d873a5","apiVersion":"28","bluetooth":null,"brand":"google","carrierName":"Android","displayDensity":480,"locale":"en_US","manufacturer":"Google","model":"AOSP on IA Emulator","networks":[{"capabilities":{"SSID":null,"linkDownBandwidthKbps":1048576,"linkUpstreamBandwidthKbps":1048576,"networkCapabilities":"NET_CAPABILITY_NOT_METERED,NET_CAPABILITY_INTERNET,NET_CAPABILITY_NOT_RESTRICTED,NET_CAPABILITY_TRUSTED,NET_CAPABILITY_NOT_VPN,NET_CAPABILITY_VALIDATED,NET_CAPABILITY_NOT_ROAMING,NET_CAPABILITY_FOREGROUND,NET_CAPABILITY_NOT_CONGESTED,NET_CAPABILITY_NOT_SUSPENDED","signalStrength":-50,"transportTypes":"TRANSPORT_WIFI"},"detailedState":"CONNECTED","extraInfo":null,"isAvailable":true,"isConnected":true,"isFailover":false,"isRoaming":false,"state":"CONNECTED","subtype":0,"subtypeName":"","type":1,"typeName":"WIFI"}],"platformVersion":"9","realDisplaySize":"1080x1920","timeZone":"Asia/Calcutta"}}
[debug] &amp#27;[35m[ADB]&amp#27;[39m Running 'C:\Users\Abhi\AppData\Local\Android\Sdk\platform-tools\adb.exe -P 5037 -s emulator-5554 shell dumpsys window'
&amp#27;[35m[AndroidDriver]&amp#27;[39m Screen already unlocked, doing nothing
&amp#27;[35m[UiAutomator2]&amp#27;[39m Starting 'com.androidsample.generalstore/com.androidsample.generalstore.SplashActivity and waiting for 'com.androidsample.generalstore/com.androidsample.generalstore.SplashActivity'
[debug] &amp#27;[35m[ADB]&amp#27;[39m Running 'C:\Users\Abhi\AppData\Local\Android\Sdk\platform-tools\adb.exe -P 5037 -s emulator-5554 shell am start -W -n com.androidsample.generalstore/com.androidsample.generalstore.SplashActivity -S -a android.intent.action.MAIN -c android.intent.category.LAUNCHER -f 0x10200000'
[debug] &amp#27;[35m[ADB]&amp#27;[39m Waiting up to 20000ms for activity matching pkg: 'com.androidsample.generalstore' and activity: 'com.androidsample.generalstore.SplashActivity' to be focused
[debug] &amp#27;[35m[ADB]&amp#27;[39m Possible activities, to be checked: 'com.androidsample.generalstore.SplashActivity', 'com.androidsample.generalstore.com.androidsample.generalstore.SplashActivity'
[debug] &amp#27;[35m[ADB]&amp#27;[39m Getting focused package and activity
[debug] &amp#27;[35m[ADB]&amp#27;[39m Running 'C:\Users\Abhi\AppData\Local\Android\Sdk\platform-tools\adb.exe -P 5037 -s emulator-5554 shell dumpsys window windows'
[debug] &amp#27;[35m[ADB]&amp#27;[39m Found package: 'com.androidsample.generalstore' and fully qualified activity name : 'com.androidsample.generalstore.SplashActivity'
[debug] &amp#27;[35m[WD Proxy]&amp#27;[39m Proxying [GET /appium/device/pixel_ratio] to [GET http://127.0.0.1:8202/wd/hub/session/c275791d-29ec-456a-a1c7-065e8870d592/appium/device/pixel_ratio] with no body
[debug] &amp#27;[35m[WD Proxy]&amp#27;[39m Got response with status 200: {"sessionId":"c275791d-29ec-456a-a1c7-065e8870d592","value":3}
[debug] &amp#27;[35m[WD Proxy]&amp#27;[39m Matched '/appium/device/system_bars' to command name 'getSystemBars'
[debug] &amp#27;[35m[WD Proxy]&amp#27;[39m Proxying [GET /appium/device/system_bars] to [GET http://127.0.0.1:8202/wd/hub/session/c275791d-29ec-456a-a1c7-065e8870d592/appium/device/system_bars] with no body
[debug] &amp#27;[35m[WD Proxy]&amp#27;[39m Got response with status 200: {"sessionId":"c275791d-29ec-456a-a1c7-065e8870d592","value":{"statusBar":72}}
[debug] &amp#27;[35m[WD Proxy]&amp#27;[39m Matched '/window/current/size' to command name 'getWindowSize'
[debug] &amp#27;[35m[WD Proxy]&amp#27;[39m Proxying [GET /window/current/size] to [GET http://127.0.0.1:8202/wd/hub/session/c275791d-29ec-456a-a1c7-065e8870d592/window/current/size] with no body
[debug] &amp#27;[35m[WD Proxy]&amp#27;[39m Got response with status 200: {"sessionId":"c275791d-29ec-456a-a1c7-065e8870d592","value":{"height":1776,"width":1080}}
&amp#27;[35m[Appium]&amp#27;[39m New AndroidUiautomator2Driver session created successfully, session 2ad2d51b-0d2b-465c-ba86-e74cbbbea90b added to master session list
[debug] &amp#27;[35m[BaseDriver]&amp#27;[39m Event 'newSessionStarted' logged at 1639827880368 (17:14:40 GMT+0530 (India Standard Time))
[debug] &amp#27;[35m[W3C (2ad2d51b)]&amp#27;[39m Cached the protocol value 'W3C' for the new session 2ad2d51b-0d2b-465c-ba86-e74cbbbea90b
[debug] &amp#27;[35m[W3C (2ad2d51b)]&amp#27;[39m Responding to client with driver.createSession() result: {"capabilities":{"platform":"LINUX","webStorageEnabled":false,"takesScreenshot":true,"javascriptEnabled":true,"databaseEnabled":false,"networkConnectionEnabled":true,"locationContextEnabled":false,"warnings":{},"desired":{"platformName":"android","app":"D:\\Auto-Projects\\eclipse-workspace\\AppiumFramework\\src\\General-Store.apk","automationName":"uiautomator2","deviceName":"emulator-5554","newCommandTimeout":20},"platformName":"android","app":"D:\\Auto-Projects\\eclipse-workspace\\AppiumFramework\\src\\General-Store.apk","automationName":"uiautomator2","deviceName":"emulator-5554","newCommandTimeout":20,"deviceUDID":"emulator-5554","appPackage":"com.androidsample.generalstore","deviceApiLevel":28,"platformVersion":"9","deviceScreenSize":"1080x1920","deviceScreenDensity":480,"deviceModel":"AOSP on IA Emulator","deviceManufacturer":"Google","pixelRatio":3,"statBarHeight":72,"viewportRect":{"left":0,"top":72,"width":1080,"height":1704}}}
&amp#27;[35m[HTTP]&amp#27;[39m &amp#27;[37m<-- POST /wd/hub/session &amp#27;[39m&amp#27;[32m200&amp#27;[39m &amp#27;[90m20546 ms - 1011&amp#27;[39m
&amp#27;[35m[HTTP]&amp#27;[39m &amp#27;[90m&amp#27;[39m
&amp#27;[35m[HTTP]&amp#27;[39m &amp#27;[37m-->&amp#27;[39m &amp#27;[37mGET&amp#27;[39m &amp#27;[37m/wd/hub/session/2ad2d51b-0d2b-465c-ba86-e74cbbbea90b&amp#27;[39m
&amp#27;[35m[HTTP]&amp#27;[39m &amp#27;[90m{}&amp#27;[39m
[debug] &amp#27;[35m[W3C (2ad2d51b)]&amp#27;[39m Calling AppiumDriver.getSession() with args: ["2ad2d51b-0d2b-465c-ba86-e74cbbbea90b"]
[debug] &amp#27;[35m[UiAutomator2]&amp#27;[39m Getting session details from server to mix in
[debug] &amp#27;[35m[WD Proxy]&amp#27;[39m Matched '/' to command name 'getSession'
[debug] &amp#27;[35m[WD Proxy]&amp#27;[39m Proxying [GET /] to [GET http://127.0.0.1:8202/wd/hub/session/c275791d-29ec-456a-a1c7-065e8870d592] with no body
[debug] &amp#27;[35m[WD Proxy]&amp#27;[39m Got response with status 200: {"sessionId":"c275791d-29ec-456a-a1c7-065e8870d592","value":{"lastScrollData":null}}
[debug] &amp#27;[35m[W3C (2ad2d51b)]&amp#27;[39m Responding to client with driver.getSession() result: {"platform":"LINUX","webStorageEnabled":false,"takesScreenshot":true,"javascriptEnabled":true,"databaseEnabled":false,"networkConnectionEnabled":true,"locationContextEnabled":false,"warnings":{},"desired":{"platformName":"android","app":"D:\\Auto-Projects\\eclipse-workspace\\AppiumFramework\\src\\General-Store.apk","automationName":"uiautomator2","deviceName":"emulator-5554","newCommandTimeout":20},"platformName":"android","app":"D:\\Auto-Projects\\eclipse-workspace\\AppiumFramework\\src\\General-Store.apk","automationName":"uiautomator2","deviceName":"emulator-5554","newCommandTimeout":20,"deviceUDID":"emulator-5554","appPackage":"com.androidsample.generalstore","deviceApiLevel":28,"platformVersion":"9","deviceScreenSize":"1080x1920","deviceScreenDensity":480,"deviceModel":"AOSP on IA Emulator","deviceManufacturer":"Google","pixelRatio":3,"statBarHeight":72,"viewportRect":{"left":0,"top":72,"width":1080,"height":1704},"lastScrollData":null}
&amp#27;[35m[HTTP]&amp#27;[39m &amp#27;[37m<-- GET /wd/hub/session/2ad2d51b-0d2b-465c-ba86-e74cbbbea90b &amp#27;[39m&amp#27;[32m200&amp#27;[39m &amp#27;[90m114 ms - 965&amp#27;[39m
&amp#27;[35m[HTTP]&amp#27;[39m &amp#27;[90m&amp#27;[39m
&amp#27;[35m[HTTP]&amp#27;[39m &amp#27;[37m-->&amp#27;[39m &amp#27;[37mGET&amp#27;[39m &amp#27;[37m/wd/hub/session/2ad2d51b-0d2b-465c-ba86-e74cbbbea90b&amp#27;[39m
&amp#27;[35m[HTTP]&amp#27;[39m &amp#27;[90m{}&amp#27;[39m
[debug] &amp#27;[35m[W3C (2ad2d51b)]&amp#27;[39m Calling AppiumDriver.getSession() with args: ["2ad2d51b-0d2b-465c-ba86-e74cbbbea90b"]
[debug] &amp#27;[35m[UiAutomator2]&amp#27;[39m Getting session details from server to mix in
[debug] &amp#27;[35m[WD Proxy]&amp#27;[39m Matched '/' to command name 'getSession'
[debug] &amp#27;[35m[WD Proxy]&amp#27;[39m Proxying [GET /] to [GET http://127.0.0.1:8202/wd/hub/session/c275791d-29ec-456a-a1c7-065e8870d592] with no body
[debug] &amp#27;[35m[WD Proxy]&amp#27;[39m Got response with status 200: {"sessionId":"c275791d-29ec-456a-a1c7-065e8870d592","value":{"lastScrollData":null}}
[debug] &amp#27;[35m[W3C (2ad2d51b)]&amp#27;[39m Responding to client with driver.getSession() result: {"platform":"LINUX","webStorageEnabled":false,"takesScreenshot":true,"javascriptEnabled":true,"databaseEnabled":false,"networkConnectionEnabled":true,"locationContextEnabled":false,"warnings":{},"desired":{"platformName":"android","app":"D:\\Auto-Projects\\eclipse-workspace\\AppiumFramework\\src\\General-Store.apk","automationName":"uiautomator2","deviceName":"emulator-5554","newCommandTimeout":20},"platformName":"android","app":"D:\\Auto-Projects\\eclipse-workspace\\AppiumFramework\\src\\General-Store.apk","automationName":"uiautomator2","deviceName":"emulator-5554","newCommandTimeout":20,"deviceUDID":"emulator-5554","appPackage":"com.androidsample.generalstore","deviceApiLevel":28,"platformVersion":"9","deviceScreenSize":"1080x1920","deviceScreenDensity":480,"deviceModel":"AOSP on IA Emulator","deviceManufacturer":"Google","pixelRatio":3,"statBarHeight":72,"viewportRect":{"left":0,"top":72,"width":1080,"height":1704},"lastScrollData":null}
&amp#27;[35m[HTTP]&amp#27;[39m &amp#27;[37m<-- GET /wd/hub/session/2ad2d51b-0d2b-465c-ba86-e74cbbbea90b &amp#27;[39m&amp#27;[32m200&amp#27;[39m &amp#27;[90m90 ms - 965&amp#27;[39m
&amp#27;[35m[HTTP]&amp#27;[39m &amp#27;[90m&amp#27;[39m
&amp#27;[35m[HTTP]&amp#27;[39m &amp#27;[37m-->&amp#27;[39m &amp#27;[37mPOST&amp#27;[39m &amp#27;[37m/wd/hub/session/2ad2d51b-0d2b-465c-ba86-e74cbbbea90b/timeouts&amp#27;[39m
&amp#27;[35m[HTTP]&amp#27;[39m &amp#27;[90m{"implicit":30000}&amp#27;[39m
[debug] &amp#27;[35m[W3C (2ad2d51b)]&amp#27;[39m Calling AppiumDriver.timeouts() with args: [null,null,null,null,30000,"2ad2d51b-0d2b-465c-ba86-e74cbbbea90b"]
[debug] &amp#27;[35m[BaseDriver]&amp#27;[39m W3C timeout argument: {"implicit":30000}}
[debug] &amp#27;[35m[BaseDriver]&amp#27;[39m Set implicit wait to 30000ms
[debug] &amp#27;[35m[W3C (2ad2d51b)]&amp#27;[39m Responding to client with driver.timeouts() result: null
&amp#27;[35m[HTTP]&amp#27;[39m &amp#27;[37m<-- POST /wd/hub/session/2ad2d51b-0d2b-465c-ba86-e74cbbbea90b/timeouts &amp#27;[39m&amp#27;[32m200&amp#27;[39m &amp#27;[90m8 ms - 14&amp#27;[39m
&amp#27;[35m[HTTP]&amp#27;[39m &amp#27;[90m&amp#27;[39m
&amp#27;[35m[HTTP]&amp#27;[39m &amp#27;[37m-->&amp#27;[39m &amp#27;[37mPOST&amp#27;[39m &amp#27;[37m/wd/hub/session/2ad2d51b-0d2b-465c-ba86-e74cbbbea90b/element&amp#27;[39m
&amp#27;[35m[HTTP]&amp#27;[39m &amp#27;[90m{"using":"id","value":"com.androidsample.generalstore:id/radioFemale"}&amp#27;[39m
[debug] &amp#27;[35m[W3C (2ad2d51b)]&amp#27;[39m Calling AppiumDriver.findElement() with args: ["id","com.androidsample.generalstore:id/radioFemale","2ad2d51b-0d2b-465c-ba86-e74cbbbea90b"]
[debug] &amp#27;[35m[BaseDriver]&amp#27;[39m Valid locator strategies for this request: xpath, id, class name, accessibility id, css selector, -android uiautomator
[debug] &amp#27;[35m[BaseDriver]&amp#27;[39m Waiting up to 30000 ms for condition
[debug] &amp#27;[35m[WD Proxy]&amp#27;[39m Matched '/element' to command name 'findElement'
[debug] &amp#27;[35m[WD Proxy]&amp#27;[39m Proxying [POST /element] to [POST http://127.0.0.1:8202/wd/hub/session/c275791d-29ec-456a-a1c7-065e8870d592/element] with body: {"strategy":"id","selector":"com.androidsample.generalstore:id/radioFemale","context":"","multiple":false}
&amp#27;[35m[WD Proxy]&amp#27;[39m Got response with status 404: {"sessionId":"c275791d-29ec-456a-a1c7-065e8870d592","value":{"error":"no such element","message":"An element could not be located on the page using the given search parameters","stacktrace":"io.appium.uiautomator2.common.exceptions.ElementNotFoundException: An element could not be located on the page using the given search parameters\n\tat io.appium.uiautomator2.handler.FindElement.safeHandle(FindElement.java:70)\n\tat io.appium.uiautomator2.handler.request.SafeRequestHandler.handle(SafeRequestHandler.java:59)\n\tat io.appium.uiautomator2.server.AppiumServlet.handleRequest(AppiumServlet.java:264)\n\tat io.appium.uiautomator2.server.AppiumServlet.handleHttpRequest(AppiumServlet.java:258)\n\tat io.appium.uiautomator2.http.ServerHandler.channelRead(ServerHandler.java:68)\n\tat io.netty.channel.AbstractChannelHandlerContext.invokeChannelRead(AbstractChannelHandlerContext.java:366)\n\tat io.netty.channel.AbstractChannelHandlerContext.invokeChannelRead(AbstractChannelHandlerContext.java:352)\n\tat io.netty.chann...
[debug] &amp#27;[35m[W3C]&amp#27;[39m Matched W3C error code 'no such element' to NoSuchElementError
[debug] &amp#27;[35m[BaseDriver]&amp#27;[39m Waited for 259 ms so far
[debug] &amp#27;[35m[WD Proxy]&amp#27;[39m Matched '/element' to command name 'findElement'
[debug] &amp#27;[35m[WD Proxy]&amp#27;[39m Proxying [POST /element] to [POST http://127.0.0.1:8202/wd/hub/session/c275791d-29ec-456a-a1c7-065e8870d592/element] with body: {"strategy":"id","selector":"com.androidsample.generalstore:id/radioFemale","context":"","multiple":false}
&amp#27;[35m[WD Proxy]&amp#27;[39m Got response with status 404: {"sessionId":"c275791d-29ec-456a-a1c7-065e8870d592","value":{"error":"no such element","message":"An element could not be located on the page using the given search parameters","stacktrace":"io.appium.uiautomator2.common.exceptions.ElementNotFoundException: An element could not be located on the page using the given search parameters\n\tat io.appium.uiautomator2.handler.FindElement.safeHandle(FindElement.java:70)\n\tat io.appium.uiautomator2.handler.request.SafeRequestHandler.handle(SafeRequestHandler.java:59)\n\tat io.appium.uiautomator2.server.AppiumServlet.handleRequest(AppiumServlet.java:264)\n\tat io.appium.uiautomator2.server.AppiumServlet.handleHttpRequest(AppiumServlet.java:258)\n\tat io.appium.uiautomator2.http.ServerHandler.channelRead(ServerHandler.java:68)\n\tat io.netty.channel.AbstractChannelHandlerContext.invokeChannelRead(AbstractChannelHandlerContext.java:366)\n\tat io.netty.channel.AbstractChannelHandlerContext.invokeChannelRead(AbstractChannelHandlerContext.java:352)\n\tat io.netty.chann...
[debug] &amp#27;[35m[W3C]&amp#27;[39m Matched W3C error code 'no such element' to NoSuchElementError
[debug] &amp#27;[35m[BaseDriver]&amp#27;[39m Waited for 1191 ms so far
[debug] &amp#27;[35m[WD Proxy]&amp#27;[39m Matched '/element' to command name 'findElement'
[debug] &amp#27;[35m[WD Proxy]&amp#27;[39m Proxying [POST /element] to [POST http://127.0.0.1:8202/wd/hub/session/c275791d-29ec-456a-a1c7-065e8870d592/element] with body: {"strategy":"id","selector":"com.androidsample.generalstore:id/radioFemale","context":"","multiple":false}
[debug] &amp#27;[35m[WD Proxy]&amp#27;[39m Got response with status 200: {"sessionId":"c275791d-29ec-456a-a1c7-065e8870d592","value":{"ELEMENT":"00000000-0000-0087-ffff-ffff00000021","element-6066-11e4-a52e-4f735466cecf":"00000000-0000-0087-ffff-ffff00000021"}}
[debug] &amp#27;[35m[W3C (2ad2d51b)]&amp#27;[39m Responding to client with driver.findElement() result: {"element-6066-11e4-a52e-4f735466cecf":"00000000-0000-0087-ffff-ffff00000021","ELEMENT":"00000000-0000-0087-ffff-ffff00000021"}
&amp#27;[35m[HTTP]&amp#27;[39m &amp#27;[37m<-- POST /wd/hub/session/2ad2d51b-0d2b-465c-ba86-e74cbbbea90b/element &amp#27;[39m&amp#27;[32m200&amp#27;[39m &amp#27;[90m3803 ms - 137&amp#27;[39m
&amp#27;[35m[HTTP]&amp#27;[39m &amp#27;[90m&amp#27;[39m
&amp#27;[35m[HTTP]&amp#27;[39m &amp#27;[37m-->&amp#27;[39m &amp#27;[37mPOST&amp#27;[39m &amp#27;[37m/wd/hub/session/2ad2d51b-0d2b-465c-ba86-e74cbbbea90b/element/00000000-0000-0087-ffff-ffff00000021/click&amp#27;[39m
&amp#27;[35m[HTTP]&amp#27;[39m &amp#27;[90m{"id":"00000000-0000-0087-ffff-ffff00000021"}&amp#27;[39m
[debug] &amp#27;[35m[W3C (2ad2d51b)]&amp#27;[39m Calling AppiumDriver.click() with args: ["00000000-0000-0087-ffff-ffff00000021","2ad2d51b-0d2b-465c-ba86-e74cbbbea90b"]
[debug] &amp#27;[35m[WD Proxy]&amp#27;[39m Matched '/element/00000000-0000-0087-ffff-ffff00000021/click' to command name 'click'
[debug] &amp#27;[35m[WD Proxy]&amp#27;[39m Proxying [POST /element/00000000-0000-0087-ffff-ffff00000021/click] to [POST http://127.0.0.1:8202/wd/hub/session/c275791d-29ec-456a-a1c7-065e8870d592/element/00000000-0000-0087-ffff-ffff00000021/click] with body: {"element":"00000000-0000-0087-ffff-ffff00000021"}
[debug] &amp#27;[35m[WD Proxy]&amp#27;[39m Got response with status 200: {"sessionId":"c275791d-29ec-456a-a1c7-065e8870d592","value":null}
[debug] &amp#27;[35m[W3C (2ad2d51b)]&amp#27;[39m Responding to client with driver.click() result: null
&amp#27;[35m[HTTP]&amp#27;[39m &amp#27;[37m<-- POST /wd/hub/session/2ad2d51b-0d2b-465c-ba86-e74cbbbea90b/element/00000000-0000-0087-ffff-ffff00000021/click &amp#27;[39m&amp#27;[32m200&amp#27;[39m &amp#27;[90m121 ms - 14&amp#27;[39m
&amp#27;[35m[HTTP]&amp#27;[39m &amp#27;[90m&amp#27;[39m
&amp#27;[35m[HTTP]&amp#27;[39m &amp#27;[37m-->&amp#27;[39m &amp#27;[37mPOST&amp#27;[39m &amp#27;[37m/wd/hub/session/2ad2d51b-0d2b-465c-ba86-e74cbbbea90b/element&amp#27;[39m
&amp#27;[35m[HTTP]&amp#27;[39m &amp#27;[90m{"using":"id","value":"android:id/text1"}&amp#27;[39m
[debug] &amp#27;[35m[W3C (2ad2d51b)]&amp#27;[39m Calling AppiumDriver.findElement() with args: ["id","android:id/text1","2ad2d51b-0d2b-465c-ba86-e74cbbbea90b"]
[debug] &amp#27;[35m[BaseDriver]&amp#27;[39m Valid locator strategies for this request: xpath, id, class name, accessibility id, css selector, -android uiautomator
[debug] &amp#27;[35m[BaseDriver]&amp#27;[39m Waiting up to 30000 ms for condition
[debug] &amp#27;[35m[WD Proxy]&amp#27;[39m Matched '/element' to command name 'findElement'
[debug] &amp#27;[35m[WD Proxy]&amp#27;[39m Proxying [POST /element] to [POST http://127.0.0.1:8202/wd/hub/session/c275791d-29ec-456a-a1c7-065e8870d592/element] with body: {"strategy":"id","selector":"android:id/text1","context":"","multiple":false}
[debug] &amp#27;[35m[WD Proxy]&amp#27;[39m Got response with status 200: {"sessionId":"c275791d-29ec-456a-a1c7-065e8870d592","value":{"ELEMENT":"00000000-0000-0087-ffff-ffff0000001f","element-6066-11e4-a52e-4f735466cecf":"00000000-0000-0087-ffff-ffff0000001f"}}
[debug] &amp#27;[35m[W3C (2ad2d51b)]&amp#27;[39m Responding to client with driver.findElement() result: {"element-6066-11e4-a52e-4f735466cecf":"00000000-0000-0087-ffff-ffff0000001f","ELEMENT":"00000000-0000-0087-ffff-ffff0000001f"}
&amp#27;[35m[HTTP]&amp#27;[39m &amp#27;[37m<-- POST /wd/hub/session/2ad2d51b-0d2b-465c-ba86-e74cbbbea90b/element &amp#27;[39m&amp#27;[32m200&amp#27;[39m &amp#27;[90m501 ms - 137&amp#27;[39m
&amp#27;[35m[HTTP]&amp#27;[39m &amp#27;[90m&amp#27;[39m
&amp#27;[35m[HTTP]&amp#27;[39m &amp#27;[37m-->&amp#27;[39m &amp#27;[37mPOST&amp#27;[39m &amp#27;[37m/wd/hub/session/2ad2d51b-0d2b-465c-ba86-e74cbbbea90b/element/00000000-0000-0087-ffff-ffff0000001f/click&amp#27;[39m
&amp#27;[35m[HTTP]&amp#27;[39m &amp#27;[90m{"id":"00000000-0000-0087-ffff-ffff0000001f"}&amp#27;[39m
[debug] &amp#27;[35m[W3C (2ad2d51b)]&amp#27;[39m Calling AppiumDriver.click() with args: ["00000000-0000-0087-ffff-ffff0000001f","2ad2d51b-0d2b-465c-ba86-e74cbbbea90b"]
[debug] &amp#27;[35m[WD Proxy]&amp#27;[39m Matched '/element/00000000-0000-0087-ffff-ffff0000001f/click' to command name 'click'
[debug] &amp#27;[35m[WD Proxy]&amp#27;[39m Proxying [POST /element/00000000-0000-0087-ffff-ffff0000001f/click] to [POST http://127.0.0.1:8202/wd/hub/session/c275791d-29ec-456a-a1c7-065e8870d592/element/00000000-0000-0087-ffff-ffff0000001f/click] with body: {"element":"00000000-0000-0087-ffff-ffff0000001f"}
[debug] &amp#27;[35m[WD Proxy]&amp#27;[39m Got response with status 200: {"sessionId":"c275791d-29ec-456a-a1c7-065e8870d592","value":null}
[debug] &amp#27;[35m[W3C (2ad2d51b)]&amp#27;[39m Responding to client with driver.click() result: null
&amp#27;[35m[HTTP]&amp#27;[39m &amp#27;[37m<-- POST /wd/hub/session/2ad2d51b-0d2b-465c-ba86-e74cbbbea90b/element/00000000-0000-0087-ffff-ffff0000001f/click &amp#27;[39m&amp#27;[32m200&amp#27;[39m &amp#27;[90m280 ms - 14&amp#27;[39m
&amp#27;[35m[HTTP]&amp#27;[39m &amp#27;[90m&amp#27;[39m
&amp#27;[35m[HTTP]&amp#27;[39m &amp#27;[37m-->&amp#27;[39m &amp#27;[37mPOST&amp#27;[39m &amp#27;[37m/wd/hub/session/2ad2d51b-0d2b-465c-ba86-e74cbbbea90b/element&amp#27;[39m
&amp#27;[35m[HTTP]&amp#27;[39m &amp#27;[90m{"using":"-android uiautomator","value":"new UiScrollable(new UiSelector()).scrollIntoView(text(\"Italy\"))"}&amp#27;[39m
[debug] &amp#27;[35m[W3C (2ad2d51b)]&amp#27;[39m Calling AppiumDriver.findElement() with args: ["-android uiautomator","new UiScrollable(new UiSelector()).scrollIntoView(text(\"Italy\"))","2ad2d51b-0d2b-465c-ba86-e74cbbbea90b"]
[debug] &amp#27;[35m[BaseDriver]&amp#27;[39m Valid locator strategies for this request: xpath, id, class name, accessibility id, css selector, -android uiautomator
[debug] &amp#27;[35m[BaseDriver]&amp#27;[39m Waiting up to 30000 ms for condition
[debug] &amp#27;[35m[WD Proxy]&amp#27;[39m Matched '/element' to command name 'findElement'
[debug] &amp#27;[35m[WD Proxy]&amp#27;[39m Proxying [POST /element] to [POST http://127.0.0.1:8202/wd/hub/session/c275791d-29ec-456a-a1c7-065e8870d592/element] with body: {"strategy":"-android uiautomator","selector":"new UiScrollable(new UiSelector()).scrollIntoView(text(\"Italy\"))","context":"","multiple":false}
[debug] &amp#27;[35m[WD Proxy]&amp#27;[39m Got response with status 200: {"sessionId":"c275791d-29ec-456a-a1c7-065e8870d592","value":{"ELEMENT":"00000000-0000-0088-ffff-ffff00000028","element-6066-11e4-a52e-4f735466cecf":"00000000-0000-0088-ffff-ffff00000028"}}
[debug] &amp#27;[35m[W3C (2ad2d51b)]&amp#27;[39m Responding to client with driver.findElement() result: {"element-6066-11e4-a52e-4f735466cecf":"00000000-0000-0088-ffff-ffff00000028","ELEMENT":"00000000-0000-0088-ffff-ffff00000028"}
&amp#27;[35m[HTTP]&amp#27;[39m &amp#27;[37m<-- POST /wd/hub/session/2ad2d51b-0d2b-465c-ba86-e74cbbbea90b/element &amp#27;[39m&amp#27;[32m200&amp#27;[39m &amp#27;[90m85406 ms - 137&amp#27;[39m
&amp#27;[35m[HTTP]&amp#27;[39m &amp#27;[90m&amp#27;[39m
&amp#27;[35m[HTTP]&amp#27;[39m &amp#27;[37m-->&amp#27;[39m &amp#27;[37mPOST&amp#27;[39m &amp#27;[37m/wd/hub/session/2ad2d51b-0d2b-465c-ba86-e74cbbbea90b/element&amp#27;[39m
&amp#27;[35m[HTTP]&amp#27;[39m &amp#27;[90m{"using":"xpath","value":"//android.widget.TextView[@text='Italy']"}&amp#27;[39m
[debug] &amp#27;[35m[W3C (2ad2d51b)]&amp#27;[39m Calling AppiumDriver.findElement() with args: ["xpath","//android.widget.TextView[@text='Italy']","2ad2d51b-0d2b-465c-ba86-e74cbbbea90b"]
[debug] &amp#27;[35m[BaseDriver]&amp#27;[39m Valid locator strategies for this request: xpath, id, class name, accessibility id, css selector, -android uiautomator
[debug] &amp#27;[35m[BaseDriver]&amp#27;[39m Waiting up to 30000 ms for condition
[debug] &amp#27;[35m[WD Proxy]&amp#27;[39m Matched '/element' to command name 'findElement'
[debug] &amp#27;[35m[WD Proxy]&amp#27;[39m Proxying [POST /element] to [POST http://127.0.0.1:8202/wd/hub/session/c275791d-29ec-456a-a1c7-065e8870d592/element] with body: {"strategy":"xpath","selector":"//android.widget.TextView[@text='Italy']","context":"","multiple":false}
[debug] &amp#27;[35m[WD Proxy]&amp#27;[39m Got response with status 200: {"sessionId":"c275791d-29ec-456a-a1c7-065e8870d592","value":{"ELEMENT":"00000000-0000-0088-ffff-ffff00000028","element-6066-11e4-a52e-4f735466cecf":"00000000-0000-0088-ffff-ffff00000028"}}
[debug] &amp#27;[35m[W3C (2ad2d51b)]&amp#27;[39m Responding to client with driver.findElement() result: {"element-6066-11e4-a52e-4f735466cecf":"00000000-0000-0088-ffff-ffff00000028","ELEMENT":"00000000-0000-0088-ffff-ffff00000028"}
&amp#27;[35m[HTTP]&amp#27;[39m &amp#27;[37m<-- POST /wd/hub/session/2ad2d51b-0d2b-465c-ba86-e74cbbbea90b/element &amp#27;[39m&amp#27;[32m200&amp#27;[39m &amp#27;[90m296 ms - 137&amp#27;[39m
&amp#27;[35m[HTTP]&amp#27;[39m &amp#27;[90m&amp#27;[39m
&amp#27;[35m[HTTP]&amp#27;[39m &amp#27;[37m-->&amp#27;[39m &amp#27;[37mPOST&amp#27;[39m &amp#27;[37m/wd/hub/session/2ad2d51b-0d2b-465c-ba86-e74cbbbea90b/element/00000000-0000-0088-ffff-ffff00000028/click&amp#27;[39m
&amp#27;[35m[HTTP]&amp#27;[39m &amp#27;[90m{"id":"00000000-0000-0088-ffff-ffff00000028"}&amp#27;[39m
[debug] &amp#27;[35m[W3C (2ad2d51b)]&amp#27;[39m Calling AppiumDriver.click() with args: ["00000000-0000-0088-ffff-ffff00000028","2ad2d51b-0d2b-465c-ba86-e74cbbbea90b"]
[debug] &amp#27;[35m[WD Proxy]&amp#27;[39m Matched '/element/00000000-0000-0088-ffff-ffff00000028/click' to command name 'click'
[debug] &amp#27;[35m[WD Proxy]&amp#27;[39m Proxying [POST /element/00000000-0000-0088-ffff-ffff00000028/click] to [POST http://127.0.0.1:8202/wd/hub/session/c275791d-29ec-456a-a1c7-065e8870d592/element/00000000-0000-0088-ffff-ffff00000028/click] with body: {"element":"00000000-0000-0088-ffff-ffff00000028"}
[debug] &amp#27;[35m[WD Proxy]&amp#27;[39m Got response with status 200: {"sessionId":"c275791d-29ec-456a-a1c7-065e8870d592","value":null}
[debug] &amp#27;[35m[W3C (2ad2d51b)]&amp#27;[39m Responding to client with driver.click() result: null
&amp#27;[35m[HTTP]&amp#27;[39m &amp#27;[37m<-- POST /wd/hub/session/2ad2d51b-0d2b-465c-ba86-e74cbbbea90b/element/00000000-0000-0088-ffff-ffff00000028/click &amp#27;[39m&amp#27;[32m200&amp#27;[39m &amp#27;[90m742 ms - 14&amp#27;[39m
&amp#27;[35m[HTTP]&amp#27;[39m &amp#27;[90m&amp#27;[39m
&amp#27;[35m[HTTP]&amp#27;[39m &amp#27;[37m-->&amp#27;[39m &amp#27;[37mPOST&amp#27;[39m &amp#27;[37m/wd/hub/session/2ad2d51b-0d2b-465c-ba86-e74cbbbea90b/element&amp#27;[39m
&amp#27;[35m[HTTP]&amp#27;[39m &amp#27;[90m{"using":"id","value":"com.androidsample.generalstore:id/btnLetsShop"}&amp#27;[39m
[debug] &amp#27;[35m[W3C (2ad2d51b)]&amp#27;[39m Calling AppiumDriver.findElement() with args: ["id","com.androidsample.generalstore:id/btnLetsShop","2ad2d51b-0d2b-465c-ba86-e74cbbbea90b"]
[debug] &amp#27;[35m[BaseDriver]&amp#27;[39m Valid locator strategies for this request: xpath, id, class name, accessibility id, css selector, -android uiautomator
[debug] &amp#27;[35m[BaseDriver]&amp#27;[39m Waiting up to 30000 ms for condition
[debug] &amp#27;[35m[WD Proxy]&amp#27;[39m Matched '/element' to command name 'findElement'
[debug] &amp#27;[35m[WD Proxy]&amp#27;[39m Proxying [POST /element] to [POST http://127.0.0.1:8202/wd/hub/session/c275791d-29ec-456a-a1c7-065e8870d592/element] with body: {"strategy":"id","selector":"com.androidsample.generalstore:id/btnLetsShop","context":"","multiple":false}
[debug] &amp#27;[35m[WD Proxy]&amp#27;[39m Got response with status 200: {"sessionId":"c275791d-29ec-456a-a1c7-065e8870d592","value":{"ELEMENT":"00000000-0000-0087-ffff-ffff0000001e","element-6066-11e4-a52e-4f735466cecf":"00000000-0000-0087-ffff-ffff0000001e"}}
[debug] &amp#27;[35m[W3C (2ad2d51b)]&amp#27;[39m Responding to client with driver.findElement() result: {"element-6066-11e4-a52e-4f735466cecf":"00000000-0000-0087-ffff-ffff0000001e","ELEMENT":"00000000-0000-0087-ffff-ffff0000001e"}
&amp#27;[35m[HTTP]&amp#27;[39m &amp#27;[37m<-- POST /wd/hub/session/2ad2d51b-0d2b-465c-ba86-e74cbbbea90b/element &amp#27;[39m&amp#27;[32m200&amp#27;[39m &amp#27;[90m62 ms - 137&amp#27;[39m
&amp#27;[35m[HTTP]&amp#27;[39m &amp#27;[90m&amp#27;[39m
&amp#27;[35m[HTTP]&amp#27;[39m &amp#27;[37m-->&amp#27;[39m &amp#27;[37mPOST&amp#27;[39m &amp#27;[37m/wd/hub/session/2ad2d51b-0d2b-465c-ba86-e74cbbbea90b/element/00000000-0000-0087-ffff-ffff0000001e/click&amp#27;[39m
&amp#27;[35m[HTTP]&amp#27;[39m &amp#27;[90m{"id":"00000000-0000-0087-ffff-ffff0000001e"}&amp#27;[39m
[debug] &amp#27;[35m[W3C (2ad2d51b)]&amp#27;[39m Calling AppiumDriver.click() with args: ["00000000-0000-0087-ffff-ffff0000001e","2ad2d51b-0d2b-465c-ba86-e74cbbbea90b"]
[debug] &amp#27;[35m[WD Proxy]&amp#27;[39m Matched '/element/00000000-0000-0087-ffff-ffff0000001e/click' to command name 'click'
[debug] &amp#27;[35m[WD Proxy]&amp#27;[39m Proxying [POST /element/00000000-0000-0087-ffff-ffff0000001e/click] to [POST http://127.0.0.1:8202/wd/hub/session/c275791d-29ec-456a-a1c7-065e8870d592/element/00000000-0000-0087-ffff-ffff0000001e/click] with body: {"element":"00000000-0000-0087-ffff-ffff0000001e"}
[debug] &amp#27;[35m[WD Proxy]&amp#27;[39m Got response with status 200: {"sessionId":"c275791d-29ec-456a-a1c7-065e8870d592","value":null}
[debug] &amp#27;[35m[W3C (2ad2d51b)]&amp#27;[39m Responding to client with driver.click() result: null
&amp#27;[35m[HTTP]&amp#27;[39m &amp#27;[37m<-- POST /wd/hub/session/2ad2d51b-0d2b-465c-ba86-e74cbbbea90b/element/00000000-0000-0087-ffff-ffff0000001e/click &amp#27;[39m&amp#27;[32m200&amp#27;[39m &amp#27;[90m105 ms - 14&amp#27;[39m
&amp#27;[35m[HTTP]&amp#27;[39m &amp#27;[90m&amp#27;[39m
&amp#27;[35m[HTTP]&amp#27;[39m &amp#27;[37m-->&amp#27;[39m &amp#27;[37mPOST&amp#27;[39m &amp#27;[37m/wd/hub/session/2ad2d51b-0d2b-465c-ba86-e74cbbbea90b/element&amp#27;[39m
&amp#27;[35m[HTTP]&amp#27;[39m &amp#27;[90m{"using":"id","value":"com.androidsample.generalstore:id/nameField"}&amp#27;[39m
[debug] &amp#27;[35m[W3C (2ad2d51b)]&amp#27;[39m Calling AppiumDriver.findElement() with args: ["id","com.androidsample.generalstore:id/nameField","2ad2d51b-0d2b-465c-ba86-e74cbbbea90b"]
[debug] &amp#27;[35m[BaseDriver]&amp#27;[39m Valid locator strategies for this request: xpath, id, class name, accessibility id, css selector, -android uiautomator
[debug] &amp#27;[35m[BaseDriver]&amp#27;[39m Waiting up to 30000 ms for condition
[debug] &amp#27;[35m[WD Proxy]&amp#27;[39m Matched '/element' to command name 'findElement'
[debug] &amp#27;[35m[WD Proxy]&amp#27;[39m Proxying [POST /element] to [POST http://127.0.0.1:8202/wd/hub/session/c275791d-29ec-456a-a1c7-065e8870d592/element] with body: {"strategy":"id","selector":"com.androidsample.generalstore:id/nameField","context":"","multiple":false}
[debug] &amp#27;[35m[WD Proxy]&amp#27;[39m Got response with status 200: {"sessionId":"c275791d-29ec-456a-a1c7-065e8870d592","value":{"ELEMENT":"00000000-0000-0087-ffff-ffff0000001b","element-6066-11e4-a52e-4f735466cecf":"00000000-0000-0087-ffff-ffff0000001b"}}
[debug] &amp#27;[35m[W3C (2ad2d51b)]&amp#27;[39m Responding to client with driver.findElement() result: {"element-6066-11e4-a52e-4f735466cecf":"00000000-0000-0087-ffff-ffff0000001b","ELEMENT":"00000000-0000-0087-ffff-ffff0000001b"}
&amp#27;[35m[HTTP]&amp#27;[39m &amp#27;[37m<-- POST /wd/hub/session/2ad2d51b-0d2b-465c-ba86-e74cbbbea90b/element &amp#27;[39m&amp#27;[32m200&amp#27;[39m &amp#27;[90m492 ms - 137&amp#27;[39m
&amp#27;[35m[HTTP]&amp#27;[39m &amp#27;[90m&amp#27;[39m
&amp#27;[35m[HTTP]&amp#27;[39m &amp#27;[37m-->&amp#27;[39m &amp#27;[37mPOST&amp#27;[39m &amp#27;[37m/wd/hub/session/2ad2d51b-0d2b-465c-ba86-e74cbbbea90b/element/00000000-0000-0087-ffff-ffff0000001b/value&amp#27;[39m
&amp#27;[35m[HTTP]&amp#27;[39m &amp#27;[90m{"id":"00000000-0000-0087-ffff-ffff0000001b","text":"Hello","value":["H","e","l","l","o"]}&amp#27;[39m
[debug] &amp#27;[35m[W3C (2ad2d51b)]&amp#27;[39m Calling AppiumDriver.setValue() with args: [["H","e","l","l","o"],"00000000-0000-0087-ffff-ffff0000001b","2ad2d51b-0d2b-465c-ba86-e74cbbbea90b"]
[debug] &amp#27;[35m[WD Proxy]&amp#27;[39m Matched '/element/00000000-0000-0087-ffff-ffff0000001b/value' to command name 'setValue'
[debug] &amp#27;[35m[Protocol Converter]&amp#27;[39m Added 'value' property ["H","e","l","l","o"] to 'setValue' request body
[debug] &amp#27;[35m[WD Proxy]&amp#27;[39m Proxying [POST /element/00000000-0000-0087-ffff-ffff0000001b/value] to [POST http://127.0.0.1:8202/wd/hub/session/c275791d-29ec-456a-a1c7-065e8870d592/element/00000000-0000-0087-ffff-ffff0000001b/value] with body: {"elementId":"00000000-0000-0087-ffff-ffff0000001b","text":"Hello","replace":false,"value":["H","e","l","l","o"]}
[debug] &amp#27;[35m[WD Proxy]&amp#27;[39m Got response with status 200: {"sessionId":"c275791d-29ec-456a-a1c7-065e8870d592","value":null}
[debug] &amp#27;[35m[W3C (2ad2d51b)]&amp#27;[39m Responding to client with driver.setValue() result: null
&amp#27;[35m[HTTP]&amp#27;[39m &amp#27;[37m<-- POST /wd/hub/session/2ad2d51b-0d2b-465c-ba86-e74cbbbea90b/element/00000000-0000-0087-ffff-ffff0000001b/value &amp#27;[39m&amp#27;[32m200&amp#27;[39m &amp#27;[90m793 ms - 14&amp#27;[39m
&amp#27;[35m[HTTP]&amp#27;[39m &amp#27;[90m&amp#27;[39m
&amp#27;[35m[HTTP]&amp#27;[39m &amp#27;[37m-->&amp#27;[39m &amp#27;[37mPOST&amp#27;[39m &amp#27;[37m/wd/hub/session/2ad2d51b-0d2b-465c-ba86-e74cbbbea90b/element&amp#27;[39m
&amp#27;[35m[HTTP]&amp#27;[39m &amp#27;[90m{"using":"xpath","value":"//android.widget.Toast"}&amp#27;[39m
[debug] &amp#27;[35m[W3C (2ad2d51b)]&amp#27;[39m Calling AppiumDriver.findElement() with args: ["xpath","//android.widget.Toast","2ad2d51b-0d2b-465c-ba86-e74cbbbea90b"]
[debug] &amp#27;[35m[BaseDriver]&amp#27;[39m Valid locator strategies for this request: xpath, id, class name, accessibility id, css selector, -android uiautomator
[debug] &amp#27;[35m[BaseDriver]&amp#27;[39m Waiting up to 30000 ms for condition
[debug] &amp#27;[35m[WD Proxy]&amp#27;[39m Matched '/element' to command name 'findElement'
[debug] &amp#27;[35m[WD Proxy]&amp#27;[39m Proxying [POST /element] to [POST http://127.0.0.1:8202/wd/hub/session/c275791d-29ec-456a-a1c7-065e8870d592/element] with body: {"strategy":"xpath","selector":"//android.widget.Toast","context":"","multiple":false}
[debug] &amp#27;[35m[WD Proxy]&amp#27;[39m Got response with status 200: {"sessionId":"c275791d-29ec-456a-a1c7-065e8870d592","value":{"ELEMENT":"63552e60-6941-41d7-bc25-799bc81b3011","element-6066-11e4-a52e-4f735466cecf":"63552e60-6941-41d7-bc25-799bc81b3011"}}
[debug] &amp#27;[35m[W3C (2ad2d51b)]&amp#27;[39m Responding to client with driver.findElement() result: {"element-6066-11e4-a52e-4f735466cecf":"63552e60-6941-41d7-bc25-799bc81b3011","ELEMENT":"63552e60-6941-41d7-bc25-799bc81b3011"}
&amp#27;[35m[HTTP]&amp#27;[39m &amp#27;[37m<-- POST /wd/hub/session/2ad2d51b-0d2b-465c-ba86-e74cbbbea90b/element &amp#27;[39m&amp#27;[32m200&amp#27;[39m &amp#27;[90m677 ms - 137&amp#27;[39m
&amp#27;[35m[HTTP]&amp#27;[39m &amp#27;[90m&amp#27;[39m
&amp#27;[35m[HTTP]&amp#27;[39m &amp#27;[37m-->&amp#27;[39m &amp#27;[37mGET&amp#27;[39m &amp#27;[37m/wd/hub/session/2ad2d51b-0d2b-465c-ba86-e74cbbbea90b/element/63552e60-6941-41d7-bc25-799bc81b3011/attribute/name&amp#27;[39m
&amp#27;[35m[HTTP]&amp#27;[39m &amp#27;[90m{}&amp#27;[39m
[debug] &amp#27;[35m[W3C (2ad2d51b)]&amp#27;[39m Calling AppiumDriver.getAttribute() with args: ["name","63552e60-6941-41d7-bc25-799bc81b3011","2ad2d51b-0d2b-465c-ba86-e74cbbbea90b"]
[debug] &amp#27;[35m[WD Proxy]&amp#27;[39m Matched '/element/63552e60-6941-41d7-bc25-799bc81b3011/attribute/name' to command name 'getAttribute'
[debug] &amp#27;[35m[WD Proxy]&amp#27;[39m Proxying [GET /element/63552e60-6941-41d7-bc25-799bc81b3011/attribute/name] to [GET http://127.0.0.1:8202/wd/hub/session/c275791d-29ec-456a-a1c7-065e8870d592/element/63552e60-6941-41d7-bc25-799bc81b3011/attribute/name] with no body
[debug] &amp#27;[35m[WD Proxy]&amp#27;[39m Got response with status 200: {"sessionId":"c275791d-29ec-456a-a1c7-065e8870d592","value":"Please enter your name"}
[debug] &amp#27;[35m[W3C (2ad2d51b)]&amp#27;[39m Responding to client with driver.getAttribute() result: "Please enter your name"
&amp#27;[35m[HTTP]&amp#27;[39m &amp#27;[37m<-- GET /wd/hub/session/2ad2d51b-0d2b-465c-ba86-e74cbbbea90b/element/63552e60-6941-41d7-bc25-799bc81b3011/attribute/name &amp#27;[39m&amp#27;[32m200&amp#27;[39m &amp#27;[90m276 ms - 34&amp#27;[39m
&amp#27;[35m[HTTP]&amp#27;[39m &amp#27;[90m&amp#27;[39m
Please enter your name
&amp#27;[35m[HTTP]&amp#27;[39m &amp#27;[37m-->&amp#27;[39m &amp#27;[37mPOST&amp#27;[39m &amp#27;[37m/wd/hub/session/2ad2d51b-0d2b-465c-ba86-e74cbbbea90b/element&amp#27;[39m
&amp#27;[35m[HTTP]&amp#27;[39m &amp#27;[90m{"using":"id","value":"com.androidsample.generalstore:id/btnLetsShop"}&amp#27;[39m
[debug] &amp#27;[35m[W3C (2ad2d51b)]&amp#27;[39m Calling AppiumDriver.findElement() with args: ["id","com.androidsample.generalstore:id/btnLetsShop","2ad2d51b-0d2b-465c-ba86-e74cbbbea90b"]
[debug] &amp#27;[35m[BaseDriver]&amp#27;[39m Valid locator strategies for this request: xpath, id, class name, accessibility id, css selector, -android uiautomator
[debug] &amp#27;[35m[BaseDriver]&amp#27;[39m Waiting up to 30000 ms for condition
[debug] &amp#27;[35m[WD Proxy]&amp#27;[39m Matched '/element' to command name 'findElement'
[debug] &amp#27;[35m[WD Proxy]&amp#27;[39m Proxying [POST /element] to [POST http://127.0.0.1:8202/wd/hub/session/c275791d-29ec-456a-a1c7-065e8870d592/element] with body: {"strategy":"id","selector":"com.androidsample.generalstore:id/btnLetsShop","context":"","multiple":false}
[debug] &amp#27;[35m[WD Proxy]&amp#27;[39m Got response with status 200: {"sessionId":"c275791d-29ec-456a-a1c7-065e8870d592","value":{"ELEMENT":"00000000-0000-0087-ffff-ffff0000001e","element-6066-11e4-a52e-4f735466cecf":"00000000-0000-0087-ffff-ffff0000001e"}}
[debug] &amp#27;[35m[W3C (2ad2d51b)]&amp#27;[39m Responding to client with driver.findElement() result: {"element-6066-11e4-a52e-4f735466cecf":"00000000-0000-0087-ffff-ffff0000001e","ELEMENT":"00000000-0000-0087-ffff-ffff0000001e"}
&amp#27;[35m[HTTP]&amp#27;[39m &amp#27;[37m<-- POST /wd/hub/session/2ad2d51b-0d2b-465c-ba86-e74cbbbea90b/element &amp#27;[39m&amp#27;[32m200&amp#27;[39m &amp#27;[90m114 ms - 137&amp#27;[39m
&amp#27;[35m[HTTP]&amp#27;[39m &amp#27;[90m&amp#27;[39m
&amp#27;[35m[HTTP]&amp#27;[39m &amp#27;[37m-->&amp#27;[39m &amp#27;[37mPOST&amp#27;[39m &amp#27;[37m/wd/hub/session/2ad2d51b-0d2b-465c-ba86-e74cbbbea90b/element/00000000-0000-0087-ffff-ffff0000001e/click&amp#27;[39m
&amp#27;[35m[HTTP]&amp#27;[39m &amp#27;[90m{"id":"00000000-0000-0087-ffff-ffff0000001e"}&amp#27;[39m
[debug] &amp#27;[35m[W3C (2ad2d51b)]&amp#27;[39m Calling AppiumDriver.click() with args: ["00000000-0000-0087-ffff-ffff0000001e","2ad2d51b-0d2b-465c-ba86-e74cbbbea90b"]
[debug] &amp#27;[35m[WD Proxy]&amp#27;[39m Matched '/element/00000000-0000-0087-ffff-ffff0000001e/click' to command name 'click'
[debug] &amp#27;[35m[WD Proxy]&amp#27;[39m Proxying [POST /element/00000000-0000-0087-ffff-ffff0000001e/click] to [POST http://127.0.0.1:8202/wd/hub/session/c275791d-29ec-456a-a1c7-065e8870d592/element/00000000-0000-0087-ffff-ffff0000001e/click] with body: {"element":"00000000-0000-0087-ffff-ffff0000001e"}
[debug] &amp#27;[35m[WD Proxy]&amp#27;[39m Got response with status 200: {"sessionId":"c275791d-29ec-456a-a1c7-065e8870d592","value":null}
[debug] &amp#27;[35m[W3C (2ad2d51b)]&amp#27;[39m Responding to client with driver.click() result: null
&amp#27;[35m[HTTP]&amp#27;[39m &amp#27;[37m<-- POST /wd/hub/session/2ad2d51b-0d2b-465c-ba86-e74cbbbea90b/element/00000000-0000-0087-ffff-ffff0000001e/click &amp#27;[39m&amp#27;[32m200&amp#27;[39m &amp#27;[90m55 ms - 14&amp#27;[39m
&amp#27;[35m[HTTP]&amp#27;[39m &amp#27;[90m&amp#27;[39m
&amp#27;[35m[HTTP]&amp#27;[39m &amp#27;[37m-->&amp#27;[39m &amp#27;[37mPOST&amp#27;[39m &amp#27;[37m/wd/hub/session/2ad2d51b-0d2b-465c-ba86-e74cbbbea90b/elements&amp#27;[39m
&amp#27;[35m[HTTP]&amp#27;[39m &amp#27;[90m{"using":"id","value":"com.androidsample.generalstore:id/productName"}&amp#27;[39m
[debug] &amp#27;[35m[W3C (2ad2d51b)]&amp#27;[39m Calling AppiumDriver.findElements() with args: ["id","com.androidsample.generalstore:id/productName","2ad2d51b-0d2b-465c-ba86-e74cbbbea90b"]
[debug] &amp#27;[35m[BaseDriver]&amp#27;[39m Valid locator strategies for this request: xpath, id, class name, accessibility id, css selector, -android uiautomator
[debug] &amp#27;[35m[BaseDriver]&amp#27;[39m Waiting up to 30000 ms for condition
[debug] &amp#27;[35m[WD Proxy]&amp#27;[39m Matched '/elements' to command name 'findElements'
[debug] &amp#27;[35m[WD Proxy]&amp#27;[39m Proxying [POST /elements] to [POST http://127.0.0.1:8202/wd/hub/session/c275791d-29ec-456a-a1c7-065e8870d592/elements] with body: {"strategy":"id","selector":"com.androidsample.generalstore:id/productName","context":"","multiple":true}
[debug] &amp#27;[35m[WD Proxy]&amp#27;[39m Got response with status 200: {"sessionId":"c275791d-29ec-456a-a1c7-065e8870d592","value":[]}
[debug] &amp#27;[35m[BaseDriver]&amp#27;[39m Waited for 130 ms so far
[debug] &amp#27;[35m[WD Proxy]&amp#27;[39m Matched '/elements' to command name 'findElements'
[debug] &amp#27;[35m[WD Proxy]&amp#27;[39m Proxying [POST /elements] to [POST http://127.0.0.1:8202/wd/hub/session/c275791d-29ec-456a-a1c7-065e8870d592/elements] with body: {"strategy":"id","selector":"com.androidsample.generalstore:id/productName","context":"","multiple":true}
[debug] &amp#27;[35m[WD Proxy]&amp#27;[39m Got response with status 200: {"sessionId":"c275791d-29ec-456a-a1c7-065e8870d592","value":[{"ELEMENT":"00000000-0000-008a-ffff-ffff0000004f","element-6066-11e4-a52e-4f735466cecf":"00000000-0000-008a-ffff-ffff0000004f"}]}
[debug] &amp#27;[35m[W3C (2ad2d51b)]&amp#27;[39m Responding to client with driver.findElements() result: [{"element-6066-11e4-a52e-4f735466cecf":"00000000-0000-008a-ffff-ffff0000004f","ELEMENT":"00000000-0000-008a-ffff-ffff0000004f"}]
&amp#27;[35m[HTTP]&amp#27;[39m &amp#27;[37m<-- POST /wd/hub/session/2ad2d51b-0d2b-465c-ba86-e74cbbbea90b/elements &amp#27;[39m&amp#27;[32m200&amp#27;[39m &amp#27;[90m1388 ms - 139&amp#27;[39m
&amp#27;[35m[HTTP]&amp#27;[39m &amp#27;[90m&amp#27;[39m
1
&amp#27;[35m[HTTP]&amp#27;[39m &amp#27;[37m-->&amp#27;[39m &amp#27;[37mPOST&amp#27;[39m &amp#27;[37m/wd/hub/session/2ad2d51b-0d2b-465c-ba86-e74cbbbea90b/element&amp#27;[39m
&amp#27;[35m[HTTP]&amp#27;[39m &amp#27;[90m{"using":"-android uiautomator","value":"new UiScrollable(new UiSelector().resourceId(\"com.androidsample.generalstore:id/rvProductList\")).scrollIntoView(new UiSelector().textMatches(\"Air Jordan 4 Retro\").instance(0))"}&amp#27;[39m
[debug] &amp#27;[35m[W3C (2ad2d51b)]&amp#27;[39m Calling AppiumDriver.findElement() with args: ["-android uiautomator","new UiScrollable(new UiSelector().resourceId(\"com.androidsample.generalstore:id/rvProductList\")).scrollIntoView(new UiSelector().textMatches(\"Air Jordan 4 Retro\").instance(0))","2ad2d51b-0d2b-465c-ba86-e74cbbbea90b"]
[debug] &amp#27;[35m[BaseDriver]&amp#27;[39m Valid locator strategies for this request: xpath, id, class name, accessibility id, css selector, -android uiautomator
[debug] &amp#27;[35m[BaseDriver]&amp#27;[39m Waiting up to 30000 ms for condition
[debug] &amp#27;[35m[WD Proxy]&amp#27;[39m Matched '/element' to command name 'findElement'
[debug] &amp#27;[35m[WD Proxy]&amp#27;[39m Proxying [POST /element] to [POST http://127.0.0.1:8202/wd/hub/session/c275791d-29ec-456a-a1c7-065e8870d592/element] with body: {"strategy":"-android uiautomator","selector":"new UiScrollable(new UiSelector().resourceId(\"com.androidsample.generalstore:id/rvProductList\")).scrollIntoView(new UiSelector().textMatches(\"Air Jordan 4 Retro\").instance(0))","context":"","multiple":false}
[debug] &amp#27;[35m[WD Proxy]&amp#27;[39m Got response with status 200: {"sessionId":"c275791d-29ec-456a-a1c7-065e8870d592","value":{"ELEMENT":"00000000-0000-008a-ffff-ffff0000004f","element-6066-11e4-a52e-4f735466cecf":"00000000-0000-008a-ffff-ffff0000004f"}}
[debug] &amp#27;[35m[W3C (2ad2d51b)]&amp#27;[39m Responding to client with driver.findElement() result: {"element-6066-11e4-a52e-4f735466cecf":"00000000-0000-008a-ffff-ffff0000004f","ELEMENT":"00000000-0000-008a-ffff-ffff0000004f"}
&amp#27;[35m[HTTP]&amp#27;[39m &amp#27;[37m<-- POST /wd/hub/session/2ad2d51b-0d2b-465c-ba86-e74cbbbea90b/element &amp#27;[39m&amp#27;[32m200&amp#27;[39m &amp#27;[90m91 ms - 137&amp#27;[39m
&amp#27;[35m[HTTP]&amp#27;[39m &amp#27;[90m&amp#27;[39m
&amp#27;[35m[HTTP]&amp#27;[39m &amp#27;[37m-->&amp#27;[39m &amp#27;[37mPOST&amp#27;[39m &amp#27;[37m/wd/hub/session/2ad2d51b-0d2b-465c-ba86-e74cbbbea90b/elements&amp#27;[39m
&amp#27;[35m[HTTP]&amp#27;[39m &amp#27;[90m{"using":"-android uiautomator","value":"new UiScrollable(new UiSelector().resourceId(\"com.androidsample.generalstore:id/productAddCart\")).scrollIntoView(new UiSelector().textMatches(\"ADD TO CART\").instance(0))"}&amp#27;[39m
[debug] &amp#27;[35m[W3C (2ad2d51b)]&amp#27;[39m Calling AppiumDriver.findElements() with args: ["-android uiautomator","new UiScrollable(new UiSelector().resourceId(\"com.androidsample.generalstore:id/productAddCart\")).scrollIntoView(new UiSelector().textMatches(\"ADD TO CART\").instance(0))","2ad2d51b-0d2b-465c-ba86-e74cbbbea90b"]
[debug] &amp#27;[35m[BaseDriver]&amp#27;[39m Valid locator strategies for this request: xpath, id, class name, accessibility id, css selector, -android uiautomator
[debug] &amp#27;[35m[BaseDriver]&amp#27;[39m Waiting up to 30000 ms for condition
[debug] &amp#27;[35m[WD Proxy]&amp#27;[39m Matched '/elements' to command name 'findElements'
[debug] &amp#27;[35m[WD Proxy]&amp#27;[39m Proxying [POST /elements] to [POST http://127.0.0.1:8202/wd/hub/session/c275791d-29ec-456a-a1c7-065e8870d592/elements] with body: {"strategy":"-android uiautomator","selector":"new UiScrollable(new UiSelector().resourceId(\"com.androidsample.generalstore:id/productAddCart\")).scrollIntoView(new UiSelector().textMatches(\"ADD TO CART\").instance(0))","context":"","multiple":true}
[debug] &amp#27;[35m[WD Proxy]&amp#27;[39m Got response with status 200: {"sessionId":"c275791d-29ec-456a-a1c7-065e8870d592","value":[{"ELEMENT":"00000000-0000-008a-ffff-ffff00000053","element-6066-11e4-a52e-4f735466cecf":"00000000-0000-008a-ffff-ffff00000053"}]}
[debug] &amp#27;[35m[W3C (2ad2d51b)]&amp#27;[39m Responding to client with driver.findElements() result: [{"element-6066-11e4-a52e-4f735466cecf":"00000000-0000-008a-ffff-ffff00000053","ELEMENT":"00000000-0000-008a-ffff-ffff00000053"}]
&amp#27;[35m[HTTP]&amp#27;[39m &amp#27;[37m<-- POST /wd/hub/session/2ad2d51b-0d2b-465c-ba86-e74cbbbea90b/elements &amp#27;[39m&amp#27;[32m200&amp#27;[39m &amp#27;[90m101 ms - 139&amp#27;[39m
&amp#27;[35m[HTTP]&amp#27;[39m &amp#27;[90m&amp#27;[39m
&amp#27;[35m[HTTP]&amp#27;[39m &amp#27;[37m-->&amp#27;[39m &amp#27;[37mPOST&amp#27;[39m &amp#27;[37m/wd/hub/session/2ad2d51b-0d2b-465c-ba86-e74cbbbea90b/element/00000000-0000-008a-ffff-ffff00000053/click&amp#27;[39m
&amp#27;[35m[HTTP]&amp#27;[39m &amp#27;[90m{"id":"00000000-0000-008a-ffff-ffff00000053"}&amp#27;[39m
[debug] &amp#27;[35m[W3C (2ad2d51b)]&amp#27;[39m Calling AppiumDriver.click() with args: ["00000000-0000-008a-ffff-ffff00000053","2ad2d51b-0d2b-465c-ba86-e74cbbbea90b"]
[debug] &amp#27;[35m[WD Proxy]&amp#27;[39m Matched '/element/00000000-0000-008a-ffff-ffff00000053/click' to command name 'click'
[debug] &amp#27;[35m[WD Proxy]&amp#27;[39m Proxying [POST /element/00000000-0000-008a-ffff-ffff00000053/click] to [POST http://127.0.0.1:8202/wd/hub/session/c275791d-29ec-456a-a1c7-065e8870d592/element/00000000-0000-008a-ffff-ffff00000053/click] with body: {"element":"00000000-0000-008a-ffff-ffff00000053"}
[debug] &amp#27;[35m[WD Proxy]&amp#27;[39m Got response with status 200: {"sessionId":"c275791d-29ec-456a-a1c7-065e8870d592","value":null}
[debug] &amp#27;[35m[W3C (2ad2d51b)]&amp#27;[39m Responding to client with driver.click() result: null
&amp#27;[35m[HTTP]&amp#27;[39m &amp#27;[37m<-- POST /wd/hub/session/2ad2d51b-0d2b-465c-ba86-e74cbbbea90b/element/00000000-0000-008a-ffff-ffff00000053/click &amp#27;[39m&amp#27;[32m200&amp#27;[39m &amp#27;[90m111 ms - 14&amp#27;[39m
&amp#27;[35m[HTTP]&amp#27;[39m &amp#27;[90m&amp#27;[39m
&amp#27;[35m[HTTP]&amp#27;[39m &amp#27;[37m-->&amp#27;[39m &amp#27;[37mPOST&amp#27;[39m &amp#27;[37m/wd/hub/session/2ad2d51b-0d2b-465c-ba86-e74cbbbea90b/element&amp#27;[39m
&amp#27;[35m[HTTP]&amp#27;[39m &amp#27;[90m{"using":"-android uiautomator","value":"new UiScrollable(new UiSelector().resourceId(\"com.androidsample.generalstore:id/rvProductList\")).scrollIntoView(new UiSelector().textMatches(\"Jordan 6 Rings\").instance(0))"}&amp#27;[39m
[debug] &amp#27;[35m[W3C (2ad2d51b)]&amp#27;[39m Calling AppiumDriver.findElement() with args: ["-android uiautomator","new UiScrollable(new UiSelector().resourceId(\"com.androidsample.generalstore:id/rvProductList\")).scrollIntoView(new UiSelector().textMatches(\"Jordan 6 Rings\").instance(0))","2ad2d51b-0d2b-465c-ba86-e74cbbbea90b"]
[debug] &amp#27;[35m[BaseDriver]&amp#27;[39m Valid locator strategies for this request: xpath, id, class name, accessibility id, css selector, -android uiautomator
[debug] &amp#27;[35m[BaseDriver]&amp#27;[39m Waiting up to 30000 ms for condition
[debug] &amp#27;[35m[WD Proxy]&amp#27;[39m Matched '/element' to command name 'findElement'
[debug] &amp#27;[35m[WD Proxy]&amp#27;[39m Proxying [POST /element] to [POST http://127.0.0.1:8202/wd/hub/session/c275791d-29ec-456a-a1c7-065e8870d592/element] with body: {"strategy":"-android uiautomator","selector":"new UiScrollable(new UiSelector().resourceId(\"com.androidsample.generalstore:id/rvProductList\")).scrollIntoView(new UiSelector().textMatches(\"Jordan 6 Rings\").instance(0))","context":"","multiple":false}
[debug] &amp#27;[35m[WD Proxy]&amp#27;[39m Got response with status 200: {"sessionId":"c275791d-29ec-456a-a1c7-065e8870d592","value":{"ELEMENT":"00000000-0000-008a-ffff-ffff00000072","element-6066-11e4-a52e-4f735466cecf":"00000000-0000-008a-ffff-ffff00000072"}}
[debug] &amp#27;[35m[W3C (2ad2d51b)]&amp#27;[39m Responding to client with driver.findElement() result: {"element-6066-11e4-a52e-4f735466cecf":"00000000-0000-008a-ffff-ffff00000072","ELEMENT":"00000000-0000-008a-ffff-ffff00000072"}
&amp#27;[35m[HTTP]&amp#27;[39m &amp#27;[37m<-- POST /wd/hub/session/2ad2d51b-0d2b-465c-ba86-e74cbbbea90b/element &amp#27;[39m&amp#27;[32m200&amp#27;[39m &amp#27;[90m20252 ms - 137&amp#27;[39m
&amp#27;[35m[HTTP]&amp#27;[39m &amp#27;[90m&amp#27;[39m
&amp#27;[35m[HTTP]&amp#27;[39m &amp#27;[37m-->&amp#27;[39m &amp#27;[37mPOST&amp#27;[39m &amp#27;[37m/wd/hub/session/2ad2d51b-0d2b-465c-ba86-e74cbbbea90b/elements&amp#27;[39m
&amp#27;[35m[HTTP]&amp#27;[39m &amp#27;[90m{"using":"-android uiautomator","value":"new UiScrollable(new UiSelector().resourceId(\"com.androidsample.generalstore:id/productAddCart\")).scrollIntoView(new UiSelector().textMatches(\"ADD TO CART\").instance(0))"}&amp#27;[39m
[debug] &amp#27;[35m[W3C (2ad2d51b)]&amp#27;[39m Calling AppiumDriver.findElements() with args: ["-android uiautomator","new UiScrollable(new UiSelector().resourceId(\"com.androidsample.generalstore:id/productAddCart\")).scrollIntoView(new UiSelector().textMatches(\"ADD TO CART\").instance(0))","2ad2d51b-0d2b-465c-ba86-e74cbbbea90b"]
[debug] &amp#27;[35m[BaseDriver]&amp#27;[39m Valid locator strategies for this request: xpath, id, class name, accessibility id, css selector, -android uiautomator
[debug] &amp#27;[35m[BaseDriver]&amp#27;[39m Waiting up to 30000 ms for condition
[debug] &amp#27;[35m[WD Proxy]&amp#27;[39m Matched '/elements' to command name 'findElements'
[debug] &amp#27;[35m[WD Proxy]&amp#27;[39m Proxying [POST /elements] to [POST http://127.0.0.1:8202/wd/hub/session/c275791d-29ec-456a-a1c7-065e8870d592/elements] with body: {"strategy":"-android uiautomator","selector":"new UiScrollable(new UiSelector().resourceId(\"com.androidsample.generalstore:id/productAddCart\")).scrollIntoView(new UiSelector().textMatches(\"ADD TO CART\").instance(0))","context":"","multiple":true}
[debug] &amp#27;[35m[WD Proxy]&amp#27;[39m Got response with status 200: {"sessionId":"c275791d-29ec-456a-a1c7-065e8870d592","value":[{"ELEMENT":"00000000-0000-008a-ffff-ffff00000076","element-6066-11e4-a52e-4f735466cecf":"00000000-0000-008a-ffff-ffff00000076"}]}
[debug] &amp#27;[35m[W3C (2ad2d51b)]&amp#27;[39m Responding to client with driver.findElements() result: [{"element-6066-11e4-a52e-4f735466cecf":"00000000-0000-008a-ffff-ffff00000076","ELEMENT":"00000000-0000-008a-ffff-ffff00000076"}]
&amp#27;[35m[HTTP]&amp#27;[39m &amp#27;[37m<-- POST /wd/hub/session/2ad2d51b-0d2b-465c-ba86-e74cbbbea90b/elements &amp#27;[39m&amp#27;[32m200&amp#27;[39m &amp#27;[90m119 ms - 139&amp#27;[39m
&amp#27;[35m[HTTP]&amp#27;[39m &amp#27;[90m&amp#27;[39m
&amp#27;[35m[HTTP]&amp#27;[39m &amp#27;[37m-->&amp#27;[39m &amp#27;[37mPOST&amp#27;[39m &amp#27;[37m/wd/hub/session/2ad2d51b-0d2b-465c-ba86-e74cbbbea90b/element/00000000-0000-008a-ffff-ffff00000076/click&amp#27;[39m
&amp#27;[35m[HTTP]&amp#27;[39m &amp#27;[90m{"id":"00000000-0000-008a-ffff-ffff00000076"}&amp#27;[39m
[debug] &amp#27;[35m[W3C (2ad2d51b)]&amp#27;[39m Calling AppiumDriver.click() with args: ["00000000-0000-008a-ffff-ffff00000076","2ad2d51b-0d2b-465c-ba86-e74cbbbea90b"]
[debug] &amp#27;[35m[WD Proxy]&amp#27;[39m Matched '/element/00000000-0000-008a-ffff-ffff00000076/click' to command name 'click'
[debug] &amp#27;[35m[WD Proxy]&amp#27;[39m Proxying [POST /element/00000000-0000-008a-ffff-ffff00000076/click] to [POST http://127.0.0.1:8202/wd/hub/session/c275791d-29ec-456a-a1c7-065e8870d592/element/00000000-0000-008a-ffff-ffff00000076/click] with body: {"element":"00000000-0000-008a-ffff-ffff00000076"}
[debug] &amp#27;[35m[WD Proxy]&amp#27;[39m Got response with status 200: {"sessionId":"c275791d-29ec-456a-a1c7-065e8870d592","value":null}
[debug] &amp#27;[35m[W3C (2ad2d51b)]&amp#27;[39m Responding to client with driver.click() result: null
&amp#27;[35m[HTTP]&amp#27;[39m &amp#27;[37m<-- POST /wd/hub/session/2ad2d51b-0d2b-465c-ba86-e74cbbbea90b/element/00000000-0000-008a-ffff-ffff00000076/click &amp#27;[39m&amp#27;[32m200&amp#27;[39m &amp#27;[90m103 ms - 14&amp#27;[39m
&amp#27;[35m[HTTP]&amp#27;[39m &amp#27;[90m&amp#27;[39m
&amp#27;[35m[HTTP]&amp#27;[39m &amp#27;[37m-->&amp#27;[39m &amp#27;[37mPOST&amp#27;[39m &amp#27;[37m/wd/hub/session/2ad2d51b-0d2b-465c-ba86-e74cbbbea90b/element&amp#27;[39m
&amp#27;[35m[HTTP]&amp#27;[39m &amp#27;[90m{"using":"id","value":"com.androidsample.generalstore:id/appbar_btn_cart"}&amp#27;[39m
[debug] &amp#27;[35m[W3C (2ad2d51b)]&amp#27;[39m Calling AppiumDriver.findElement() with args: ["id","com.androidsample.generalstore:id/appbar_btn_cart","2ad2d51b-0d2b-465c-ba86-e74cbbbea90b"]
[debug] &amp#27;[35m[BaseDriver]&amp#27;[39m Valid locator strategies for this request: xpath, id, class name, accessibility id, css selector, -android uiautomator
[debug] &amp#27;[35m[BaseDriver]&amp#27;[39m Waiting up to 30000 ms for condition
[debug] &amp#27;[35m[WD Proxy]&amp#27;[39m Matched '/element' to command name 'findElement'
[debug] &amp#27;[35m[WD Proxy]&amp#27;[39m Proxying [POST /element] to [POST http://127.0.0.1:8202/wd/hub/session/c275791d-29ec-456a-a1c7-065e8870d592/element] with body: {"strategy":"id","selector":"com.androidsample.generalstore:id/appbar_btn_cart","context":"","multiple":false}
[debug] &amp#27;[35m[WD Proxy]&amp#27;[39m Got response with status 200: {"sessionId":"c275791d-29ec-456a-a1c7-065e8870d592","value":{"ELEMENT":"00000000-0000-008a-ffff-ffff00000043","element-6066-11e4-a52e-4f735466cecf":"00000000-0000-008a-ffff-ffff00000043"}}
[debug] &amp#27;[35m[W3C (2ad2d51b)]&amp#27;[39m Responding to client with driver.findElement() result: {"element-6066-11e4-a52e-4f735466cecf":"00000000-0000-008a-ffff-ffff00000043","ELEMENT":"00000000-0000-008a-ffff-ffff00000043"}
&amp#27;[35m[HTTP]&amp#27;[39m &amp#27;[37m<-- POST /wd/hub/session/2ad2d51b-0d2b-465c-ba86-e74cbbbea90b/element &amp#27;[39m&amp#27;[32m200&amp#27;[39m &amp#27;[90m584 ms - 137&amp#27;[39m
&amp#27;[35m[HTTP]&amp#27;[39m &amp#27;[90m&amp#27;[39m
&amp#27;[35m[HTTP]&amp#27;[39m &amp#27;[37m-->&amp#27;[39m &amp#27;[37mPOST&amp#27;[39m &amp#27;[37m/wd/hub/session/2ad2d51b-0d2b-465c-ba86-e74cbbbea90b/element/00000000-0000-008a-ffff-ffff00000043/click&amp#27;[39m
&amp#27;[35m[HTTP]&amp#27;[39m &amp#27;[90m{"id":"00000000-0000-008a-ffff-ffff00000043"}&amp#27;[39m
[debug] &amp#27;[35m[W3C (2ad2d51b)]&amp#27;[39m Calling AppiumDriver.click() with args: ["00000000-0000-008a-ffff-ffff00000043","2ad2d51b-0d2b-465c-ba86-e74cbbbea90b"]
[debug] &amp#27;[35m[WD Proxy]&amp#27;[39m Matched '/element/00000000-0000-008a-ffff-ffff00000043/click' to command name 'click'
[debug] &amp#27;[35m[WD Proxy]&amp#27;[39m Proxying [POST /element/00000000-0000-008a-ffff-ffff00000043/click] to [POST http://127.0.0.1:8202/wd/hub/session/c275791d-29ec-456a-a1c7-065e8870d592/element/00000000-0000-008a-ffff-ffff00000043/click] with body: {"element":"00000000-0000-008a-ffff-ffff00000043"}
[debug] &amp#27;[35m[WD Proxy]&amp#27;[39m Got response with status 200: {"sessionId":"c275791d-29ec-456a-a1c7-065e8870d592","value":null}
[debug] &amp#27;[35m[W3C (2ad2d51b)]&amp#27;[39m Responding to client with driver.click() result: null
&amp#27;[35m[HTTP]&amp#27;[39m &amp#27;[37m<-- POST /wd/hub/session/2ad2d51b-0d2b-465c-ba86-e74cbbbea90b/element/00000000-0000-008a-ffff-ffff00000043/click &amp#27;[39m&amp#27;[32m200&amp#27;[39m &amp#27;[90m110 ms - 14&amp#27;[39m
&amp#27;[35m[HTTP]&amp#27;[39m &amp#27;[90m&amp#27;[39m
&amp#27;[35m[HTTP]&amp#27;[39m &amp#27;[37m-->&amp#27;[39m &amp#27;[37mPOST&amp#27;[39m &amp#27;[37m/wd/hub/session/2ad2d51b-0d2b-465c-ba86-e74cbbbea90b/elements&amp#27;[39m
&amp#27;[35m[HTTP]&amp#27;[39m &amp#27;[90m{"using":"id","value":"com.androidsample.generalstore:id/productPrice"}&amp#27;[39m
[debug] &amp#27;[35m[W3C (2ad2d51b)]&amp#27;[39m Calling AppiumDriver.findElements() with args: ["id","com.androidsample.generalstore:id/productPrice","2ad2d51b-0d2b-465c-ba86-e74cbbbea90b"]
[debug] &amp#27;[35m[BaseDriver]&amp#27;[39m Valid locator strategies for this request: xpath, id, class name, accessibility id, css selector, -android uiautomator
[debug] &amp#27;[35m[BaseDriver]&amp#27;[39m Waiting up to 30000 ms for condition
[debug] &amp#27;[35m[WD Proxy]&amp#27;[39m Matched '/elements' to command name 'findElements'
[debug] &amp#27;[35m[WD Proxy]&amp#27;[39m Proxying [POST /elements] to [POST http://127.0.0.1:8202/wd/hub/session/c275791d-29ec-456a-a1c7-065e8870d592/elements] with body: {"strategy":"id","selector":"com.androidsample.generalstore:id/productPrice","context":"","multiple":true}
[debug] &amp#27;[35m[WD Proxy]&amp#27;[39m Got response with status 200: {"sessionId":"c275791d-29ec-456a-a1c7-065e8870d592","value":[{"ELEMENT":"00000000-0000-008b-ffff-ffff00000097","element-6066-11e4-a52e-4f735466cecf":"00000000-0000-008b-ffff-ffff00000097"},{"ELEMENT":"00000000-0000-008b-ffff-ffff0000009c","element-6066-11e4-a52e-4f735466cecf":"00000000-0000-008b-ffff-ffff0000009c"}]}
[debug] &amp#27;[35m[W3C (2ad2d51b)]&amp#27;[39m Responding to client with driver.findElements() result: [{"element-6066-11e4-a52e-4f735466cecf":"00000000-0000-008b-ffff-ffff00000097","ELEMENT":"00000000-0000-008b-ffff-ffff00000097"},{"element-6066-11e4-a52e-4f735466cecf":"00000000-0000-008b-ffff-ffff0000009c","ELEMENT":"00000000-0000-008b-ffff-ffff0000009c"}]
&amp#27;[35m[HTTP]&amp#27;[39m &amp#27;[37m<-- POST /wd/hub/session/2ad2d51b-0d2b-465c-ba86-e74cbbbea90b/elements &amp#27;[39m&amp#27;[32m200&amp#27;[39m &amp#27;[90m109 ms - 267&amp#27;[39m
&amp#27;[35m[HTTP]&amp#27;[39m &amp#27;[90m&amp#27;[39m
&amp#27;[35m[HTTP]&amp#27;[39m &amp#27;[37m-->&amp#27;[39m &amp#27;[37mPOST&amp#27;[39m &amp#27;[37m/wd/hub/session/2ad2d51b-0d2b-465c-ba86-e74cbbbea90b/elements&amp#27;[39m
&amp#27;[35m[HTTP]&amp#27;[39m &amp#27;[90m{"using":"id","value":"com.androidsample.generalstore:id/productPrice"}&amp#27;[39m
[debug] &amp#27;[35m[W3C (2ad2d51b)]&amp#27;[39m Calling AppiumDriver.findElements() with args: ["id","com.androidsample.generalstore:id/productPrice","2ad2d51b-0d2b-465c-ba86-e74cbbbea90b"]
[debug] &amp#27;[35m[BaseDriver]&amp#27;[39m Valid locator strategies for this request: xpath, id, class name, accessibility id, css selector, -android uiautomator
[debug] &amp#27;[35m[BaseDriver]&amp#27;[39m Waiting up to 30000 ms for condition
[debug] &amp#27;[35m[WD Proxy]&amp#27;[39m Matched '/elements' to command name 'findElements'
[debug] &amp#27;[35m[WD Proxy]&amp#27;[39m Proxying [POST /elements] to [POST http://127.0.0.1:8202/wd/hub/session/c275791d-29ec-456a-a1c7-065e8870d592/elements] with body: {"strategy":"id","selector":"com.androidsample.generalstore:id/productPrice","context":"","multiple":true}
[debug] &amp#27;[35m[WD Proxy]&amp#27;[39m Got response with status 200: {"sessionId":"c275791d-29ec-456a-a1c7-065e8870d592","value":[{"ELEMENT":"00000000-0000-008b-ffff-ffff00000097","element-6066-11e4-a52e-4f735466cecf":"00000000-0000-008b-ffff-ffff00000097"},{"ELEMENT":"00000000-0000-008b-ffff-ffff0000009c","element-6066-11e4-a52e-4f735466cecf":"00000000-0000-008b-ffff-ffff0000009c"}]}
[debug] &amp#27;[35m[W3C (2ad2d51b)]&amp#27;[39m Responding to client with driver.findElements() result: [{"element-6066-11e4-a52e-4f735466cecf":"00000000-0000-008b-ffff-ffff00000097","ELEMENT":"00000000-0000-008b-ffff-ffff00000097"},{"element-6066-11e4-a52e-4f735466cecf":"00000000-0000-008b-ffff-ffff0000009c","ELEMENT":"00000000-0000-008b-ffff-ffff0000009c"}]
&amp#27;[35m[HTTP]&amp#27;[39m &amp#27;[37m<-- POST /wd/hub/session/2ad2d51b-0d2b-465c-ba86-e74cbbbea90b/elements &amp#27;[39m&amp#27;[32m200&amp#27;[39m &amp#27;[90m53 ms - 267&amp#27;[39m
&amp#27;[35m[HTTP]&amp#27;[39m &amp#27;[90m&amp#27;[39m
&amp#27;[35m[HTTP]&amp#27;[39m &amp#27;[37m-->&amp#27;[39m &amp#27;[37mGET&amp#27;[39m &amp#27;[37m/wd/hub/session/2ad2d51b-0d2b-465c-ba86-e74cbbbea90b/element/00000000-0000-008b-ffff-ffff00000097/text&amp#27;[39m
&amp#27;[35m[HTTP]&amp#27;[39m &amp#27;[90m{}&amp#27;[39m
&amp#27;[35m[W3C (2ad2d51b)]&amp#27;[39m Driver proxy active, passing request on via HTTP proxy
[debug] &amp#27;[35m[WD Proxy]&amp#27;[39m Matched '/wd/hub/session/2ad2d51b-0d2b-465c-ba86-e74cbbbea90b/element/00000000-0000-008b-ffff-ffff00000097/text' to command name 'getText'
[debug] &amp#27;[35m[WD Proxy]&amp#27;[39m Proxying [GET /wd/hub/session/2ad2d51b-0d2b-465c-ba86-e74cbbbea90b/element/00000000-0000-008b-ffff-ffff00000097/text] to [GET http://127.0.0.1:8202/wd/hub/session/c275791d-29ec-456a-a1c7-065e8870d592/element/00000000-0000-008b-ffff-ffff00000097/text] with no body
[debug] &amp#27;[35m[WD Proxy]&amp#27;[39m Got response with status 200: {"sessionId":"c275791d-29ec-456a-a1c7-065e8870d592","value":"$160.97"}
&amp#27;[35m[WD Proxy]&amp#27;[39m Replacing sessionId c275791d-29ec-456a-a1c7-065e8870d592 with 2ad2d51b-0d2b-465c-ba86-e74cbbbea90b
&amp#27;[35m[HTTP]&amp#27;[39m &amp#27;[37m<-- GET /wd/hub/session/2ad2d51b-0d2b-465c-ba86-e74cbbbea90b/element/00000000-0000-008b-ffff-ffff00000097/text &amp#27;[39m&amp#27;[32m200&amp#27;[39m &amp#27;[90m27 ms - 70&amp#27;[39m
&amp#27;[35m[HTTP]&amp#27;[39m &amp#27;[90m&amp#27;[39m
&amp#27;[35m[HTTP]&amp#27;[39m &amp#27;[37m-->&amp#27;[39m &amp#27;[37mPOST&amp#27;[39m &amp#27;[37m/wd/hub/session/2ad2d51b-0d2b-465c-ba86-e74cbbbea90b/elements&amp#27;[39m
&amp#27;[35m[HTTP]&amp#27;[39m &amp#27;[90m{"using":"id","value":"com.androidsample.generalstore:id/productPrice"}&amp#27;[39m
[debug] &amp#27;[35m[W3C (2ad2d51b)]&amp#27;[39m Calling AppiumDriver.findElements() with args: ["id","com.androidsample.generalstore:id/productPrice","2ad2d51b-0d2b-465c-ba86-e74cbbbea90b"]
[debug] &amp#27;[35m[BaseDriver]&amp#27;[39m Valid locator strategies for this request: xpath, id, class name, accessibility id, css selector, -android uiautomator
[debug] &amp#27;[35m[BaseDriver]&amp#27;[39m Waiting up to 30000 ms for condition
[debug] &amp#27;[35m[WD Proxy]&amp#27;[39m Matched '/elements' to command name 'findElements'
[debug] &amp#27;[35m[WD Proxy]&amp#27;[39m Proxying [POST /elements] to [POST http://127.0.0.1:8202/wd/hub/session/c275791d-29ec-456a-a1c7-065e8870d592/elements] with body: {"strategy":"id","selector":"com.androidsample.generalstore:id/productPrice","context":"","multiple":true}
[debug] &amp#27;[35m[WD Proxy]&amp#27;[39m Got response with status 200: {"sessionId":"c275791d-29ec-456a-a1c7-065e8870d592","value":[{"ELEMENT":"00000000-0000-008b-ffff-ffff00000097","element-6066-11e4-a52e-4f735466cecf":"00000000-0000-008b-ffff-ffff00000097"},{"ELEMENT":"00000000-0000-008b-ffff-ffff0000009c","element-6066-11e4-a52e-4f735466cecf":"00000000-0000-008b-ffff-ffff0000009c"}]}
[debug] &amp#27;[35m[W3C (2ad2d51b)]&amp#27;[39m Responding to client with driver.findElements() result: [{"element-6066-11e4-a52e-4f735466cecf":"00000000-0000-008b-ffff-ffff00000097","ELEMENT":"00000000-0000-008b-ffff-ffff00000097"},{"element-6066-11e4-a52e-4f735466cecf":"00000000-0000-008b-ffff-ffff0000009c","ELEMENT":"00000000-0000-008b-ffff-ffff0000009c"}]
&amp#27;[35m[HTTP]&amp#27;[39m &amp#27;[37m<-- POST /wd/hub/session/2ad2d51b-0d2b-465c-ba86-e74cbbbea90b/elements &amp#27;[39m&amp#27;[32m200&amp#27;[39m &amp#27;[90m56 ms - 267&amp#27;[39m
&amp#27;[35m[HTTP]&amp#27;[39m &amp#27;[90m&amp#27;[39m
&amp#27;[35m[HTTP]&amp#27;[39m &amp#27;[37m-->&amp#27;[39m &amp#27;[37mGET&amp#27;[39m &amp#27;[37m/wd/hub/session/2ad2d51b-0d2b-465c-ba86-e74cbbbea90b/element/00000000-0000-008b-ffff-ffff0000009c/text&amp#27;[39m
&amp#27;[35m[HTTP]&amp#27;[39m &amp#27;[90m{}&amp#27;[39m
&amp#27;[35m[W3C (2ad2d51b)]&amp#27;[39m Driver proxy active, passing request on via HTTP proxy
[debug] &amp#27;[35m[WD Proxy]&amp#27;[39m Matched '/wd/hub/session/2ad2d51b-0d2b-465c-ba86-e74cbbbea90b/element/00000000-0000-008b-ffff-ffff0000009c/text' to command name 'getText'
[debug] &amp#27;[35m[WD Proxy]&amp#27;[39m Proxying [GET /wd/hub/session/2ad2d51b-0d2b-465c-ba86-e74cbbbea90b/element/00000000-0000-008b-ffff-ffff0000009c/text] to [GET http://127.0.0.1:8202/wd/hub/session/c275791d-29ec-456a-a1c7-065e8870d592/element/00000000-0000-008b-ffff-ffff0000009c/text] with no body
[debug] &amp#27;[35m[WD Proxy]&amp#27;[39m Got response with status 200: {"sessionId":"c275791d-29ec-456a-a1c7-065e8870d592","value":"$165.0"}
&amp#27;[35m[WD Proxy]&amp#27;[39m Replacing sessionId c275791d-29ec-456a-a1c7-065e8870d592 with 2ad2d51b-0d2b-465c-ba86-e74cbbbea90b
&amp#27;[35m[HTTP]&amp#27;[39m &amp#27;[37m<-- GET /wd/hub/session/2ad2d51b-0d2b-465c-ba86-e74cbbbea90b/element/00000000-0000-008b-ffff-ffff0000009c/text &amp#27;[39m&amp#27;[32m200&amp#27;[39m &amp#27;[90m32 ms - 69&amp#27;[39m
&amp#27;[35m[HTTP]&amp#27;[39m &amp#27;[90m&amp#27;[39m
325.97Sum of products
&amp#27;[35m[HTTP]&amp#27;[39m &amp#27;[37m-->&amp#27;[39m &amp#27;[37mPOST&amp#27;[39m &amp#27;[37m/wd/hub/session/2ad2d51b-0d2b-465c-ba86-e74cbbbea90b/element&amp#27;[39m
&amp#27;[35m[HTTP]&amp#27;[39m &amp#27;[90m{"using":"id","value":"com.androidsample.generalstore:id/totalAmountLbl"}&amp#27;[39m
[debug] &amp#27;[35m[W3C (2ad2d51b)]&amp#27;[39m Calling AppiumDriver.findElement() with args: ["id","com.androidsample.generalstore:id/totalAmountLbl","2ad2d51b-0d2b-465c-ba86-e74cbbbea90b"]
[debug] &amp#27;[35m[BaseDriver]&amp#27;[39m Valid locator strategies for this request: xpath, id, class name, accessibility id, css selector, -android uiautomator
[debug] &amp#27;[35m[BaseDriver]&amp#27;[39m Waiting up to 30000 ms for condition
[debug] &amp#27;[35m[WD Proxy]&amp#27;[39m Matched '/element' to command name 'findElement'
[debug] &amp#27;[35m[WD Proxy]&amp#27;[39m Proxying [POST /element] to [POST http://127.0.0.1:8202/wd/hub/session/c275791d-29ec-456a-a1c7-065e8870d592/element] with body: {"strategy":"id","selector":"com.androidsample.generalstore:id/totalAmountLbl","context":"","multiple":false}
[debug] &amp#27;[35m[WD Proxy]&amp#27;[39m Got response with status 200: {"sessionId":"c275791d-29ec-456a-a1c7-065e8870d592","value":{"ELEMENT":"00000000-0000-008b-ffff-ffff0000009e","element-6066-11e4-a52e-4f735466cecf":"00000000-0000-008b-ffff-ffff0000009e"}}
[debug] &amp#27;[35m[W3C (2ad2d51b)]&amp#27;[39m Responding to client with driver.findElement() result: {"element-6066-11e4-a52e-4f735466cecf":"00000000-0000-008b-ffff-ffff0000009e","ELEMENT":"00000000-0000-008b-ffff-ffff0000009e"}
&amp#27;[35m[HTTP]&amp#27;[39m &amp#27;[37m<-- POST /wd/hub/session/2ad2d51b-0d2b-465c-ba86-e74cbbbea90b/element &amp#27;[39m&amp#27;[32m200&amp#27;[39m &amp#27;[90m57 ms - 137&amp#27;[39m
&amp#27;[35m[HTTP]&amp#27;[39m &amp#27;[90m&amp#27;[39m
&amp#27;[35m[HTTP]&amp#27;[39m &amp#27;[37m-->&amp#27;[39m &amp#27;[37mGET&amp#27;[39m &amp#27;[37m/wd/hub/session/2ad2d51b-0d2b-465c-ba86-e74cbbbea90b/element/00000000-0000-008b-ffff-ffff0000009e/text&amp#27;[39m
&amp#27;[35m[HTTP]&amp#27;[39m &amp#27;[90m{}&amp#27;[39m
&amp#27;[35m[W3C (2ad2d51b)]&amp#27;[39m Driver proxy active, passing request on via HTTP proxy
[debug] &amp#27;[35m[WD Proxy]&amp#27;[39m Matched '/wd/hub/session/2ad2d51b-0d2b-465c-ba86-e74cbbbea90b/element/00000000-0000-008b-ffff-ffff0000009e/text' to command name 'getText'
[debug] &amp#27;[35m[WD Proxy]&amp#27;[39m Proxying [GET /wd/hub/session/2ad2d51b-0d2b-465c-ba86-e74cbbbea90b/element/00000000-0000-008b-ffff-ffff0000009e/text] to [GET http://127.0.0.1:8202/wd/hub/session/c275791d-29ec-456a-a1c7-065e8870d592/element/00000000-0000-008b-ffff-ffff0000009e/text] with no body
[debug] &amp#27;[35m[WD Proxy]&amp#27;[39m Got response with status 200: {"sessionId":"c275791d-29ec-456a-a1c7-065e8870d592","value":"$ 325.97"}
&amp#27;[35m[WD Proxy]&amp#27;[39m Replacing sessionId c275791d-29ec-456a-a1c7-065e8870d592 with 2ad2d51b-0d2b-465c-ba86-e74cbbbea90b
&amp#27;[35m[HTTP]&amp#27;[39m &amp#27;[37m<-- GET /wd/hub/session/2ad2d51b-0d2b-465c-ba86-e74cbbbea90b/element/00000000-0000-008b-ffff-ffff0000009e/text &amp#27;[39m&amp#27;[32m200&amp#27;[39m &amp#27;[90m24 ms - 71&amp#27;[39m
&amp#27;[35m[HTTP]&amp#27;[39m &amp#27;[90m&amp#27;[39m
325.97
&amp#27;[35m[HTTP]&amp#27;[39m &amp#27;[37m-->&amp#27;[39m &amp#27;[37mPOST&amp#27;[39m &amp#27;[37m/wd/hub/session/2ad2d51b-0d2b-465c-ba86-e74cbbbea90b/element&amp#27;[39m
&amp#27;[35m[HTTP]&amp#27;[39m &amp#27;[90m{"using":"id","value":"com.androidsample.generalstore:id/btnProceed"}&amp#27;[39m
[debug] &amp#27;[35m[W3C (2ad2d51b)]&amp#27;[39m Calling AppiumDriver.findElement() with args: ["id","com.androidsample.generalstore:id/btnProceed","2ad2d51b-0d2b-465c-ba86-e74cbbbea90b"]
[debug] &amp#27;[35m[BaseDriver]&amp#27;[39m Valid locator strategies for this request: xpath, id, class name, accessibility id, css selector, -android uiautomator
[debug] &amp#27;[35m[BaseDriver]&amp#27;[39m Waiting up to 30000 ms for condition
[debug] &amp#27;[35m[WD Proxy]&amp#27;[39m Matched '/element' to command name 'findElement'
[debug] &amp#27;[35m[WD Proxy]&amp#27;[39m Proxying [POST /element] to [POST http://127.0.0.1:8202/wd/hub/session/c275791d-29ec-456a-a1c7-065e8870d592/element] with body: {"strategy":"id","selector":"com.androidsample.generalstore:id/btnProceed","context":"","multiple":false}
[debug] &amp#27;[35m[WD Proxy]&amp#27;[39m Got response with status 200: {"sessionId":"c275791d-29ec-456a-a1c7-065e8870d592","value":{"ELEMENT":"00000000-0000-008b-ffff-ffff0000008f","element-6066-11e4-a52e-4f735466cecf":"00000000-0000-008b-ffff-ffff0000008f"}}
[debug] &amp#27;[35m[W3C (2ad2d51b)]&amp#27;[39m Responding to client with driver.findElement() result: {"element-6066-11e4-a52e-4f735466cecf":"00000000-0000-008b-ffff-ffff0000008f","ELEMENT":"00000000-0000-008b-ffff-ffff0000008f"}
&amp#27;[35m[HTTP]&amp#27;[39m &amp#27;[37m<-- POST /wd/hub/session/2ad2d51b-0d2b-465c-ba86-e74cbbbea90b/element &amp#27;[39m&amp#27;[32m200&amp#27;[39m &amp#27;[90m48 ms - 137&amp#27;[39m
&amp#27;[35m[HTTP]&amp#27;[39m &amp#27;[90m&amp#27;[39m
&amp#27;[35m[HTTP]&amp#27;[39m &amp#27;[37m-->&amp#27;[39m &amp#27;[37mPOST&amp#27;[39m &amp#27;[37m/wd/hub/session/2ad2d51b-0d2b-465c-ba86-e74cbbbea90b/element/00000000-0000-008b-ffff-ffff0000008f/click&amp#27;[39m
&amp#27;[35m[HTTP]&amp#27;[39m &amp#27;[90m{"id":"00000000-0000-008b-ffff-ffff0000008f"}&amp#27;[39m
[debug] &amp#27;[35m[W3C (2ad2d51b)]&amp#27;[39m Calling AppiumDriver.click() with args: ["00000000-0000-008b-ffff-ffff0000008f","2ad2d51b-0d2b-465c-ba86-e74cbbbea90b"]
[debug] &amp#27;[35m[WD Proxy]&amp#27;[39m Matched '/element/00000000-0000-008b-ffff-ffff0000008f/click' to command name 'click'
[debug] &amp#27;[35m[WD Proxy]&amp#27;[39m Proxying [POST /element/00000000-0000-008b-ffff-ffff0000008f/click] to [POST http://127.0.0.1:8202/wd/hub/session/c275791d-29ec-456a-a1c7-065e8870d592/element/00000000-0000-008b-ffff-ffff0000008f/click] with body: {"element":"00000000-0000-008b-ffff-ffff0000008f"}
[debug] &amp#27;[35m[WD Proxy]&amp#27;[39m Got response with status 200: {"sessionId":"c275791d-29ec-456a-a1c7-065e8870d592","value":null}
[debug] &amp#27;[35m[W3C (2ad2d51b)]&amp#27;[39m Responding to client with driver.click() result: null
&amp#27;[35m[HTTP]&amp#27;[39m &amp#27;[37m<-- POST /wd/hub/session/2ad2d51b-0d2b-465c-ba86-e74cbbbea90b/element/00000000-0000-008b-ffff-ffff0000008f/click &amp#27;[39m&amp#27;[32m200&amp#27;[39m &amp#27;[90m45 ms - 14&amp#27;[39m
&amp#27;[35m[HTTP]&amp#27;[39m &amp#27;[90m&amp#27;[39m
]]></system-out>
    <system-err><![CDATA[Dec 18, 2021 5:14:40 PM io.appium.java_client.remote.AppiumCommandExecutor$1 lambda$0
INFO: Detected dialect: W3C
]]></system-err>
  </testcase>
</testsuite>