<?xml version="1.0" encoding="UTF-8"?>
<!-- Generated by org.testng.reporters.JUnitReportReporter -->
<testsuite skipped="0" hostname="DESKTOP-KUQ8ERQ" name="practise.AppiumFramework.AmountValidation" tests="2" failures="0" timestamp="12 Dec 2021 12:49:35 GMT" time="358.495" errors="0">
  <testcase name="totalProductValidation" time="171.864" classname="practise.AppiumFramework.AmountValidation"/>
  <testcase name="totalProductValidation" time="186.631" classname="practise.AppiumFramework.AmountValidation"/>
</testsuite> <!-- practise.AppiumFramework.AmountValidation -->
