<?xml version="1.0" encoding="UTF-8"?>
<!-- Generated by org.testng.reporters.JUnitReportReporter -->
<testsuite skipped="0" hostname="DESKTOP-KUQ8ERQ" name="practise.AppiumFramework.Ecom_test1" tests="1" failures="0" timestamp="12 Dec 2021 12:49:35 GMT" time="129.732" errors="0">
  <testcase name="totalValue" time="129.732" classname="practise.AppiumFramework.Ecom_test1"/>
</testsuite> <!-- practise.AppiumFramework.Ecom_test1 -->
