<?xml version="1.0" encoding="UTF-8"?>
<!-- Generated by org.testng.reporters.JUnitReportReporter -->
<testsuite skipped="0" hostname="DESKTOP-KUQ8ERQ" name="practise.AppiumFramework.Ecom_test1" tests="1" failures="0" timestamp="18 Dec 2021 11:46:44 GMT" time="157.437" errors="0">
  <testcase name="totalValue" time="157.437" classname="practise.AppiumFramework.Ecom_test1"/>
</testsuite> <!-- practise.AppiumFramework.Ecom_test1 -->
